Action.c(50):     -29px);transform:translateX(-29px)}div.logo a span{font-size:22px}div.logo svg{width:25px;
Action.c(50):     height:25px;top:2px}div.logo #mobile-btn{float:left}div.mobile-btn-handler{margin:5px 2px}
Action.c(50):     h3.roboto-regular{font-size:22px}#mobileSearch .img{top:51px}#threeFormFactors{border:0!im
Action.c(50):     portant;width:400px!important;height:800px!important}#threeFormFactorsWeb,#threeFormFactor
Action.c(50):     sWebMobile,#threeFormFactorsNativeMobile{height:200px!important;width:300px!important}div.
Action.c(50):     threeFormFactorsLines{display:none}div.aboutPagePaddingCaption{padding-top:0!important}}
Action.c(50): t=1970427ms: Request done "https://www.advantageonlineshopping.com/css/main.min.css"  	[MsgId: MMSG-26000]
Action.c(50): Registered web_reg_find successful for "Text=Advantage Shopping" (count=1)  	[MsgId: MMSG-26364]
Action.c(50): web_url("www.advantageonlineshopping.com") was successful, 54695 body bytes, 1628 header bytes  	[MsgId: MMSG-26386]
Action.c(61): web_add_auto_header("Sec-Fetch-Mode") started  	[MsgId: MMSG-26355]
Action.c(61): An unrecognized header ("Sec-Fetch-Mode") is being added  	[MsgId: MMSG-26595]
Action.c(61): "Sec-Fetch-Mode: cors" header registered (superseding previous registration) for adding to requests from all following Action functions  	[MsgId: MMSG-26504]
Action.c(61): web_add_auto_header("Sec-Fetch-Mode") was successful  	[MsgId: MMSG-26392]
Action.c(64): web_add_auto_header("Sec-Fetch-Dest") started  	[MsgId: MMSG-26355]
Action.c(64): An unrecognized header ("Sec-Fetch-Dest") is being added  	[MsgId: MMSG-26595]
Action.c(64): "Sec-Fetch-Dest: empty" header registered (superseding previous registration) for adding to requests from all following Action functions  	[MsgId: MMSG-26504]
Action.c(64): web_add_auto_header("Sec-Fetch-Dest") was successful  	[MsgId: MMSG-26392]
Action.c(67): web_add_auto_header("Sec-Fetch-Site") started  	[MsgId: MMSG-26355]
Action.c(67): An unrecognized header ("Sec-Fetch-Site") is being added  	[MsgId: MMSG-26595]
Action.c(67): "Sec-Fetch-Site: same-origin" header registered (superseding previous registration) for adding to requests from all following Action functions  	[MsgId: MMSG-26504]
Action.c(67): web_add_auto_header("Sec-Fetch-Site") was successful  	[MsgId: MMSG-26392]
Action.c(70): web_url("ALL") started  	[MsgId: MMSG-26355]
Action.c(70): The request to server https://www.advantageonlineshopping.com/catalog/api/v1/DemoAppConfig/parameters/by_tool/ALL" is done with headers:
Action.c(70):     :method = GET
Action.c(70):     :scheme = https
Action.c(70):     :path = /catalog/api/v1/DemoAppConfig/parameters/by_tool/ALL
Action.c(70):     :authority = www.advantageonlineshopping.com
Action.c(70):     Referer = https://www.advantageonlineshopping.com/
Action.c(70):     Sec-Fetch-Site = same-origin
Action.c(70):     Sec-Fetch-Mode = cors
Action.c(70):     Sec-Fetch-Dest = empty
Action.c(70):     DNT = 1
Action.c(70):     sec-ch-ua = " Not A;Brand";v="99", "Chromium";v="100", "Google Chrome";v="100"
Action.c(70):     sec-ch-ua-mobile = ?0
Action.c(70):     sec-ch-ua-platform = "Windows"
Action.c(70):     User-Agent = Mozilla/5.0 (Windows NT 10.0; Win64; x64) AppleWebKit/537.36 (KHTML, like Gec
Action.c(70):     ko) Chrome/100.0.4896.88 Safari/537.36
Action.c(70):     Accept-Encoding = gzip, deflate, br
Action.c(70):     Accept-Language = ru-RU,ru;q=0.9,en-US;q=0.8,en;q=0.7
Action.c(70):     Accept = */*
Action.c(70): t=1970624ms: 375-byte response headers for "https://www.advantageonlineshopping.com/catalog/api/v1/DemoAppConfig/parameters/by_tool/ALL" (RelFrameId=1, Internal ID=1362)
Action.c(70):     HTTP/2.0 200\r\n
Action.c(70):     Status: 200\r\n
Action.c(70):     server: nginx/1.18.0 (Ubuntu)\r\n
Action.c(70):     date: Sat, 30 Apr 2022 23:24:35 GMT\r\n
Action.c(70):     content-type: application/json\r\n
Action.c(70):     expires: 0\r\n
Action.c(70):     cache-control: no-store\r\n
Action.c(70):     x-content-type-options: nosniff\r\n
Action.c(70):     x-xss-protection: 1; mode=block\r\n
Action.c(70):     x-frame-options: DENY\r\n
Action.c(70):     vary: accept-encoding\r\n
Action.c(70):     content-encoding: gzip\r\n
Action.c(70):     strict-transport-security: max-age=31536000; includeSubDomains; preload\r\n
Action.c(70):     \r\n
Action.c(70): t=1970625ms: 6531-byte ENCODED response body received for "https://www.advantageonlineshopping.com/catalog/api/v1/DemoAppConfig/parameters/by_tool/ALL" (RelFrameId=1, Internal ID=1362)
Action.c(70): t=1970625ms: 12288-byte DECODED response body for "https://www.advantageonlineshopping.com/catalog/api/v1/DemoAppConfig/parameters/by_tool/ALL" (RelFrameId=1, Internal ID=1362)
Action.c(70):     {"parameters":[{"parameterName":"Email_in_login","datatype":"enum:[Yes,No]","description":
Action.c(70):     "Determines whether a mandatory Email field is added to the login screen. Use this paramet
Action.c(70):     er to demonstrate that in BPT, a single component can be modified without updating other t
Action.c(70):     ests. Default = No. Yes = Add the Email Address field.","attributeTools":"BPT","locationIn
Action.c(70):     Advantage":"Login page","locationInAdminTool":"Functional","parameterValue":"No"},{"parame
Action.c(70):     terName":"AppPulse_user","datatype":"string","description":"UserName:Password for AppPulse
Action.c(70):      user to trigger the relevant AppPulse features.","attributeTools":"AppPulse","locationInA
Action.c(70):     dvantage":"Entire site","locationInAdminTool":"Mobile;Functional","parameterValue":"AppPul
Action.c(70):     se:AppPulse1"},{"parameterName":"ShipEx_repeat_calls","datatype":"string","description":"D
Action.c(70):     efines the number of times to repeat a call to ShipEx. Use this parameter to find unnecess
Action.c(70):     ary multiple calls to the same methods, and affects performance. Default = 0 (no repeat ca
Action.c(70):     lling. ","attributeTools":"NV","locationInAdvantage":"Purchase","locationInAdminTool":"Gen
Action.c(70):     eral;Performance","parameterValue":"0"},{"parameterName":"Add_product_to_incorrect_categor
Action.c(70):     y","datatype":"enum:[Yes,No]","description":"Defines whether to move a Headphones item (pr
Action.c(70):     oduct-id=13) from the Headphones category to the Speakers category. Use this parameter to 
Action.c(70):     demonstrate an error in GUI or API testing. Default = No (category is not changed). Yes = 
Action.c(70):     Modify the product category.","attributeTools":"LeanFT;UFT","locationInAdvantage":"Speaker
Action.c(70):     s page","locationInAdminTool":"Functional","parameterValue":"No"},{"parameterName":"DB_cal
Action.c(70):     l_delay","datatype":"string","description":"Defines the number of seconds to delay the ret
Action.c(70):     rieval of countries during user registration. Default = 0 (no delay). Possible values = An
Action.c(70):     y positive integer.","attributeTools":"LoadRunner;StormRunner","locationInAdvantage":"CREA
Action.c(70):     TE ACCOUNT page","locationInAdminTool":"Performance;ITOM","parameterValue":"0"},{"paramete
Action.c(70):     rName":"User_alternate_WSDL","datatype":"enum:[Yes,No]","description":"Determines whether 
Action.c(70):     to modify the field names on the user registration page. (Preferred payment method > Favor
Action.c(70):     ite payment; Phone > Mobile phone) Use this parameter to demonstrate API testing. Default 
Action.c(70):     = No. Yes = Use the second WSDL request to register a new user","attributeTools":"UFT","lo
Action.c(70):     cationInAdvantage":"CREATE ACCOUNT page","locationInAdminTool":"Functional","parameterValu
Action.c(70):     e":"No"},{"parameterName":"Sum_added_to_cart","datatype":"string","description":"Defines a
Action.c(70):      sum to be added to each cart calculation. The sum is updated in to both the Web and Mobil
Action.c(70):     e UI (no API). A user must be logged in to enable this change. Default = 0 (no sum added)"
Action.c(70):     ,"attributeTools":"LeanFT;UFT","locationInAdvantage":"Order payment page","locationInAdmin
Action.c(70):     Tool":"Functional","parameterValue":"0"},{"parameterName":"Generate_memory_leak","datatype
Action.c(70):     ":"string","description":"Defines the amount of memory leak in megabytes while retrieving 
Action.c(70):     the order history. The memory leak is visible in both the UI and the API. Default = 0 (no 
Action.c(70):     leak at all). Positive Integer = Number, multiplied by 1000. For example 1 = 1000 megabyte
Action.c(70):      memory leak.","attributeTools":"LoadRunner;StormRunner","locationInAdvantage":"Order hist
Action.c(70):     ory","locationInAdminTool":"Performance;ITOM","parameterValue":"0"},{"parameterName":"Post
Action.c(70):     gres_Locks","datatype":"enum:[Tip]","description":"To generate a exhaustion of\xC2\xA0Post
Action.c(70):     gresSQL\xC2\xA0locks, go to CONTACT US type \xE2\x80\x98database\xE2\x80\x99 at the Subjec
Action.c(70):     t and click SEND.","attributeTools":"Ops B","locationInAdvantage":"Mobile, Entire App","lo
Action.c(70):     cationInAdminTool":"Performance;ITOM","parameterValue":"Tip"},{"parameterName":"Max_concur
Action.c(70):     rent_users","datatype":"string","description":"Defines the maximum number of concurrent us
Action.c(70):     ers allowed. Any additional users are rejected with an error code 500. Default = 0 (no con
Action.c(70):     current sessions allowed). Possible values = Any positive integer.","attributeTools":"Load
Action.c(70):     Runner;StormRunner;NV","locationInAdvantage":"Login response","locationInAdminTool":"Perfo
Action.c(70):     rmance;ITOM","parameterValue":"0"},{"parameterName":"Typos_on_order_payment","datatype":"e
Action.c(70):     num:[Yes,No]","description":"Determines whether spelling errors appear in the UI. Default 
Action.c(70):     = No. Yes = The following spelling errors are shown: - SHIPING DETAILS - Ciity - Recipeint
Action.c(70):      Details (Web only) - ORDERR SUMMARY (Web only)","attributeTools":"Sprinter","locationInAd
Action.c(70):     vantage":"Web: ORDER PAYMENT page ; Mobile: SHIPPING DETAILS page","locationInAdminTool":"
Action.c(70):     Functional","parameterValue":"No"},{"parameterName":"Misplace_pictures_on_Android","dataty
Action.c(70):     pe":"enum:[Yes,No]","description":"Determines whether pictures are placed differently on t
Action.c(70):     he home page when viewed on an Android  device. Use this parameter to demonstrate how the 
Action.c(70):     application may function differently on different mobile OSs. Default = No. Yes = Pictures
Action.c(70):      are placed differently on Android devices.","attributeTools":"LeanFT;MobileCenter;UFT","l
Action.c(70):     ocationInAdvantage":"Home page","locationInAdminTool":"Mobile;Functional","parameterValue"
Action.c(70):     :"No"},{"parameterName":"Add_to_cart_time_delay","datatype":"string","description":"Define
Action.c(70):     s the number of seconds to add as a delay in response time when a logged in user adds an i
Action.c(70):     tem to cart. Default = 0 (no delay).","attributeTools":"LoadRunner;StormRunner","locationI
Action.c(70):     nAdvantage":"DefaultShoppingCartRepository","locationInAdminTool":"ITOM;Performance","para
Action.c(70):     meterValue":"0"},{"parameterName":"SLA_add_delay_time","datatype":"string","description":"
Action.c(70):     Defines the number of seconds to add as a delay in response time when trying to login. Def
Action.c(70):     ault = 0 (no delay). If you modify this value, also modify the SLA_add_delay_sessions para
Action.c(70):     meter.","attributeTools":"LoadRunner;StormRunner","locationInAdvantage":"AccountServiceEnd
Action.c(70):     point","locationInAdminTool":"Performance","parameterValue":"0"},{"parameterName":"SLA_add
Action.c(70):     _delay_sessions","datatype":"string","description":"Defines a number of concurrent users s
Action.c(70):     essions at which a delay is added to login response. Enabled only when SLA_add_delay_time 
Action.c(70):     is set to a number greater than 0. Default = 20. Valid values = 0-n. The system starts add
Action.c(70):     ing a delay if the number of sessions is greater than the defined value. It will stop the 
Action.c(70):     delay if the number of sessions is decreased to less than the defined value. If you modify
Action.c(70):      this value, also modify the SLA_add_delay_time parameter.","attributeTools":"LoadRunner;S
Action.c(70):     tormRunner","locationInAdvantage":"ADD TO CART response","locationInAdminTool":"Performanc
Action.c(70):     e","parameterValue":"0"},{"parameterName":"Show_slow_pages","datatype":"enum:[Yes,No]","de
Action.c(70):     scription":"Determines whether NV report shows problems and errors: HTTP Codes 4xx and 5xx
Action.c(70):     , loading unused libraries, timeout, downloading big images, etc. ","attributeTools":"NV;S
Action.c(70):     tormRunner","locationInAdvantage":"Home Page; Laptops Page","locationInAdminTool":"Perform
Action.c(70):     ance","parameterValue":"No"},{"parameterName":"Price_diffs_UI_vs_API","datatype":"enum:[Ye
Action.c(70):     s,No]","description":"Creates a difference in the prices shown in the UI and the prices us
Action.c(70):     ed in the API. Default = No. Yes = Price is doubled in the UI only, for both desktop and m
Action.c(70):     obile, across the entire app.","attributeTools":"LeanFT;UFT","locationInAdvantage":"Entire
Action.c(70):      site","locationInAdminTool":"Functional","parameterValue":"No"},{"parameterName":"Allow_E
Action.c(70):     rror_in_Login","datatype":"enum:[Yes,No]","description":"Determines whether an invalid pas
Action.c(70):     swords are allowed. These would trigger an error in a test, indicating a security gap in t
Action.c(70):     he product. Default = No. Yes = Invalid passwords allowed, such as an empty password, or \xE2
Action.c(70):     \x80\x981\xE2\x80\x99=\xE2\x80\x991\xE2\x80\x99","attributeTools":"Fortify","locationInAdv
Action.c(70):     antage":"Login page","locationInAdminTool":"Security","parameterValue":"No"},{"parameterNa
Action.c(70):     me":"Tips_Implement_DevOps_Process","datatype":"enum:[Tip]","description":"To demonstrate 
Action.c(70):     the DevOpps process in a lifecycle management product, do the following: \xC2\xA0       1.
Action.c(70):      In Octane, in your product release, add a user story to change an invalid user name or pa
Action.c(70):     ssword text.         2. Demonstrate that you can view this new user story in your IDE.    
Action.c(70):          3. Implement the user story by changing the MESSAGE_USER_LOGIN_FAILED error message i
Action.c(70):     n the following file: \\\\adm-demo-app\\\\accountservice\\\\src\\\\main\\\\java\\\\com\\\\
Action.c(70):     advantage\\\\accountsoap\\\\model\\\\Account.java.         For example, change it from \\"
Action.c(70):     Invalid user name or password\\" to \\"Incorrect user name or password, please try again\\
Action.c(70):     ".         4. Demonstrate the DevOps process and that you can now see the new error messag
Action.c(70):     e on both desktop and mobile.","attributeTools":"","locationInAdvantage":"Change password"
Action.c(70):     ,"locationInAdminTool":"General","parameterValue":"Tip"},{"parameterName":"ShipEx_Free_Num
Action.c(70):     ber_Of_Products","datatype":"string","description":"The quantity of products in a single p
Action.c(70):     urchase that are entitled to free shipping. Default = 1.","attributeTools":"","locationInA
Action.c(70):     dvantage":"Order Payment","locationInAdminTool":"General","parameterValue":"1"},{"paramete
Action.c(70):     rName":"Tips_Mock_SOAP_ShipEx_Service","datatype":"enum:[Tip]","description":"The shipping
Action.c(70):      cost is determined by a table table in the 'shipex-mock-for-db.properties' configuration 
Action.c(70):     file, according to country.  Shipping costs to countries not defined in the table are dete
Action.c(70):     rmined based on the value for Other.  Free shipping can be provided when the number of ite
Action.c(70):     ms ordered is equal to or less than the value  of the 'ShipEx_Free_Number_Of_Products' con
Action.c(70):     figuration parameter (default = 1).","attributeTools":"","locationInAdvantage":"Order Paym
Action.c(70):     ent","locationInAdminTool":"General","parameterValue":"Tip"},{"parameterName":"Tips_Applic
Action.c(70):     ation_Development_Environment","datatype":"enum:[Tip]","description":"The Advantage demo s
Action.c(70):     ite uses the following software versions and interfaces:  - Java server: Java 8  - Applica
Action.c(70):     tion server: Tomcat 8  - Web UI: Angular 1.47  - Admin Application: Standalone .NET  - Dat
Action.c(70):     abase: PostgreSQL 9.4  - Schema Management: Liquibase 3.4  - Catalog, Order Services: REST
Action.c(70):      API  - User Management: WSDL.","attributeTools":"","locationInAdvantage":"","locationInAd
Action.c(70):     minTool":"General","parameterValue":"Tip"},{"parameterName":"Tips_Scripting","datatype":"e
Action.c(70):     num:[Tip]","description":"The demo app IP addresses are not fixed. In any scripts you crea
Action.c(70):     te for a demo, make sure to use a parameter for the application IP address.","attributeToo
Action.c(70):     ls":"LeanFT;UFT;LoadRunner;StormRunner","locationInAdvantage":"","locationInAdminTool":"Pe
Action.c(70):     rformance;Functional","parameterValue":"Tip"},{"parameterName":"Tips_Fill_User_Location_Fr
Action.c(70):     om_GPS","datatype":"enum:[Tip]","description":"To use your GPS location instead of the def
Action.c(70):     ault values, toggle on the Use my location option on the following pages:  1. CREATE ACCOU
Action.c(70):     NT, for the user account details.  2. ORDER PAYMENT, for the shipping details.","attribute
Action.c(70):     Tools":"MobileCenter","locationInAdvantage":"Create Account, Order Payment - Shipping deta
Action.c(70):     ils","locationInAdminTool":"Mobile","parameterValue":"Tip"},{"parameterName":"Tips_Mock_Ma
Action.c(70):     sterCredit_Generate_Error","datatype":"enum:[Tip]","description":"To generate an error usi
Action.c(70):     ng the MasterCredit card, enter a MasterCredit expiration date earlier than the current da
Action.c(70):     y.","attributeTools":"","locationInAdvantage":"Order Payment","locationInAdminTool":"Gener
Action.c(70):     al","parameterValue":"Tip"},{"parameterName":"Tips_Mock_SafePay_Generate_Error_409","datat
Action.c(70):     ype":"enum:[Tip]","description":"To generate an error using SafePay, enter identical (case
Action.c(70):      sensitive) username and password.","attributeTools":"AppPulse","locationInAdvantage":"Web
Action.c(70):     : Order Payment; Mobile: Payment Method (SafePay)","locationInAdminTool":"Functional;Mobil
Action.c(70):     e","parameterValue":"Tip"},{"parameterName":"Tips_WebSocket_example","datatype":"enum:[Tip
Action.c(70):     ]","description":"To demonstrate WebSocket features, use the chat widget located on the Ho
Action.c(70):     me page (http://www.advantageonlineshopping.com/), under Contact Us.","attributeTools":"Lo
Action.c(70):     adRunner","locationInAdvantage":"Home page - CONTACT US","locationInAdminTool":"Performanc
Action.c(70):     e","parameterValue":"Tip"},{"parameterName":"Tips_Support_Different_Types_Of_Controls","da
Action.c(70):     tatype":"enum:[Tip]","description":"Use the following UI elements to demonstrate various f
Action.c(70):     unctional testing features:  * String: On the CREATE ACCOUNT or ACCOUNT DETAILS page, upda
Action.c(70):     te the Personal Details fields.  * Radio button: On the ORDER PAYMENT page, select a payme
Action.c(70):     nt method.  * Date value: On the ORDER PAYMENT page
Action.c(70): t=1970628ms: 11644-byte DECODED response body for "https://www.advantageonlineshopping.com/catalog/api/v1/DemoAppConfig/parameters/by_tool/ALL" (RelFrameId=1, Internal ID=1362)
Action.c(70):     , select the MasterCredit option and then enter an expiration date.  * List box: On the CR
Action.c(70):     EATE ACCOUNT page, select a country from the Country drop down list.  * Multiple selection
Action.c(70):     : Browse products by category and filter the products shown by using the options on the le
Action.c(70):     ft","attributeTools":"BPT;MobileCenter;LeanFT;UFT","locationInAdvantage":"Entire Site","lo
Action.c(70):     cationInAdminTool":"Functional;Mobile","parameterValue":"Tip"},{"parameterName":"Tips_Syst
Action.c(70):     em_Configuration","datatype":"enum:[Tip]","description":"The Admin UI menu and pages are r
Action.c(70):     ead-only in the shared system on the cloud.  You can make changes in a local instance.  Tr
Action.c(70):     oubleshooting: If you are unable to make changes in a local instance:  1. Navigate to the 
Action.c(70):     DemoApp.properties file.  2. Ensure that the Allow user configuration value is set to Yes.
Action.c(70):      This is the default setting.  3. Verify that you can configure the relevant field from th
Action.c(70):     e Admin UI as needed.","attributeTools":"","locationInAdvantage":".NET Admin app","locatio
Action.c(70):     nInAdminTool":"General","parameterValue":"Tip"},{"parameterName":"Tips_replace_3rd_party_s
Action.c(70):     ervices_with_SV","datatype":"enum:[Tip]","description":"Replace the ShipEx, MasterCredit, 
Action.c(70):     or SafePay 3rd party services with Service Virtualization by updating the relevant URLs in
Action.c(70):      the services.properties configuration file.  This file is located in properties folder of
Action.c(70):      5 services: accountservice, MasterCredit, order, ROOT, SafePay.  For example: /accountser
Action.c(70):     vice/properties/services.properties.  1. Navigate to the <service-name>.url.host line, and
Action.c(70):      modify the URL/IP address string to the Service Virtualization URL and IP address.  2. Na
Action.c(70):     vigate to the <service-name>.url.port line and modify the port string to the Service Virtu
Action.c(70):     alization port.  3. Save the file, and repeat these steps for each service in the services
Action.c(70):     .properties file, and in the services.properties files for each service.","attributeTools"
Action.c(70):     :"SV","locationInAdvantage":"ShipEx;MasterCredit;SafePay","locationInAdminTool":"Functiona
Action.c(70):     l","parameterValue":"Tip"},{"parameterName":"Tips_How_To_Use_Product_Video","datatype":"en
Action.c(70):     um:[Tip]","description":"ADM performance tools support HTML5 video streaming via: native b
Action.c(70):     rowsers, plugins such as Adobe Flash, or standalone software.  To demonstrate this feature
Action.c(70):     , browse to one of the following products and view the demo video:  - HP ROAR WIRELESS SPE
Action.c(70):     AKER (Product ID: 22)  - BEATS STUDIO 2 OVER-EAR MATTE BLACK HEADPHONES (product ID: 15)  
Action.c(70):     - HP ELITEPAD 1000 G2 TABLET (product ID: 16)","attributeTools":"LoadRunner","locationInAd
Action.c(70):     vantage":"Selected Products","locationInAdminTool":"Performance","parameterValue":"Tip"},{
Action.c(70):     "parameterName":"Tips_regular_expression","datatype":"enum:[Tip]","description":"The butto
Action.c(70):     n text always starts with Pay to allow for demonstrating regular expressions in object ide
Action.c(70):     ntification.","attributeTools":"LeanFT;UFT","locationInAdvantage":"Pay button in cart sum"
Action.c(70):     ,"locationInAdminTool":"Functional","parameterValue":"Tip"},{"parameterName":"Tips_correla
Action.c(70):     tion_example","datatype":"enum:[Tip]","description":"To demonstrate correlation, make sure
Action.c(70):      that you include a login step in your flow.  The correlation is implemented with the sess
Action.c(70):     ion ID.","attributeTools":"LoadRunner","locationInAdvantage":"Web Application Login","loca
Action.c(70):     tionInAdminTool":"Performance","parameterValue":"Tip"},{"parameterName":"Tips_async_exampl
Action.c(70):     e","datatype":"enum:[Tip]","description":"ADM performance tools support asynchronous commu
Action.c(70):     nication.  To demonstrate this feature, browse to any of the products in the HEADPHONES ca
Action.c(70):     tegory, and record the comments (web only).","attributeTools":"LoadRunner","locationInAdva
Action.c(70):     ntage":"Performance","locationInAdminTool":"Performance","parameterValue":"Tip"},{"paramet
Action.c(70):     erName":"Tips_Swagger_Interface_For_REST_APIs","datatype":"enum:[Tip]","description":"To u
Action.c(70):     se Swagger interface for REST APIs change the URL to http://<your-server>:<port>/<service>
Action.c(70):     /api/docs.  <service> can be on of the following (case sensitive): catalog, order, MasterC
Action.c(70):     redit or SafePay.  For example: http://www.advantageonlineshopping.com:80/catalog/api/docs
Action.c(70):     .","attributeTools":"","locationInAdvantage":"catalog,MasterCredit,order,SafePay services"
Action.c(70):     ,"locationInAdminTool":"General","parameterValue":"Tip"},{"parameterName":"Tips_REST_API_P
Action.c(70):     arams_In_Request_URL","datatype":"enum:[Tip]","description":"Send the REST API request and
Action.c(70):      parameters in request URL. Example: http://www.advantageonlineshopping.com/catalog/api/v1
Action.c(70):     /products/1.","attributeTools":"UFT","locationInAdvantage":"catalog,MasterCredit,order,Saf
Action.c(70):     ePay services","locationInAdminTool":"Functional","parameterValue":"Tip"},{"parameterName"
Action.c(70):     :"Tips_REST_API_Params_In_Request_Body","datatype":"enum:[Tip]","description":"Send the RE
Action.c(70):     ST API parameters in the request body. Example: http://www.advantageonlineshopping.com/Mas
Action.c(70):     terCredit/api/v1/payments/payment, body: { \\"MCCVVNumber\\": 666, \\"MCCardNumber\\": 654
Action.c(70):     3210987654321, \\"MCCustomerName\\": \\"King David\\", \\"MCCustomerPhone\\": \\"+12025551
Action.c(70):     969\\", \\"MCExpirationDate\\": \\"032017\\", \\"MCRecevingAmount.Value\\": 2011.03, \\"MC
Action.c(70):     RecevingCard.AccountNumber\\": 112987298763, \\"MCRecevingCard.Currency\\": \\"USD\\", \\"
Action.c(70):     MCTransactionDate\\": \\"02092016\\", \\"MCTransactionType\\": \\"PAYMENT\\" }.","attribut
Action.c(70):     eTools":"UFT","locationInAdvantage":"catalog,MasterCredit,order,SafePay services","locatio
Action.c(70):     nInAdminTool":"Functional","parameterValue":"Tip"},{"parameterName":"Tips_DFE","datatype":
Action.c(70):     "enum:[Tip]","description":"Send login request and response in Base-64 encoded, instead of
Action.c(70):      in plain text, to show DFE in snapshot (display only).","attributeTools":"LoadRunner","lo
Action.c(70):     cationInAdvantage":"Web Application Login","locationInAdminTool":"Performance","parameterV
Action.c(70):     alue":"Tip"},{"parameterName":"Tips_validation_example","datatype":"enum:[Tip]","descripti
Action.c(70):     on":"To demonstrate validation: Perform a flow where you buy the contents of the cart, the
Action.c(70):     n go to the My Orders page and look for the order by its order number (shows positive\xC2\xA0
Action.c(70):     validation). Delete the order, then look for the order by its number again (shows negative
Action.c(70):     \xC2\xA0validation).","attributeTools":"LoadRunner","locationInAdvantage":"My Orders","loc
Action.c(70):     ationInAdminTool":"Performance","parameterValue":"Tip"},{"parameterName":"Mobile_crash","d
Action.c(70):     atatype":"enum:[Tip]","description":"To generate a crash, login with AppPulse user and cha
Action.c(70):     nge\xC2\xA0the device orientation from\xC2\xA0portrait to landscape","attributeTools":"App
Action.c(70):     Pulse","locationInAdvantage":"Mobile: entire app","locationInAdminTool":"Mobile;Functional
Action.c(70):     ;ITOM","parameterValue":"Tip"},{"parameterName":"Slow_launch_of_the_native_app","datatype"
Action.c(70):     :"enum:[Tip]","description":"To show a slow launch, log in as the AppPulse user and kill t
Action.c(70):     he app. From this point on, any launch will be slow until you log in with a different user
Action.c(70):     ","attributeTools":"AppPulse","locationInAdvantage":"Android\xC2\xA0native app: Launch","l
Action.c(70):     ocationInAdminTool":"Mobile;Performance","parameterValue":"Tip"},{"parameterName":"Error_5
Action.c(70):     00","datatype":"enum:[Tip]","description":"To generate error 500, login with AppPulse user
Action.c(70):     , add items to\xC2\xA0the the cart, checkout and click on pay now","attributeTools":"AppPu
Action.c(70):     lse","locationInAdvantage":"Order Payment","locationInAdminTool":"Mobile;Functional;ITOM",
Action.c(70):     "parameterValue":"Tip"},{"parameterName":"Error_403","datatype":"enum:[Tip]","description"
Action.c(70):     :"To generate error 403, click on the 'Sign in with Facebook' button.","attributeTools":"A
Action.c(70):     ppPulse","locationInAdvantage":"Login page","locationInAdminTool":"Mobile;Functional;ITOM"
Action.c(70):     ,"parameterValue":"Tip"},{"parameterName":"Use_Camera_Capability","datatype":"enum:[Tip]",
Action.c(70):     "description":"Add an option to enable the user to take a picture with the camera . This p
Action.c(70):     icture will be added to the current product page. In offline mode, the picture is retained
Action.c(70):      for the current session only. When using MC, if \xE2\x80\x9CCamera Sensor\xE2\x80\x9D is 
Action.c(70):     enabled, this picture will be replaced with the picture the user previously uploaded to MC
Action.c(70):     .","attributeTools":"MobileCenter","locationInAdvantage":"Mobile apps: Product page","loca
Action.c(70):     tionInAdminTool":"Mobile","parameterValue":"Tip"},{"parameterName":"Tips_SQL_injection_vul
Action.c(70):     nerability","datatype":"enum:[Tip]","description":"A functional test finds the following d
Action.c(70):     efect: The user creates a user with any\xC2\xA0Username, but the\xC2\xA0name that is actua
Action.c(70):     lly created is duplicated, as displayed at\xC2\xA0the top right side of the site.\xC2\xA0\xC2
Action.c(70):     \xA0 The user opens a defect, fixes the code, and commits the change. This triggers a Fort
Action.c(70):     ify scan (provided that you added the Fortify scan trigger in the code change) that will f
Action.c(70):     ind an\xC2\xA0SQL injection\xC2\xA0vulnerability.  To achieve this, you must edit the\xC2\xA0
Action.c(70):     accountservice\\\\src\\\\main\\\\java\\\\com\\\\advantage\\\\accountsoap\\\\dao\\\\impl\\\\
Action.c(70):     DefaultAccountRepository\xC2\xA0file. In this file, first uncomment the\xC2\xA0code that i
Action.c(70):     s located\xC2\xA0between the\xC2\xA0'SQL injection vulnerability' tags. \xC2\xA0Then, comm
Action.c(70):     ent out the code that is located between the 'Code without\xC2\xA0SQL injection vulnerabil
Action.c(70):     ity' tags. Note that there are 2 locations in the code in which you need to make these cha
Action.c(70):     nges.","attributeTools":"Fortify, LeanFT, UFT","locationInAdvantage":"Create Account page"
Action.c(70):     ,"locationInAdminTool":"Security","parameterValue":"Tip"},{"parameterName":"Enable_Warrant
Action.c(70):     y","datatype":"enum:[Yes,No]","description":"Determines whether a warranty checkbox is add
Action.c(70):     ed to each laptop product screen. Use this parameter to demonstrate an integration between
Action.c(70):      AOS and COBOL, during checkout AOS backend invoke a COBOL service to activate a warranty 
Action.c(70):     for laptop. Default = No. Yes = Add a checkbox to the laptop product page.","attributeTool
Action.c(70):     s":"AMC","locationInAdvantage":"Laptops","locationInAdminTool":"General","parameterValue":
Action.c(70):     "No"},{"parameterName":"Warranty_Service_URL","datatype":"string","description":"The URL o
Action.c(70):     f the COBOL web service to be used for the warranty, the default service is located on AZU
Action.c(70):     RE. the default URL is: https://aoswarrantyfunction.azurewebsites.net/api/Function1?code=K
Action.c(70):     EK/GaiTZ0lfJdRkJGgNdsn8qfenPseDGaS3j3n8noI6AGtSIriLAg== note: mouse over on the text field
Action.c(70):      to view the current URL.","attributeTools":"AMC","locationInAdvantage":"Laptops","locatio
Action.c(70):     nInAdminTool":"General","parameterValue":"https://aoswarrantyfunction.azurewebsites.net/ap
Action.c(70):     i/Function1?code=KEK/GaiTZ0lfJdRkJGgNdsn8qfenPseDGaS3j3n8noI6AGtSIriLAg=="},{"parameterNam
Action.c(70):     e":"Enable_Voltage_Encryption","datatype":"enum:[Yes,No]","description":"Use this paramete
Action.c(70):     r to demonstrate an integration between Voltage Data Encryption And AOS. The MasterCredit 
Action.c(70):     number is encrypted when the flag is set to 'Yes'","attributeTools":"AMC","locationInAdvan
Action.c(70):     tage":"Payment page","locationInAdminTool":"General","parameterValue":"No"},{"parameterNam
Action.c(70):     e":"Voltage_Service_URL","datatype":"string","description":"The URL of the Voltage Data En
Action.c(70):     cryption service to be used for the encryption, the default service is located on AZURE. t
Action.c(70):     he default URL is: https://voltage-pp-0000.dataprotection.voltage.com note: mouse over on 
Action.c(70):     the text field to view the current URL.","attributeTools":"ITOM","locationInAdvantage":"Pa
Action.c(70):     yment page","locationInAdminTool":"General","parameterValue":"https://voltage-pp-0000.data
Action.c(70):     protection.voltage.com"},{"parameterName":"duplicate_countries","datatype":"enum:[Yes,No]"
Action.c(70):     ,"description":"Duplicates the countries in adv_account DB, causing error during registrat
Action.c(70):     ion. Note: Restart required.","attributeTools":"ITOM","locationInAdvantage":"Registration 
Action.c(70):     page","locationInAdminTool":"General","parameterValue":"No"},{"parameterName":"AOB_Endpoin
Action.c(70):     t","datatype":"string","description":"Purchases made using AOB user, will create a transac
Action.c(70):     tion on AOB system, on the current endpoint","attributeTools":"","locationInAdvantage":"Pu
Action.c(70):     rchase Page","locationInAdminTool":"General","parameterValue":"http://advantageonlinebanki
Action.c(70):     ng.com/api/accounts/purchase"}]}
Action.c(70): t=1970631ms: 10-byte ENCODED response body received for "https://www.advantageonlineshopping.com/catalog/api/v1/DemoAppConfig/parameters/by_tool/ALL" (RelFrameId=1, Internal ID=1362)
Action.c(70): t=1970631ms: Request done "https://www.advantageonlineshopping.com/catalog/api/v1/DemoAppConfig/parameters/by_tool/ALL"  	[MsgId: MMSG-26000]
Action.c(70): web_url("ALL") was successful, 6541 body bytes, 375 header bytes  	[MsgId: MMSG-26386]
Action.c(79): web_add_cookie started  	[MsgId: MMSG-26355]
Action.c(79): web_add_cookie was successful  	[MsgId: MMSG-26392]
Action.c(81): web_add_header("Origin") started  	[MsgId: MMSG-26355]
Action.c(81): An unrecognized header ("Origin") is being added  	[MsgId: MMSG-26595]
Action.c(81): "Origin: https://www.advantageonlineshopping.com" header registered for adding to requests from the immediately following Action function  	[MsgId: MMSG-26506]
Action.c(81): web_add_header("Origin") was successful  	[MsgId: MMSG-26392]
Action.c(84): web_add_header("SOAPAction") started  	[MsgId: MMSG-26355]
Action.c(84): "SOAPAction: com.advantage.online.store.accountserviceGetAccountConfigurationRequest" header registered for adding to requests from the immediately following Action function  	[MsgId: MMSG-26506]
Action.c(84): web_add_header("SOAPAction") was successful  	[MsgId: MMSG-26392]
Action.c(87): web_add_header("X-Requested-With") started  	[MsgId: MMSG-26355]
Action.c(87): An unrecognized header ("X-Requested-With") is being added  	[MsgId: MMSG-26595]
Action.c(87): "X-Requested-With: XMLHttpRequest" header registered for adding to requests from the immediately following Action function  	[MsgId: MMSG-26506]
Action.c(87): web_add_header("X-Requested-With") was successful  	[MsgId: MMSG-26392]
Action.c(90): web_custom_request("GetAccountConfigurationRequest") started  	[MsgId: MMSG-26355]
Action.c(90): The request to server https://www.advantageonlineshopping.com/accountservice/ws/GetAccountConfigurationRequest" is done with headers:
Action.c(90):     :method = POST
Action.c(90):     :scheme = https
Action.c(90):     :path = /accountservice/ws/GetAccountConfigurationRequest
Action.c(90):     :authority = www.advantageonlineshopping.com
Action.c(90):     Content-Type = text/xml; charset=UTF-8
Action.c(90):     Referer = https://www.advantageonlineshopping.com/
Action.c(90):     Origin = https://www.advantageonlineshopping.com
Action.c(90):     SOAPAction = com.advantage.online.store.accountserviceGetAccountConfigurationRequest
Action.c(90):     X-Requested-With = XMLHttpRequest
Action.c(90):     Sec-Fetch-Site = same-origin
Action.c(90):     Sec-Fetch-Mode = cors
Action.c(90):     Sec-Fetch-Dest = empty
Action.c(90):     DNT = 1
Action.c(90):     sec-ch-ua = " Not A;Brand";v="99", "Chromium";v="100", "Google Chrome";v="100"
Action.c(90):     sec-ch-ua-mobile = ?0
Action.c(90):     sec-ch-ua-platform = "Windows"
Action.c(90):     User-Agent = Mozilla/5.0 (Windows NT 10.0; Win64; x64) AppleWebKit/537.36 (KHTML, like Gec
Action.c(90):     ko) Chrome/100.0.4896.88 Safari/537.36
Action.c(90):     Accept-Encoding = gzip, deflate, br
Action.c(90):     Accept-Language = ru-RU,ru;q=0.9,en-US;q=0.8,en;q=0.7
Action.c(90):     Accept = */*
Action.c(90):     content-length = 361
Action.c(90):     cookie = _gat=1
Action.c(90): The request to server "https://www.advantageonlineshopping.com/accountservice/ws/GetAccountConfigurationRequest" is done with body:
Action.c(90):     <?xml version="1.0" encoding="UTF-8"?><soap:Envelope xmlns:soap="http://schemas.xmlsoap.or
Action.c(90):     g/soap/envelope/" xmlns:xsi="http://www.w3.org/2001/XMLSchema-instance" xmlns:xsd="http://
Action.c(90):     www.w3.org/2001/XMLSchema"><soap:Body><GetAccountConfigurationRequest xmlns="com.advantage
Action.c(90):     .online.store.accountservice"></GetAccountConfigurationRequest></soap:Body></soap:Envelope
Action.c(90):     >
Action.c(191): t=1970885ms: 375-byte response headers for "https://www.advantageonlineshopping.com/catalog/api/v1/products/29" (RelFrameId=1, Internal ID=1328)
Action.c(191):     HTTP/2.0 200\r\n
Action.c(191):     Status: 200\r\n
Action.c(191):     server: nginx/1.18.0 (Ubuntu)\r\n
Action.c(191):     date: Sat, 30 Apr 2022 23:24:35 GMT\r\n
Action.c(191):     content-type: application/json\r\n
Action.c(191):     expires: 0\r\n
Action.c(191):     cache-control: no-store\r\n
Action.c(191):     x-content-type-options: nosniff\r\n
Action.c(191):     x-xss-protection: 1; mode=block\r\n
Action.c(191):     x-frame-options: DENY\r\n
Action.c(191):     vary: accept-encoding\r\n
Action.c(191):     content-encoding: gzip\r\n
Action.c(191):     strict-transport-security: max-age=31536000; includeSubDomains; preload\r\n
Action.c(191):     \r\n
Action.c(191): t=1970886ms: 382-byte ENCODED response body received for "https://www.advantageonlineshopping.com/catalog/api/v1/products/29" (RelFrameId=1, Internal ID=1328)
Action.c(191): t=1970886ms: 701-byte DECODED response body for "https://www.advantageonlineshopping.com/catalog/api/v1/products/29" (RelFrameId=1, Internal ID=1328)
Action.c(191):     {"productId":29,"categoryId":5,"productName":"HP USB 3 Button Optical Mouse","price":9.99,
Action.c(191):     "description":"Smooth and Accurate - The HP USB 3-Button Optical Mouse is the affordable d
Action.c(191):     esktop optical mouse solution that combines functionality with style","imageUrl":"5400","a
Action.c(191):     ttributes":[{"attributeName":"MANUFACTURER","attributeValue":"HP"},{"attributeName":"SENSO
Action.c(191):     R RESOLUTION","attributeValue":"1000 dpi optical sensor"},{"attributeName":"TYPE","attribu
Action.c(191):     teValue":"Mouse"},{"attributeName":"SCROLLER TYPE","attributeValue":"Scroll Whell"},{"attr
Action.c(191):     ibuteName":"CONNECTOR","attributeValue":"USB Cord"}],"colors":[{"code":"414141","name":"BL
Action.c(191):     ACK","inStock":10}],"images":["414141##5400"],"productStatus":"Active"}
Action.c(191): t=1970886ms: 10-byte ENCODED response body received for "https://www.advantageonlineshopping.com/catalog/api/v1/products/29" (RelFrameId=1, Internal ID=1328)
Action.c(191): t=1970886ms: Request done "https://www.advantageonlineshopping.com/catalog/api/v1/products/29"  	[MsgId: MMSG-26000]
Action.c(191): Registered web_reg_find successful for "Text="productName":"HP USB 3 Button Optical Mouse"" (count=1)  	[MsgId: MMSG-26364]
Action.c(191): web_url("29") was successful, 392 body bytes, 375 header bytes  	[MsgId: MMSG-26386]
Action.c(200): web_url("products_2") started  	[MsgId: MMSG-26355]
Action.c(200): The request to server https://www.advantageonlineshopping.com/catalog/api/v1/categories/5/products" is done with headers:
Action.c(200):     :method = GET
Action.c(200):     :scheme = https
Action.c(200):     :path = /catalog/api/v1/categories/5/products
Action.c(200):     :authority = www.advantageonlineshopping.com
Action.c(200):     Referer = https://www.advantageonlineshopping.com/
Action.c(200):     Sec-Fetch-Site = same-origin
Action.c(200):     Sec-Fetch-Mode = cors
Action.c(200):     Sec-Fetch-Dest = empty
Action.c(200):     DNT = 1
Action.c(200):     sec-ch-ua = " Not A;Brand";v="99", "Chromium";v="100", "Google Chrome";v="100"
Action.c(200):     sec-ch-ua-mobile = ?0
Action.c(200):     sec-ch-ua-platform = "Windows"
Action.c(200):     User-Agent = Mozilla/5.0 (Windows NT 10.0; Win64; x64) AppleWebKit/537.36 (KHTML, like Gec
Action.c(200):     ko) Chrome/100.0.4896.88 Safari/537.36
Action.c(200):     Accept-Encoding = gzip, deflate, br
Action.c(200):     Accept-Language = ru-RU,ru;q=0.9,en-US;q=0.8,en;q=0.7
Action.c(200):     Accept = */*
Action.c(200):     cookie = _gat=1
Action.c(160): t=1971008ms: 375-byte response headers for "https://www.advantageonlineshopping.com/catalog/api/v1/categories/attributes" (RelFrameId=1, Internal ID=1280)
Action.c(160):     HTTP/2.0 200\r\n
Action.c(160):     Status: 200\r\n
Action.c(160):     server: nginx/1.18.0 (Ubuntu)\r\n
Action.c(160):     date: Sat, 30 Apr 2022 23:24:35 GMT\r\n
Action.c(160):     content-type: application/json\r\n
Action.c(160):     expires: 0\r\n
Action.c(160):     cache-control: no-store\r\n
Action.c(160):     x-content-type-options: nosniff\r\n
Action.c(160):     x-xss-protection: 1; mode=block\r\n
Action.c(160):     x-frame-options: DENY\r\n
Action.c(160):     vary: accept-encoding\r\n
Action.c(160):     content-encoding: gzip\r\n
Action.c(160):     strict-transport-security: max-age=31536000; includeSubDomains; preload\r\n
Action.c(160):     \r\n
Action.c(160): t=1971008ms: 542-byte ENCODED response body received for "https://www.advantageonlineshopping.com/catalog/api/v1/categories/attributes" (RelFrameId=1, Internal ID=1280)
Action.c(160): t=1971008ms: 6213-byte DECODED response body for "https://www.advantageonlineshopping.com/catalog/api/v1/categories/attributes" (RelFrameId=1, Internal ID=1280)
Action.c(160):     {"categoriesAttributes":[{"categoryId":1,"categoryName":"LAPTOPS","attributeId":1,"attribu
Action.c(160):     teName":"GRAPHICS","showInFilter":false},{"categoryId":1,"categoryName":"LAPTOPS","attribu
Action.c(160):     teId":2,"attributeName":"CUSTOMIZATION","showInFilter":false},{"categoryId":1,"categoryNam
Action.c(160):     e":"LAPTOPS","attributeId":3,"attributeName":"OPERATING SYSTEM","showInFilter":true},{"cat
Action.c(160):     egoryId":1,"categoryName":"LAPTOPS","attributeId":4,"attributeName":"PROCESSOR","showInFil
Action.c(160):     ter":true},{"categoryId":1,"categoryName":"LAPTOPS","attributeId":5,"attributeName":"MEMOR
Action.c(160):     Y","showInFilter":false},{"categoryId":1,"categoryName":"LAPTOPS","attributeId":6,"attribu
Action.c(160):     teName":"DISPLAY","showInFilter":true},{"categoryId":1,"categoryName":"LAPTOPS","attribute
Action.c(160):     Id":7,"attributeName":"CONNECTOR","showInFilter":false},{"categoryId":1,"categoryName":"LA
Action.c(160):     PTOPS","attributeId":8,"attributeName":"COMPATIBILITY","showInFilter":false},{"categoryId"
Action.c(160):     :1,"categoryName":"LAPTOPS","attributeId":9,"attributeName":"WEIGHT","showInFilter":true},
Action.c(160):     {"categoryId":1,"categoryName":"LAPTOPS","attributeId":10,"attributeName":"WIRELESS TECHNO
Action.c(160):     LOGY","showInFilter":false},{"categoryId":1,"categoryName":"LAPTOPS","attributeId":11,"att
Action.c(160):     ributeName":"SENSOR RESOLUTION","showInFilter":false},{"categoryId":1,"categoryName":"LAPT
Action.c(160):     OPS","attributeId":12,"attributeName":"TYPE","showInFilter":false},{"categoryId":1,"catego
Action.c(160):     ryName":"LAPTOPS","attributeId":13,"attributeName":"MANUFACTURER","showInFilter":false},{"
Action.c(160):     categoryId":1,"categoryName":"LAPTOPS","attributeId":14,"attributeName":"SCROLLER TYPE","s
Action.c(160):     howInFilter":false},{"categoryId":1,"categoryName":"LAPTOPS","attributeId":15,"attributeNa
Action.c(160):     me":"DISPLAY SIZE","showInFilter":false},{"categoryId":1,"categoryName":"LAPTOPS","attribu
Action.c(160):     teId":16,"attributeName":"DISPLAY RESOLUTION","showInFilter":false},{"categoryId":1,"categ
Action.c(160):     oryName":"LAPTOPS","attributeId":17,"attributeName":"TOUCHSCREEN","showInFilter":false},{"
Action.c(160):     categoryId":2,"categoryName":"HEADPHONES","attributeId":8,"attributeName":"COMPATIBILITY",
Action.c(160):     "showInFilter":true},{"categoryId":2,"categoryName":"HEADPHONES","attributeId":7,"attribut
Action.c(160):     eName":"CONNECTOR","showInFilter":true},{"categoryId":2,"categoryName":"HEADPHONES","attri
Action.c(160):     buteId":9,"attributeName":"WEIGHT","showInFilter":true},{"categoryId":3,"categoryName":"TA
Action.c(160):     BLETS","attributeId":1,"attributeName":"GRAPHICS","showInFilter":false},{"categoryId":3,"c
Action.c(160):     ategoryName":"TABLETS","attributeId":2,"attributeName":"CUSTOMIZATION","showInFilter":fals
Action.c(160):     e},{"categoryId":3,"categoryName":"TABLETS","attributeId":3,"attributeName":"OPERATING SYS
Action.c(160):     TEM","showInFilter":false},{"categoryId":3,"categoryName":"TABLETS","attributeId":4,"attri
Action.c(160):     buteName":"PROCESSOR","showInFilter":true},{"categoryId":3,"categoryName":"TABLETS","attri
Action.c(160):     buteId":5,"attributeName":"MEMORY","showInFilter":false},{"categoryId":3,"categoryName":"T
Action.c(160):     ABLETS","attributeId":6,"attributeName":"DISPLAY","showInFilter":true},{"categoryId":3,"ca
Action.c(160):     tegoryName":"TABLETS","attributeId":7,"attributeName":"CONNECTOR","showInFilter":false},{"
Action.c(160):     categoryId":3,"categoryName":"TABLETS","attributeId":8,"attributeName":"COMPATIBILITY","sh
Action.c(160):     owInFilter":false},{"categoryId":3,"categoryName":"TABLETS","attributeId":9,"attributeName
Action.c(160):     ":"WEIGHT","showInFilter":false},{"categoryId":3,"categoryName":"TABLETS","attributeId":10
Action.c(160):     ,"attributeName":"WIRELESS TECHNOLOGY","showInFilter":false},{"categoryId":4,"categoryName
Action.c(160):     ":"SPEAKERS","attributeId":1,"attributeName":"GRAPHICS","showInFilter":false},{"categoryId
Action.c(160):     ":4,"categoryName":"SPEAKERS","attributeId":2,"attributeName":"CUSTOMIZATION","showInFilte
Action.c(160):     r":false},{"categoryId":4,"categoryName":"SPEAKERS","attributeId":3,"attributeName":"OPERA
Action.c(160):     TING SYSTEM","showInFilter":false},{"categoryId":4,"categoryName":"SPEAKERS","attributeId"
Action.c(160):     :4,"attributeName":"PROCESSOR","showInFilter":false},{"categoryId":4,"categoryName":"SPEAK
Action.c(160):     ERS","attributeId":5,"attributeName":"MEMORY","showInFilter":false},{"categoryId":4,"categ
Action.c(160):     oryName":"SPEAKERS","attributeId":6,"attributeName":"DISPLAY","showInFilter":false},{"cate
Action.c(160):     goryId":4,"categoryName":"SPEAKERS","attributeId":7,"attributeName":"CONNECTOR","showInFil
Action.c(160):     ter":true},{"categoryId":4,"categoryName":"SPEAKERS","attributeId":8,"attributeName":"COMP
Action.c(160):     ATIBILITY","showInFilter":true},{"categoryId":4,"categoryName":"SPEAKERS","attributeId":9,
Action.c(160):     "attributeName":"WEIGHT","showInFilter":true},{"categoryId":4,"categoryName":"SPEAKERS","a
Action.c(160):     ttributeId":10,"attributeName":"WIRELESS TECHNOLOGY","showInFilter":true},{"categoryId":4,
Action.c(160):     "categoryName":"SPEAKERS","attributeId":11,"attributeName":"SENSOR RESOLUTION","showInFilt
Action.c(160):     er":false},{"categoryId":4,"categoryName":"SPEAKERS","attributeId":12,"attributeName":"TYP
Action.c(160):     E","showInFilter":false},{"categoryId":4,"categoryName":"SPEAKERS","attributeId":13,"attri
Action.c(160):     buteName":"MANUFACTURER","showInFilter":true},{"categoryId":5,"categoryName":"MICE","attri
Action.c(160):     buteId":1,"attributeName":"GRAPHICS","showInFilter":false},{"categoryId":5,"categoryName":
Action.c(160):     "MICE","attributeId":2,"attributeName":"CUSTOMIZATION","showInFilter":false},{"categoryId"
Action.c(160):     :5,"categoryName":"MICE","attributeId":3,"attributeName":"OPERATING SYSTEM","showInFilter"
Action.c(160):     :false},{"categoryId":5,"categoryName":"MICE","attributeId":4,"attributeName":"PROCESSOR",
Action.c(160):     "showInFilter":false},{"categoryId":5,"categoryName":"MICE","attributeId":5,"attributeName
Action.c(160):     ":"MEMORY","showInFilter":false},{"categoryId":5,"categoryName":"MICE","attributeId":6,"at
Action.c(160):     tributeName":"DISPLAY","showInFilter":false},{"categoryId":5,"categoryName":"MICE","attrib
Action.c(160):     uteId":7,"attributeName":"CONNECTOR","showInFilter":false},{"categoryId":5,"categoryName":
Action.c(160):     "MICE","attributeId":8,"attributeName":"COMPATIBILITY","showInFilter":false},{"categoryId"
Action.c(160):     :5,"categoryName":"MICE","attributeId":9,"attributeName":"WEIGHT","showInFilter":false},{"
Action.c(160):     categoryId":5,"categoryName":"MICE","attributeId":10,"attributeName":"WIRELESS TECHNOLOGY"
Action.c(160):     ,"showInFilter":false},{"categoryId":5,"categoryName":"MICE","attributeId":11,"attributeNa
Action.c(160):     me":"SENSOR RESOLUTION","showInFilter":false},{"categoryId":5,"categoryName":"MICE","attri
Action.c(160):     buteId":12,"attributeName":"TYPE","showInFilter":false},{"categoryId":5,"categoryName":"MI
Action.c(160):     CE","attributeId":13,"attributeName":"MANUFACTURER","showInFilter":false},{"categoryId":5,
Action.c(160):     "categoryName":"MICE","attributeId":14,"attributeName":"SCROLLER TYPE","showInFilter":true
Action.c(160):     }]}
Action.c(160): t=1971010ms: 10-byte ENCODED response body received for "https://www.advantageonlineshopping.com/catalog/api/v1/categories/attributes" (RelFrameId=1, Internal ID=1280)
Action.c(160): t=1971010ms: Request done "https://www.advantageonlineshopping.com/catalog/api/v1/categories/attributes"  	[MsgId: MMSG-26000]
Action.c(160): web_url("attributes") was successful, 552 body bytes, 375 header bytes  	[MsgId: MMSG-26386]
Action.c(169): web_url("category-page.html") started  	[MsgId: MMSG-26355]
Action.c(169): The request to server https://www.advantageonlineshopping.com/app/views/category-page.html" is done with headers:
Action.c(169):     :method = GET
Action.c(169):     :scheme = https
Action.c(169):     :path = /app/views/category-page.html
Action.c(169):     :authority = www.advantageonlineshopping.com
Action.c(169):     Referer = https://www.advantageonlineshopping.com/
Action.c(169):     Sec-Fetch-Site = same-origin
Action.c(169):     Sec-Fetch-Mode = cors
Action.c(169):     Sec-Fetch-Dest = empty
Action.c(169):     DNT = 1
Action.c(169):     sec-ch-ua = " Not A;Brand";v="99", "Chromium";v="100", "Google Chrome";v="100"
Action.c(169):     sec-ch-ua-mobile = ?0
Action.c(169):     sec-ch-ua-platform = "Windows"
Action.c(169):     User-Agent = Mozilla/5.0 (Windows NT 10.0; Win64; x64) AppleWebKit/537.36 (KHTML, like Gec
Action.c(169):     ko) Chrome/100.0.4896.88 Safari/537.36
Action.c(169):     Accept-Encoding = gzip, deflate, br
Action.c(169):     Accept-Language = ru-RU,ru;q=0.9,en-US;q=0.8,en;q=0.7
Action.c(169):     Accept = */*
Action.c(169):     cookie = _gat=1
Action.c(160): t=1971107ms: 375-byte response headers for "https://www.advantageonlineshopping.com/catalog/api/v1/categories/attributes" (RelFrameId=1, Internal ID=1349)
Action.c(160):     HTTP/2.0 200\r\n
Action.c(160):     Status: 200\r\n
Action.c(160):     server: nginx/1.18.0 (Ubuntu)\r\n
Action.c(160):     date: Sat, 30 Apr 2022 23:24:35 GMT\r\n
Action.c(160):     content-type: application/json\r\n
Action.c(160):     expires: 0\r\n
Action.c(160):     cache-control: no-store\r\n
Action.c(160):     x-content-type-options: nosniff\r\n
Action.c(160):     x-xss-protection: 1; mode=block\r\n
Action.c(160):     x-frame-options: DENY\r\n
Action.c(160):     vary: accept-encoding\r\n
Action.c(160):     content-encoding: gzip\r\n
Action.c(160):     strict-transport-security: max-age=31536000; includeSubDomains; preload\r\n
Action.c(160):     \r\n
Action.c(160): t=1971107ms: 542-byte ENCODED response body received for "https://www.advantageonlineshopping.com/catalog/api/v1/categories/attributes" (RelFrameId=1, Internal ID=1349)
Action.c(160): t=1971107ms: 6213-byte DECODED response body for "https://www.advantageonlineshopping.com/catalog/api/v1/categories/attributes" (RelFrameId=1, Internal ID=1349)
Action.c(160):     {"categoriesAttributes":[{"categoryId":1,"categoryName":"LAPTOPS","attributeId":1,"attribu
Action.c(160):     teName":"GRAPHICS","showInFilter":false},{"categoryId":1,"categoryName":"LAPTOPS","attribu
Action.c(160):     teId":2,"attributeName":"CUSTOMIZATION","showInFilter":false},{"categoryId":1,"categoryNam
Action.c(160):     e":"LAPTOPS","attributeId":3,"attributeName":"OPERATING SYSTEM","showInFilter":true},{"cat
Action.c(160):     egoryId":1,"categoryName":"LAPTOPS","attributeId":4,"attributeName":"PROCESSOR","showInFil
Action.c(160):     ter":true},{"categoryId":1,"categoryName":"LAPTOPS","attributeId":5,"attributeName":"MEMOR
Action.c(160):     Y","showInFilter":false},{"categoryId":1,"categoryName":"LAPTOPS","attributeId":6,"attribu
Action.c(160):     teName":"DISPLAY","showInFilter":true},{"categoryId":1,"categoryName":"LAPTOPS","attribute
Action.c(160):     Id":7,"attributeName":"CONNECTOR","showInFilter":false},{"categoryId":1,"categoryName":"LA
Action.c(160):     PTOPS","attributeId":8,"attributeName":"COMPATIBILITY","showInFilter":false},{"categoryId"
Action.c(160):     :1,"categoryName":"LAPTOPS","attributeId":9,"attributeName":"WEIGHT","showInFilter":true},
Action.c(160):     {"categoryId":1,"categoryName":"LAPTOPS","attributeId":10,"attributeName":"WIRELESS TECHNO
Action.c(160):     LOGY","showInFilter":false},{"categoryId":1,"categoryName":"LAPTOPS","attributeId":11,"att
Action.c(160):     ributeName":"SENSOR RESOLUTION","showInFilter":false},{"categoryId":1,"categoryName":"LAPT
Action.c(160):     OPS","attributeId":12,"attributeName":"TYPE","showInFilter":false},{"categoryId":1,"catego
Action.c(160):     ryName":"LAPTOPS","attributeId":13,"attributeName":"MANUFACTURER","showInFilter":false},{"
Action.c(160):     categoryId":1,"categoryName":"LAPTOPS","attributeId":14,"attributeName":"SCROLLER TYPE","s
Action.c(160):     howInFilter":false},{"categoryId":1,"categoryName":"LAPTOPS","attributeId":15,"attributeNa
Action.c(160):     me":"DISPLAY SIZE","showInFilter":false},{"categoryId":1,"categoryName":"LAPTOPS","attribu
Action.c(160):     teId":16,"attributeName":"DISPLAY RESOLUTION","showInFilter":false},{"categoryId":1,"categ
Action.c(160):     oryName":"LAPTOPS","attributeId":17,"attributeName":"TOUCHSCREEN","showInFilter":false},{"
Action.c(160):     categoryId":2,"categoryName":"HEADPHONES","attributeId":8,"attributeName":"COMPATIBILITY",
Action.c(160):     "showInFilter":true},{"categoryId":2,"categoryName":"HEADPHONES","attributeId":7,"attribut
Action.c(160):     eName":"CONNECTOR","showInFilter":true},{"categoryId":2,"categoryName":"HEADPHONES","attri
Action.c(160):     buteId":9,"attributeName":"WEIGHT","showInFilter":true},{"categoryId":3,"categoryName":"TA
Action.c(160):     BLETS","attributeId":1,"attributeName":"GRAPHICS","showInFilter":false},{"categoryId":3,"c
Action.c(160):     ategoryName":"TABLETS","attributeId":2,"attributeName":"CUSTOMIZATION","showInFilter":fals
Action.c(160):     e},{"categoryId":3,"categoryName":"TABLETS","attributeId":3,"attributeName":"OPERATING SYS
Action.c(160):     TEM","showInFilter":false},{"categoryId":3,"categoryName":"TABLETS","attributeId":4,"attri
Action.c(160):     buteName":"PROCESSOR","showInFilter":true},{"categoryId":3,"categoryName":"TABLETS","attri
Action.c(160):     buteId":5,"attributeName":"MEMORY","showInFilter":false},{"categoryId":3,"categoryName":"T
Action.c(160):     ABLETS","attributeId":6,"attributeName":"DISPLAY","showInFilter":true},{"categoryId":3,"ca
Action.c(160):     tegoryName":"TABLETS","attributeId":7,"attributeName":"CONNECTOR","showInFilter":false},{"
Action.c(160):     categoryId":3,"categoryName":"TABLETS","attributeId":8,"attributeName":"COMPATIBILITY","sh
Action.c(160):     owInFilter":false},{"categoryId":3,"categoryName":"TABLETS","attributeId":9,"attributeName
Action.c(160):     ":"WEIGHT","showInFilter":false},{"categoryId":3,"categoryName":"TABLETS","attributeId":10
Action.c(160):     ,"attributeName":"WIRELESS TECHNOLOGY","showInFilter":false},{"categoryId":4,"categoryName
Action.c(160):     ":"SPEAKERS","attributeId":1,"attributeName":"GRAPHICS","showInFilter":false},{"categoryId
Action.c(160):     ":4,"categoryName":"SPEAKERS","attributeId":2,"attributeName":"CUSTOMIZATION","showInFilte
Action.c(160):     r":false},{"categoryId":4,"categoryName":"SPEAKERS","attributeId":3,"attributeName":"OPERA
Action.c(160):     TING SYSTEM","showInFilter":false},{"categoryId":4,"categoryName":"SPEAKERS","attributeId"
Action.c(160):     :4,"attributeName":"PROCESSOR","showInFilter":false},{"categoryId":4,"categoryName":"SPEAK
Action.c(160):     ERS","attributeId":5,"attributeName":"MEMORY","showInFilter":false},{"categoryId":4,"categ
Action.c(160):     oryName":"SPEAKERS","attributeId":6,"attributeName":"DISPLAY","showInFilter":false},{"cate
Action.c(160):     goryId":4,"categoryName":"SPEAKERS","attributeId":7,"attributeName":"CONNECTOR","showInFil
Action.c(160):     ter":true},{"categoryId":4,"categoryName":"SPEAKERS","attributeId":8,"attributeName":"COMP
Action.c(160):     ATIBILITY","showInFilter":true},{"categoryId":4,"categoryName":"SPEAKERS","attributeId":9,
Action.c(160):     "attributeName":"WEIGHT","showInFilter":true},{"categoryId":4,"categoryName":"SPEAKERS","a
Action.c(160):     ttributeId":10,"attributeName":"WIRELESS TECHNOLOGY","showInFilter":true},{"categoryId":4,
Action.c(160):     "categoryName":"SPEAKERS","attributeId":11,"attributeName":"SENSOR RESOLUTION","showInFilt
Action.c(160):     er":false},{"categoryId":4,"categoryName":"SPEAKERS","attributeId":12,"attributeName":"TYP
Action.c(160):     E","showInFilter":false},{"categoryId":4,"categoryName":"SPEAKERS","attributeId":13,"attri
Action.c(160):     buteName":"MANUFACTURER","showInFilter":true},{"categoryId":5,"categoryName":"MICE","attri
Action.c(160):     buteId":1,"attributeName":"GRAPHICS","showInFilter":false},{"categoryId":5,"categoryName":
Action.c(160):     "MICE","attributeId":2,"attributeName":"CUSTOMIZATION","showInFilter":false},{"categoryId"
Action.c(160):     :5,"categoryName":"MICE","attributeId":3,"attributeName":"OPERATING SYSTEM","showInFilter"
Action.c(160):     :false},{"categoryId":5,"categoryName":"MICE","attributeId":4,"attributeName":"PROCESSOR",
Action.c(160):     "showInFilter":false},{"categoryId":5,"categoryName":"MICE","attributeId":5,"attributeName
Action.c(160):     ":"MEMORY","showInFilter":false},{"categoryId":5,"categoryName":"MICE","attributeId":6,"at
Action.c(160):     tributeName":"DISPLAY","showInFilter":false},{"categoryId":5,"categoryName":"MICE","attrib
Action.c(160):     uteId":7,"attributeName":"CONNECTOR","showInFilter":false},{"categoryId":5,"categoryName":
Action.c(160):     "MICE","attributeId":8,"attributeName":"COMPATIBILITY","showInFilter":false},{"categoryId"
Action.c(160):     :5,"categoryName":"MICE","attributeId":9,"attributeName":"WEIGHT","showInFilter":false},{"
Action.c(160):     categoryId":5,"categoryName":"MICE","attributeId":10,"attributeName":"WIRELESS TECHNOLOGY"
Action.c(160):     ,"showInFilter":false},{"categoryId":5,"categoryName":"MICE","attributeId":11,"attributeNa
Action.c(160):     me":"SENSOR RESOLUTION","showInFilter":false},{"categoryId":5,"categoryName":"MICE","attri
Action.c(160):     buteId":12,"attributeName":"TYPE","showInFilter":false},{"categoryId":5,"categoryName":"MI
Action.c(160):     CE","attributeId":13,"attributeName":"MANUFACTURER","showInFilter":false},{"categoryId":5,
Action.c(160):     "categoryName":"MICE","attributeId":14,"attributeName":"SCROLLER TYPE","showInFilter":true
Action.c(160):     }]}
Action.c(160): t=1971109ms: 10-byte ENCODED response body received for "https://www.advantageonlineshopping.com/catalog/api/v1/categories/attributes" (RelFrameId=1, Internal ID=1349)
Action.c(160): t=1971109ms: Request done "https://www.advantageonlineshopping.com/catalog/api/v1/categories/attributes"  	[MsgId: MMSG-26000]
Action.c(160): web_url("attributes") was successful, 552 body bytes, 375 header bytes  	[MsgId: MMSG-26386]
Action.c(169): web_url("category-page.html") started  	[MsgId: MMSG-26355]
Action.c(169): The request to server https://www.advantageonlineshopping.com/app/views/category-page.html" is done with headers:
Action.c(169):     :method = GET
Action.c(169):     :scheme = https
Action.c(169):     :path = /app/views/category-page.html
Action.c(169):     :authority = www.advantageonlineshopping.com
Action.c(169):     Referer = https://www.advantageonlineshopping.com/
Action.c(169):     Sec-Fetch-Site = same-origin
Action.c(169):     Sec-Fetch-Mode = cors
Action.c(169):     Sec-Fetch-Dest = empty
Action.c(169):     DNT = 1
Action.c(169):     sec-ch-ua = " Not A;Brand";v="99", "Chromium";v="100", "Google Chrome";v="100"
Action.c(169):     sec-ch-ua-mobile = ?0
Action.c(169):     sec-ch-ua-platform = "Windows"
Action.c(169):     User-Agent = Mozilla/5.0 (Windows NT 10.0; Win64; x64) AppleWebKit/537.36 (KHTML, like Gec
Action.c(169):     ko) Chrome/100.0.4896.88 Safari/537.36
Action.c(169):     Accept-Encoding = gzip, deflate, br
Action.c(169):     Accept-Language = ru-RU,ru;q=0.9,en-US;q=0.8,en;q=0.7
Action.c(169):     Accept = */*
Action.c(169):     cookie = _gat=1
Action.c(169): t=1971165ms: 361-byte response headers for "https://www.advantageonlineshopping.com/app/views/category-page.html" (RelFrameId=1, Internal ID=1281)
Action.c(169):     HTTP/2.0 200\r\n
Action.c(169):     Status: 200\r\n
Action.c(169):     server: nginx/1.18.0 (Ubuntu)\r\n
Action.c(169):     date: Sat, 30 Apr 2022 23:24:35 GMT\r\n
Action.c(169):     content-type: text/html\r\n
Action.c(169):     etag: W/"1915-1641810512000"\r\n
Action.c(169):     last-modified: Mon, 10 Jan 2022 10:28:32 GMT\r\n
Action.c(169):     cache-control: max-age=0\r\n
Action.c(169):     expires: Sat, 30 Apr 2022 23:24:35 GMT\r\n
Action.c(169):     strict-transport-security: max-age=31536000; includeSubDomains; preload\r\n
Action.c(169):     content-encoding: gzip\r\n
Action.c(169):     \r\n
Action.c(169): t=1971165ms: 741-byte ENCODED response body received for "https://www.advantageonlineshopping.com/app/views/category-page.html" (RelFrameId=1, Internal ID=1281)
Action.c(169): t=1971165ms: 1915-byte DECODED response body for "https://www.advantageonlineshopping.com/app/views/category-page.html" (RelFrameId=1, Internal ID=1281)
Action.c(169):     \n
Action.c(169):     <section>\n
Action.c(169):         <article ng-switch="noProducts">\n
Action.c(169):     \n
Action.c(169):             <div ng-style="categoryData.categoryId ? { 'background-image': 'url(css/images/cat
Action.c(169):     egory_banner_' + categoryData.categoryId + '.png)' } : {}"\n
Action.c(169):                  data-ng-hide="categoryData.promotedProduct == null" class="categoryData" >\n
Action.c(169):                 <h1 class="roboto-bold"> {{categoryData.promotedProduct.promotionHeader}}</h1>
Action.c(169):     \n
Action.c(169):                 <h2 class="roboto-thin"> {{categoryData.promotedProduct.promotionSubHeader}}</
Action.c(169):     h2>\n
Action.c(169):                 <h3 class="roboto-thin">\n
Action.c(169):                     {{categoryData.promotedProduct.productName}} |\n
Action.c(169):                     {{ 'STARTING_AT' | translate }} ${{categoryData.promotedProduct.staringPri
Action.c(169):     ce}}\n
Action.c(169):                 </h3>\n
Action.c(169):                 <a href="#/product/{{categoryData.promotedProduct.id}}">\n
Action.c(169):                     <button name="buy_now" class="roboto-medium" translate="BUY_NOW" role="but
Action.c(169):     ton">\n
Action.c(169):                     </button>\n
Action.c(169):                 </a>\n
Action.c(169):             </div>\n
Action.c(169):             <div>\n
Action.c(169):                 <nav class="pages categoryDataFixedNav"  data-ng-class="{ fixedImportant : vie
Action.c(169):     wAll }">\n
Action.c(169):                     <a translate="HOME" href="#/" ></a>\n
Action.c(169):                     <a class="select "> {{categoryName}} </a>\n
Action.c(169):                 </nav>\n
Action.c(169):             </div>\n
Action.c(169):             <h3 class="categoryTitle roboto-regular sticky"\n
Action.c(169):                 data-ng-class="{ noPromotedProduct : viewAll }" >{{categoryName}}\n
Action.c(169):             </h3>\n
Action.c(169):             <div ng-class="{ noPromotedProductDiv : viewAll }">\n
Action.c(169):                 <div ng-switch-when="true">\n
Action.c(169):                     <label style="display: block; text-align: center; color:black; font-size: 
Action.c(169):     100px">\n
Action.c(169):                         No products!\n
Action.c(169):                     </label>\n
Action.c(169):                 </div>\n
Action.c(169):                 <div ng-switch-when="false">\n
Action.c(169):                     <div class="category-type-products"\n
Action.c(169):                          category-type-products-drtv\n
Action.c(169):                          params-to-pass="paramsToPass"\n
Action.c(169):                     ></div>\n
Action.c(169):                 </div>\n
Action.c(169):                 <social-media-drtv></social-media-drtv>\n
Action.c(169):             </div>\n
Action.c(169):         </article>\n
Action.c(169):     </section>
Action.c(169): t=1971167ms: Request done "https://www.advantageonlineshopping.com/app/views/category-page.html"  	[MsgId: MMSG-26000]
Action.c(169): web_url("category-page.html") was successful, 741 body bytes, 361 header bytes  	[MsgId: MMSG-26386]
Action.c(178): Notify: Transaction "Mice" ended with a "Pass" status (Duration: 6,3544 Wasted Time: 0,0000).	[MsgId: MMSG-16871]
Action.c(184): lr_think_time: 5,00 seconds.	[MsgId: MMSG-15948]
Action.c(169): t=1971263ms: 361-byte response headers for "https://www.advantageonlineshopping.com/app/views/category-page.html" (RelFrameId=1, Internal ID=1350)
Action.c(169):     HTTP/2.0 200\r\n
Action.c(169):     Status: 200\r\n
Action.c(169):     server: nginx/1.18.0 (Ubuntu)\r\n
Action.c(169):     date: Sat, 30 Apr 2022 23:24:35 GMT\r\n
Action.c(169):     content-type: text/html\r\n
Action.c(169):     etag: W/"1915-1641810512000"\r\n
Action.c(169):     last-modified: Mon, 10 Jan 2022 10:28:32 GMT\r\n
Action.c(169):     cache-control: max-age=0\r\n
Action.c(169):     expires: Sat, 30 Apr 2022 23:24:35 GMT\r\n
Action.c(169):     strict-transport-security: max-age=31536000; includeSubDomains; preload\r\n
Action.c(169):     content-encoding: gzip\r\n
Action.c(169):     \r\n
Action.c(169): t=1971264ms: 741-byte ENCODED response body received for "https://www.advantageonlineshopping.com/app/views/category-page.html" (RelFrameId=1, Internal ID=1350)
Action.c(169): t=1971264ms: 1915-byte DECODED response body for "https://www.advantageonlineshopping.com/app/views/category-page.html" (RelFrameId=1, Internal ID=1350)
Action.c(169):     \n
Action.c(169):     <section>\n
Action.c(169):         <article ng-switch="noProducts">\n
Action.c(169):     \n
Action.c(169):             <div ng-style="categoryData.categoryId ? { 'background-image': 'url(css/images/cat
Action.c(169):     egory_banner_' + categoryData.categoryId + '.png)' } : {}"\n
Action.c(169):                  data-ng-hide="categoryData.promotedProduct == null" class="categoryData" >\n
Action.c(169):                 <h1 class="roboto-bold"> {{categoryData.promotedProduct.promotionHeader}}</h1>
Action.c(169):     \n
Action.c(169):                 <h2 class="roboto-thin"> {{categoryData.promotedProduct.promotionSubHeader}}</
Action.c(169):     h2>\n
Action.c(169):                 <h3 class="roboto-thin">\n
Action.c(169):                     {{categoryData.promotedProduct.productName}} |\n
Action.c(169):                     {{ 'STARTING_AT' | translate }} ${{categoryData.promotedProduct.staringPri
Action.c(169):     ce}}\n
Action.c(169):                 </h3>\n
Action.c(169):                 <a href="#/product/{{categoryData.promotedProduct.id}}">\n
Action.c(169):                     <button name="buy_now" class="roboto-medium" translate="BUY_NOW" role="but
Action.c(169):     ton">\n
Action.c(169):                     </button>\n
Action.c(169):                 </a>\n
Action.c(169):             </div>\n
Action.c(169):             <div>\n
Action.c(169):                 <nav class="pages categoryDataFixedNav"  data-ng-class="{ fixedImportant : vie
Action.c(169):     wAll }">\n
Action.c(169):                     <a translate="HOME" href="#/" ></a>\n
Action.c(169):                     <a class="select "> {{categoryName}} </a>\n
Action.c(169):                 </nav>\n
Action.c(169):             </div>\n
Action.c(169):             <h3 class="categoryTitle roboto-regular sticky"\n
Action.c(169):                 data-ng-class="{ noPromotedProduct : viewAll }" >{{categoryName}}\n
Action.c(169):             </h3>\n
Action.c(169):             <div ng-class="{ noPromotedProductDiv : viewAll }">\n
Action.c(169):                 <div ng-switch-when="true">\n
Action.c(169):                     <label style="display: block; text-align: center; color:black; font-size: 
Action.c(169):     100px">\n
Action.c(169):                         No products!\n
Action.c(169):                     </label>\n
Action.c(169):                 </div>\n
Action.c(169):                 <div ng-switch-when="false">\n
Action.c(169):                     <div class="category-type-products"\n
Action.c(169):                          category-type-products-drtv\n
Action.c(169):                          params-to-pass="paramsToPass"\n
Action.c(169):                     ></div>\n
Action.c(169):                 </div>\n
Action.c(169):                 <social-media-drtv></social-media-drtv>\n
Action.c(169):             </div>\n
Action.c(169):         </article>\n
Action.c(169):     </section>
Action.c(169): t=1971265ms: Request done "https://www.advantageonlineshopping.com/app/views/category-page.html"  	[MsgId: MMSG-26000]
Action.c(169): web_url("category-page.html") was successful, 741 body bytes, 361 header bytes  	[MsgId: MMSG-26386]
Action.c(178): Notify: Transaction "Mice" ended with a "Pass" status (Duration: 5,6872 Wasted Time: 0,0000).	[MsgId: MMSG-16871]
Action.c(184): lr_think_time: 5,00 seconds.	[MsgId: MMSG-15948]
Action.c(200): Notify: Transaction "Product 1" ended with a "Stop" status (Duration: 3,6662 Wasted Time: 0,0000).	[MsgId: MMSG-16871]
Action.c(90): Notify: Transaction "Home" ended with a "Stop" status (Duration: 2,3250 Wasted Time: 0,0014).	[MsgId: MMSG-16871]
Action.c(90): Notify: Transaction "01_Scrolling_The_Site" ended with a "Stop" status (Duration: 2,3251 Wasted Time: 0,0014).	[MsgId: MMSG-16871]
Action.c(200): Notify: Transaction "01_Scrolling_The_Site" ended with a "Stop" status (Duration: 19,3415 Think Time: 10,0141 Wasted Time: 0,0014).	[MsgId: MMSG-16870]
Action.c(209): Notify: Transaction "Product 1" ended with a "Stop" status (Duration: 8,0486 Wasted Time: 0,0000).	[MsgId: MMSG-16871]
Action.c(111): Notify: Transaction "Home" ended with a "Stop" status (Duration: 6,0454 Wasted Time: 0,0014).	[MsgId: MMSG-16871]
Action.c(184): Notify: Transaction "01_Scrolling_The_Site" ended with a "Stop" status (Duration: 15,0733 Think Time: 5,0122 Wasted Time: 0,0014).	[MsgId: MMSG-16870]
Action.c(209): Notify: Transaction "01_Scrolling_The_Site" ended with a "Stop" status (Duration: 22,1407 Think Time: 10,0226 Wasted Time: 0,0014).	[MsgId: MMSG-16870]
Action.c(111): Notify: Transaction "01_Scrolling_The_Site" ended with a "Stop" status (Duration: 6,0454 Wasted Time: 0,0014).	[MsgId: MMSG-16871]
Action.c(209): Notify: Transaction "Product 1" ended with a "Stop" status (Duration: 8,8120 Wasted Time: 0,0000).	[MsgId: MMSG-16871]
Action.c(209): Notify: Transaction "01_Scrolling_The_Site" ended with a "Stop" status (Duration: 23,4956 Think Time: 10,0178 Wasted Time: 0,0014).	[MsgId: MMSG-16870]
Abort was called from an action.	[MsgId: MMSG-10447]
Action.c(151): Notify: Transaction "Mice" ended with a "Stop" status (Duration: 1,1117 Wasted Time: 0,0000).	[MsgId: MMSG-16871]
Action.c(191): Notify: Transaction "Product 1" ended with a "Stop" status (Duration: 2,0163 Wasted Time: 0,0000).	[MsgId: MMSG-16871]
Ending Vuser...	[MsgId: MMSG-15966]
Action.c(151): Notify: Transaction "01_Scrolling_The_Site" ended with a "Stop" status (Duration: 10,2289 Think Time: 5,0124 Wasted Time: 0,0014).	[MsgId: MMSG-16870]
Starting action vuser_end.	[MsgId: MMSG-15919]
Action.c(191): Notify: Transaction "01_Scrolling_The_Site" ended with a "Stop" status (Duration: 17,9868 Think Time: 10,0050 Wasted Time: 0,0014).	[MsgId: MMSG-16870]
Ending action vuser_end.	[MsgId: MMSG-15918]
Vuser Terminated.	[MsgId: MMSG-15963]
Action.c(184): Notify: Transaction "01_Scrolling_The_Site" ended with a "Stop" status (Duration: 14,2756 Think Time: 5,0156 Wasted Time: 0,0014).	[MsgId: MMSG-16870]
Abort was called from an action.	[MsgId: MMSG-10447]
Action.c(184): t=1971469ms: Closed connection [0] to www.advantageonlineshopping.com:443 after completing 0 request(s)  	[MsgId: MMSG-26000]
Ending Vuser...	[MsgId: MMSG-15966]
Starting action vuser_end.	[MsgId: MMSG-15919]
Ending action vuser_end.	[MsgId: MMSG-15918]
Vuser Terminated.	[MsgId: MMSG-15963]
Abort was called from an action.	[MsgId: MMSG-10447]
Abort was called from an action.	[MsgId: MMSG-10447]
Abort was called from an action.	[MsgId: MMSG-10447]
Ending Vuser...	[MsgId: MMSG-15966]
Ending Vuser...	[MsgId: MMSG-15966]
Starting action vuser_end.	[MsgId: MMSG-15919]
Starting action vuser_end.	[MsgId: MMSG-15919]
Ending Vuser...	[MsgId: MMSG-15966]
Starting action vuser_end.	[MsgId: MMSG-15919]
Ending action vuser_end.	[MsgId: MMSG-15918]
Ending action vuser_end.	[MsgId: MMSG-15918]
Vuser Terminated.	[MsgId: MMSG-15963]
Vuser Terminated.	[MsgId: MMSG-15963]
Ending action vuser_end.	[MsgId: MMSG-15918]
Vuser Terminated.	[MsgId: MMSG-15963]
Action.c(209): Error -27760: Request "https://www.advantageonlineshopping.com/catalog/api/v1/categories/all_data" failed  	[MsgId: MERR-27760]
Action.c(111): Error -27760: Request "https://www.advantageonlineshopping.com/catalog/api/v1/deals/search?dealOfTheDay=true" failed  	[MsgId: MERR-27760]
Action.c(184): t=1971471ms: Closed connection [0] to www.advantageonlineshopping.com:443 after completing 0 request(s)  	[MsgId: MMSG-26000]
Abort was called from an action.	[MsgId: MMSG-10447]
Abort was called from an action.	[MsgId: MMSG-10447]
Ending Vuser...	[MsgId: MMSG-15966]
Starting action vuser_end.	[MsgId: MMSG-15919]
HTML-Mode memory management statistics: Reusable=1, NonReusable=0, CsMemBlockSize=4096, checks disabled  	[MsgId: MMSG-26000]
Ending action vuser_end.	[MsgId: MMSG-15918]
Vuser Terminated.	[MsgId: MMSG-15963]
Abort was called from an action.	[MsgId: MMSG-10447]
Ending Vuser...	[MsgId: MMSG-15966]
Abort was called from an action.	[MsgId: MMSG-10447]
Starting action vuser_end.	[MsgId: MMSG-15919]
Action.c(90): Error -27760: Request "https://www.advantageonlineshopping.com/accountservice/ws/GetAccountConfigurationRequest" failed  	[MsgId: MERR-27760]
Ending Vuser...	[MsgId: MMSG-15966]
Ending Vuser...	[MsgId: MMSG-15966]
Ending action vuser_end.	[MsgId: MMSG-15918]
Vuser Terminated.	[MsgId: MMSG-15963]
Starting action vuser_end.	[MsgId: MMSG-15919]
Starting action vuser_end.	[MsgId: MMSG-15919]
Ending action vuser_end.	[MsgId: MMSG-15918]
Vuser Terminated.	[MsgId: MMSG-15963]
Action.c(200): Error -27760: Request "https://www.advantageonlineshopping.com/catalog/api/v1/categories/5/products" failed  	[MsgId: MERR-27760]
Action.c(209): Error -27760: Request "https://www.advantageonlineshopping.com/catalog/api/v1/categories/all_data" failed  	[MsgId: MERR-27760]
Ending action vuser_end.	[MsgId: MMSG-15918]
Vuser Terminated.	[MsgId: MMSG-15963]
Vuser 8 (thread 15520), ended OK."	[MsgId: MMSG-10695]
Action.c(151): Error -27760: Request "https://www.advantageonlineshopping.com/catalog/api/v1/categories/5/products" failed  	[MsgId: MERR-27760]
Action.c(90): t=1971507ms: Closed connection [0] to www.advantageonlineshopping.com:443 after completing 0 request(s)  	[MsgId: MMSG-26000]
Action.c(191): Error -27760: Request "https://www.advantageonlineshopping.com/catalog/api/v1/products/29" failed  	[MsgId: MERR-27760]
Action.c(111): t=1971507ms: Closed connection [0] to www.advantageonlineshopping.com:443 after completing 0 request(s)  	[MsgId: MMSG-26000]
HTML-Mode memory management statistics: Reusable=1, NonReusable=0, CsMemBlockSize=4096, checks disabled  	[MsgId: MMSG-26000]
HTML-Mode memory management statistics: Reusable=1, NonReusable=0, CsMemBlockSize=4096, checks disabled  	[MsgId: MMSG-26000]
Action.c(209): t=1971508ms: Closed connection [0] to www.advantageonlineshopping.com:443 after completing 0 request(s)  	[MsgId: MMSG-26000]
Action.c(200): t=1971508ms: Closed connection [0] to www.advantageonlineshopping.com:443 after completing 0 request(s)  	[MsgId: MMSG-26000]
Vuser 1 (thread 19212), ended OK."	[MsgId: MMSG-10695]
HTML-Mode memory management statistics: Reusable=1, NonReusable=0, CsMemBlockSize=4096, checks disabled  	[MsgId: MMSG-26000]
HTML-Mode memory management statistics: Reusable=1, NonReusable=0, CsMemBlockSize=4096, checks disabled  	[MsgId: MMSG-26000]
Action.c(191): t=1971510ms: Closed connection [0] to www.advantageonlineshopping.com:443 after completing 0 request(s)  	[MsgId: MMSG-26000]
HTML-Mode memory management statistics: Reusable=1, NonReusable=0, CsMemBlockSize=4096, checks disabled  	[MsgId: MMSG-26000]
Vuser 4 (thread 732), ended OK."	[MsgId: MMSG-10695]
Vuser 0 (thread 10092), ended OK."	[MsgId: MMSG-10695]
Vuser 2 (thread 19296), ended OK."	[MsgId: MMSG-10695]
Vuser 10 (thread 2884), ended OK."	[MsgId: MMSG-10695]
HTML-Mode memory management statistics: Reusable=1, NonReusable=0, CsMemBlockSize=4096, checks disabled  	[MsgId: MMSG-26000]
Action.c(151): t=1971512ms: Closed connection [0] to www.advantageonlineshopping.com:443 after completing 0 request(s)  	[MsgId: MMSG-26000]
Action.c(209): t=1971512ms: Closed connection [0] to www.advantageonlineshopping.com:443 after completing 0 request(s)  	[MsgId: MMSG-26000]
Vuser 11 (thread 3384), ended OK."	[MsgId: MMSG-10695]
HTML-Mode memory management statistics: Reusable=1, NonReusable=0, CsMemBlockSize=4096, checks disabled  	[MsgId: MMSG-26000]
HTML-Mode memory management statistics: Reusable=1, NonReusable=0, CsMemBlockSize=4096, checks disabled  	[MsgId: MMSG-26000]
Vuser 6 (thread 18424), ended OK."	[MsgId: MMSG-10695]
Vuser 7 (thread 14620), ended OK."	[MsgId: MMSG-10695]
