Action.c(50):                 domainName: domainName,\n
Action.c(50):                 ecomm
Action.c(50): t=4781655ms: 9543-byte DECODED response body for "https://www.advantageonlineshopping.com/main.min.js" (RelFrameId=, Internal ID=2029)
Action.c(50):     erce: that._ecommerceEnabled(),\n
Action.c(50):                 enhancedEcommerce: that._enhancedEcommerceEnabled(),\n
Action.c(50):                 enhancedLinkAttribution: enhancedLinkAttribution,\n
Action.c(50):                 experimentId: experimentId,\n
Action.c(50):                 hybridMobileSupport: hybridMobileSupport,\n
Action.c(50):                 ignoreFirstPageLoad: ignoreFirstPageLoad,\n
Action.c(50):                 logAllCalls: logAllCalls,\n
Action.c(50):                 pageEvent: pageEvent,\n
Action.c(50):                 readFromRoute: readFromRoute,\n
Action.c(50):                 removeRegExp: removeRegExp,\n
Action.c(50):                 testMode: testMode,\n
Action.c(50):                 traceDebuggingMode: traceDebuggingMode,\n
Action.c(50):                 trackPrefix: trackPrefix,\n
Action.c(50):                 trackRoutes: trackRoutes,\n
Action.c(50):                 trackUrlParams: trackUrlParams\n
Action.c(50):               },\n
Action.c(50):               getUrl: getUrl,\n
Action.c(50):               /* DEPRECATED */\n
Action.c(50):               setCookieConfig: function (config) {\n
Action.c(50):                 that._log('warn', 'DEPRECATION WARNING: setCookieConfig method is deprecated. 
Action.c(50):     Please use tracker fields instead.');\n
Action.c(50):                 return that._setCookieConfig.apply(that, arguments);\n
Action.c(50):               },\n
Action.c(50):               /* DEPRECATED */\n
Action.c(50):               getCookieConfig: function () {\n
Action.c(50):                 that._log('warn', 'DEPRECATION WARNING: getCookieConfig method is deprecated. 
Action.c(50):     Please use tracker fields instead.');\n
Action.c(50):                 return cookieConfig;\n
Action.c(50):               },\n
Action.c(50):               /* DEPRECATED */\n
Action.c(50):               createAnalyticsScriptTag: function (config) {\n
Action.c(50):                 that._log('warn', 'DEPRECATION WARNING: createAnalyticsScriptTag method is dep
Action.c(50):     recated. Please use registerScriptTags and registerTrackers methods instead.');\n
Action.c(50):                 if (config) {\n
Action.c(50):                   cookieConfig = config;\n
Action.c(50):                 }\n
Action.c(50):                 return that._createAnalyticsScriptTag();\n
Action.c(50):               },\n
Action.c(50):               /* DEPRECATED */\n
Action.c(50):               createScriptTag: function () {\n
Action.c(50):                 that._log('warn', 'DEPRECATION WARNING: createScriptTag method is deprecated. 
Action.c(50):     Please use registerScriptTags and registerTrackers methods instead.');\n
Action.c(50):                 return that._createScriptTag();\n
Action.c(50):               },\n
Action.c(50):               registerScriptTags: function () {\n
Action.c(50):                 return that._registerScriptTags();\n
Action.c(50):               },\n
Action.c(50):               registerTrackers: function () {\n
Action.c(50):                 return that._registerTrackers();\n
Action.c(50):               },\n
Action.c(50):               offline: function (mode) {\n
Action.c(50):                 if (mode === true && offlineMode === false) {\n
Action.c(50):                   // Go to offline mode\n
Action.c(50):                   offlineMode = true;\n
Action.c(50):                 }\n
Action.c(50):                 if (mode === false && offlineMode === true) {\n
Action.c(50):                   // Go to online mode and process the offline queue\n
Action.c(50):                   offlineMode = false;\n
Action.c(50):                   while (that.offlineQueue.length > 0) {\n
Action.c(50):                     var obj = that.offlineQueue.shift();\n
Action.c(50):                     obj[0].apply(that, obj[1]);\n
Action.c(50):                   }\n
Action.c(50):                 }\n
Action.c(50):                 return offlineMode;\n
Action.c(50):               },\n
Action.c(50):               trackPage: function (url, title, custom) {\n
Action.c(50):                 that._trackPage.apply(that, arguments);\n
Action.c(50):               },\n
Action.c(50):               trackEvent: function (category, action, label, value, noninteraction, custom) {\n
Action.c(50):                 that._trackEvent.apply(that, arguments);\n
Action.c(50):               },\n
Action.c(50):               addTrans: function (transactionId, affiliation, total, tax, shipping, city, stat
Action.c(50):     e, country, currency) {\n
Action.c(50):                 that._addTrans.apply(that, arguments);\n
Action.c(50):               },\n
Action.c(50):               addItem: function (transactionId, sku, name, category, price, quantity) {\n
Action.c(50):                 that._addItem.apply(that, arguments);\n
Action.c(50):               },\n
Action.c(50):               trackTrans: function () {\n
Action.c(50):                 that._trackTrans.apply(that, arguments);\n
Action.c(50):               },\n
Action.c(50):               clearTrans: function () {\n
Action.c(50):                 that._clearTrans.apply(that, arguments);\n
Action.c(50):               },\n
Action.c(50):               addProduct: function (productId, name, category, brand, variant, price, quantity
Action.c(50):     , coupon, position, custom) {\n
Action.c(50):                 that._addProduct.apply(that, arguments);\n
Action.c(50):               },\n
Action.c(50):               addPromo: function (productId, name, creative, position) {\n
Action.c(50):                 that._addPromo.apply(that, arguments);\n
Action.c(50):               },\n
Action.c(50):               addImpression: function (productId, name, list, brand, category, variant, positi
Action.c(50):     on, price) {\n
Action.c(50):                 that._addImpression.apply(that, arguments);\n
Action.c(50):               },\n
Action.c(50):               productClick: function (listName) {\n
Action.c(50):                 that._productClick.apply(that, arguments);\n
Action.c(50):               },\n
Action.c(50):               promoClick : function (promotionName) {\n
Action.c(50):                 that._promoClick.apply(that, arguments);\n
Action.c(50):               },\n
Action.c(50):               trackDetail: function () {\n
Action.c(50):                 that._trackDetail.apply(that, arguments);\n
Action.c(50):               },\n
Action.c(50):               trackCart: function (action, list) {\n
Action.c(50):                 that._trackCart.apply(that, arguments);\n
Action.c(50):               },\n
Action.c(50):               trackCheckout: function (step, option) {\n
Action.c(50):                 that._trackCheckOut.apply(that, arguments);\n
Action.c(50):               },\n
Action.c(50):               trackTimings: function (timingCategory, timingVar, timingValue, timingLabel) {\n
Action.c(50):                 that._trackTimings.apply(that, arguments);\n
Action.c(50):               },\n
Action.c(50):               trackTransaction: function (transactionId, affiliation, revenue, tax, shipping, 
Action.c(50):     coupon, list, step, option) {\n
Action.c(50):                 that._trackTransaction.apply(that, arguments);\n
Action.c(50):               },\n
Action.c(50):               trackException: function (description, isFatal) {\n
Action.c(50):                 that._trackException.apply(that, arguments);\n
Action.c(50):               },\n
Action.c(50):               setAction: function (action, obj) {\n
Action.c(50):                 that._setAction.apply(that, arguments);\n
Action.c(50):               },\n
Action.c(50):               pageView: function () {\n
Action.c(50):                 that._pageView.apply(that, arguments);\n
Action.c(50):               },\n
Action.c(50):               send: function (obj) {\n
Action.c(50):                 that._send.apply(that, arguments);\n
Action.c(50):               },\n
Action.c(50):               set: function (name, value, trackerName) {\n
Action.c(50):                 that._set.apply(that, arguments);\n
Action.c(50):               }\n
Action.c(50):             };\n
Action.c(50):           }];\n
Action.c(50):         })\n
Action.c(50):     \n
Action.c(50):         .directive('gaTrackEvent', ['Analytics', '$parse', function (Analytics, $parse) {\n
Action.c(50):           return {\n
Action.c(50):             restrict: 'A',\n
Action.c(50):             link: function (scope, element, attrs) {\n
Action.c(50):               var options = $parse(attrs.gaTrackEvent);\n
Action.c(50):               element.bind('click', function () {\n
Action.c(50):                 if(attrs.gaTrackEventIf){\n
Action.c(50):                   if(!scope.$eval(attrs.gaTrackEventIf)){\n
Action.c(50):                     return; // Cancel this event if we don't pass the ga-track-event-if condit
Action.c(50):     ion\n
Action.c(50):                   }\n
Action.c(50):                 }\n
Action.c(50):                 if (options.length > 1) {\n
Action.c(50):                   Analytics.trackEvent.apply(Analytics, options(scope));\n
Action.c(50):                 }\n
Action.c(50):               });\n
Action.c(50):             }\n
Action.c(50):           };\n
Action.c(50):         }]);\n
Action.c(50):       return angular.module('angular-google-analytics');\n
Action.c(50):     }));\n
Action.c(50):     \n
Action.c(50):     /**\n
Action.c(50):      * Created by kubany on 10/12/2015.\n
Action.c(50):      */\n
Action.c(50):     require.config({\n
Action.c(50):         "waitSeconds": 600,\n
Action.c(50):         paths: {\n
Action.c(50):     \n
Action.c(50):             'jquery': 'vendor/jquery/dist/jquery.min',\n
Action.c(50):             'jquery-bez': 'vendor/jquery-bez/jquery.bez.min',\n
Action.c(50):             'jquery.animate-colors': 'vendor/jquery-color-animation/jquery.animate-colors-min'
Action.c(50):     ,\n
Action.c(50):     \n
Action.c(50):     \n
Action.c(50):             'angular': 'vendor/angular/angular.min',\n
Action.c(50):             'angular-cookie': 'vendor/angular-cookie/angular-cookie.min',\n
Action.c(50):             'toaster': 'vendor/AngularJS-Toaster/toaster.min',\n
Action.c(50):             'angular-translate': 'vendor/angular-translate/angular-translate.min',\n
Action.c(50):             "uiRouter": 'vendor/angular-ui-router/release/angular-ui-router.min',\n
Action.c(50):             'angularAnimate': 'vendor/angular-animate/angular-animate.min',\n
Action.c(50):             'angularAutocomplete': 'vendor/ngAutocomplete/src/ngAutocomplete',\n
Action.c(50):             'underscore' : 'vendor/underscore/underscore-min',\n
Action.c(50):     \n
Action.c(50):             'bootstrap': 'vendor/bootstrap/dist/js/bootstrap.min',\n
Action.c(50):             'ui-bootstrap': 'vendor/angular-bootstrap/ui-bootstrap-tpls.min',\n
Action.c(50):             'angular-google-analytics': 'vendor/angular-google-analytics/dist/angular-google-a
Action.c(50):     nalytics',\n
Action.c(50):     \n
Action.c(50):     \n
Action.c(50):             'jPushMenu': 'utils/jPushMenu',\n
Action.c(50):             'mainScript': 'utils/main',\n
Action.c(50):             'accordion': 'utils/accordion',\n
Action.c(50):             'server': 'utils/server',\n
Action.c(50):             'nouislider': 'utils/noUiSlider.8.2.1/nouislider',\n
Action.c(50):             'wrongDirection': 'utils/wrongDirection',\n
Action.c(50):             'UserCookie': 'utils/Models/UserCookie',\n
Action.c(50):             'slider': 'utils/slider',\n
Action.c(50):             'jquery-soap': 'utils/jquery.soap',\n
Action.c(50):     \n
Action.c(50):             'englishLanguage': 'languages/english',\n
Action.c(50):     \n
Action.c(50):     \n
Action.c(50):     \n
Action.c(50):         },\n
Action.c(50):         shim: {\n
Action.c(50):     \n
Action.c(50):     \n
Action.c(50):             'angular': {\n
Action.c(50):                 'exports': 'angular'\n
Action.c(50):             },\n
Action.c(50):             'app': {\n
Action.c(50):                 deps: ['angular']\n
Action.c(50):             },\n
Action.c(50):             'angular-cookie': {\n
Action.c(50):                 deps: ['angular']\n
Action.c(50):             },\n
Action.c(50):             'toaster': {\n
Action.c(50):                 deps: ['angular', 'angularAnimate']\n
Action.c(50):             },\n
Action.c(50):             'angular-translate': {\n
Action.c(50):                 deps: ['angular']\n
Action.c(50):             },\n
Action.c(50):             'nouislider': {},\n
Action.c(50):             'englishLanguage': {},\n
Action.c(50):             'angularAutocomplete': {\n
Action.c(50):                 deps: ['angular']\n
Action.c(50):             },\n
Action.c(50):             'ui-bootstrap': ['angular'],\n
Action.c(50):             'angularAnimate': ['angular'],\n
Action.c(50):             'jquery-bez': {\n
Action.c(50):                 deps: ['jquery']\n
Action.c(50):             },\n
Action.c(50):             'jquery-soap': {\n
Action.c(50):                 'deps': ['jquery']\n
Action.c(50):             },\n
Action.c(50):             'jquery.animate-colors': {\n
Action.c(50):                 deps: ['jquery']\n
Action.c(50):             },\n
Action.c(50):             'bootstrap': {\n
Action.c(50):                 deps: ['jquery']\n
Action.c(50):             },\n
Action.c(50):             'jPushMenu': {\n
Action.c(50):                 deps: ['jquery']\n
Action.c(50):             },\n
Action.c(50):             'mainScript': {\n
Action.c(50):                 deps: ['jquery']\n
Action.c(50):             },\n
Action.c(50):             'accordion': {\n
Action.c(50):                 deps: ['jquery']\n
Action.c(50):             },\n
Action.c(50):             'slider': {\n
Action.c(50):                 deps: ['jquery']\n
Action.c(50):             },\n
Action.c(50):             'wrongDirection': {\n
Action.c(50):                 deps: ['jquery']\n
Action.c(50):             },\n
Action.c(50):             'uiRouter': {\n
Action.c(50):                 deps: ['angular']\n
Action.c(50):             }\n
Action.c(50):         }\n
Action.c(50):     });\n
Action.c(50):     \n
Action.c(50):     window.name = "NG_DEFER_BOOTSTRAP!";\n
Action.c(50):     \n
Action.c(50):     require(['angular', 'app', 'angular-translate', 'bootstrap', 'englishLanguage',\n
Action.c(50):             'jquery', 'jquery-bez', 'jquery.animate-colors', 'jPushMenu', 'mainScript', 'serve
Action.c(50):     r',\n
Action.c(50):             'nouislider', 'accordion', 'wrongDirection', 'UserCookie',\n
Action.c(50):             'slider', 'uiRouter', 'angular-cookie', 'toaster', 'angularAutocomplete',\n
Action.c(50):             'angularAnimate', 'ui-bootstrap', 'jquery-soap', 'underscore', 'angular-google-ana
Action.c(50):     lytics',\n
Action.c(50):         ], function (angular, app) {\n
Action.c(50):                 angular.bootstrap(document, ['aos']);\n
Action.c(50):                 angular.resumeBootstrap();\n
Action.c(50):         }\n
Action.c(50):     );\n
Action.c(50):     \n
Action.c(50):     \n
Action.c(50):     \n
Action.c(50):     \n
Action.c(50):     define("main", function(){});\n
Action.c(50):     \n
Action.c(50): t=4781661ms: Request done "https://www.advantageonlineshopping.com/main.min.js"  	[MsgId: MMSG-26000]
Action.c(50): t=4781661ms: 8192-byte response body for "https://www.advantageonlineshopping.com/css/images/Banner1.jpg" (RelFrameId=, Internal ID=2049)
Action.c(50): t=4781661ms: 8174-byte response body for "https://www.advantageonlineshopping.com/css/images/Banner1.jpg" (RelFrameId=, Internal ID=2049)
Action.c(50): t=4781661ms: 18-byte response body for "https://www.advantageonlineshopping.com/css/images/Banner1.jpg" (RelFrameId=, Internal ID=2049)
Action.c(50): t=4781661ms: 2541-byte response body for "https://www.advantageonlineshopping.com/css/images/Banner1.jpg" (RelFrameId=, Internal ID=2049)
Action.c(50): t=4781805ms: 8192-byte response body for "https://www.advantageonlineshopping.com/css/images/Banner1.jpg" (RelFrameId=, Internal ID=2049)
Action.c(50): t=4781805ms: 8174-byte response body for "https://www.advantageonlineshopping.com/css/images/Banner1.jpg" (RelFrameId=, Internal ID=2049)
Action.c(50): t=4781806ms: 18-byte response body for "https://www.advantageonlineshopping.com/css/images/Banner1.jpg" (RelFrameId=, Internal ID=2049)
Action.c(50): t=4781806ms: 8192-byte response body for "https://www.advantageonlineshopping.com/css/images/Banner1.jpg" (RelFrameId=, Internal ID=2049)
Action.c(50): t=4781806ms: 8156-byte response body for "https://www.advantageonlineshopping.com/css/images/Banner1.jpg" (RelFrameId=, Internal ID=2049)
Action.c(50): t=4781806ms: 36-byte response body for "https://www.advantageonlineshopping.com/css/images/Banner1.jpg" (RelFrameId=, Internal ID=2049)
Action.c(50): t=4781806ms: 402-byte response body for "https://www.advantageonlineshopping.com/css/images/Banner1.jpg" (RelFrameId=, Internal ID=2049)
Action.c(50): t=4781949ms: 8192-byte response body for "https://www.advantageonlineshopping.com/css/images/Banner1.jpg" (RelFrameId=, Internal ID=2049)
Action.c(50): t=4781949ms: 8174-byte response body for "https://www.advantageonlineshopping.com/css/images/Banner1.jpg" (RelFrameId=, Internal ID=2049)
Action.c(50): t=4781950ms: 18-byte response body for "https://www.advantageonlineshopping.com/css/images/Banner1.jpg" (RelFrameId=, Internal ID=2049)
Action.c(50): t=4781951ms: 8192-byte response body for "https://www.advantageonlineshopping.com/css/images/Banner1.jpg" (RelFrameId=, Internal ID=2049)
Action.c(50): t=4781951ms: 8156-byte response body for "https://www.advantageonlineshopping.com/css/images/Banner1.jpg" (RelFrameId=, Internal ID=2049)
Action.c(50): t=4781952ms: 36-byte response body for "https://www.advantageonlineshopping.com/css/images/Banner1.jpg" (RelFrameId=, Internal ID=2049)
Action.c(50): t=4781952ms: 7789-byte response body for "https://www.advantageonlineshopping.com/css/images/Banner1.jpg" (RelFrameId=, Internal ID=2049)
Action.c(50): t=4782094ms: 8192-byte response body for "https://www.advantageonlineshopping.com/css/images/Banner1.jpg" (RelFrameId=, Internal ID=2049)
Action.c(50): t=4782094ms: 8174-byte response body for "https://www.advantageonlineshopping.com/css/images/Banner1.jpg" (RelFrameId=, Internal ID=2049)
Action.c(50): t=4782095ms: 18-byte response body for "https://www.advantageonlineshopping.com/css/images/Banner1.jpg" (RelFrameId=, Internal ID=2049)
Action.c(50): t=4782095ms: 8192-byte response body for "https://www.advantageonlineshopping.com/css/images/Banner1.jpg" (RelFrameId=, Internal ID=2049)
Action.c(50): t=4782095ms: 8156-byte response body for "https://www.advantageonlineshopping.com/css/images/Banner1.jpg" (RelFrameId=, Internal ID=2049)
Action.c(50): t=4782095ms: 36-byte response body for "https://www.advantageonlineshopping.com/css/images/Banner1.jpg" (RelFrameId=, Internal ID=2049)
Action.c(50): t=4782095ms: 402-byte response body for "https://www.advantageonlineshopping.com/css/images/Banner1.jpg" (RelFrameId=, Internal ID=2049)
Action.c(50): t=4782238ms: 8192-byte response body for "https://www.advantageonlineshopping.com/css/images/Banner1.jpg" (RelFrameId=, Internal ID=2049)
Action.c(50): t=4782238ms: 8174-byte response body for "https://www.advantageonlineshopping.com/css/images/Banner1.jpg" (RelFrameId=, Internal ID=2049)
Action.c(50): t=4782239ms: 18-byte response body for "https://www.advantageonlineshopping.com/css/images/Banner1.jpg" (RelFrameId=, Internal ID=2049)
Action.c(50): t=4782239ms: 8192-byte response body for "https://www.advantageonlineshopping.com/css/images/Banner1.jpg" (RelFrameId=, Internal ID=2049)
Action.c(50): t=4782239ms: 8156-byte response body for "https://www.advantageonlineshopping.com/css/images/Banner1.jpg" (RelFrameId=, Internal ID=2049)
Action.c(50): t=4782240ms: 36-byte response body for "https://www.advantageonlineshopping.com/css/images/Banner1.jpg" (RelFrameId=, Internal ID=2049)
Action.c(50): t=4782240ms: 7789-byte response body for "https://www.advantageonlineshopping.com/css/images/Banner1.jpg" (RelFrameId=, Internal ID=2049)
Action.c(215): Notify: Transaction "Register" ended with a "Stop" status (Duration: 4,4527).	[MsgId: MMSG-16873]
Action.c(215): Notify: Transaction "Register" ended with a "Stop" status (Duration: 25,9752).	[MsgId: MMSG-16873]
Action.c(50): Notify: Transaction "Home" ended with a "Stop" status (Duration: 8,3942 Wasted Time: 0,0082).	[MsgId: MMSG-16871]
Action.c(215): Notify: Transaction "02_User_Registration" ended with a "Stop" status (Duration: 20,2120 Think Time: 5,0093 Wasted Time: 0,0080).	[MsgId: MMSG-16870]
Action.c(215): Notify: Transaction "02_User_Registration" ended with a "Stop" status (Duration: 41,2489 Think Time: 5,0137 Wasted Time: 0,0075).	[MsgId: MMSG-16870]
Action.c(50): Notify: Transaction "02_User_Registration" ended with a "Stop" status (Duration: 8,3942 Wasted Time: 0,0082).	[MsgId: MMSG-16871]
Action.c(215): Notify: Transaction "Register" ended with a "Stop" status (Duration: 14,0678).	[MsgId: MMSG-16873]
Abort was called from an action.	[MsgId: MMSG-10447]
Abort was called from an action.	[MsgId: MMSG-10447]
Ending Vuser...	[MsgId: MMSG-15966]
Action.c(215): Notify: Transaction "02_User_Registration" ended with a "Stop" status (Duration: 29,4674 Think Time: 5,0132 Wasted Time: 0,0076).	[MsgId: MMSG-16870]
Ending Vuser...	[MsgId: MMSG-15966]
Starting action vuser_end.	[MsgId: MMSG-15919]
Starting action vuser_end.	[MsgId: MMSG-15919]
Ending action vuser_end.	[MsgId: MMSG-15918]
Ending action vuser_end.	[MsgId: MMSG-15918]
Abort was called from an action.	[MsgId: MMSG-10447]
Vuser Terminated.	[MsgId: MMSG-15963]
Vuser Terminated.	[MsgId: MMSG-15963]
Ending Vuser...	[MsgId: MMSG-15966]
Starting action vuser_end.	[MsgId: MMSG-15919]
Action.c(50): Warning -27760: Request "https://www.advantageonlineshopping.com/css/images/Banner1.jpg" failed  	[MsgId: MWAR-27760]
Ending action vuser_end.	[MsgId: MMSG-15918]
Vuser Terminated.	[MsgId: MMSG-15963]
Action.c(50): t=4782364ms: Closed connection [0] to www.advantageonlineshopping.com:443 after completing 0 request(s)  	[MsgId: MMSG-26000]
Action.c(215): t=4782364ms: Closed connection [0] to www.advantageonlineshopping.com:443 after completing 0 request(s)  	[MsgId: MMSG-26000]
Abort was called from an action.	[MsgId: MMSG-10447]
Ending Vuser...	[MsgId: MMSG-15966]
Starting action vuser_end.	[MsgId: MMSG-15919]
Ending action vuser_end.	[MsgId: MMSG-15918]
Action.c(215): t=4782365ms: Closed connection [0] to www.advantageonlineshopping.com:443 after completing 0 request(s)  	[MsgId: MMSG-26000]
Vuser Terminated.	[MsgId: MMSG-15963]
Action.c(215): t=4782365ms: Closed connection [0] to www.advantageonlineshopping.com:443 after completing 0 request(s)  	[MsgId: MMSG-26000]
HTML-Mode memory management statistics: Reusable=1, NonReusable=0, CsMemBlockSize=4096, checks enabled  	[MsgId: MMSG-26000]
HTML-Mode memory management statistics: Reusable=1, NonReusable=0, CsMemBlockSize=4096, checks enabled  	[MsgId: MMSG-26000]
Vuser 4 (thread 19504), ended OK."	[MsgId: MMSG-10695]
Vuser 5 (thread 10884), ended OK."	[MsgId: MMSG-10695]
HTML-Mode memory management statistics: Reusable=1, NonReusable=0, CsMemBlockSize=4096, checks enabled  	[MsgId: MMSG-26000]
HTML-Mode memory management statistics: Reusable=1, NonReusable=0, CsMemBlockSize=4096, checks enabled  	[MsgId: MMSG-26000]
Vuser 1 (thread 8112), ended OK."	[MsgId: MMSG-10695]
Vuser 0 (thread 18400), ended OK."	[MsgId: MMSG-10695]
