Action.c(50):                     variant: variant,\n
Action.c(50):                     price: price,\n
Action.c(50):                     quantity: quantity,\n
Action.c(50):                     coupon: coupon,\n
Action.c(50):                     position: position\n
Action.c(50):                   };\n
Action.c(50):                   if (angular.isObject(custom)) {\n
Action.c(50):                     angular.extend(details, custom);\n
Action.c(50):                   }\n
Action.c(50):                   _gaMultipleTrackers(includeFn, 'ec:addProduct', details);\n
Action.c(50):                 }\n
Action.c(50):               });\n
Action.c(50):             };\n
Action.c(50):     \n
Action.c(50):             /**\n
Action.c(50):              * Add Impression\n
Action.c(50):              * https://developers.google.com/analytics/devguides/collection/analyticsjs/enhanc
Action.c(50):     ed-ecommerce#impression-data\n
Action.c(50):              * @param id\n
Action.c(50):              * @param name\n
Action.c(50):              * @param list\n
Action.c(50):              * @param brand\n
Action.c(50):              * @param category\n
Action.c(50):              * @param variant\n
Action.c(50):              * @param position\n
Action.c(50):              * @param price\n
Action.c(50):              * @private\n
Action.c(50):              */\n
Action.c(50):             this._addImpression = function (id, name, list, brand, category, variant, position
Action.c(50):     , price){\n
Action.c(50):               _gaJs(function () {\n
Action.c(50):                 _gaq('_addImpression', id, name, list, brand, category, variant, position, pri
Action.c(50):     ce);\n
Action.c(50):               });\n
Action.c(50):               _analyticsJs(function () {\n
Action.c(50):                 if (that._enhancedEcommerceEnabled(true, 'addImpression')) {\n
Action.c(50):                   var includeFn = function (trackerObj) {\n
Action.c(50):                     return isPropertySetTo('trackEcommerce', trackerObj, true);\n
Action.c(50):                   };\n
Action.c(50):     \n
Action.c(50):                   _gaMultipleTrackers(\n
Action.c(50):                     includeFn,\n
Action.c(50):                     'ec:addImpression',\n
Action.c(50):                     {\n
Action.c(50):                       id: id,\n
Action.c(50):                       name: name,\n
Action.c(50):                       category: category,\n
Action.c(50):                       brand: brand,\n
Action.c(50):                       variant: variant,\n
Action.c(50):                       list: list,\n
Action.c(50):                       position: position,\n
Action.c(50):                       price: price\n
Action.c(50):                     });\n
Action.c(50):                 }\n
Action.c(50):               });\n
Action.c(50):             };\n
Action.c(50):     \n
Action.c(50):             /**\n
Action.c(50):              * Add Promo\n
Action.c(50):              * https://developers.google.com/analytics/devguides/collection/analyticsjs/enhanc
Action.c(50):     ed-ecommerce\n
Action.c(50):              * @param productId\n
Action.c(50):              * @param name\n
Action.c(50):              * @param creative\n
Action.c(50):              * @param position\n
Action.c(50):              * @private\n
Action.c(50):              */\n
Action.c(50):             this._addPromo = function (productId, name, creative, position) {\n
Action.c(50):               _gaJs(function () {\n
Action.c(50):                 _gaq('_addPromo', pro
Action.c(50): t=785477ms: 4405-byte DECODED response body for "https://www.advantageonlineshopping.com/main.min.js" (RelFrameId=, Internal ID=313)
Action.c(50):     ductId, name, creative, position);\n
Action.c(50):               });\n
Action.c(50):               _analyticsJs(function () {\n
Action.c(50):                 if (that._enhancedEcommerceEnabled(true, 'addPromo')) {\n
Action.c(50):                   var includeFn = function (trackerObj) {\n
Action.c(50):                     return isPropertySetTo('trackEcommerce', trackerObj, true);\n
Action.c(50):                   };\n
Action.c(50):     \n
Action.c(50):                   _gaMultipleTrackers(\n
Action.c(50):                     includeFn,\n
Action.c(50):                     'ec:addPromo',\n
Action.c(50):                     {\n
Action.c(50):                       id: productId,\n
Action.c(50):                       name: name,\n
Action.c(50):                       creative: creative,\n
Action.c(50):                       position: position\n
Action.c(50):                     });\n
Action.c(50):                 }\n
Action.c(50):               });\n
Action.c(50):             };\n
Action.c(50):     \n
Action.c(50):             /**\n
Action.c(50):              * Set Action\n
Action.c(50):              * https://developers.google.com/analytics/devguides/collection/analyticsjs/enhanc
Action.c(50):     ed-ecommerce#measuring-actions\n
Action.c(50):              * https://developers.google.com/analytics/devguides/collection/analyticsjs/enhanc
Action.c(50):     ed-ecommerce#action-types\n
Action.c(50):              * @param action\n
Action.c(50):              * @param obj\n
Action.c(50):              * @private\n
Action.c(50):              */\n
Action.c(50):             this._setAction = function (action, obj){\n
Action.c(50):               _gaJs(function () {\n
Action.c(50):                 _gaq('_setAction', action, obj);\n
Action.c(50):               });\n
Action.c(50):               _analyticsJs(function () {\n
Action.c(50):                 if (that._enhancedEcommerceEnabled(true, 'setAction')) {\n
Action.c(50):                   var includeFn = function (trackerObj) {\n
Action.c(50):                     return isPropertySetTo('trackEcommerce', trackerObj, true);\n
Action.c(50):                   };\n
Action.c(50):     \n
Action.c(50):                   _gaMultipleTrackers(includeFn, 'ec:setAction', action, obj);\n
Action.c(50):                 }\n
Action.c(50):               });\n
Action.c(50):             };\n
Action.c(50):     \n
Action.c(50):             /**\n
Action.c(50):              * Track Transaction\n
Action.c(50):              * https://developers.google.com/analytics/devguides/collection/analyticsjs/enhanc
Action.c(50):     ed-ecommerce#measuring-transactions\n
Action.c(50):              * @param transactionId\n
Action.c(50):              * @param affiliation\n
Action.c(50):              * @param revenue\n
Action.c(50):              * @param tax\n
Action.c(50):              * @param shipping\n
Action.c(50):              * @param coupon\n
Action.c(50):              * @param list\n
Action.c(50):              * @param step\n
Action.c(50):              * @param option\n
Action.c(50):              * @private\n
Action.c(50):              */\n
Action.c(50):             this._trackTransaction = function (transactionId, affiliation, revenue, tax, shipp
Action.c(50):     ing, coupon, list, step, option) {\n
Action.c(50):               this._setAction('purchase', getActionFieldObject(transactionId, affiliation, rev
Action.c(50):     enue, tax, shipping, coupon, list, step, option));\n
Action.c(50):             };\n
Action.c(50):     \n
Action.c(50):             /**\n
Action.c(50):              * Track Refund\n
Action.c(50):              * https://developers.google.com/analytics/devguides/collection/analyticsjs/enhanc
Action.c(50):     ed-ecommerce#measuring-refunds\n
Action.c(50):              * @param transactionId\n
Action.c(50):              * @private\n
Action.c(50):              */\n
Action.c(50):             this._trackRefund = function (transactionId) {\n
Action.c(50):               this._setAction('refund', getActionFieldObject(transactionId));\n
Action.c(50):             };\n
Action.c(50):     \n
Action.c(50):             /**\n
Action.c(50):              * Track Checkout\n
Action.c(50):              * https://developers.google.com/analytics/devguides/collection/analyticsjs/enhanc
Action.c(50):     ed-ecommerce#measuring-checkout\n
Action.c(50):              * @param step\n
Action.c(50):              * @param option\n
Action.c(50):              * @private\n
Action.c(50):              */\n
Action.c(50):             this._trackCheckOut = function (step, option) {\n
Action.c(50):               this._setAction('checkout', getActionFieldObject(null, null, null, null, null, n
Action.c(50):     ull, null, step, option));\n
Action.c(50):             };\n
Action.c(50):     \n
Action.c(50):             /**\n
Action.c(50):              * Track detail\n
Action.c(50):              * @private\n
Action.c(50):              */\n
Action.c(50):             this._trackDetail = function () {\n
Action.c(50):               this._setAction('detail');\n
Action.c(50):               this._pageView();\n
Action.c(50):             };\n
Action.c(50):     \n
Action.c(50):             /**\n
Action.c(50):              * Track add/remove to cart\n
Action.c(50):              * https://developers.google.com/analytics/devguides/collection/analyticsjs/enhanc
Action.c(50):     ed-ecommerce#add-remove-cart\n
Action.c(50):              * @param action\n
Action.c(50):              * @param list\n
Action.c(50):              * @private\n
Action.c(50):              */\n
Action.c(50):             this._trackCart = function (action, listName) {\n
Action.c(50):               if (['add', 'remove'].indexOf(action) !== -1) {\n
Action.c(50):                 this._setAction(action, { list: listName });\n
Action.c(50):                 this._trackEvent('UX', 'click', action + (action === 'add' ? ' to cart' : ' fr
Action.c(50):     om cart'));\n
Action.c(50):               }\n
Action.c(50):             };\n
Action.c(50):     \n
Action.c(50):             /**\n
Action.c(50):              * Track promo click\n
Action.c(50):              * https://developers.google.com/analytics/devguides/collection/analyticsjs/enhanc
Action.c(50):     ed-ecommerce#measuring-promo-clicks\n
Action.c(50):              * @param promotionName\n
Action.c(50):              * @private\n
Action.c(50):              */\n
Action.c(50):             this._promoClick = function (promotionName) {\n
Action.c(50):               this._setAction('promo_click');\n
Action.c(50):               this._trackEvent('Internal Promotions', 'click', promotionName);\n
Action.c(50):             };\n
Action.c(50):     \n
Action.c(50):             /**\n
Action.c(50):              * Track product click\n
Action.c(50):              * https://developers.google.com/analytics/devguides/collection/analyticsjs/enhanc
Action.c(50):     ed-ecommerce#measuring-promo-clicks\n
Action.c(50):              * @param promotionName\n
Action.c(50):              * @private\n
Action.c(50):              */\n
Action.c(50):             this._productClick = function (listName) {\n
Action.c(50):               
Action.c(50): t=785480ms: 2629-byte ENCODED response body received for "https://www.advantageonlineshopping.com/main.min.js" (RelFrameId=, Internal ID=313)
Action.c(50): t=785480ms: 12288-byte DECODED response body for "https://www.advantageonlineshopping.com/main.min.js" (RelFrameId=, Internal ID=313)
Action.c(50):     this._setAction('click', getActionFieldObject(null, null, null, null, null, null, listName
Action.c(50):     , null, null));\n
Action.c(50):               this._trackEvent('UX', 'click', listName);\n
Action.c(50):             };\n
Action.c(50):     \n
Action.c(50):             /**\n
Action.c(50):              * Send page view\n
Action.c(50):              * @param trackerName\n
Action.c(50):              * @private\n
Action.c(50):              */\n
Action.c(50):             this._pageView = function (trackerName) {\n
Action.c(50):               _analyticsJs(function () {\n
Action.c(50):                 _ga(generateCommandName('send', trackerName), 'pageview');\n
Action.c(50):               });\n
Action.c(50):             };\n
Action.c(50):     \n
Action.c(50):             /**\n
Action.c(50):              * Send custom events\n
Action.c(50):              * https://developers.google.com/analytics/devguides/collection/analyticsjs/user-t
Action.c(50):     imings#implementation\n
Action.c(50):              * https://developers.google.com/analytics/devguides/collection/analyticsjs/social
Action.c(50):     -interactions#implementation\n
Action.c(50):              * @private\n
Action.c(50):              */\n
Action.c(50):             this._send = function () {\n
Action.c(50):               var args = Array.prototype.slice.call(arguments);\n
Action.c(50):               args.unshift('send');\n
Action.c(50):               _analyticsJs(function () {\n
Action.c(50):                 _ga.apply(that, args);\n
Action.c(50):               });\n
Action.c(50):             };\n
Action.c(50):     \n
Action.c(50):             /**\n
Action.c(50):              * Set custom dimensions, metrics or experiment\n
Action.c(50):              * https://developers.google.com/analytics/devguides/collection/analyticsjs/custom
Action.c(50):     -dims-mets\n
Action.c(50):              * https://developers.google.com/analytics/devguides/collection/analyticsjs/field-
Action.c(50):     reference#customs\n
Action.c(50):              * @param name (Required)\n
Action.c(50):              * @param value (Required)\n
Action.c(50):              * @param trackerName (Optional)\n
Action.c(50):              * @private\n
Action.c(50):              */\n
Action.c(50):             this._set = function (name, value, trackerName) {\n
Action.c(50):               _analyticsJs(function () {\n
Action.c(50):                 _ga(generateCommandName('set', trackerName), name, value);\n
Action.c(50):               });\n
Action.c(50):             };\n
Action.c(50):     \n
Action.c(50):             /**\n
Action.c(50):              * Track user timings\n
Action.c(50):              * @param timingCategory (Required): A string for categorizing all user timing var
Action.c(50):     iables into logical groups(e.g jQuery).\n
Action.c(50):              * @param timingVar (Required): A string to identify the variable being recorded(e
Action.c(50):     .g. JavaScript Load).\n
Action.c(50):              * @param timingValue (Required): The number of milliseconds in elapsed time to re
Action.c(50):     port to Google Analytics(e.g. 20).\n
Action.c(50):              * @param timingLabel (Optional): A string that can be used to add flexibility in 
Action.c(50):     visualizing user timings in the reports(e.g. Google CDN).\n
Action.c(50):              * @private\n
Action.c(50):              */\n
Action.c(50):             this._trackTimings = function (timingCategory, timingVar, timingValue, timingLabel
Action.c(50):     ) {\n
Action.c(50):               _analyticsJs(function () {\n
Action.c(50):                 _gaMultipleTrackers(undefined, 'send', 'timing', timingCategory, timingVar, ti
Action.c(50):     mingValue, timingLabel);\n
Action.c(50):               });\n
Action.c(50):             };\n
Action.c(50):     \n
Action.c(50):             /**\n
Action.c(50):              * Exception tracking\n
Action.c(50):              * https://developers.google.com/analytics/devguides/collection/analyticsjs/except
Action.c(50):     ions\n
Action.c(50):              * @param description (Optional): A description of the exception.\n
Action.c(50):              * @param isFatal (Optional): true if the exception was fatal, false otherwise.\n
Action.c(50):              * @private\n
Action.c(50):              */\n
Action.c(50):             this._trackException = function (description, isFatal) {\n
Action.c(50):               _analyticsJs(function () {\n
Action.c(50):                 _gaMultipleTrackers(undefined, 'send', 'exception', { exDescription: descripti
Action.c(50):     on, exFatal: !!isFatal});\n
Action.c(50):               });\n
Action.c(50):             };\n
Action.c(50):     \n
Action.c(50):             // creates the Google Analytics tracker\n
Action.c(50):             if (!delayScriptTag) {\n
Action.c(50):               this._registerScriptTags();\n
Action.c(50):               this._registerTrackers();\n
Action.c(50):             }\n
Action.c(50):     \n
Action.c(50):             // activates page tracking\n
Action.c(50):             if (trackRoutes) {\n
Action.c(50):               $rootScope.$on(pageEvent, function () {\n
Action.c(50):                 // Apply $route based filtering if configured\n
Action.c(50):                 if (readFromRoute) {\n
Action.c(50):                   // Avoid tracking undefined routes, routes without template (e.g. redirect r
Action.c(50):     outes)\n
Action.c(50):                   // and those explicitly marked as 'do not track'\n
Action.c(50):                   if (!$route.current || !$route.current.templateUrl || $route.current.doNotTr
Action.c(50):     ack) {\n
Action.c(50):                     return;\n
Action.c(50):                   }\n
Action.c(50):                 }\n
Action.c(50):                 \n
Action.c(50):                 that._trackPage();\n
Action.c(50):               });\n
Action.c(50):             }\n
Action.c(50):     \n
Action.c(50):             return {\n
Action.c(50):               log: that.log,\n
Action.c(50):               offlineQueue: that.offlineQueue,\n
Action.c(50):               configuration: {\n
Action.c(50):                 accounts: accounts,\n
Action.c(50):                 universalAnalytics: analyticsJS,\n
Action.c(50):                 crossDomainLinker: crossDomainLinker,\n
Action.c(50):                 crossLinkDomains: crossLinkDomains,\n
Action.c(50):                 currency: currency,\n
Action.c(50):                 debugMode: debugMode,\n
Action.c(50):                 delayScriptTag: delayScriptTag,\n
Action.c(50):                 disableAnalytics: disableAnalytics,\n
Action.c(50):                 displayFeatures: displayFeatures,\n
Action.c(50):                 domainName: domainName,\n
Action.c(50):                 ecommerce: that._ecommerceEnabled(),\n
Action.c(50):                 enhancedEcommerce: that._enhancedEcommerceEnabled(),\n
Action.c(50):                 enhancedLinkAttribution: enhancedLinkAttribution,\n
Action.c(50):                 experimentId: experimentId,\n
Action.c(50):                 hybridMobileSupport: hybridMobileSupport,\n
Action.c(50):                 ignoreFirstPageLoad: ignoreFirstPageLoad,\n
Action.c(50):                 logAllCalls: logAllCalls,\n
Action.c(50):                 pageEvent: pageEvent,\n
Action.c(50):                 readFromRoute: readFromRoute,\n
Action.c(50):                 removeRegExp: removeRegExp,\n
Action.c(50):                 testMode: testMode,\n
Action.c(50):                 traceDebuggingMode: traceDebuggingMode,\n
Action.c(50):                 trackPrefix: trackPrefix,\n
Action.c(50):                 trackRoutes: trackRoutes,\n
Action.c(50):                 trackUrlParams: trackUrlParams\n
Action.c(50):               },\n
Action.c(50):               getUrl: getUrl,\n
Action.c(50):               /* DEPRECATED */\n
Action.c(50):               setCookieConfig: function (config) {\n
Action.c(50):                 that._log('warn', 'DEPRECATION WARNING: setCookieConfig method is deprecated. 
Action.c(50):     Please use tracker fields instead.');\n
Action.c(50):                 return that._setCookieConfig.apply(that, arguments);\n
Action.c(50):               },\n
Action.c(50):               /* DEPRECATED */\n
Action.c(50):               getCookieConfig: function () {\n
Action.c(50):                 that._log('warn', 'DEPRECATION WARNING: getCookieConfig method is deprecated. 
Action.c(50):     Please use tracker fields instead.');\n
Action.c(50):                 return cookieConfig;\n
Action.c(50):               },\n
Action.c(50):               /* DEPRECATED */\n
Action.c(50):               createAnalyticsScriptTag: function (config) {\n
Action.c(50):                 that._log('warn', 'DEPRECATION WARNING: createAnalyticsScriptTag method is dep
Action.c(50):     recated. Please use registerScriptTags and registerTrackers methods instead.');\n
Action.c(50):                 if (config) {\n
Action.c(50):                   cookieConfig = config;\n
Action.c(50):                 }\n
Action.c(50):                 return that._createAnalyticsScriptTag();\n
Action.c(50):               },\n
Action.c(50):               /* DEPRECATED */\n
Action.c(50):               createScriptTag: function () {\n
Action.c(50):                 that._log('warn', 'DEPRECATION WARNING: createScriptTag method is deprecated. 
Action.c(50):     Please use registerScriptTags and registerTrackers methods instead.');\n
Action.c(50):                 return that._createScriptTag();\n
Action.c(50):               },\n
Action.c(50):               registerScriptTags: function () {\n
Action.c(50):                 return that._registerScriptTags();\n
Action.c(50):               },\n
Action.c(50):               registerTrackers: function () {\n
Action.c(50):                 return that._registerTrackers();\n
Action.c(50):               },\n
Action.c(50):               offline: function (mode) {\n
Action.c(50):                 if (mode === true && offlineMode === false) {\n
Action.c(50):                   // Go to offline mode\n
Action.c(50):                   offlineMode = true;\n
Action.c(50):                 }\n
Action.c(50):                 if (mode === false && offlineMode === true) {\n
Action.c(50):                   // Go to online mode and process the offline queue\n
Action.c(50):                   offlineMode = false;\n
Action.c(50):                   while (that.offlineQueue.length > 0) {\n
Action.c(50):                     var obj = that.offlineQueue.shift();\n
Action.c(50):                     obj[0].apply(that, obj[1]);\n
Action.c(50):                   }\n
Action.c(50):                 }\n
Action.c(50):                 return offlineMode;\n
Action.c(50):               },\n
Action.c(50):               trackPage: function (url, title, custom) {\n
Action.c(50):                 that._trackPage.apply(that, arguments);\n
Action.c(50):               },\n
Action.c(50):               trackEvent: function (category, action, label, value, noninteraction, custom) {\n
Action.c(50):                 that._trackEvent.apply(that, arguments);\n
Action.c(50):               },\n
Action.c(50):               addTrans: function (transactionId, affiliation, total, tax, shipping, city, stat
Action.c(50):     e, country, currency) {\n
Action.c(50):                 that._addTrans.apply(that, arguments);\n
Action.c(50):               },\n
Action.c(50):               addItem: function (transactionId, sku, name, category, price, quantity) {\n
Action.c(50):                 that._addItem.apply(that, arguments);\n
Action.c(50):               },\n
Action.c(50):               trackTrans: function () {\n
Action.c(50):                 that._trackTrans.apply(that, arguments);\n
Action.c(50):               },\n
Action.c(50):               clearTrans: function () {\n
Action.c(50):                 that._clearTrans.apply(that, arguments);\n
Action.c(50):               },\n
Action.c(50):               addProduct: function (productId, name, category, brand, variant, price, quantity
Action.c(50):     , coupon, position, custom) {\n
Action.c(50):                 that._addProduct.apply(that, arguments);\n
Action.c(50):               },\n
Action.c(50):               addPromo: function (productId, name, creative, position) {\n
Action.c(50):                 that._addPromo.apply(that, arguments);\n
Action.c(50):               },\n
Action.c(50):               addImpression: function (productId, name, list, brand, category, variant, positi
Action.c(50):     on, price) {\n
Action.c(50):                 that._addImpression.apply(that, arguments);\n
Action.c(50):               },\n
Action.c(50):               productClick: function (listName) {\n
Action.c(50):                 that._productClick.apply(that, arguments);\n
Action.c(50):               },\n
Action.c(50):               promoClick : function (promotionName) {\n
Action.c(50):                 that._promoClick.apply(that, arguments);\n
Action.c(50):               },\n
Action.c(50):               trackDetail: function () {\n
Action.c(50):                 that._trackDetail.apply(that, arguments);\n
Action.c(50):               },\n
Action.c(50):               trackCart: function (action, list) {\n
Action.c(50):                 that._trackCart.apply(that, arguments);\n
Action.c(50):               },\n
Action.c(50):               trackCheckout: function (step, option) {\n
Action.c(50):                 that._trackCheckOut.apply(that, arguments);\n
Action.c(50):               },\n
Action.c(50):               trackTimings: function (timingCategory, timingVar, timingValue, timingLabel) {\n
Action.c(50):                 that._trackTimings.apply(that, arguments);\n
Action.c(50):               },\n
Action.c(50):               trackTransaction: function (transactionId, affiliation, revenue, tax, shipping, 
Action.c(50):     coupon, list, step, option) {\n
Action.c(50):                 that._trackTransaction.apply(that, arguments);\n
Action.c(50):               },\n
Action.c(50):               trackException: function (description, isFatal) {\n
Action.c(50):                 that._trackException.apply(that, arguments);\n
Action.c(50):               },\n
Action.c(50):               setAction: function (action, obj) {\n
Action.c(50):                 that._setAction.apply(that, arguments);\n
Action.c(50):               },\n
Action.c(50):               pageView: function () {\n
Action.c(50):                 that._pageView.apply(that, arguments);\n
Action.c(50):               },\n
Action.c(50):               send: function (obj) {\n
Action.c(50):                 that._send.apply(that, arguments);\n
Action.c(50):               },\n
Action.c(50):               set: function (name, value, trackerName) {\n
Action.c(50):                 that._set.apply(that, arguments);\n
Action.c(50):               }\n
Action.c(50):             };\n
Action.c(50):           }];\n
Action.c(50):         })\n
Action.c(50):     \n
Action.c(50):         .directive('gaTrackEvent', ['Analytics', '$parse', function (Analytics, $parse) {\n
Action.c(50):           return {\n
Action.c(50):             restrict: 'A',\n
Action.c(50):             link: function (scope, element, attrs) {\n
Action.c(50):               var options = $parse(attrs.gaTrackEvent);\n
Action.c(50):               element.bind('click', function () {\n
Action.c(50):                 if(attrs.gaTrackEventIf){\n
Action.c(50):                   if(!scope.$eval(attrs.gaTrackEventIf)){\n
Action.c(50):                     return; // Cancel this event if we don't pass the ga-track-event-if condit
Action.c(50):     ion\n
Action.c(50):                   }\n
Action.c(50):                 }\n
Action.c(50):                 if (options.length > 1) {\n
Action.c(50):                   Analytics.trackEvent.apply(Analytics, options(scope));\n
Action.c(50):                 }\n
Action.c(50):               });\n
Action.c(50):             }\n
Action.c(50):           };\n
Action.c(50):         }]);\n
Action.c(50):       return angular.module('angular-google-analytics');\n
Action.c(50):     }));\n
Action.c(50):     \n
Action.c(50):     /**\n
Action.c(50):      * Created by kubany on 10/12/2015.\n
Action.c(50):      */\n
Action.c(50):     require.config({\n
Action.c(50):         "waitSeconds": 600,\n
Action.c(50):         paths: {\n
Action.c(50):     \n
Action.c(50):             'jquery': 'vendor/jquery/dist/jquery.min',\n
Action.c(50):             'jquery-bez': 'vendor/jquery-bez/jquery.bez.min',\n
Action.c(50):             'jquery.animate-colors': 'vendor/jquery-color-animation/jquery.animate-colors-min'
Action.c(50):     ,\n
Action.c(50):     \n
Action.c(50):     \n
Action.c(50):             'angular': 'vendor/angular/angular.min',\n
Action.c(50):             'angular-cookie': 'vendor/angular-cookie/angular-cookie.min',\n
Action.c(50):             'toaster': 'vendor/AngularJS-Toaster/toaster.min',\n
Action.c(50):             'angular-translate': 'vendor/angular-translate/angular-translate.min',\n
Action.c(50):             "uiRouter": 'vendor/angular-ui-router/release/angular-ui-router.min',\n
Action.c(50):             'angularAnimate': 'vendor/angular-animate/angular-animate.min',\n
Action.c(50):             'angularAutocomplete': 'vendor/ngAutocomplete/src/ngAutocomplete',\n
Action.c(50):             'underscore' : 'vendor/underscore/underscore-min',\n
Action.c(50):     \n
Action.c(50):             'bootstrap': 'vendor/bootstrap/dist/js/bootstrap.min',\n
Action.c(50):             'ui-bootstrap': 'vendor/angular-bootstrap/ui-bootstrap-tpls.min',\n
Action.c(50):             'angular-google-analytics': 'vendor/angular-google-analytics/dist/angular-google-a
Action.c(50):     nalytics',\n
Action.c(50):     \n
Action.c(50):     \n
Action.c(50):             'jPushMenu': 'utils/jPushMenu',\n
Action.c(50):             'mainScript': 'utils/main',\n
Action.c(50):             'accordion': 'utils/accordion',\n
Action.c(50):             'server': 'utils/server',\n
Action.c(50):             'nouislider': 'utils/noUiSlider.8.2.1/nouislider',\n
Action.c(50):             'wrongDirection': 'utils/wrongDirection',\n
Action.c(50):             'UserCookie': 'utils/Models/UserCookie',\n
Action.c(50):             'slider': 'utils/slider',\n
Action.c(50):             'jquery-soap': 'utils/jquery.soap',\n
Action.c(50):     \n
Action.c(50):             'englishLanguage': 'languages/english',\n
Action.c(50):     \n
Action.c(50):     \n
Action.c(50):     \n
Action.c(50):         },\n
Action.c(50):         shim: {\n
Action.c(50):     \n
Action.c(50):     \n
Action.c(50):             'angular': {\n
Action.c(50):                 'exports': 'angular'\n
Action.c(50):             },\n
Action.c(50):             'app': {\n
Action.c(50):                 deps: ['angular']\n
Action.c(50):             },\n
Action.c(50):             'angular-cookie': {\n
Action.c(50):                 deps: ['angular']\n
Action.c(50):             },\n
Action.c(50):             'toaster': {\n
Action.c(50):                 deps: ['angular', 'angularAnimate'
Action.c(50): t=785493ms: 1578-byte DECODED response body for "https://www.advantageonlineshopping.com/main.min.js" (RelFrameId=, Internal ID=313)
Action.c(50):     ]\n
Action.c(50):             },\n
Action.c(50):             'angular-translate': {\n
Action.c(50):                 deps: ['angular']\n
Action.c(50):             },\n
Action.c(50):             'nouislider': {},\n
Action.c(50):             'englishLanguage': {},\n
Action.c(50):             'angularAutocomplete': {\n
Action.c(50):                 deps: ['angular']\n
Action.c(50):             },\n
Action.c(50):             'ui-bootstrap': ['angular'],\n
Action.c(50):             'angularAnimate': ['angular'],\n
Action.c(50):             'jquery-bez': {\n
Action.c(50):                 deps: ['jquery']\n
Action.c(50):             },\n
Action.c(50):             'jquery-soap': {\n
Action.c(50):                 'deps': ['jquery']\n
Action.c(50):             },\n
Action.c(50):             'jquery.animate-colors': {\n
Action.c(50):                 deps: ['jquery']\n
Action.c(50):             },\n
Action.c(50):             'bootstrap': {\n
Action.c(50):                 deps: ['jquery']\n
Action.c(50):             },\n
Action.c(50):             'jPushMenu': {\n
Action.c(50):                 deps: ['jquery']\n
Action.c(50):             },\n
Action.c(50):             'mainScript': {\n
Action.c(50):                 deps: ['jquery']\n
Action.c(50):             },\n
Action.c(50):             'accordion': {\n
Action.c(50):                 deps: ['jquery']\n
Action.c(50):             },\n
Action.c(50):             'slider': {\n
Action.c(50):                 deps: ['jquery']\n
Action.c(50):             },\n
Action.c(50):             'wrongDirection': {\n
Action.c(50):                 deps: ['jquery']\n
Action.c(50):             },\n
Action.c(50):             'uiRouter': {\n
Action.c(50):                 deps: ['angular']\n
Action.c(50):             }\n
Action.c(50):         }\n
Action.c(50):     });\n
Action.c(50):     \n
Action.c(50):     window.name = "NG_DEFER_BOOTSTRAP!";\n
Action.c(50):     \n
Action.c(50):     require(['angular', 'app', 'angular-translate', 'bootstrap', 'englishLanguage',\n
Action.c(50):             'jquery', 'jquery-bez', 'jquery.animate-colors', 'jPushMenu', 'mainScript', 'serve
Action.c(50):     r',\n
Action.c(50):             'nouislider', 'accordion', 'wrongDirection', 'UserCookie',\n
Action.c(50):             'slider', 'uiRouter', 'angular-cookie', 'toaster', 'angularAutocomplete',\n
Action.c(50):             'angularAnimate', 'ui-bootstrap', 'jquery-soap', 'underscore', 'angular-google-ana
Action.c(50):     lytics',\n
Action.c(50):         ], function (angular, app) {\n
Action.c(50):                 angular.bootstrap(document, ['aos']);\n
Action.c(50):                 angular.resumeBootstrap();\n
Action.c(50):         }\n
Action.c(50):     );\n
Action.c(50):     \n
Action.c(50):     \n
Action.c(50):     \n
Action.c(50):     \n
Action.c(50):     define("main", function(){});\n
Action.c(50):     \n
Action.c(50): t=785494ms: Request done "https://www.advantageonlineshopping.com/main.min.js"  	[MsgId: MMSG-26000]
Action.c(50): t=785495ms: 8192-byte response body for "https://www.advantageonlineshopping.com/css/images/Banner1.jpg" (RelFrameId=, Internal ID=333)
Action.c(50): t=785495ms: 8174-byte response body for "https://www.advantageonlineshopping.com/css/images/Banner1.jpg" (RelFrameId=, Internal ID=333)
Action.c(50): t=785495ms: 18-byte response body for "https://www.advantageonlineshopping.com/css/images/Banner1.jpg" (RelFrameId=, Internal ID=333)
Action.c(50): t=785495ms: 6664-byte response body for "https://www.advantageonlineshopping.com/css/images/Banner1.jpg" (RelFrameId=, Internal ID=333)
Action.c(50): t=785646ms: 6713-byte response body for "https://www.advantageonlineshopping.com/catalog/fetchImage?image_id=speakers" (RelFrameId=, Internal ID=321)
Action.c(50): t=785646ms: Request done "https://www.advantageonlineshopping.com/catalog/fetchImage?image_id=speakers"  	[MsgId: MMSG-26000]
Action.c(50): t=785647ms: 8192-byte response body for "https://www.advantageonlineshopping.com/css/images/Banner1.jpg" (RelFrameId=, Internal ID=333)
Action.c(50): t=785648ms: 8174-byte response body for "https://www.advantageonlineshopping.com/css/images/Banner1.jpg" (RelFrameId=, Internal ID=333)
Action.c(50): t=785649ms: 18-byte response body for "https://www.advantageonlineshopping.com/css/images/Banner1.jpg" (RelFrameId=, Internal ID=333)
Action.c(50): t=785649ms: 8192-byte response body for "https://www.advantageonlineshopping.com/css/images/Banner1.jpg" (RelFrameId=, Internal ID=333)
Action.c(50): t=785649ms: 8156-byte response body for "https://www.advantageonlineshopping.com/css/images/Banner1.jpg" (RelFrameId=, Internal ID=333)
Action.c(50): t=785650ms: 36-byte response body for "https://www.advantageonlineshopping.com/css/images/Banner1.jpg" (RelFrameId=, Internal ID=333)
Action.c(50): t=785650ms: 377-byte response body for "https://www.advantageonlineshopping.com/css/images/Banner1.jpg" (RelFrameId=, Internal ID=333)
Action.c(217): t=785694ms: 735-byte response headers for "https://www.advantageonlineshopping.com/accountservice/ws/AccountCreateRequest" (RelFrameId=1, Internal ID=308)
Action.c(217):     HTTP/2.0 200\r\n
Action.c(217):     Status: 200\r\n
Action.c(217):     server: nginx/1.18.0 (Ubuntu)\r\n
Action.c(217):     date: Fri, 29 Apr 2022 04:45:06 GMT\r\n
Action.c(217):     content-type: text/xml;charset=utf-8\r\n
Action.c(217):     content-length: 415\r\n
Action.c(217):     x-content-type-options: nosniff\r\n
Action.c(217):     x-xss-protection: 1; mode=block\r\n
Action.c(217):     cache-control: no-store\r\n
Action.c(217):     pragma: no-cache\r\n
Action.c(217):     expires: 0\r\n
Action.c(217):     x-frame-options: DENY\r\n
Action.c(217):     access-control-request-method: POST, GET, OPTIONS, DELETE\r\n
Action.c(217):     access-control-allow-methods: POST, GET, OPTIONS, DELETE\r\n
Action.c(217):     access-control-max-age: 3600\r\n
Action.c(217):     access-control-allow-headers: Origin, X-Requested-With, Content-Type, Accept, Key, soapact
Action.c(217):     ion\r\n
Action.c(217):     access-control-allow-origin: *\r\n
Action.c(217):     accept: text/xml, text/html, image/gif, image/jpeg, *; q=.2, */*; q=.2\r\n
Action.c(217):     soapaction: ""\r\n
Action.c(217):     strict-transport-security: max-age=31536000; includeSubDomains; preload\r\n
Action.c(217):     \r\n
Action.c(217): t=785695ms: 415-byte response body for "https://www.advantageonlineshopping.com/accountservice/ws/AccountCreateRequest" (RelFrameId=1, Internal ID=308)
Action.c(217):     <SOAP-ENV:Envelope xmlns:SOAP-ENV="http://schemas.xmlsoap.org/soap/envelope/"><SOAP-ENV:He
Action.c(217):     ader/><SOAP-ENV:Body><ns2:AccountCreateResponse xmlns:ns2="com.advantage.online.store.acco
Action.c(217):     untservice"><ns2:StatusMessage><ns2:success>true</ns2:success><ns2:userId>205746947</ns2:u
Action.c(217):     serId><ns2:reason>New user created successfully.</ns2:reason></ns2:StatusMessage></ns2:Acc
Action.c(217):     ountCreateResponse></SOAP-ENV:Body></SOAP-ENV:Envelope>
Action.c(217): t=785695ms: Request done "https://www.advantageonlineshopping.com/accountservice/ws/AccountCreateRequest"  	[MsgId: MMSG-26000]
Action.c(217): Registered web_reg_find successful for "Text=New user created successfully." (count=1)  	[MsgId: MMSG-26364]
Action.c(217): web_custom_request("AccountCreateRequest") was successful, 415 body bytes, 735 header bytes  	[MsgId: MMSG-26386]
Action.c(246): Notify: Transaction "Register" ended with a "Pass" status (Duration: 38,4498 Think Time: 30,0110 Wasted Time: 0,0000).	[MsgId: MMSG-16870]
Action.c(253): Notify: Transaction "02_User_Registration" ended with a "Pass" status (Duration: 62,0210 Think Time: 35,0260 Wasted Time: 0,0088).	[MsgId: MMSG-16870]
Ending action Action.	[MsgId: MMSG-15918]
Action was aborted.	[MsgId: MMSG-10694]
Ending Vuser...	[MsgId: MMSG-15966]
Starting action vuser_end.	[MsgId: MMSG-15919]
Ending action vuser_end.	[MsgId: MMSG-15918]
Vuser Terminated.	[MsgId: MMSG-15963]
t=785696ms: Closed connection [0] to www.advantageonlineshopping.com:443 after completing 0 request(s)  	[MsgId: MMSG-26000]
HTML-Mode memory management statistics: Reusable=1, NonReusable=0, CsMemBlockSize=4096, checks enabled  	[MsgId: MMSG-26000]
Vuser 4 (thread 4944), ended OK."	[MsgId: MMSG-10695]
Action.c(50): t=785800ms: 8192-byte response body for "https://www.advantageonlineshopping.com/css/images/Banner1.jpg" (RelFrameId=, Internal ID=333)
Action.c(50): t=785800ms: 8174-byte response body for "https://www.advantageonlineshopping.com/css/images/Banner1.jpg" (RelFrameId=, Internal ID=333)
Action.c(50): t=785801ms: 18-byte response body for "https://www.advantageonlineshopping.com/css/images/Banner1.jpg" (RelFrameId=, Internal ID=333)
Action.c(50): t=785801ms: 8192-byte response body for "https://www.advantageonlineshopping.com/css/images/Banner1.jpg" (RelFrameId=, Internal ID=333)
Action.c(50): t=785802ms: 8156-byte response body for "https://www.advantageonlineshopping.com/css/images/Banner1.jpg" (RelFrameId=, Internal ID=333)
Action.c(50): t=785804ms: 36-byte response body for "https://www.advantageonlineshopping.com/css/images/Banner1.jpg" (RelFrameId=, Internal ID=333)
Action.c(50): t=785804ms: 7814-byte response body for "https://www.advantageonlineshopping.com/css/images/Banner1.jpg" (RelFrameId=, Internal ID=333)
Action.c(50): t=785955ms: 8192-byte response body for "https://www.advantageonlineshopping.com/css/images/Banner1.jpg" (RelFrameId=, Internal ID=333)
Action.c(50): t=785955ms: 8174-byte response body for "https://www.advantageonlineshopping.com/css/images/Banner1.jpg" (RelFrameId=, Internal ID=333)
Action.c(50): t=785956ms: 18-byte response body for "https://www.advantageonlineshopping.com/css/images/Banner1.jpg" (RelFrameId=, Internal ID=333)
Action.c(50): t=785957ms: 8192-byte response body for "https://www.advantageonlineshopping.com/css/images/Banner1.jpg" (RelFrameId=, Internal ID=333)
Action.c(50): t=785957ms: 8156-byte response body for "https://www.advantageonlineshopping.com/css/images/Banner1.jpg" (RelFrameId=, Internal ID=333)
Action.c(50): t=785957ms: 36-byte response body for "https://www.advantageonlineshopping.com/css/images/Banner1.jpg" (RelFrameId=, Internal ID=333)
Action.c(50): t=785957ms: 377-byte response body for "https://www.advantageonlineshopping.com/css/images/Banner1.jpg" (RelFrameId=, Internal ID=333)
Action.c(135): Notify: Transaction "Home" ended with a "Stop" status (Duration: 13,1727 Wasted Time: 0,0084).	[MsgId: MMSG-16871]
Action.c(50): Notify: Transaction "Home" ended with a "Stop" status (Duration: 8,3631 Wasted Time: 0,0086).	[MsgId: MMSG-16871]
Action.c(135): Notify: Transaction "02_User_Registration" ended with a "Stop" status (Duration: 13,1727 Wasted Time: 0,0084).	[MsgId: MMSG-16871]
Action.c(50): Notify: Transaction "02_User_Registration" ended with a "Stop" status (Duration: 8,3632 Wasted Time: 0,0086).	[MsgId: MMSG-16871]
Abort was called from an action.	[MsgId: MMSG-10447]
Abort was called from an action.	[MsgId: MMSG-10447]
Ending Vuser...	[MsgId: MMSG-15966]
Ending Vuser...	[MsgId: MMSG-15966]
Starting action vuser_end.	[MsgId: MMSG-15919]
Starting action vuser_end.	[MsgId: MMSG-15919]
Ending action vuser_end.	[MsgId: MMSG-15918]
Ending action vuser_end.	[MsgId: MMSG-15918]
Vuser Terminated.	[MsgId: MMSG-15963]
Vuser Terminated.	[MsgId: MMSG-15963]
Action.c(215): Notify: Transaction "Register" ended with a "Stop" status (Duration: 18,4358).	[MsgId: MMSG-16873]
Action.c(135): Error -27760: Request "https://www.advantageonlineshopping.com/catalog/api/v1/categories" failed  	[MsgId: MERR-27760]
Action.c(50): Warning -27760: Request "https://www.advantageonlineshopping.com/css/images/Banner1.jpg" failed  	[MsgId: MWAR-27760]
Action.c(215): Notify: Transaction "02_User_Registration" ended with a "Stop" status (Duration: 41,2318 Think Time: 5,0161 Wasted Time: 0,0106).	[MsgId: MMSG-16870]
Action.c(50): t=785962ms: Closed connection [0] to www.advantageonlineshopping.com:443 after completing 0 request(s)  	[MsgId: MMSG-26000]
Action.c(215): Notify: Transaction "Register" ended with a "Stop" status (Duration: 25,7526).	[MsgId: MMSG-16873]
Action.c(215): Notify: Transaction "02_User_Registration" ended with a "Stop" status (Duration: 50,5165 Think Time: 5,0066 Wasted Time: 0,0098).	[MsgId: MMSG-16870]
Abort was called from an action.	[MsgId: MMSG-10447]
Ending Vuser...	[MsgId: MMSG-15966]
Starting action vuser_end.	[MsgId: MMSG-15919]
Abort was called from an action.	[MsgId: MMSG-10447]
Ending Vuser...	[MsgId: MMSG-15966]
Ending action vuser_end.	[MsgId: MMSG-15918]
Starting action vuser_end.	[MsgId: MMSG-15919]
Vuser Terminated.	[MsgId: MMSG-15963]
Ending action vuser_end.	[MsgId: MMSG-15918]
Vuser Terminated.	[MsgId: MMSG-15963]
HTML-Mode memory management statistics: Reusable=1, NonReusable=0, CsMemBlockSize=4096, checks enabled  	[MsgId: MMSG-26000]
Action.c(215): t=785963ms: Closed connection [0] to www.advantageonlineshopping.com:443 after completing 0 request(s)  	[MsgId: MMSG-26000]
Action.c(215): Notify: Transaction "Register" ended with a "Stop" status (Duration: 5,0034).	[MsgId: MMSG-16873]
Action.c(215): Notify: Transaction "02_User_Registration" ended with a "Stop" status (Duration: 29,4516 Think Time: 5,0101 Wasted Time: 0,0080).	[MsgId: MMSG-16870]
Abort was called from an action.	[MsgId: MMSG-10447]
Ending Vuser...	[MsgId: MMSG-15966]
Starting action vuser_end.	[MsgId: MMSG-15919]
Ending action vuser_end.	[MsgId: MMSG-15918]
Vuser Terminated.	[MsgId: MMSG-15963]
HTML-Mode memory management statistics: Reusable=1, NonReusable=0, CsMemBlockSize=4096, checks enabled  	[MsgId: MMSG-26000]
Action.c(215): t=786004ms: Closed connection [0] to www.advantageonlineshopping.com:443 after completing 0 request(s)  	[MsgId: MMSG-26000]
Vuser 2 (thread 10460), ended OK."	[MsgId: MMSG-10695]
Action.c(215): t=786004ms: Closed connection [0] to www.advantageonlineshopping.com:443 after completing 0 request(s)  	[MsgId: MMSG-26000]
Vuser 0 (thread 9456), ended OK."	[MsgId: MMSG-10695]
Action.c(135): t=786005ms: Closed connection [0] to www.advantageonlineshopping.com:443 after completing 0 request(s)  	[MsgId: MMSG-26000]
HTML-Mode memory management statistics: Reusable=1, NonReusable=0, CsMemBlockSize=4096, checks enabled  	[MsgId: MMSG-26000]
Vuser 1 (thread 19552), ended OK."	[MsgId: MMSG-10695]
HTML-Mode memory management statistics: Reusable=1, NonReusable=0, CsMemBlockSize=4096, checks enabled  	[MsgId: MMSG-26000]
Vuser 5 (thread 4176), ended OK."	[MsgId: MMSG-10695]
HTML-Mode memory management statistics: Reusable=1, NonReusable=0, CsMemBlockSize=4096, checks enabled  	[MsgId: MMSG-26000]
Vuser 6 (thread 332), ended OK."	[MsgId: MMSG-10695]
