Virtual User Script started at: 25.04.2022 19:45:35	[MsgId: MMSG-15967]
Starting action vuser_init.	[MsgId: MMSG-15919]
Web Turbo Replay of LoadRunner 2020.0.0 for Windows 10; build 793 (ноя 27 2019 19:51:20)  	[MsgId: MMSG-26983]
Run mode: HTML  	[MsgId: MMSG-26993]
Replay user agent: Mozilla/5.0 (Windows NT 10.0; Win64; x64) AppleWebKit/537.36 (KHTML, like Gecko) Chrome/100.0.4896.88 Safari/537.36  	[MsgId: MMSG-26988]
Virtual User Script started at: 25.04.2022 19:45:35	[MsgId: MMSG-15967]
Runtime Settings file: "C:\Users\ageef\AppData\Local\Temp\lr5tmpdirUwM.426\lrcfg3Rc.434\cfgIh0.443"  	[MsgId: MMSG-27141]
Virtual User Script started at: 25.04.2022 19:45:35	[MsgId: MMSG-15967]
Vuser directory: "C:\Users\ageef\Documents\Loadrunner_1\VuGen\Scripts\02_User_Registration"  	[MsgId: MMSG-27052]
Starting action vuser_init.	[MsgId: MMSG-15919]
Starting action vuser_init.	[MsgId: MMSG-15919]
Web Turbo Replay of LoadRunner 2020.0.0 for Windows 10; build 793 (ноя 27 2019 19:51:20)  	[MsgId: MMSG-26983]
Vuser output directory: "C:\Users\ageef\Documents\Loadrunner_1\VuGen\Scripts\02_User_Registration"  	[MsgId: MMSG-27050]
Web Turbo Replay of LoadRunner 2020.0.0 for Windows 10; build 793 (ноя 27 2019 19:51:20)  	[MsgId: MMSG-26983]
Operating system's current working directory: "C:\Users\ageef\Documents\Loadrunner_1\VuGen\Scripts\02_User_Registration"  	[MsgId: MMSG-27048]
Run mode: HTML  	[MsgId: MMSG-26993]
Run mode: HTML  	[MsgId: MMSG-26993]
UTC (GMT) start date/time   : 2022-04-25 14:45:35  	[MsgId: MMSG-26992]
Replay user agent: Mozilla/5.0 (Windows NT 10.0; Win64; x64) AppleWebKit/537.36 (KHTML, like Gecko) Chrome/100.0.4896.88 Safari/537.36  	[MsgId: MMSG-26988]
LOCAL start date/time       : 2022-04-25 19:45:35  	[MsgId: MMSG-26991]
Replay user agent: Mozilla/5.0 (Windows NT 10.0; Win64; x64) AppleWebKit/537.36 (KHTML, like Gecko) Chrome/100.0.4896.88 Safari/537.36  	[MsgId: MMSG-26988]
Runtime Settings file: "C:\Users\ageef\AppData\Local\Temp\lr5tmpdirUwM.426\lrcfg3Rc.434\cfgIh0.443"  	[MsgId: MMSG-27141]
Local daylight-Savings-Time : No  	[MsgId: MMSG-26990]
Runtime Settings file: "C:\Users\ageef\AppData\Local\Temp\lr5tmpdirUwM.426\lrcfg3Rc.434\cfgIh0.443"  	[MsgId: MMSG-27141]
Some of the Runtime Settings:  	[MsgId: MMSG-27142]
Vuser directory: "C:\Users\ageef\Documents\Loadrunner_1\VuGen\Scripts\02_User_Registration"  	[MsgId: MMSG-27052]
    Download non-HTML resources: Yes  	[MsgId: MMSG-27018]
Vuser directory: "C:\Users\ageef\Documents\Loadrunner_1\VuGen\Scripts\02_User_Registration"  	[MsgId: MMSG-27052]
    Verification checks: Yes  	[MsgId: MMSG-27017]
    Convert from/to UTF-8: No  	[MsgId: MMSG-27016]
    Simulate a new user each iteration: Yes  	[MsgId: MMSG-27009]
Vuser output directory: "C:\Users\ageef\Documents\Loadrunner_1\VuGen\Scripts\02_User_Registration"  	[MsgId: MMSG-27050]
    Non-critical item errors as warnings: Yes  	[MsgId: MMSG-27008]
Operating system's current working directory: "C:\Users\ageef\Documents\Loadrunner_1\VuGen\Scripts\02_User_Registration"  	[MsgId: MMSG-27048]
    HTTP errors as warnings: No  	[MsgId: MMSG-27007]
UTC (GMT) start date/time   : 2022-04-25 14:45:35  	[MsgId: MMSG-26992]
    WinInet replay instead of Sockets: No  	[MsgId: MMSG-27006]
LOCAL start date/time       : 2022-04-25 19:45:35  	[MsgId: MMSG-26991]
    HTTP version: 1.1  	[MsgId: MMSG-27005]
Vuser output directory: "C:\Users\ageef\Documents\Loadrunner_1\VuGen\Scripts\02_User_Registration"  	[MsgId: MMSG-27050]
Local daylight-Savings-Time : No  	[MsgId: MMSG-26990]
    Keep-Alive HTTP connections: Yes  	[MsgId: MMSG-27004]
Some of the Runtime Settings:  	[MsgId: MMSG-27142]
    Max self Meta refresh updates: 2  	[MsgId: MMSG-27003]
Operating system's current working directory: "C:\Users\ageef\Documents\Loadrunner_1\VuGen\Scripts\02_User_Registration"  	[MsgId: MMSG-27048]
    Download non-HTML resources: Yes  	[MsgId: MMSG-27018]
    No proxy is used (direct connection to the Internet)  	[MsgId: MMSG-27171]
    Verification checks: Yes  	[MsgId: MMSG-27017]
    DNS caching: No  	[MsgId: MMSG-27035]
UTC (GMT) start date/time   : 2022-04-25 14:45:35  	[MsgId: MMSG-26992]
    Simulate browser cache: Yes  	[MsgId: MMSG-27034]
    Convert from/to UTF-8: No  	[MsgId: MMSG-27016]
        Cache URLs requiring content (e.g., HTMLs): Yes  	[MsgId: MMSG-27033]
LOCAL start date/time       : 2022-04-25 19:45:35  	[MsgId: MMSG-26991]
            Additional URLs requiring content: None  	[MsgId: MMSG-27032]
    Simulate a new user each iteration: Yes  	[MsgId: MMSG-27009]
        Check for newer versions every visit to the page: No  	[MsgId: MMSG-27031]
Local daylight-Savings-Time : No  	[MsgId: MMSG-26990]
    Page download timeout (sec): 120  	[MsgId: MMSG-27030]
    Non-critical item errors as warnings: Yes  	[MsgId: MMSG-27008]
    Resource Page Timeout is a Warning: No  	[MsgId: MMSG-27029]
Some of the Runtime Settings:  	[MsgId: MMSG-27142]
    ContentCheck enabled: Yes  	[MsgId: MMSG-27028]
    HTTP errors as warnings: No  	[MsgId: MMSG-27007]
    Download non-HTML resources: Yes  	[MsgId: MMSG-27018]
    ContentCheck script-level file: "C:\Users\ageef\AppData\Local\Temp\lr5tmpdirUwM.426\lrcfg3Rc.434\LrwiAedScript.xml"  	[MsgId: MMSG-27027]
    WinInet replay instead of Sockets: No  	[MsgId: MMSG-27006]
    Enable Web Page Breakdown: No  	[MsgId: MMSG-27026]
    Verification checks: Yes  	[MsgId: MMSG-27017]
    Enable connection data points: Yes  	[MsgId: MMSG-27023]
    HTTP version: 1.1  	[MsgId: MMSG-27005]
    Convert from/to UTF-8: No  	[MsgId: MMSG-27016]
    Process socket after reschedule: Yes  	[MsgId: MMSG-27022]
    Keep-Alive HTTP connections: Yes  	[MsgId: MMSG-27004]
    Snapshot on error: No  	[MsgId: MMSG-27021]
    Simulate a new user each iteration: Yes  	[MsgId: MMSG-27009]
    Define each step as a transaction: No  	[MsgId: MMSG-27020]
    Max self Meta refresh updates: 2  	[MsgId: MMSG-27003]
    Non-critical item errors as warnings: Yes  	[MsgId: MMSG-27008]
    Read beyond Content-Length: No  	[MsgId: MMSG-26994]
    No proxy is used (direct connection to the Internet)  	[MsgId: MMSG-27171]
    Parse HTML Content-Type: TEXT  	[MsgId: MMSG-26999]
    HTTP errors as warnings: No  	[MsgId: MMSG-27007]
    Graph hits per second and HTTP status codes: Yes  	[MsgId: MMSG-26998]
    DNS caching: No  	[MsgId: MMSG-27035]
    WinInet replay instead of Sockets: No  	[MsgId: MMSG-27006]
    Graph response bytes per second: Yes  	[MsgId: MMSG-26997]
    Simulate browser cache: Yes  	[MsgId: MMSG-27034]
    Graph pages per second: No  	[MsgId: MMSG-26996]
    HTTP version: 1.1  	[MsgId: MMSG-27005]
    Web recorder version ID: 10  	[MsgId: MMSG-26995]
        Cache URLs requiring content (e.g., HTMLs): Yes  	[MsgId: MMSG-27033]
    Keep-Alive HTTP connections: Yes  	[MsgId: MMSG-27004]
            Additional URLs requiring content: None  	[MsgId: MMSG-27032]
    Max self Meta refresh updates: 2  	[MsgId: MMSG-27003]
        Check for newer versions every visit to the page: No  	[MsgId: MMSG-27031]
    No proxy is used (direct connection to the Internet)  	[MsgId: MMSG-27171]
    Page download timeout (sec): 120  	[MsgId: MMSG-27030]
    DNS caching: No  	[MsgId: MMSG-27035]
    Resource Page Timeout is a Warning: No  	[MsgId: MMSG-27029]
    Simulate browser cache: Yes  	[MsgId: MMSG-27034]
    ContentCheck enabled: Yes  	[MsgId: MMSG-27028]
        Cache URLs requiring content (e.g., HTMLs): Yes  	[MsgId: MMSG-27033]
    ContentCheck script-level file: "C:\Users\ageef\AppData\Local\Temp\lr5tmpdirUwM.426\lrcfg3Rc.434\LrwiAedScript.xml"  	[MsgId: MMSG-27027]
            Additional URLs requiring content: None  	[MsgId: MMSG-27032]
    Enable Web Page Breakdown: No  	[MsgId: MMSG-27026]
        Check for newer versions every visit to the page: No  	[MsgId: MMSG-27031]
    Enable connection data points: Yes  	[MsgId: MMSG-27023]
    Page download timeout (sec): 120  	[MsgId: MMSG-27030]
    Process socket after reschedule: Yes  	[MsgId: MMSG-27022]
    Resource Page Timeout is a Warning: No  	[MsgId: MMSG-27029]
Ending action vuser_init.	[MsgId: MMSG-15918]
    Snapshot on error: No  	[MsgId: MMSG-27021]
Running Vuser...	[MsgId: MMSG-15964]
    ContentCheck enabled: Yes  	[MsgId: MMSG-27028]
    Define each step as a transaction: No  	[MsgId: MMSG-27020]
    ContentCheck script-level file: "C:\Users\ageef\AppData\Local\Temp\lr5tmpdirUwM.426\lrcfg3Rc.434\LrwiAedScript.xml"  	[MsgId: MMSG-27027]
    Read beyond Content-Length: No  	[MsgId: MMSG-26994]
    Enable Web Page Breakdown: Yes  	[MsgId: MMSG-27026]
    Parse HTML Content-Type: TEXT  	[MsgId: MMSG-26999]
    Enable connection data points: Yes  	[MsgId: MMSG-27023]
    Graph hits per second and HTTP status codes: Yes  	[MsgId: MMSG-26998]
    Process socket after reschedule: Yes  	[MsgId: MMSG-27022]
    Graph response bytes per second: Yes  	[MsgId: MMSG-26997]
    Snapshot on error: No  	[MsgId: MMSG-27021]
    Graph pages per second: No  	[MsgId: MMSG-26996]
    Define each step as a transaction: No  	[MsgId: MMSG-27020]
    Web recorder version ID: 10  	[MsgId: MMSG-26995]
    Read beyond Content-Length: No  	[MsgId: MMSG-26994]
    Parse HTML Content-Type: TEXT  	[MsgId: MMSG-26999]
    Graph hits per second and HTTP status codes: Yes  	[MsgId: MMSG-26998]
    Graph response bytes per second: Yes  	[MsgId: MMSG-26997]
    Graph pages per second: No  	[MsgId: MMSG-26996]
    Web recorder version ID: 10  	[MsgId: MMSG-26995]
Ending action vuser_init.	[MsgId: MMSG-15918]
Running Vuser...	[MsgId: MMSG-15964]
Ending action vuser_init.	[MsgId: MMSG-15918]
Running Vuser...	[MsgId: MMSG-15964]
Action was aborted.	[MsgId: MMSG-10694]
Ending Vuser...	[MsgId: MMSG-15966]
Starting action vuser_end.	[MsgId: MMSG-15919]
Action was aborted.	[MsgId: MMSG-10694]
Ending Vuser...	[MsgId: MMSG-15966]
Ending action vuser_end.	[MsgId: MMSG-15918]
Starting action vuser_end.	[MsgId: MMSG-15919]
Vuser Terminated.	[MsgId: MMSG-15963]
Action was aborted.	[MsgId: MMSG-10694]
Ending action vuser_end.	[MsgId: MMSG-15918]
Ending Vuser...	[MsgId: MMSG-15966]
Vuser Terminated.	[MsgId: MMSG-15963]
Starting action vuser_end.	[MsgId: MMSG-15919]
Ending action vuser_end.	[MsgId: MMSG-15918]
Vuser Terminated.	[MsgId: MMSG-15963]
HTML-Mode memory management statistics: Reusable=0, NonReusable=0, CsMemBlockSize=4096, checks enabled  	[MsgId: MMSG-26000]
HTML-Mode memory management statistics: Reusable=0, NonReusable=0, CsMemBlockSize=4096, checks enabled  	[MsgId: MMSG-26000]
Vuser 1 (thread 1052), ended OK."	[MsgId: MMSG-10695]
Vuser 0 (thread 3160), ended OK."	[MsgId: MMSG-10695]
HTML-Mode memory management statistics: Reusable=0, NonReusable=0, CsMemBlockSize=4096, checks enabled  	[MsgId: MMSG-26000]
Vuser 2 (thread 19116), ended OK."	[MsgId: MMSG-10695]
