Virtual User Script started at: 30.04.2022 1:50:12	[MsgId: MMSG-15967]
Virtual User Script started at: 30.04.2022 1:50:12	[MsgId: MMSG-15967]
Virtual User Script started at: 30.04.2022 1:50:12	[MsgId: MMSG-15967]
Starting action vuser_init.	[MsgId: MMSG-15919]
Starting action vuser_init.	[MsgId: MMSG-15919]
Web Turbo Replay of LoadRunner 2020.0.0 for Windows 10; build 793 (ноя 27 2019 19:51:20)  	[MsgId: MMSG-26983]
Web Turbo Replay of LoadRunner 2020.0.0 for Windows 10; build 793 (ноя 27 2019 19:51:20)  	[MsgId: MMSG-26983]
Run mode: HTML  	[MsgId: MMSG-26993]
Run mode: HTML  	[MsgId: MMSG-26993]
Replay user agent: Mozilla/5.0 (Windows NT 10.0; Win64; x64) AppleWebKit/537.36 (KHTML, like Gecko) Chrome/100.0.4896.88 Safari/537.36  	[MsgId: MMSG-26988]
Replay user agent: Mozilla/5.0 (Windows NT 10.0; Win64; x64) AppleWebKit/537.36 (KHTML, like Gecko) Chrome/100.0.4896.88 Safari/537.36  	[MsgId: MMSG-26988]
Runtime Settings file: "C:\Users\ageef\AppData\Local\Temp\lr5tmpdirl91.544\lrcfgNDl.545\cfgRvl.548"  	[MsgId: MMSG-27141]
Runtime Settings file: "C:\Users\ageef\AppData\Local\Temp\lr5tmpdirl91.544\lrcfgNDl.545\cfgRvl.548"  	[MsgId: MMSG-27141]
Vuser directory: "C:\Users\ageef\Documents\Loadrunner_1\VuGen\Scripts\02_User_Registration"  	[MsgId: MMSG-27052]
Vuser directory: "C:\Users\ageef\Documents\Loadrunner_1\VuGen\Scripts\02_User_Registration"  	[MsgId: MMSG-27052]
Vuser output directory: "C:\Users\ageef\Documents\Loadrunner_1\VuGen\Scripts\02_User_Registration"  	[MsgId: MMSG-27050]
Vuser output directory: "C:\Users\ageef\Documents\Loadrunner_1\VuGen\Scripts\02_User_Registration"  	[MsgId: MMSG-27050]
Operating system's current working directory: "C:\Users\ageef\Documents\Loadrunner_1\VuGen\Scripts\02_User_Registration"  	[MsgId: MMSG-27048]
Operating system's current working directory: "C:\Users\ageef\Documents\Loadrunner_1\VuGen\Scripts\02_User_Registration"  	[MsgId: MMSG-27048]
UTC (GMT) start date/time   : 2022-04-29 20:50:12  	[MsgId: MMSG-26992]
UTC (GMT) start date/time   : 2022-04-29 20:50:12  	[MsgId: MMSG-26992]
LOCAL start date/time       : 2022-04-30 01:50:12  	[MsgId: MMSG-26991]
LOCAL start date/time       : 2022-04-30 01:50:12  	[MsgId: MMSG-26991]
Local daylight-Savings-Time : No  	[MsgId: MMSG-26990]
Local daylight-Savings-Time : No  	[MsgId: MMSG-26990]
Some of the Runtime Settings:  	[MsgId: MMSG-27142]
Some of the Runtime Settings:  	[MsgId: MMSG-27142]
    Download non-HTML resources: Yes  	[MsgId: MMSG-27018]
    Download non-HTML resources: Yes  	[MsgId: MMSG-27018]
    Verification checks: Yes  	[MsgId: MMSG-27017]
Virtual User Script started at: 30.04.2022 1:50:12	[MsgId: MMSG-15967]
    Verification checks: Yes  	[MsgId: MMSG-27017]
    Convert from/to UTF-8: No  	[MsgId: MMSG-27016]
    Convert from/to UTF-8: No  	[MsgId: MMSG-27016]
    Simulate a new user each iteration: Yes  	[MsgId: MMSG-27009]
    Simulate a new user each iteration: Yes  	[MsgId: MMSG-27009]
    Non-critical item errors as warnings: Yes  	[MsgId: MMSG-27008]
    HTTP errors as warnings: No  	[MsgId: MMSG-27007]
    Non-critical item errors as warnings: Yes  	[MsgId: MMSG-27008]
    WinInet replay instead of Sockets: No  	[MsgId: MMSG-27006]
    HTTP errors as warnings: No  	[MsgId: MMSG-27007]
    HTTP version: 1.1  	[MsgId: MMSG-27005]
    WinInet replay instead of Sockets: No  	[MsgId: MMSG-27006]
    Keep-Alive HTTP connections: Yes  	[MsgId: MMSG-27004]
    HTTP version: 1.1  	[MsgId: MMSG-27005]
    Max self Meta refresh updates: 2  	[MsgId: MMSG-27003]
    Keep-Alive HTTP connections: Yes  	[MsgId: MMSG-27004]
    No proxy is used (direct connection to the Internet)  	[MsgId: MMSG-27171]
Starting action vuser_init.	[MsgId: MMSG-15919]
    Max self Meta refresh updates: 2  	[MsgId: MMSG-27003]
    DNS caching: No  	[MsgId: MMSG-27035]
    No proxy is used (direct connection to the Internet)  	[MsgId: MMSG-27171]
    Simulate browser cache: Yes  	[MsgId: MMSG-27034]
    DNS caching: No  	[MsgId: MMSG-27035]
        Cache URLs requiring content (e.g., HTMLs): Yes  	[MsgId: MMSG-27033]
Virtual User Script started at: 30.04.2022 1:50:12	[MsgId: MMSG-15967]
Web Turbo Replay of LoadRunner 2020.0.0 for Windows 10; build 793 (ноя 27 2019 19:51:20)  	[MsgId: MMSG-26983]
            Additional URLs requiring content: None  	[MsgId: MMSG-27032]
        Check for newer versions every visit to the page: No  	[MsgId: MMSG-27031]
Run mode: HTML  	[MsgId: MMSG-26993]
    Page download timeout (sec): 120  	[MsgId: MMSG-27030]
    Resource Page Timeout is a Warning: No  	[MsgId: MMSG-27029]
Replay user agent: Mozilla/5.0 (Windows NT 10.0; Win64; x64) AppleWebKit/537.36 (KHTML, like Gecko) Chrome/100.0.4896.88 Safari/537.36  	[MsgId: MMSG-26988]
    ContentCheck enabled: Yes  	[MsgId: MMSG-27028]
    Simulate browser cache: Yes  	[MsgId: MMSG-27034]
    ContentCheck script-level file: "C:\Users\ageef\AppData\Local\Temp\lr5tmpdirl91.544\lrcfgNDl.545\LrwiAedScript.xml"  	[MsgId: MMSG-27027]
Runtime Settings file: "C:\Users\ageef\AppData\Local\Temp\lr5tmpdirl91.544\lrcfgNDl.545\cfgRvl.548"  	[MsgId: MMSG-27141]
        Cache URLs requiring content (e.g., HTMLs): Yes  	[MsgId: MMSG-27033]
    Enable Web Page Breakdown: Yes  	[MsgId: MMSG-27026]
            Additional URLs requiring content: None  	[MsgId: MMSG-27032]
    Enable connection data points: Yes  	[MsgId: MMSG-27023]
Vuser directory: "C:\Users\ageef\Documents\Loadrunner_1\VuGen\Scripts\02_User_Registration"  	[MsgId: MMSG-27052]
        Check for newer versions every visit to the page: No  	[MsgId: MMSG-27031]
    Process socket after reschedule: Yes  	[MsgId: MMSG-27022]
    Page download timeout (sec): 120  	[MsgId: MMSG-27030]
    Snapshot on error: No  	[MsgId: MMSG-27021]
    Resource Page Timeout is a Warning: No  	[MsgId: MMSG-27029]
    Define each step as a transaction: No  	[MsgId: MMSG-27020]
    ContentCheck enabled: Yes  	[MsgId: MMSG-27028]
    Read beyond Content-Length: No  	[MsgId: MMSG-26994]
    ContentCheck script-level file: "C:\Users\ageef\AppData\Local\Temp\lr5tmpdirl91.544\lrcfgNDl.545\LrwiAedScript.xml"  	[MsgId: MMSG-27027]
    Enable Web Page Breakdown: No  	[MsgId: MMSG-27026]
    Parse HTML Content-Type: TEXT  	[MsgId: MMSG-26999]
    Enable connection data points: Yes  	[MsgId: MMSG-27023]
    Graph hits per second and HTTP status codes: Yes  	[MsgId: MMSG-26998]
    Process socket after reschedule: Yes  	[MsgId: MMSG-27022]
Vuser output directory: "C:\Users\ageef\Documents\Loadrunner_1\VuGen\Scripts\02_User_Registration"  	[MsgId: MMSG-27050]
    Graph response bytes per second: Yes  	[MsgId: MMSG-26997]
    Snapshot on error: No  	[MsgId: MMSG-27021]
    Graph pages per second: No  	[MsgId: MMSG-26996]
Operating system's current working directory: "C:\Users\ageef\Documents\Loadrunner_1\VuGen\Scripts\02_User_Registration"  	[MsgId: MMSG-27048]
    Web recorder version ID: 10  	[MsgId: MMSG-26995]
    Define each step as a transaction: No  	[MsgId: MMSG-27020]
UTC (GMT) start date/time   : 2022-04-29 20:50:12  	[MsgId: MMSG-26992]
    Read beyond Content-Length: No  	[MsgId: MMSG-26994]
LOCAL start date/time       : 2022-04-30 01:50:12  	[MsgId: MMSG-26991]
    Parse HTML Content-Type: TEXT  	[MsgId: MMSG-26999]
Local daylight-Savings-Time : No  	[MsgId: MMSG-26990]
    Graph hits per second and HTTP status codes: Yes  	[MsgId: MMSG-26998]
Some of the Runtime Settings:  	[MsgId: MMSG-27142]
    Graph response bytes per second: Yes  	[MsgId: MMSG-26997]
    Download non-HTML resources: Yes  	[MsgId: MMSG-27018]
    Verification checks: Yes  	[MsgId: MMSG-27017]
    Graph pages per second: No  	[MsgId: MMSG-26996]
    Convert from/to UTF-8: No  	[MsgId: MMSG-27016]
Starting action vuser_init.	[MsgId: MMSG-15919]
    Web recorder version ID: 10  	[MsgId: MMSG-26995]
    Simulate a new user each iteration: Yes  	[MsgId: MMSG-27009]
    Non-critical item errors as warnings: Yes  	[MsgId: MMSG-27008]
    HTTP errors as warnings: No  	[MsgId: MMSG-27007]
    WinInet replay instead of Sockets: No  	[MsgId: MMSG-27006]
    HTTP version: 1.1  	[MsgId: MMSG-27005]
    Keep-Alive HTTP connections: Yes  	[MsgId: MMSG-27004]
    Max self Meta refresh updates: 2  	[MsgId: MMSG-27003]
    No proxy is used (direct connection to the Internet)  	[MsgId: MMSG-27171]
    DNS caching: No  	[MsgId: MMSG-27035]
    Simulate browser cache: Yes  	[MsgId: MMSG-27034]
        Cache URLs requiring content (e.g., HTMLs): Yes  	[MsgId: MMSG-27033]
            Additional URLs requiring content: None  	[MsgId: MMSG-27032]
Ending action vuser_init.	[MsgId: MMSG-15918]
        Check for newer versions every visit to the page: No  	[MsgId: MMSG-27031]
Running Vuser...	[MsgId: MMSG-15964]
    Page download timeout (sec): 120  	[MsgId: MMSG-27030]
    Resource Page Timeout is a Warning: No  	[MsgId: MMSG-27029]
    ContentCheck enabled: Yes  	[MsgId: MMSG-27028]
    ContentCheck script-level file: "C:\Users\ageef\AppData\Local\Temp\lr5tmpdirl91.544\lrcfgNDl.545\LrwiAedScript.xml"  	[MsgId: MMSG-27027]
    Enable Web Page Breakdown: No  	[MsgId: MMSG-27026]
    Enable connection data points: Yes  	[MsgId: MMSG-27023]
    Process socket after reschedule: Yes  	[MsgId: MMSG-27022]
    Snapshot on error: No  	[MsgId: MMSG-27021]
    Define each step as a transaction: No  	[MsgId: MMSG-27020]
    Read beyond Content-Length: No  	[MsgId: MMSG-26994]
Ending action vuser_init.	[MsgId: MMSG-15918]
    Parse HTML Content-Type: TEXT  	[MsgId: MMSG-26999]
Running Vuser...	[MsgId: MMSG-15964]
    Graph hits per second and HTTP status codes: Yes  	[MsgId: MMSG-26998]
    Graph response bytes per second: Yes  	[MsgId: MMSG-26997]
    Graph pages per second: No  	[MsgId: MMSG-26996]
Web Turbo Replay of LoadRunner 2020.0.0 for Windows 10; build 793 (ноя 27 2019 19:51:20)  	[MsgId: MMSG-26983]
    Web recorder version ID: 10  	[MsgId: MMSG-26995]
Run mode: HTML  	[MsgId: MMSG-26993]
Replay user agent: Mozilla/5.0 (Windows NT 10.0; Win64; x64) AppleWebKit/537.36 (KHTML, like Gecko) Chrome/100.0.4896.88 Safari/537.36  	[MsgId: MMSG-26988]
Runtime Settings file: "C:\Users\ageef\AppData\Local\Temp\lr5tmpdirl91.544\lrcfgNDl.545\cfgRvl.548"  	[MsgId: MMSG-27141]
Vuser directory: "C:\Users\ageef\Documents\Loadrunner_1\VuGen\Scripts\02_User_Registration"  	[MsgId: MMSG-27052]
Ending action vuser_init.	[MsgId: MMSG-15918]
Vuser output directory: "C:\Users\ageef\Documents\Loadrunner_1\VuGen\Scripts\02_User_Registration"  	[MsgId: MMSG-27050]
Running Vuser...	[MsgId: MMSG-15964]
Operating system's current working directory: "C:\Users\ageef\Documents\Loadrunner_1\VuGen\Scripts\02_User_Registration"  	[MsgId: MMSG-27048]
UTC (GMT) start date/time   : 2022-04-29 20:50:12  	[MsgId: MMSG-26992]
LOCAL start date/time       : 2022-04-30 01:50:12  	[MsgId: MMSG-26991]
Local daylight-Savings-Time : No  	[MsgId: MMSG-26990]
Some of the Runtime Settings:  	[MsgId: MMSG-27142]
    Download non-HTML resources: Yes  	[MsgId: MMSG-27018]
Starting action vuser_init.	[MsgId: MMSG-15919]
    Verification checks: Yes  	[MsgId: MMSG-27017]
    Convert from/to UTF-8: No  	[MsgId: MMSG-27016]
    Simulate a new user each iteration: Yes  	[MsgId: MMSG-27009]
    Non-critical item errors as warnings: Yes  	[MsgId: MMSG-27008]
Web Turbo Replay of LoadRunner 2020.0.0 for Windows 10; build 793 (ноя 27 2019 19:51:20)  	[MsgId: MMSG-26983]
    HTTP errors as warnings: No  	[MsgId: MMSG-27007]
    WinInet replay instead of Sockets: No  	[MsgId: MMSG-27006]
Run mode: HTML  	[MsgId: MMSG-26993]
    HTTP version: 1.1  	[MsgId: MMSG-27005]
    Keep-Alive HTTP connections: Yes  	[MsgId: MMSG-27004]
Replay user agent: Mozilla/5.0 (Windows NT 10.0; Win64; x64) AppleWebKit/537.36 (KHTML, like Gecko) Chrome/100.0.4896.88 Safari/537.36  	[MsgId: MMSG-26988]
    Max self Meta refresh updates: 2  	[MsgId: MMSG-27003]
    No proxy is used (direct connection to the Internet)  	[MsgId: MMSG-27171]
Runtime Settings file: "C:\Users\ageef\AppData\Local\Temp\lr5tmpdirl91.544\lrcfgNDl.545\cfgRvl.548"  	[MsgId: MMSG-27141]
    DNS caching: No  	[MsgId: MMSG-27035]
    Simulate browser cache: Yes  	[MsgId: MMSG-27034]
        Cache URLs requiring content (e.g., HTMLs): Yes  	[MsgId: MMSG-27033]
Vuser directory: "C:\Users\ageef\Documents\Loadrunner_1\VuGen\Scripts\02_User_Registration"  	[MsgId: MMSG-27052]
            Additional URLs requiring content: None  	[MsgId: MMSG-27032]
        Check for newer versions every visit to the page: No  	[MsgId: MMSG-27031]
    Page download timeout (sec): 120  	[MsgId: MMSG-27030]
    Resource Page Timeout is a Warning: No  	[MsgId: MMSG-27029]
    ContentCheck enabled: Yes  	[MsgId: MMSG-27028]
    ContentCheck script-level file: "C:\Users\ageef\AppData\Local\Temp\lr5tmpdirl91.544\lrcfgNDl.545\LrwiAedScript.xml"  	[MsgId: MMSG-27027]
    Enable Web Page Breakdown: No  	[MsgId: MMSG-27026]
    Enable connection data points: Yes  	[MsgId: MMSG-27023]
    Process socket after reschedule: Yes  	[MsgId: MMSG-27022]
    Snapshot on error: No  	[MsgId: MMSG-27021]
    Define each step as a transaction: No  	[MsgId: MMSG-27020]
    Read beyond Content-Length: No  	[MsgId: MMSG-26994]
    Parse HTML Content-Type: TEXT  	[MsgId: MMSG-26999]
    Graph hits per second and HTTP status codes: Yes  	[MsgId: MMSG-26998]
    Graph response bytes per second: Yes  	[MsgId: MMSG-26997]
    Graph pages per second: No  	[MsgId: MMSG-26996]
    Web recorder version ID: 10  	[MsgId: MMSG-26995]
Vuser output directory: "C:\Users\ageef\Documents\Loadrunner_1\VuGen\Scripts\02_User_Registration"  	[MsgId: MMSG-27050]
Operating system's current working directory: "C:\Users\ageef\Documents\Loadrunner_1\VuGen\Scripts\02_User_Registration"  	[MsgId: MMSG-27048]
Ending action vuser_init.	[MsgId: MMSG-15918]
UTC (GMT) start date/time   : 2022-04-29 20:50:12  	[MsgId: MMSG-26992]
Running Vuser...	[MsgId: MMSG-15964]
LOCAL start date/time       : 2022-04-30 01:50:12  	[MsgId: MMSG-26991]
Local daylight-Savings-Time : No  	[MsgId: MMSG-26990]
Some of the Runtime Settings:  	[MsgId: MMSG-27142]
    Download non-HTML resources: Yes  	[MsgId: MMSG-27018]
    Verification checks: Yes  	[MsgId: MMSG-27017]
    Convert from/to UTF-8: No  	[MsgId: MMSG-27016]
    Simulate a new user each iteration: Yes  	[MsgId: MMSG-27009]
    Non-critical item errors as warnings: Yes  	[MsgId: MMSG-27008]
    HTTP errors as warnings: No  	[MsgId: MMSG-27007]
    WinInet replay instead of Sockets: No  	[MsgId: MMSG-27006]
    HTTP version: 1.1  	[MsgId: MMSG-27005]
    Keep-Alive HTTP connections: Yes  	[MsgId: MMSG-27004]
    Max self Meta refresh updates: 2  	[MsgId: MMSG-27003]
    No proxy is used (direct connection to the Internet)  	[MsgId: MMSG-27171]
    DNS caching: No  	[MsgId: MMSG-27035]
    Simulate browser cache: Yes  	[MsgId: MMSG-27034]
        Cache URLs requiring content (e.g., HTMLs): Yes  	[MsgId: MMSG-27033]
Virtual User Script started at: 30.04.2022 1:50:12	[MsgId: MMSG-15967]
            Additional URLs requiring content: None  	[MsgId: MMSG-27032]
        Check for newer versions every visit to the page: No  	[MsgId: MMSG-27031]
    Page download timeout (sec): 120  	[MsgId: MMSG-27030]
    Resource Page Timeout is a Warning: No  	[MsgId: MMSG-27029]
    ContentCheck enabled: Yes  	[MsgId: MMSG-27028]
    ContentCheck script-level file: "C:\Users\ageef\AppData\Local\Temp\lr5tmpdirl91.544\lrcfgNDl.545\LrwiAedScript.xml"  	[MsgId: MMSG-27027]
    Enable Web Page Breakdown: No  	[MsgId: MMSG-27026]
    Enable connection data points: Yes  	[MsgId: MMSG-27023]
    Process socket after reschedule: Yes  	[MsgId: MMSG-27022]
Starting action vuser_init.	[MsgId: MMSG-15919]
    Snapshot on error: No  	[MsgId: MMSG-27021]
    Define each step as a transaction: No  	[MsgId: MMSG-27020]
    Read beyond Content-Length: No  	[MsgId: MMSG-26994]
Web Turbo Replay of LoadRunner 2020.0.0 for Windows 10; build 793 (ноя 27 2019 19:51:20)  	[MsgId: MMSG-26983]
    Parse HTML Content-Type: TEXT  	[MsgId: MMSG-26999]
Run mode: HTML  	[MsgId: MMSG-26993]
    Graph hits per second and HTTP status codes: Yes  	[MsgId: MMSG-26998]
    Graph response bytes per second: Yes  	[MsgId: MMSG-26997]
Replay user agent: Mozilla/5.0 (Windows NT 10.0; Win64; x64) AppleWebKit/537.36 (KHTML, like Gecko) Chrome/100.0.4896.88 Safari/537.36  	[MsgId: MMSG-26988]
    Graph pages per second: No  	[MsgId: MMSG-26996]
    Web recorder version ID: 10  	[MsgId: MMSG-26995]
Runtime Settings file: "C:\Users\ageef\AppData\Local\Temp\lr5tmpdirl91.544\lrcfgNDl.545\cfgRvl.548"  	[MsgId: MMSG-27141]
Vuser directory: "C:\Users\ageef\Documents\Loadrunner_1\VuGen\Scripts\02_User_Registration"  	[MsgId: MMSG-27052]
Ending action vuser_init.	[MsgId: MMSG-15918]
Running Vuser...	[MsgId: MMSG-15964]
Vuser output directory: "C:\Users\ageef\Documents\Loadrunner_1\VuGen\Scripts\02_User_Registration"  	[MsgId: MMSG-27050]
Operating system's current working directory: "C:\Users\ageef\Documents\Loadrunner_1\VuGen\Scripts\02_User_Registration"  	[MsgId: MMSG-27048]
UTC (GMT) start date/time   : 2022-04-29 20:50:12  	[MsgId: MMSG-26992]
LOCAL start date/time       : 2022-04-30 01:50:12  	[MsgId: MMSG-26991]
Local daylight-Savings-Time : No  	[MsgId: MMSG-26990]
Some of the Runtime Settings:  	[MsgId: MMSG-27142]
    Download non-HTML resources: Yes  	[MsgId: MMSG-27018]
    Verification checks: Yes  	[MsgId: MMSG-27017]
    Convert from/to UTF-8: No  	[MsgId: MMSG-27016]
    Simulate a new user each iteration: Yes  	[MsgId: MMSG-27009]
    Non-critical item errors as warnings: Yes  	[MsgId: MMSG-27008]
    HTTP errors as warnings: No  	[MsgId: MMSG-27007]
    WinInet replay instead of Sockets: No  	[MsgId: MMSG-27006]
    HTTP version: 1.1  	[MsgId: MMSG-27005]
    Keep-Alive HTTP connections: Yes  	[MsgId: MMSG-27004]
    Max self Meta refresh updates: 2  	[MsgId: MMSG-27003]
    No proxy is used (direct connection to the Internet)  	[MsgId: MMSG-27171]
    DNS caching: No  	[MsgId: MMSG-27035]
    Simulate browser cache: Yes  	[MsgId: MMSG-27034]
        Cache URLs requiring content (e.g., HTMLs): Yes  	[MsgId: MMSG-27033]
            Additional URLs requiring content: None  	[MsgId: MMSG-27032]
        Check for newer versions every visit to the page: No  	[MsgId: MMSG-27031]
    Page download timeout (sec): 120  	[MsgId: MMSG-27030]
    Resource Page Timeout is a Warning: No  	[MsgId: MMSG-27029]
    ContentCheck enabled: Yes  	[MsgId: MMSG-27028]
    ContentCheck script-level file: "C:\Users\ageef\AppData\Local\Temp\lr5tmpdirl91.544\lrcfgNDl.545\LrwiAedScript.xml"  	[MsgId: MMSG-27027]
    Enable Web Page Breakdown: No  	[MsgId: MMSG-27026]
    Enable connection data points: Yes  	[MsgId: MMSG-27023]
    Process socket after reschedule: Yes  	[MsgId: MMSG-27022]
    Snapshot on error: No  	[MsgId: MMSG-27021]
    Define each step as a transaction: No  	[MsgId: MMSG-27020]
    Read beyond Content-Length: No  	[MsgId: MMSG-26994]
    Parse HTML Content-Type: TEXT  	[MsgId: MMSG-26999]
    Graph hits per second and HTTP status codes: Yes  	[MsgId: MMSG-26998]
    Graph response bytes per second: Yes  	[MsgId: MMSG-26997]
    Graph pages per second: No  	[MsgId: MMSG-26996]
Virtual User Script started at: 30.04.2022 1:50:12	[MsgId: MMSG-15967]
    Web recorder version ID: 10  	[MsgId: MMSG-26995]
Ending action vuser_init.	[MsgId: MMSG-15918]
Running Vuser...	[MsgId: MMSG-15964]
Starting action vuser_init.	[MsgId: MMSG-15919]
Web Turbo Replay of LoadRunner 2020.0.0 for Windows 10; build 793 (ноя 27 2019 19:51:20)  	[MsgId: MMSG-26983]
Run mode: HTML  	[MsgId: MMSG-26993]
Replay user agent: Mozilla/5.0 (Windows NT 10.0; Win64; x64) AppleWebKit/537.36 (KHTML, like Gecko) Chrome/100.0.4896.88 Safari/537.36  	[MsgId: MMSG-26988]
Runtime Settings file: "C:\Users\ageef\AppData\Local\Temp\lr5tmpdirl91.544\lrcfgNDl.545\cfgRvl.548"  	[MsgId: MMSG-27141]
Vuser directory: "C:\Users\ageef\Documents\Loadrunner_1\VuGen\Scripts\02_User_Registration"  	[MsgId: MMSG-27052]
Vuser output directory: "C:\Users\ageef\Documents\Loadrunner_1\VuGen\Scripts\02_User_Registration"  	[MsgId: MMSG-27050]
Operating system's current working directory: "C:\Users\ageef\Documents\Loadrunner_1\VuGen\Scripts\02_User_Registration"  	[MsgId: MMSG-27048]
UTC (GMT) start date/time   : 2022-04-29 20:50:12  	[MsgId: MMSG-26992]
LOCAL start date/time       : 2022-04-30 01:50:12  	[MsgId: MMSG-26991]
Local daylight-Savings-Time : No  	[MsgId: MMSG-26990]
Some of the Runtime Settings:  	[MsgId: MMSG-27142]
    Download non-HTML resources: Yes  	[MsgId: MMSG-27018]
    Verification checks: Yes  	[MsgId: MMSG-27017]
    Convert from/to UTF-8: No  	[MsgId: MMSG-27016]
    Simulate a new user each iteration: Yes  	[MsgId: MMSG-27009]
    Non-critical item errors as warnings: Yes  	[MsgId: MMSG-27008]
    HTTP errors as warnings: No  	[MsgId: MMSG-27007]
    WinInet replay instead of Sockets: No  	[MsgId: MMSG-27006]
    HTTP version: 1.1  	[MsgId: MMSG-27005]
Virtual User Script started at: 30.04.2022 1:50:12	[MsgId: MMSG-15967]
    Keep-Alive HTTP connections: Yes  	[MsgId: MMSG-27004]
    Max self Meta refresh updates: 2  	[MsgId: MMSG-27003]
    No proxy is used (direct connection to the Internet)  	[MsgId: MMSG-27171]
    DNS caching: No  	[MsgId: MMSG-27035]
    Simulate browser cache: Yes  	[MsgId: MMSG-27034]
        Cache URLs requiring content (e.g., HTMLs): Yes  	[MsgId: MMSG-27033]
            Additional URLs requiring content: None  	[MsgId: MMSG-27032]
        Check for newer versions every visit to the page: No  	[MsgId: MMSG-27031]
Starting action vuser_init.	[MsgId: MMSG-15919]
    Page download timeout (sec): 120  	[MsgId: MMSG-27030]
    Resource Page Timeout is a Warning: No  	[MsgId: MMSG-27029]
    ContentCheck enabled: Yes  	[MsgId: MMSG-27028]
Web Turbo Replay of LoadRunner 2020.0.0 for Windows 10; build 793 (ноя 27 2019 19:51:20)  	[MsgId: MMSG-26983]
    ContentCheck script-level file: "C:\Users\ageef\AppData\Local\Temp\lr5tmpdirl91.544\lrcfgNDl.545\LrwiAedScript.xml"  	[MsgId: MMSG-27027]
    Enable Web Page Breakdown: No  	[MsgId: MMSG-27026]
Run mode: HTML  	[MsgId: MMSG-26993]
    Enable connection data points: Yes  	[MsgId: MMSG-27023]
    Process socket after reschedule: Yes  	[MsgId: MMSG-27022]
Replay user agent: Mozilla/5.0 (Windows NT 10.0; Win64; x64) AppleWebKit/537.36 (KHTML, like Gecko) Chrome/100.0.4896.88 Safari/537.36  	[MsgId: MMSG-26988]
    Snapshot on error: No  	[MsgId: MMSG-27021]
    Define each step as a transaction: No  	[MsgId: MMSG-27020]
Runtime Settings file: "C:\Users\ageef\AppData\Local\Temp\lr5tmpdirl91.544\lrcfgNDl.545\cfgRvl.548"  	[MsgId: MMSG-27141]
    Read beyond Content-Length: No  	[MsgId: MMSG-26994]
    Parse HTML Content-Type: TEXT  	[MsgId: MMSG-26999]
Vuser directory: "C:\Users\ageef\Documents\Loadrunner_1\VuGen\Scripts\02_User_Registration"  	[MsgId: MMSG-27052]
    Graph hits per second and HTTP status codes: Yes  	[MsgId: MMSG-26998]
    Graph response bytes per second: Yes  	[MsgId: MMSG-26997]
    Graph pages per second: No  	[MsgId: MMSG-26996]
    Web recorder version ID: 10  	[MsgId: MMSG-26995]
Vuser output directory: "C:\Users\ageef\Documents\Loadrunner_1\VuGen\Scripts\02_User_Registration"  	[MsgId: MMSG-27050]
Operating system's current working directory: "C:\Users\ageef\Documents\Loadrunner_1\VuGen\Scripts\02_User_Registration"  	[MsgId: MMSG-27048]
UTC (GMT) start date/time   : 2022-04-29 20:50:12  	[MsgId: MMSG-26992]
LOCAL start date/time       : 2022-04-30 01:50:12  	[MsgId: MMSG-26991]
Local daylight-Savings-Time : No  	[MsgId: MMSG-26990]
Some of the Runtime Settings:  	[MsgId: MMSG-27142]
    Download non-HTML resources: Yes  	[MsgId: MMSG-27018]
    Verification checks: Yes  	[MsgId: MMSG-27017]
    Convert from/to UTF-8: No  	[MsgId: MMSG-27016]
    Simulate a new user each iteration: Yes  	[MsgId: MMSG-27009]
Ending action vuser_init.	[MsgId: MMSG-15918]
Running Vuser...	[MsgId: MMSG-15964]
    Non-critical item errors as warnings: Yes  	[MsgId: MMSG-27008]
    HTTP errors as warnings: No  	[MsgId: MMSG-27007]
    WinInet replay instead of Sockets: No  	[MsgId: MMSG-27006]
    HTTP version: 1.1  	[MsgId: MMSG-27005]
    Keep-Alive HTTP connections: Yes  	[MsgId: MMSG-27004]
    Max self Meta refresh updates: 2  	[MsgId: MMSG-27003]
    No proxy is used (direct connection to the Internet)  	[MsgId: MMSG-27171]
    DNS caching: No  	[MsgId: MMSG-27035]
    Simulate browser cache: Yes  	[MsgId: MMSG-27034]
        Cache URLs requiring content (e.g., HTMLs): Yes  	[MsgId: MMSG-27033]
            Additional URLs requiring content: None  	[MsgId: MMSG-27032]
        Check for newer versions every visit to the page: No  	[MsgId: MMSG-27031]
    Page download timeout (sec): 120  	[MsgId: MMSG-27030]
    Resource Page Timeout is a Warning: No  	[MsgId: MMSG-27029]
    ContentCheck enabled: Yes  	[MsgId: MMSG-27028]
    ContentCheck script-level file: "C:\Users\ageef\AppData\Local\Temp\lr5tmpdirl91.544\lrcfgNDl.545\LrwiAedScript.xml"  	[MsgId: MMSG-27027]
    Enable Web Page Breakdown: No  	[MsgId: MMSG-27026]
    Enable connection data points: Yes  	[MsgId: MMSG-27023]
    Process socket after reschedule: Yes  	[MsgId: MMSG-27022]
    Snapshot on error: No  	[MsgId: MMSG-27021]
    Define each step as a transaction: No  	[MsgId: MMSG-27020]
    Read beyond Content-Length: No  	[MsgId: MMSG-26994]
    Parse HTML Content-Type: TEXT  	[MsgId: MMSG-26999]
    Graph hits per second and HTTP status codes: Yes  	[MsgId: MMSG-26998]
    Graph response bytes per second: Yes  	[MsgId: MMSG-26997]
    Graph pages per second: No  	[MsgId: MMSG-26996]
    Web recorder version ID: 10  	[MsgId: MMSG-26995]
Virtual User Script started at: 30.04.2022 1:50:12	[MsgId: MMSG-15967]
Ending action vuser_init.	[MsgId: MMSG-15918]
Running Vuser...	[MsgId: MMSG-15964]
Starting action vuser_init.	[MsgId: MMSG-15919]
Web Turbo Replay of LoadRunner 2020.0.0 for Windows 10; build 793 (ноя 27 2019 19:51:20)  	[MsgId: MMSG-26983]
Run mode: HTML  	[MsgId: MMSG-26993]
Replay user agent: Mozilla/5.0 (Windows NT 10.0; Win64; x64) AppleWebKit/537.36 (KHTML, like Gecko) Chrome/100.0.4896.88 Safari/537.36  	[MsgId: MMSG-26988]
Runtime Settings file: "C:\Users\ageef\AppData\Local\Temp\lr5tmpdirl91.544\lrcfgNDl.545\cfgRvl.548"  	[MsgId: MMSG-27141]
Vuser directory: "C:\Users\ageef\Documents\Loadrunner_1\VuGen\Scripts\02_User_Registration"  	[MsgId: MMSG-27052]
Vuser output directory: "C:\Users\ageef\Documents\Loadrunner_1\VuGen\Scripts\02_User_Registration"  	[MsgId: MMSG-27050]
Operating system's current working directory: "C:\Users\ageef\Documents\Loadrunner_1\VuGen\Scripts\02_User_Registration"  	[MsgId: MMSG-27048]
UTC (GMT) start date/time   : 2022-04-29 20:50:12  	[MsgId: MMSG-26992]
LOCAL start date/time       : 2022-04-30 01:50:12  	[MsgId: MMSG-26991]
Local daylight-Savings-Time : No  	[MsgId: MMSG-26990]
Some of the Runtime Settings:  	[MsgId: MMSG-27142]
    Download non-HTML resources: Yes  	[MsgId: MMSG-27018]
    Verification checks: Yes  	[MsgId: MMSG-27017]
    Convert from/to UTF-8: No  	[MsgId: MMSG-27016]
    Simulate a new user each iteration: Yes  	[MsgId: MMSG-27009]
    Non-critical item errors as warnings: Yes  	[MsgId: MMSG-27008]
    HTTP errors as warnings: No  	[MsgId: MMSG-27007]
    WinInet replay instead of Sockets: No  	[MsgId: MMSG-27006]
    HTTP version: 1.1  	[MsgId: MMSG-27005]
    Keep-Alive HTTP connections: Yes  	[MsgId: MMSG-27004]
    Max self Meta refresh updates: 2  	[MsgId: MMSG-27003]
    No proxy is used (direct connection to the Internet)  	[MsgId: MMSG-27171]
    DNS caching: No  	[MsgId: MMSG-27035]
    Simulate browser cache: Yes  	[MsgId: MMSG-27034]
        Cache URLs requiring content (e.g., HTMLs): Yes  	[MsgId: MMSG-27033]
            Additional URLs requiring content: None  	[MsgId: MMSG-27032]
        Check for newer versions every visit to the page: No  	[MsgId: MMSG-27031]
    Page download timeout (sec): 120  	[MsgId: MMSG-27030]
    Resource Page Timeout is a Warning: No  	[MsgId: MMSG-27029]
    ContentCheck enabled: Yes  	[MsgId: MMSG-27028]
    ContentCheck script-level file: "C:\Users\ageef\AppData\Local\Temp\lr5tmpdirl91.544\lrcfgNDl.545\LrwiAedScript.xml"  	[MsgId: MMSG-27027]
    Enable Web Page Breakdown: No  	[MsgId: MMSG-27026]
    Enable connection data points: Yes  	[MsgId: MMSG-27023]
    Process socket after reschedule: Yes  	[MsgId: MMSG-27022]
    Snapshot on error: No  	[MsgId: MMSG-27021]
    Define each step as a transaction: No  	[MsgId: MMSG-27020]
    Read beyond Content-Length: No  	[MsgId: MMSG-26994]
    Parse HTML Content-Type: TEXT  	[MsgId: MMSG-26999]
    Graph hits per second and HTTP status codes: Yes  	[MsgId: MMSG-26998]
    Graph response bytes per second: Yes  	[MsgId: MMSG-26997]
    Graph pages per second: No  	[MsgId: MMSG-26996]
    Web recorder version ID: 10  	[MsgId: MMSG-26995]
Ending action vuser_init.	[MsgId: MMSG-15918]
Running Vuser...	[MsgId: MMSG-15964]
Action was aborted.	[MsgId: MMSG-10694]
Ending Vuser...	[MsgId: MMSG-15966]
Action was aborted.	[MsgId: MMSG-10694]
Ending Vuser...	[MsgId: MMSG-15966]
Starting action vuser_end.	[MsgId: MMSG-15919]
Ending action vuser_end.	[MsgId: MMSG-15918]
Vuser Terminated.	[MsgId: MMSG-15963]
Action was aborted.	[MsgId: MMSG-10694]
Ending Vuser...	[MsgId: MMSG-15966]
Starting action vuser_end.	[MsgId: MMSG-15919]
Ending action vuser_end.	[MsgId: MMSG-15918]
Vuser Terminated.	[MsgId: MMSG-15963]
Action was aborted.	[MsgId: MMSG-10694]
Action was aborted.	[MsgId: MMSG-10694]
Ending Vuser...	[MsgId: MMSG-15966]
Ending Vuser...	[MsgId: MMSG-15966]
Starting action vuser_end.	[MsgId: MMSG-15919]
Starting action vuser_end.	[MsgId: MMSG-15919]
Ending action vuser_end.	[MsgId: MMSG-15918]
Ending action vuser_end.	[MsgId: MMSG-15918]
Vuser Terminated.	[MsgId: MMSG-15963]
Vuser Terminated.	[MsgId: MMSG-15963]
HTML-Mode memory management statistics: Reusable=0, NonReusable=0, CsMemBlockSize=4096, checks enabled  	[MsgId: MMSG-26000]
Action was aborted.	[MsgId: MMSG-10694]
Ending Vuser...	[MsgId: MMSG-15966]
Starting action vuser_end.	[MsgId: MMSG-15919]
Starting action vuser_end.	[MsgId: MMSG-15919]
Ending action vuser_end.	[MsgId: MMSG-15918]
Vuser Terminated.	[MsgId: MMSG-15963]
HTML-Mode memory management statistics: Reusable=0, NonReusable=0, CsMemBlockSize=4096, checks enabled  	[MsgId: MMSG-26000]
Vuser 5 (thread 8908), ended OK."	[MsgId: MMSG-10695]
Ending action vuser_end.	[MsgId: MMSG-15918]
Vuser Terminated.	[MsgId: MMSG-15963]
HTML-Mode memory management statistics: Reusable=0, NonReusable=0, CsMemBlockSize=4096, checks enabled  	[MsgId: MMSG-26000]
Vuser 0 (thread 16068), ended OK."	[MsgId: MMSG-10695]
HTML-Mode memory management statistics: Reusable=0, NonReusable=0, CsMemBlockSize=4096, checks enabled  	[MsgId: MMSG-26000]
Vuser 4 (thread 15520), ended OK."	[MsgId: MMSG-10695]
HTML-Mode memory management statistics: Reusable=0, NonReusable=0, CsMemBlockSize=4096, checks enabled  	[MsgId: MMSG-26000]
HTML-Mode memory management statistics: Reusable=0, NonReusable=0, CsMemBlockSize=4096, checks enabled  	[MsgId: MMSG-26000]
Vuser 1 (thread 7736), ended OK."	[MsgId: MMSG-10695]
Vuser 8 (thread 11056), ended OK."	[MsgId: MMSG-10695]
Action was aborted.	[MsgId: MMSG-10694]
Ending Vuser...	[MsgId: MMSG-15966]
Starting action vuser_end.	[MsgId: MMSG-15919]
Ending action vuser_end.	[MsgId: MMSG-15918]
Vuser Terminated.	[MsgId: MMSG-15963]
HTML-Mode memory management statistics: Reusable=0, NonReusable=0, CsMemBlockSize=4096, checks enabled  	[MsgId: MMSG-26000]
Action was aborted.	[MsgId: MMSG-10694]
Ending Vuser...	[MsgId: MMSG-15966]
Starting action vuser_end.	[MsgId: MMSG-15919]
Ending action vuser_end.	[MsgId: MMSG-15918]
Vuser Terminated.	[MsgId: MMSG-15963]
Vuser 7 (thread 7808), ended OK."	[MsgId: MMSG-10695]
Action was aborted.	[MsgId: MMSG-10694]
Ending Vuser...	[MsgId: MMSG-15966]
Starting action vuser_end.	[MsgId: MMSG-15919]
HTML-Mode memory management statistics: Reusable=0, NonReusable=0, CsMemBlockSize=4096, checks enabled  	[MsgId: MMSG-26000]
Ending action vuser_end.	[MsgId: MMSG-15918]
Vuser Terminated.	[MsgId: MMSG-15963]
Vuser 3 (thread 2436), ended OK."	[MsgId: MMSG-10695]
HTML-Mode memory management statistics: Reusable=0, NonReusable=0, CsMemBlockSize=4096, checks enabled  	[MsgId: MMSG-26000]
Vuser 2 (thread 17268), ended OK."	[MsgId: MMSG-10695]
Vuser 6 (thread 2500), ended OK."	[MsgId: MMSG-10695]
