Action.c(50):     -search-container{margin:0 auto;max-width:1100px;cursor:pointer}@media screen and (max-wid
Action.c(50):     th:1250px){.myOrderSection .cover table{display:none}.myOrderSection .tabletsSection{displ
Action.c(50):     ay:block}.myOrderSection .tabletsSection .title{border-bottom:1px solid rgba(189,189,187,1
Action.c(50):     )}.myOrderSection .tabletsSection .orderDetails{background-color:#F4F4F2}.myOrderSection .
Action.c(50):     tabletsSection .title,.myOrderSection .products .orderDetails{display:table;width:100%}.my
Action.c(50):     OrderSection .tabletsSection .title>div,.myOrderSection .products .orderDetails>div{displa
Action.c(50):     y:table-cell;width:33%}.myOrderSection .tabletsSection .title label,.myOrderSection .produ
Action.c(50):     cts .orderDetails label{display:block;padding:10px}.myOrderSection .products .orderDetails
Action.c(50):      img{width:80px;padding:10px 0}.myOrderSection .products div.productName{display:inline-bl
Action.c(50):     ock;position:relative;vertical-align:top;height:80px;margin:15px 0}.myOrderSection .produc
Action.c(50):     ts div.productName>span{display:inline-block;position:relative}.myOrderSection .products d
Action.c(50):     iv.productName>div{position:absolute;bottom:0;color:#828282}.myOrderSection .products div.
Action.c(50):     productName>div>*{display:block}.myOrderSection .products div.productName>div *{font-size:
Action.c(50):     11px}}@media screen and (max-width:768px){.myOrderSection{margin:0!important}.myOrderSecti
Action.c(50):     on .bigEmptyOrder{font-size:30px;padding:20px 12px;margin-top:0}}@font-face{font-family:lo
Action.c(50):     calRobotoThin;src:url(fonts/roboto_thin_macroman/Roboto-Thin-webfont.eot);src:url(fonts/ro
Action.c(50):     boto_thin_macroman/Roboto-Thin-webfont.eot?#iefix) format('embedded-opentype'),url(fonts/r
Action.c(50):     oboto_thin_macroman/Roboto-Thin-webfont.woff) format('woff'),url(fonts/roboto_thin_macroma
Action.c(50):     n/Roboto-Thin-webfont.ttf) format('truetype'),url(fonts/roboto_thin_macroman/Roboto-Thin-w
Action.c(50):     ebfont.svg#RobotoMediumItalic) format('svg');font-weight:200;font-style:normal}@font-face{
Action.c(50):     font-family:localRobotoLight;src:url(fonts/roboto_light_macroman/Roboto-Light-webfont.eot)
Action.c(50):     ;src:url(fonts/roboto_light_macroman/Roboto-Light-webfont.eot?#iefix) format('embedded-ope
Action.c(50):     ntype'),url(fonts/roboto_light_macroman/Roboto-Light-webfont.woff) format('woff'),url(font
Action.c(50):     s/roboto_light_macroman/Roboto-Light-webfont.ttf) format('truetype'),url(fonts/roboto_ligh
Action.c(50):     t_macroman/Roboto-Light-webfont.svg#RobotoMediumItalic) format('svg');font-weight:200;font
Action.c(50):     -style:normal}@font-face{font-family:localRobotoRegular;src:url(fonts/roboto_regular_macro
Action.c(50):     man/Roboto-Regular-webfont.eot);src:url(fonts/roboto_regular_macroman/Roboto-Regular-webfo
Action.c(50):     nt.eot?#iefix) format('embedded-opentype'),url(fonts/roboto_regular_macroman/Roboto-Regula
Action.c(50):     r-webfont.woff) format('woff'),url(fonts/roboto_regular_macroman/Roboto-Regular-webfont.tt
Action.c(50):     f) format('truetype'),url(fonts/roboto_regular_macroman/Roboto-Regular-webfont.svg#RobotoM
Action.c(50):     ediumItalic) format('svg');font-style:normal;font-weight:400}@font-face{font-family:localR
Action.c(50):     obotoMedium;src:url(fonts/roboto_medium_macroman/Roboto-Medium-webfont.eot);src:url(fonts/
Action.c(50):     roboto_medium_macroman/Roboto-Medium-webfont.eot?#iefix) format('embedded-opentype'),url(f
Action.c(50):     onts/roboto_medium_macroman/Roboto-Medium-webfont.woff) format('woff'),url(fonts/roboto_me
Action.c(50):     dium_macroman/Roboto-Medium-webfont.ttf) format('truetype'),url(fonts/roboto_medium_macrom
Action.c(50):     an/Roboto-Medium-webfont.svg#RobotoMediumItalic) format('svg');font-style:normal;font-weig
Action.c(50):     ht:500}@font-face{font-family:localRobotoBold;src:url(fonts/roboto_bold_macroman/Roboto-Bo
Action.c(50):     ld-webfont.eot);src:url(fonts/roboto_bold_macroman/Roboto-Bold-webfont.eot?#iefix) format(
Action.c(50):     'embedded-opentype'),url(fonts/roboto_bold_macroman/Roboto-Bold-webfont.woff) format('woff
Action.c(50):     '),url(fonts/roboto_bold_macroman/Roboto-Bold-webfont.ttf) format('truetype'),url(fonts/ro
Action.c(50):     boto_bold_macroman/Roboto-Bold-webfont.svg#RobotoMediumItalic) format('svg');font-style:no
Action.c(50):     rmal;font-weight:800}*{font-family:localRobotoRegular}html,body{margin:0;padding:0}#chat{w
Action.c(50):     idth:100%;height:100%;position:fixed;background-color:#fff;padding:20px 30px;box-sizing:bo
Action.c(50):     rder-box;overflow-y:scroll;border-bottom:52px solid #fff}#chat>#chatBody{max-width:800px;m
Action.c(50):     argin:0 auto}#chat .chat-date{font-size:12px;color:#828282;text-align:center}#chat .chat-d
Action.c(50):     ate img{margin:-2px 3px}#chat .assistant{width:65px;text-align:center;display:inline-block
Action.c(50):     ;vertical-align:top}#chat .message .assistant img{width:45px}#chat .message.user{direction
Action.c(50):     :rtl}#chat .message .assistant span{font-size:11px;color:#828282;display:block}#chat .mess
Action.c(50):     age .ballon,#chat .message .written{display:inline-block;width:50%;vertical-align:top;posi
Action.c(50):     tion:relative;top:11px;box-sizing:border-box}#chat .message .ballon{background-color:#54b3
Action.c(50):     ad;padding:0 40px 0 25px;border-radius:0 60px 60px;top:20px;margin-bottom:30px}#chat .mess
Action.c(50):     age.user .ballon{background-color:#ececec;border-radius:60px 0 60px 60px;padding:0 40px;di
Action.c(50):     rection:ltr}#chat .message .ballon p{color:#fff;font-size:13px}#chat .message.user .ballon
Action.c(50):      p{color:#2a2a2a;text-align:left}#chat .message.user .ballon p{color:#2a2a2a;text-align:le
Action.c(50):     ft}#chat .message .written ul{list-style:none;padding:0;margin:0}#chat .message .written u
Action.c(50):     l li{width:6px;height:6px;border-radius:10px;margin-left:7px;background-color:#54b3ad;disp
Action.c(50):     lay:inline-block;-webkit-animation-fill-mode:both;animation-fill-mode:both;-webkit-animati
Action.c(50):     on-duration:1s;animation-duration:1s;-webkit-animation-iteration-count:infinite;animation-
Action.c(50):     iteration-count:infinite;-webkit-animation-name:writtenRightNow;-moz-animation-name:writte
Action.c(50):     nRightNow;-o-animation-name:writtenRightNow;animation-name:writtenRightNow;animation-delay
Action.c(50):     :0s;transform:scale(1)}#chat .message .written ul li:nth-child(2){animation-delay:.2s;back
Action.c(50):     ground-color:#98d1ce}#chat .message .written ul li:nth-child(3){animation-delay:.4s;backgr
Action.c(50):     ound-color:#bbe1de}@keyframes writtenRightNow{from{background-color:#54b3ad}70%{background
Action.c(50):     -color:#bbe1de;transform:scale(1)}to{background-color:#54b3ad}}#bottomSection{position:fix
Action.c(50):     ed;bottom:0;z-index:20;width:100%;border:solid 1px #e8e8e8}#btnSender.disable{opacity:.3}#
Action.c(50):     bottomSection input[type=text]{font-size:14px;color:#828282;font-family:localRobotoLight;w
Action.c(50):     idth:calc(100% - 64px);display:inline-block;padding:15px 30px;box-sizing:border-box;border
Action.c(50):     :0;outline:0}#bottomSection img{cursor:pointer;padding:10px;vertical-align:middle}@media s
Action.c(50):     creen and (max-width:450px){#chat .assistant{width:auto}#chat .message .assistant img,#cha
Action.c(50):     t .message .assistant span{display:inline-block;vertical-align:middle;padding:0 5px}#chat 
Action.c(50):     .message .ballon{width:100%;top:5px}#chat .chat-date{margin-bottom:20px}}#png{position:abs
Action.c(50):     olute;z-index:90000;top:0;top:-14px;opacity:.39}*{margin:0;padding:0;outline:0}.loader{wid
Action.c(50):     th:100%;height:100%;position:fixed;background-color:rgba(255,255,255,.5);z-index:1001;disp
Action.c(50):     lay:none}.loader>div{position:absolute;top:49%;left:0;right:0;width:50px;height:50px;margi
Action.c(50):     n:0 auto;transform:scale(1.6)}.loader div:before{}body{position:relative;left:0;overflow-x
Action.c(50):     :hidden;display:block}.no-bottom-padding{padding-bottom:0}div.mobile-btn-handler{padding:0
Action.c(50):      5px;margin:16px 10px;display:none;cursor:pointer}div.mobile-btn-handler span{display:bloc
Action.c(50):     k;width:25px;height:3px;margin:5px 0;background-color:#333}#mobile-section{background-colo
Action.c(50):     r:#fff;position:fixed;top:38px;left:9999px;height:100%;z-index:990}#mobile-section ul{font
Action.c(50):     -size:0}#mobile-section .cart{font-size:12px;position:absolute;top:0;padding:10px 4px 10px
Action.c(50):      0;background-color:#fff;border-radius:0 10px 10px 0}#mobile-section .img{padding:14px;bac
Action.c(50):     kground-color:#fff;display:block;text-align:center;cursor:pointer;position:relative;paddin
Action.c(50):     g-left:8px}#mobile-section .img:active{background-color:#ededed}#mobile-section .hi-user{f
Action.c(50):     ont-size:16px;display:block;position:relative;top:7px}.mobileTitle{position:fixed;top:91px
Action.c(50):     ;z-index:9999}.pointer{cursor:pointer}.uiview{padding-top:65px}header{position:fixed;backg
Action.c(50):     round-color:#fff;width:100%;z-index:999;top:0}nav{direction:rtl}nav .navLinks{display:none
Action.c(50):     ;white-space:nowrap}nav ul{float:right;display:inline-block;margin:7px 15px 0 0}nav ul li{
Action.c(50):     display:inline-block;vertical-align:top;position:relative}nav ul li>ul{font-size:0}nav ul 
Action.c(50):     li>a{font-size:16px;cursor:pointer;display:block;text-decoration:none;padding:9px;transiti
Action.c(50):     on:all 1s ease;transform:scale(1);opacity:1;color:#313131;white-space:nowrap}nav ul li>a .
Action.c(50):     mini-title{white-space:normal}nav ul li>a .mini-title-help{white-space:normal}nav ul li a.
Action.c(50):     searchSectionEnabled{transform:scale(0);opacity:0}nav ul li a span.cart{position:absolute;
Action.c(50):     font-size:13px;top:-3px;right:-2px}nav ul li a.menu{padding:10px 66px}nav ul li:nth-child(
Action.c(50):     3) a.menu{padding-right:53px}nav ul li>a:not(.img){opacity:.8;padding:15px 18px}nav ul li 
Action.c(50):     a:not(.img):hover{opacity:1}nav .img{position:relative;top:4px}nav .img>img{height:25px}na
Action.c(50):     v .img>.hi-user{font-size:15px;position:relative;top:-7px;padding:0;left:-7px;margin-left:
Action.c(50):     11px;font-weight:400;z-index:1}div.logo{float:left}div.logo a{direction:ltr;display:inline
Action.c(50):     -block;padding:10px;vertical-align:top;font-size:0}div.logo a span{font-size:30px;color:#3
Action.c(50):     13131;vertical-align:bottom;display:inline-block;position:relative;left:-2px;top:3px}div.l
Action.c(50):     ogo span.logoDemo{font-size:21.5px;padding:3px 2
Action.c(50): t=915991ms: 6338-byte DECODED response body for "https://www.advantageonlineshopping.com/css/main.min.css" (RelFrameId=, Internal ID=310)
Action.c(50):     px}div.logo img{vertical-align:top;padding:10px 25px}#scrollToTop{position:fixed;margin:70
Action.c(50):     px 20px;bottom:0;right:0;opacity:.8;transition:all 1s ease;display:none;z-index:9999;borde
Action.c(50):     r-radius:100%}#scrollToTop p{transform:scale(0.8);opacity:0}#scrollToTop:hover{opacity:1}.
Action.c(50):     nav-li-Links{display:inline-block}.cell{display:table-cell}footer{position:absolute;left:0
Action.c(50):     ;right:0;bottom:0;margin-top:90px;background-color:#F4F4F2;font-size:0;z-index:50}footer>d
Action.c(50):     iv{padding:10px 0;width:80%;margin:0 auto;text-align:center}footer img{margin:17px 31px;wi
Action.c(50):     dth:82px}footer label{font-size:14px;padding:34px 0 0;color:#6c6c6c;display:block}footer .
Action.c(50):     splitter{display:none}#mobileSearch{position:relative;display:none}#mobileSearch input{wid
Action.c(50):     th:100%;background-color:#ededed;padding:7px;font-size:18px;border:0;color:#000}#mobileSea
Action.c(50):     rch .img{position:absolute;top:7px;right:8px;cursor:pointer}#mobileSearch ::-webkit-input-
Action.c(50):     placeholder{font-weight:300}#mobileSearch :-ms-input-placeholder{font-weight:300}#mobileSe
Action.c(50):     arch :-moz-placeholder{font-weight:300}#toast{top:60px;border-radius:50px;background-color
Action.c(50):     :rgba(128,128,128,.85);z-index:999;position:fixed;display:none;margin:0 auto;left:0;right:
Action.c(50):     0;width:88%;text-align:center;font-weight:600;color:#fff}#toast a{padding:10px;display:blo
Action.c(50):     ck}#team{position:fixed;display:none;width:100%;height:100%;background-color:rgba(0,0,0,.5
Action.c(50):     );z-index:99999}#team .container{display:table-cell;vertical-align:middle}#team .img{margi
Action.c(50):     n-left:auto;margin-right:auto;width:65%}#team .img img{width:100%;border-radius:2px;box-sh
Action.c(50):     adow:0 30px 30px rgba(0,0,0,.5);box-shadow:0 10px 80px rgba(255,255,255,.9),0 30px 70px rg
Action.c(50):     ba(0,0,0,.9)}#teamIdToAnimate{display:none}.animated{-webkit-animation-fill-mode:both;anim
Action.c(50):     ation-fill-mode:both;-webkit-animation-duration:3s;animation-duration:3s}.hidden{display:n
Action.c(50):     one}.displayed{display:block;position:absolute;transform-origin:0;transform:scale(0.8,1);t
Action.c(50):     op:7px;color:#2a2a2a}.animated.zoomInDown{-webkit-animation-fill-mode:both;animation-fill-
Action.c(50):     mode:both;-webkit-animation-duration:1.8s;animation-duration:1.8s}@keyframes hinge{0%{-web
Action.c(50):     kit-transform-origin:top left;transform-origin:top left;-webkit-animation-timing-function:
Action.c(50):     ease-in-out;animation-timing-function:ease-in-out}20%{-webkit-transform:rotate3d(0,0,1,80d
Action.c(50):     eg);transform:rotate3d(0,0,1,80deg);-webkit-transform-origin:top left;transform-origin:top
Action.c(50):      left;-webkit-animation-timing-function:ease-in-out;animation-timing-function:ease-in-out}
Action.c(50):     40%{-webkit-transform:rotate3d(0,0,1,35deg);transform:rotate3d(0,0,1,35deg);-webkit-transf
Action.c(50):     orm-origin:top left;transform-origin:top left;-webkit-animation-timing-function:ease-in-ou
Action.c(50):     t;animation-timing-function:ease-in-out;opacity:1}60%{-webkit-transform:rotate3d(0,0,1,70d
Action.c(50):     eg);transform:rotate3d(0,0,1,70deg);-webkit-transform-origin:top left;transform-origin:top
Action.c(50):      left;-webkit-animation-timing-function:ease-in-out;animation-timing-function:ease-in-out}
Action.c(50):     80%{-webkit-transform:rotate3d(0,0,1,60deg);transform:rotate3d(0,0,1,60deg);-webkit-transf
Action.c(50):     orm-origin:top left;transform-origin:top left;-webkit-animation-timing-function:ease-in-ou
Action.c(50):     t;animation-timing-function:ease-in-out;opacity:1}to{-webkit-transform:translate3d(-400px,
Action.c(50):     1200px,0);transform:translate3d(-400px,1200px,0);opacity:0}}.hinge{-webkit-animation-name:
Action.c(50):     hinge;animation-name:hinge}@-webkit-keyframes zoomInDown{from{opacity:0;-webkit-transform:
Action.c(50):     scale3d(.1,.1,.1) translate3d(0,-5000px,0);transform:scale3d(.1,.1,.1) translate3d(0,-5000
Action.c(50):     px,0);-webkit-animation-timing-function:cubic-bezier(0.55,.055,.675,.19);animation-timing-
Action.c(50):     function:cubic-bezier(0.55,.055,.675,.19)}60%{opacity:1;-webkit-transform:scale3d(.475,.47
Action.c(50):     5,.475) translate3d(0,60px,0);transform:scale3d(.475,.475,.475) translate3d(0,60px,0);-web
Action.c(50):     kit-animation-timing-function:cubic-bezier(0.175,.885,.32,1);animation-timing-function:cub
Action.c(50):     ic-bezier(0.175,.885,.32,1)}}@keyframes zoomInDown{from{opacity:0;-webkit-transform:scale3
Action.c(50):     d(.1,.1,.1) translate3d(0,-1000px,0);transform:scale3d(.1,.1,.1) translate3d(0,-1000px,0);
Action.c(50):     -webkit-animation-timing-function:cubic-bezier(0.55,.055,.675,.19);animation-timing-functi
Action.c(50):     on:cubic-bezier(0.55,.055,.675,.19)}60%{opacity:1;-webkit-transform:scale3d(.475,.475,.475
Action.c(50):     ) translate3d(0,60px,0);transform:scale3d(.475,.475,.475) translate3d(0,60px,0);-webkit-an
Action.c(50):     imation-timing-function:cubic-bezier(0.175,.885,.32,1);animation-timing-function:cubic-bez
Action.c(50):     ier(0.175,.885,.32,1)}}.zoomInDown{-webkit-animation-name:zoomInDown;animation-name:zoomIn
Action.c(50):     Down}@media screen and (max-width:1220px){nav ul li>a:not(.img){padding:15px 12px}}@media 
Action.c(50):     screen and (max-width:1150px){.nav-li-Links{display:none}footer>div{width:100%}#mobileSear
Action.c(50):     ch{display:block}#searchSection{display:none}}@media screen and (max-width:768px){h3.robot
Action.c(50):     o-regular{font-size:26px}nav.pages{display:inline-block;width:100%}.pages,.fixedImportant,
Action.c(50):     h3.roboto-regular{position:static!important}.noPromotedProductDiv{margin-top:0}.sticky.fix
Action.c(50):     ed+div .category-type-products{margin-top:0}.categoryData{display:none!important}#searchSe
Action.c(50):     ction>.searchPopUp>div,#searchSection>.searchPopUp>div:nth-child(1){display:block;width:10
Action.c(50):     0%}#searchSection>.searchPopUp>div:nth-child(1){height:auto}footer img{margin:0 19px;width
Action.c(50):     :16%}div.logo img{vertical-align:top;padding:10px 0;margin:0 12px}}@media screen and (max-
Action.c(50):     width:480px){.uiview{padding-top:40px}header{}div.logo a{padding:0;padding-top:0}div.logo 
Action.c(50):     svg{transform:scale(0.8);position:relative;top:5px}div.logo span.logoDemo{font-size:14px}.
Action.c(50):     pages{display:none!important}#special_offer_items,.slider,#popular_items{display:none}.des
Action.c(50):     ktop-handler{display:none}footer{margin-top:0}div.mobile-btn-handler{display:inline-block}
Action.c(50):     #searchSection>div{width:90%}#scrollToTop{display:none!important}div.logo{float:none;displ
Action.c(50):     ay:block;text-align:center}div.logo a{-webkit-transform:translateX(-29px);-ms-transform:tr
Action.c(50):     anslateX(-29px);-o-transform:translateX(-29px);transform:translateX(-29px)}div.logo a span
Action.c(50):     {font-size:22px}div.logo svg{width:25px;height:25px;top:2px}div.logo #mobile-btn{float:lef
Action.c(50):     t}div.mobile-btn-handler{margin:5px 2px}h3.roboto-regular{font-size:22px}#mobileSearch .im
Action.c(50):     g{top:51px}#threeFormFactors{border:0!important;width:400px!important;height:800px!importa
Action.c(50):     nt}#threeFormFactorsWeb,#threeFormFactorsWebMobile,#threeFormFactorsNativeMobile{height:20
Action.c(50):     0px!important;width:300px!important}div.threeFormFactorsLines{display:none}div.aboutPagePa
Action.c(50):     ddingCaption{padding-top:0!important}}
Action.c(50): t=915992ms: Request done "https://www.advantageonlineshopping.com/css/main.min.css"  	[MsgId: MMSG-26000]
Action.c(50): t=915992ms: 1583-byte response body for "https://www.advantageonlineshopping.com/css/images/facebook.png" (RelFrameId=, Internal ID=330)
Action.c(50): t=915992ms: Request done "https://www.advantageonlineshopping.com/css/images/facebook.png"  	[MsgId: MMSG-26000]
Action.c(50): t=916207ms: 2114-byte response body for "https://www.advantageonlineshopping.com/css/images/GoUp.png" (RelFrameId=, Internal ID=329)
Action.c(50): t=916207ms: Request done "https://www.advantageonlineshopping.com/css/images/GoUp.png"  	[MsgId: MMSG-26000]
Action.c(50): t=916207ms: 1707-byte response body for "https://www.advantageonlineshopping.com/css/images/linkedin.png" (RelFrameId=, Internal ID=332)
Action.c(50): t=916207ms: Request done "https://www.advantageonlineshopping.com/css/images/linkedin.png"  	[MsgId: MMSG-26000]
Action.c(50): t=916426ms: 18-byte response body for "https://www.advantageonlineshopping.com/catalog/fetchImage?image_id=speakers" (RelFrameId=, Internal ID=365)
Action.c(50): t=916426ms: 8192-byte response body for "https://www.advantageonlineshopping.com/catalog/fetchImage?image_id=speakers" (RelFrameId=, Internal ID=365)
Action.c(50): t=916426ms: 8156-byte response body for "https://www.advantageonlineshopping.com/catalog/fetchImage?image_id=speakers" (RelFrameId=, Internal ID=365)
Action.c(50): t=916426ms: 36-byte response body for "https://www.advantageonlineshopping.com/catalog/fetchImage?image_id=speakers" (RelFrameId=, Internal ID=365)
Action.c(50): t=916426ms: 492-byte response body for "https://www.advantageonlineshopping.com/catalog/fetchImage?image_id=speakers" (RelFrameId=, Internal ID=365)
Action.c(50): t=916626ms: 383-byte response headers for "https://www.advantageonlineshopping.com/css/fonts/roboto_bold_macroman/Roboto-Bold-webfont.woff" (RelFrameId=, Internal ID=370)
Action.c(50):     HTTP/2.0 200\r\n
Action.c(50):     Status: 200\r\n
Action.c(50):     server: nginx/1.18.0 (Ubuntu)\r\n
Action.c(50):     date: Wed, 27 Apr 2022 10:26:34 GMT\r\n
Action.c(50):     content-type: font/woff\r\n
Action.c(50):     content-length: 24808\r\n
Action.c(50):     accept-ranges: bytes\r\n
Action.c(50):     etag: W/"24808-1641810512000"\r\n
Action.c(50):     last-modified: Mon, 10 Jan 2022 10:28:32 GMT\r\n
Action.c(50):     cache-control: max-age=0\r\n
Action.c(50):     expires: Wed, 27 Apr 2022 10:26:34 GMT\r\n
Action.c(50):     strict-transport-security: max-age=31536000; includeSubDomains; preload\r\n
Action.c(50):     \r\n
Action.c(50): t=916627ms: 5833-byte response body for "https://www.advantageonlineshopping.com/css/fonts/roboto_bold_macroman/Roboto-Bold-webfont.woff" (RelFrameId=, Internal ID=370)
Action.c(50):     wOFF\x00\x01\x00\x00\x00\x00`\xE8\x00\x13\x00\x00\x00\x00\xAF\xD0\x00\x01\x00\x00\x00\x00\x00
Action.c(50):     \x00\x00\x00\x00\x00\x00\x00\x00\x00\x00\x00\x00\x00\x00\x00\x00\x00FFTM\x00\x00\x01\xA8\x00
Action.c(50):     \x00\x00\x1C\x00\x00\x00\x1C_\xCF[\x11GDEF\x00\x00\x01\xC4\x00\x00\x00)\x00\x00\x00,\x02\xF2
Action.c(50):     \x01\xD2GPOS\x00\x00\x01\xF0\x00\x00\x06\x18\x00\x00\r\xE2\xB3\x1B\x7FMGSUB\x00\x00\x08\x08
Action.c(50):     \x00\x00\x00N\x00\x00\x00`&\xC3 \xD5OS/2\x00\x00\x08X\x00\x00\x00V\x00\x00\x00`\xB9"\xFC\x7F
Action.c(50):     cmap\x00\x00\x08\xB0\x00\x00\x01\x88\x00\x00\x01\xE2\x9F\xD0B*cvt \x00\x00\n
Action.c(50):     8\x00\x00\x00B\x00\x00\x00B\x18\x18\x11`fpgm\x00\x00\n
Action.c(50):     |\x00\x00\x01\xB1\x00\x00\x02eS\xB4/\xA7gasp\x00\x00\x0C0\x00\x00\x00\x08\x00\x00\x00\x08\x00
Action.c(50):     \x00\x00\x10glyf\x00\x00\x0C8\x00\x00K\xBF\x00\x00\x8D\xBC\x19^i\xC2head\x00\x00W\xF8\x00\x00
Action.c(50):     \x001\x00\x00\x006\x03m\x98\xE5hhea\x00\x00X,\x00\x00\x00\x1F\x00\x00\x00$\x0Fu\x061hmtx\x00
Action.c(50):     \x00XL\x00\x00\x02h\x00\x00\x03\xA8\xD5BB=loca\x00\x00Z\xB4\x00\x00\x01\xCC\x00\x00\x01\xD6
Action.c(50):     \\\x129\xC8maxp\x00\x00\\\x80\x00\x00\x00 \x00\x00\x00 \x02\x07\x01\xB0name\x00\x00\\\xA0\x00
Action.c(50):     \x00\x01\x91\x00\x00\x03\x1D1s%\xF0post\x00\x00^4\x00\x00\x01\xED\x00\x00\x02\xE5\x07\x8F-
Action.c(50):     \x90prep\x00\x00`$\x00\x00\x00\xBA\x00\x00\x01G\x9Bn\xA4\xA0webf\x00\x00`\xE0\x00\x00\x00\x06
Action.c(50):     \x00\x00\x00\x06\xF6\x95R{\x00\x00\x00\x01\x00\x00\x00\x00\xCC=\xA2\xCF\x00\x00\x00\x00\xC4
Action.c(50):     \xF0\x11.\x00\x00\x00\x00\xCE\xA1\xA7\x13x\xDAc`d``\xE0\x03b\x15\x06\x10`b`f`dx\n
Action.c(50):     \xC4\xCF\x80\x90\x89\xE19\xC3K \x9B\x05,\xC3\x00\x00S\x10\x04\xC5\x00\x00\x00x\xDA\xAD\x97
Action.c(50):     ilUU\x14\x85\xD7}\x1Dh\xEB\xA3\xED\xE3\xB5\x8C6&\x84Q\x02\x18\x06)\x931\x04k\x01\x83R@f\x03
Action.c(50):     \t\xF2C\x05\t\x12\xC3\x0F\xD1\x84Q@\x8CA\x10\xC2Td.\x83\xC4\xB4\xCC\xC8\x8C(\x01\r\tS\xA1\x14
Action.c(50):     A\x02\\\x04\x95\x88\t\xBF\xBA\xFD\xEEi\x81\x07\xB6\x14\xD0\xB7\xB2\xEE==\xE7\x9E}\xF6^g\xDA
Action.c(50):     \x95')E/\xE8%\x85\xBA\xE7\xBC\xD6O\xA9\xEF\x8D\x18?F\xF5\x15O\xBD\xCC\x14\xB4\xC7\x96\xBDw
Action.c(50):     \xDF\x1E7FIA\xC91^!\xDE!\xA5\xC4\x8D\x94\x17\xFA\xDD}\xDBN\xE3\xC0\x04}\xAE\xC5Z\xAE\xB5\xFA
Action.c(50):     \xC6\x1B\xEB}\xA8\xE5\xDEG\xDE4o\x99\xB7\xC5;\xE1]\xF1\xEE\x84\xDA\x84\xB2Cy\xA1\t\xA1\xD5
Action.c(50):     \xA1\xA2\xD0\x0Ex\x82\xEF\xEFc1\xFD\xCA\xB1\xFC>\xE8U\x14*\xF2\xEE8\xFB\x01<\rVX\t\xEA\xA8
Action.c(50):     :\xEA\x84\xD7]TO\xF9\xF0 \x8CSC+\xD4\x00\xBB\xA1\xC1V\xCC\x97a\xBB\xC4\xF3S;\x10\xF4\xB2\xAB
Action.c(50):     \xC4\x9CV\xB6S\x11\x98\x05\x1B\xD90uP\x86\xBA\xDB.\xE5\xD8Q\xBD\n
Action.c(50):     saO\x98gG\xD4\x8Fw\x7F,\x0C\xA4\xE7 \xBB\xAC\xA1p\x12}&\xC3)p*\x9C\x06\xA7\xC3\xE5\xD8X\x01
Action.c(50):     W\xC2Up5\\\x03\x0B\xB0\xB1\x0E\xAE\x87\x1B\xE0FX\x84\xED\xCDp\x0B\xDC\n
Action.c(50):     \xB7\xC1\x9D\x8C\xB1\x0B~\x07w\xC3=\x8C\xB5\x0F\x1E\xE0\xFBb|-\x81\xA50\x88c\x8B{.`\x06\x06
Action.c(50):     (\x9D\xE8\x86(Q\x1D\x88\xB7\xA3]P'\xF3\xD5\xC5\xB6+\x1F\x1E\x84\t\xB4\\\xA4\xE5:\xB5\x87\xA9
Action.c(50):     =L\xEDa\xD5 \xAEBl\xFC\xA8\xD1\xD6G\x13\xAD/V\xBAj\xAD-\xD1\x0E\xFB\x82\xF9\x0C\xA3\xED\xCB
Action.c(50):     (\xD3\xDF\xCEk\xB8j\xBB\x9A\x085\xA9\xD4\\\xA3&\x9DR2v\x82\xEFj\xDAZZ2\xD5\xC3\xCE\xD0\xBA
Action.c(50):     \x1F\xF5/\xB8>\xA3m\x06\x96\x0Fby\x02\x96\xD7`y\x95\xCE\xDB|\xE7\xFBE<ni\xBF)\x1B.\x82\x8B
Action.c(50):     \xE1\x12\xB8\x14&\xE3sC\xD6gC\xAC\xB7\xC7r7\xAC5\xD6i\xFE>\x03\xCF\xC2s\xF0\x19f\xCCg\xC6|
Action.c(50):     f\xCCg\xC6|f\xCBGm\x1F\xB5}\xD4\xF6Q\xDBGm\x1F\x05}\xD6E\x0F\xD5E\xAD\x06\xAC\x9D\x06x\xD0
Action.c(50):     Cix\x90f\xDB\x14\x81Y\xB0\x18\x96\xC0R\x18\xF8\xE6\xE3\x9B\x8Fo>\xBE\xF9\xF8\xE6\xE3\x9BO\xCF
Action.c(50):     vx\x97\xC2\xE8\x8D\xD4DM\xD5L\xCD\xD5J\xAD\xD5Fmii\xCFj\xEA\xC8\x9A\xEC\xA2\xAE\xEC\xAD\x1E
Action.c(50):     \xEA\xAD\xFE\x1A\xC4\x88C\xF5\x96&i\xB2\xA6h\xAA\xA6i\xBAfh\xA6f\xE93\xCD\xD6\x1C\xCD\xD5<
Action.c(50):     }\xA5\xF9Z\xC0\x1A\xDE\xA3}\xAC\xE2\xD3\xC4y\x96\x18C\xC9\x0B\x83\x9DU\xA3vR\x8E\x9ES\x16\xBB
Action.c(50):     \xF1\xA4\xE5\xD9&[i\xBE\x15X\x81\x9E\xE0W\xF6\xAB\xFE\x97\x9F]\xB4\xCB\xF61\xBB\xE9\xC9{\x96
Action.c(50):     >\xD1\xD7\xD7\x1E\x18\xF3\xAA\xFD\xC4{-\xEF+v\xEC1z\xFF\x05\xAFS\xC8x\xA8\xFE\x06{\xB9\xEA
Action.c(50):     ^W\xFF\x932\x97\x02O+\xA9\xBFb\xC7m\xA0}os*\x99\x95S\xEC\x92\xFB_\xB6\xB0\xE6e\x7F\xC7\xFC
Action.c(50):     \xFD\xA7\x8D\xE7y\x08^\xB6Y\xFF\xB2;\xD0n\xDB-\xDE\xB7b\xECM\xB2B+\xB6Q\x14#1_~\xFDP\xCF\xC5
Action.c(50):     \xB6\xD4\xE6\xDBF[a\xAB\x15u\x90\xB5w-\xFB\xE9\x9Fo\xD9v\xC1F\x066l\x94\xDD\xB4U\x9C!w{~`G
Action.c(50):     8\x8D\xC4iu\xDFZ\xF3\x8A\xF7\x05\xFC\xD9Z\x95\xBE\xB4\x14[\to\xC8\xD9Q^7\xA0\xE2\xCDL\xD9\xA2
Action.c(50):     j\xB5\xFD\xC5\x15\xD3c\xAA3\xEC\x9A\x1D\xB3\x1C;\xC7I\xA6Jf{\x84-\xB3O\x88h\xACM\xA7-\x13\xC8
Action.c(50):     \x92+\xDA6\xB3\x87&\x06k\x92\xB5L?\xE2,\xB5S6\xA2\xA2kZ\xF9\n
Action.c(50):     \x8C]\x85\xF7\xAC^\x0Ff\xB9\xF28\x83U\xFA\xC88\xFE\xA8\xB2\xE5\xE7jz\xDE\x8E]\x17\x81\xA5\xBB
Action.c(50):     \xB6\xEC\xD4S\xAF\xD8\xB3\xD5\xB4\xDF\xAA\xB2\xE5\x87\xA7\x1E\xF3\xC0\xE3+d7\x83Y\x0F\x9E\xEE
Action.c(50):     \x17\xAD\xF4\xFB1\xF7\x8A\xCF>\xDA\xAE\xDB+\xB1\xD6\xC7?nd\x9C\xFA\xEC\xC0\xA7\x8A\xF6f9\x9F
Action.c(50):     \xB0W7\xD6t'\x1Bn\xBD\xB9\x95\xC3\x0E*\xFB\xD2\xB5L\xB2w,\xB7l\x81\x15\x95\x05\xEB/\xA9\xEC
Action.c(50):     \xAA\x1D\xE5F\xA8\x88\xC4\x8A\x1E\xB02\xDBv\xB3\xCF\xAF=b\x9C\xBD\xEE\xE9n\x06\x9B\xC7^\xF9
Action.c(50):     \xD6\x0E\xC1#\xC1>q{\xA5\x85k\xD9\xE7\x9E\xC39\xC7\xAE\xB8\xD2\xA6*\x14\xF2\xAB\x8D\xEB\xF8
Action.c(50):     \x83\xBB\xB3\x9A\xAF\xB7\xDF=\x1B\x1E\xDA\x01!\xEE\xDA4\xE0q\xC6Exf\x01\x8F\xFC\xA01-M@\x1C
Action.c(50):     \xB7rS\xEE\xCDf A-A"7t+2\x9E\xD6 \x89\xDEmhm\x0B\x92\xB9\xAD;p\x97g\x83D\xEE\xED\x8E\xDC\xEA
Action.c(50):     \x9D@X\x9DAMn\xF1.d9]A\x9A\xBA\x83t\xBD\x02"\xCA\x01\xB5\x94\x0B\xA2\xEA\x052\xF4\x86\xFA\xF0
Action.c(50):     \xCC\x03\x99\xEA\x0B"\xDC\xFB\xFD9\xDB\x07\x81:\x1A\x02\xEA\x92\x03\x0C\xA5<\x0C\xD4\xE3\xFE
Action.c(50):     \x9F\x81\x9F3\xB9\xFF\x13\xC8\x00\xE6\xE0\xCF\\\xEE\xFFx-\xD2R<\xC9\x07\xA9d\xBEk\x18\xB1\x00
Action.c(50):     \xD4\xD2:md\xACB\x90\xA1"mc\x94=\xA0\x8E\xF6\x82\x089\xC3>\xCA\x07A\xAA\x8A\x15d\xBD%\xC0S
Action.c(50):     )\xF0P%\x9BQ\x12(\xA5\x00\xCFi\x17\xC6r:v\x03\x05\xC3N\xC10\xF9L\xA3\n
Action.c(50):     \x05\xA3z\x1ED\x9Dv\r\x9C^Qr\x9Bv<_\x04u\x9DjIN\xB5L\xA7Z\xB2S\xADv\x8Cj)N\xB5T\xA7Z\x1Cj\xE5
Action.c(50):     \x12[O\x10\xEF\x94JpJ%:\xA5\x12\xD4\x0F\xC4\xEBMPC\x03A\xBAS-\xE2T\xAB\xE7T\x8B8\xD5\xEA\xEB
Action.c(50):     }P\x8B<j:~\x06\n
Action.c(50):     F\x9DjQ-\x04Q\xA7]\xA6\xD3.\xC5i\x17\x87r\x1B\xB1\x1C\xA8\x96\xE0TK\xD4N\xED\xC6~\xA0]\xB9
Action.c(50):     j\x11\xED\x07Q\x1D\x00\xF1N\xC1\x14\x9D\xD4)F\tr0\xCF\xA9\x19v\xB9X\xB9\xA6a\xA7i\x98\xBF^
Action.c(50):     wY`\x1A\x16\xB2Xy\xE5\x99`\xCB{\x99`\x07\xB4\t\xF2\xC0\xCE.\x13\xEC\xCE\xAA\t4\xE8\xE5\xA2
Action.c(50):     \xCF#\xEA +\x1CBd\xC3\xAA\xC8\x04\x17\xF1\x9F\xD0\x12\xE2\xC9'\x92\x15Z\xA9UZMD\x05\xAC\x83
Action.c(50):     \xF5\xDA@T\x85\xC4\xB3Y[\xB4\x95\xA8\xF6\xB0\x06\xEEf\x8D\xC5\xCE\xD7\x12\x95\xFE\x03u\x8C
Action.c(50):     \x0EBx\xDAc`d``\xE0b\xD0c\xB0a`rq\xF3\ta\xE0\xCBI,\xC9c\x90b`\x01\x8A3\xFC\xFF\xCF\x00\x92
Action.c(50):     \x87\xB1\x19\x18\x18s2\xD3\x13\x198@,0f\x01\xCB1\x02E\x18\x19\x84\xA04\x0B\xC33\x06&\x06\x1F
Action.c(50):      \x8B\x91\xC1\x13\x00b\xCD\n
Action.c(50):     \xD7\x00\x00x\xDAc`f\xD1c\xDA\xC3\xC0\xCA\xC0\xC2:\x8B\xD5\x98\x81\x81Q\x1EB3_dHcb``\x00a\x08
Action.c(50):     x\xC0\xC0\xF4>\x80A!\x1A\xC8T\x00\xF1\xDD\xF3\xF3\xD3\x81,\xDE\xDF,li\xFF\xD2\x18\x188j\x98
Action.c(50):     \x82\x15\x18\x18\xE7\xFB320\xB0X\xB1n\x00\xABc\x02\x00\x81\x9C\x0EK\x00\x00x\xDAc```f\x80`
Action.c(50):     \x19\x06F\x06\x10\xB8\x03\xE41\x82\xF9,\x0C\x07\x80\xB4\x0E\x83\x02\x90\xC5\x03d\xF12\xD41
Action.c(50):     \xFCg\x0Cf\xAC`:\xC6tG\x81KADAJANAIAMA_\xC1J!^a\x8D\xA2\xD2\x03\x86\xDF,\xFF\xFF\x83\xCD\xE1
Action.c(50):     \x05\xEA[\xC0\x18\x04U\xCD\xA0 \xA0 \xA1 \x03Um\tW\xCD\x08T\xCD\xF8\xFF\xEB\xFF\xC7\xFF\x0F
Action.c(50):     \xFD/\xF8\xEF\xF3\xF7\xFF\xDFW\x0F\x8E?8\xF4`\xFF\x83}\x0Fv?\xD8\xF1`\xC3\x83\xE5\x0F\x9A\x1F
Action.c(50):     \x98\xDF?\xA4\xF0\x94\xF5)\xD4\x85D\x03F6\x06\xB8\x16F& \xC1\x84\xAE\x00\xE8u\x16V6v\x0EN.
Action.c(50):     n\x1E^>~\x01A!a\x11Q1q\tI)i\x19Y9y\x05E%e\x15U5u\rM-m\x1D]=}\x03C#c\x13S3s\x0BK+k\x1B[;{\x07
Action.c(50):     G'g\x17W7w\x0FO/o\x1F_?\xFF\x80\xC0\xA0\xE0\x90\xD0\xB0\xF0\x88\xC8\xA8\xE8\x98\xD8\xB8\xF8
Action.c(50):     \x84D\x86\xB6\xF6\xCE\xEE\xC93\xE6-^\xB4d\xD9\xD2\xE5+W\xAFZ\xB3v\xFD\xBA\r\x1B7o\xDD\xB2m
Action.c(50):     \xC7\xF6=\xBB\xF7\xEEc(JI\xCD\xBC[\xB1\xB0 \xFBIY\x16C\xC7,\x86b\x06\x86\xF4r\xB0\xEBrj\x18
Action.c(50):     V\xECjL\xCE\x03\xB1sk\xEF%5\xB5N?t\xF8\xEA\xB5[\xB7\xAF\xDF\xD8\xC9p\xF0\x08\xC3\xE3\x07\x0F
Action.c(50):     \x9F=g\xA8\xBCy\x87\xA1\xA5\xA7\xB9\xB7\xAB\x7F\xC2\xC4\xBE\xA9\xD3\x18\xA6\xCC\x99;\x9B\xE1
Action.c(50):     \xE8\xB1B\xA0\xA6* \x06\x00x\x92\x89u\x00\x00\x04:\x05\xB0\x00\xE1\x01\x0C\x00\xC1\x00\xC8
Action.c(50):     \x00\xCD\x00\xD5\x00\xD9\x00\xDD\x00\xE5\x00\xED\x00\xFD\x00\xA5\x01$\x01:\x01\x0C\x01\x12
Action.c(50):     \x01\x18\x01\x1E\x01$\x014\x01\x08\x00\xB4\x00\xCA\x00\xE3\x00\xBB\x00\xE8\x00\xBF\x01"\x00
Action.c(50):     D\x05\x11\x00\x00x\xDA]Q\xBBN[A\x10\xDD\r\x0F\x03\x81\xC4\xD8 9\xDA\x14\xB3\x99\x90\xC6{\xA1
Action.c(50):     \x05\t\xC4\xD5\x8Dbd;\x85\xE5\x08i7r\x91\x8Bq\x01\x1F@\x81D\r\xDA\xAF\x19\xA0\xA1\xA4H\x9B
Action.c(50):     \x06!\x17H|B>!\x123k\x88\xA24;;\xB3s\xCE\x993K\xCA\x91\xAAw\xE9k\xCFS\xE7$\x90\xC2\xDD\x06
Action.c(50):     \xCD6\xFDNH\xB5\xB3\x00\xF7\xA4\xEB\xEB\x8D\x8C\xB4\x83\x07Zlf\xF4\xCAu\xFB\xFE\x0B\x06\x9B
Action.c(50):     \xD1\x94;j\x00\xE5=o)\x0F\x19M;\x81Z\xB4\xA7\xFE\xD1\xFC\n
Action.c(50):     \x86\xFB\xFC\x1F\xF3;\x18\xB44\xD3\xF4\xD4:\t\xE9!\x04\xE6\x9BqK\x83\xEF\x19\xCD\xBA\xCB\x0F
Action.c(50):     \xFA\x82\xD5\xE1b00\xA4\x98\xA6\xE2.?\xA6R\xFE\xB74\xE7j\xCB\xB0\xB5\x91\xD1\xBC\x833\x11\xF9
Action.c(50):     \xC94@Skm\x04\x9A\xFE\xD4!\xD5\xF3q\x14K\x90\xCB\xA6\xB16\x98\x98\xB2\xFE$\x13\xC1\x85\xC9
Action.c(50):     tUS\xB5\xCC\xF8\xDA\xC1]\xB2\xB3\xE8`\x83*\xCD\x81\x07\xD8\xC3Vy\x0C\x1E\x0E\x0F&\x14\xD2\xB7
Action.c(50):     $\xCA,\r\x11\xF6b\xAB\xC4\x08\x11\x93\x1C\n
Action.c(50):     9\xE5\xDC\xC9\xFE\xA4@\xF9H\x12\xC6\xBCIJ;\xE3\x86\xB5\x06\xC6\x91\xD7\xC0\xA06O\xB3\xFF<\x9B
Action.c(50):     Mmo\x1D\xC2\xF8Y\x1C\xC1w\xBF\x19K:\xF8\xC8\x86\xDA\x18\x11b;b)\x80\tDBFU\xF9\x86\x1A\xCF\xBD
Action.c(50):     ,\x06\xE4R\xFB\xCF@\x94\x80\xE5\xF1\x8F\x7F\x9D\x08\xB4\xEE\xD8D<\x97\xB5u\x0E1V\x08z~\xDB
Action.c(50):     \xDC\xF2\xCB\x8A\xBBV\xB9\xCE\x8BBwo\xAAj\xA8\xD2)\xCD\xFB^\xCE\xBE\xC7\x03\x9E\x1E\x0B\xC3
Action.c(50):     Ac\xC1\x9B\xCF\xFB\xFEJ\x81\xFA<,\xAE4h\x0E\x04Cz7z\xFF\xA2\xB5\xEA\x88\xAB\xBC\x17>\xB2'\xD3
Action.c(50):     \xBF\xB1Z\x00\x00\x00\x00\x01\x00\x01\xFF\xFF\x00\x0Fx\xDA\xBD\xBD\x07|\x14\xD5\xF6\x00|\xEF
Action.c(50):     \xCC\xECl\xDF\xEClM\xB2i\x9B\x0E!l\xB2\x9B\x10\x02\xA1ISzU\xE9\x1DA:*\xD8Q,X\x11\x15\xBB\x82
Action.c(50):     \xD8\x9FXf6k{\xEA\x13\xF5\xA9 \xB6g\xC1\x8A\xBDE\x9E\xBD\x0B\x19\xBEs\xEE\x9D\xD9l\n
Action.c(50):     \xE0\xFB\xFE\xDF\xEF\x13\x93\x9D\x9D\xDD\xCC\xDCs\xEE\xE9m\x88@\x86\x10"\xCC\xB7L&"\xB1\x92
Action.c(50):     \x9E\x1A%\xB1\xA6\xA4U*\xFC6\xAE\xC9\x96\x0F\x9A\x92\xA2\x00\x87D\x13\xF1\xB4\x05O'\xADr\xD1
Action.c(50):     \x81\xA6$\xC5\xF3\t%\xAA\x94E\x95\xE8\x10\xA1H/\xA5\xD7\xEB\x8B,\x93\xFF\xDA>Dz\x99\xC0%\xC9
Action.c(50):     \x85\x84\xD0{-*\xBBn\x82$\xE1\\\x95F\xDD-I\x8B@\xAA\xA8j\x8B\xA9d\x8F*\xC551\xABE\x95\xE3\x9A
Action.c(50):     5\xABE\xB3\xD3*\xA2Y\xA8\xE2S\xA5\xC6\x9AZ\xBC8\x85\x9F\x0Bi\xA9\xFE\x01-\xA5\xE4 \xA1\xBF
Action.c(50):     \x89\xFF<0\x0C\xAE\x1D\x97\xB2\x84\x99r\x84H\xC4N\xEA\x88Jb\xAA%\x91\xA2\x12\xB1IUp1\xAA:\xF0
Action.c(50):     \xEA)1Lr\xE0\x84\xE8\x85\x8BV\xA5l\xEC\x9D\xE6\x84\x9B\xD4\xD4\xFA\x95\x84bM\xE0\xAF\xF8\x97
Action.c(50):     \x0B\x9F\xFFr!\\\xCF\xA5\x7F\xFB'\xFB\x05\xD7\xAF!D\xBA\x0C\xD6\x1E!\x85t!I\xE6\xC2\xDA\x93
Action.c(50):     \xC1PN"\x91HZa\xF9I\x9B\xD3\x05\xC7)Bs\xAD\xEE\xAAfA\xC9\xCB/\r'4\xE2ii\x0E\x84\xB3#\xA5\xE1
Action.c(50):     x\xCA"\xB1\x8FDoA!~d\x81\x8Fd\xBB\xC3\r\x1FQ\xB5(\xA6\xE6\xEEI\xE5\x84\x89\x13V\x97\xE3\xD5
Action.c(50):     B\xB0\xBA {\x077qT5\x0F\x0C\xFA\xEDU\xCD\xB6`\xC8V\x95\xB2\xF2oYc\xB8~\xFC\x86\xD5\x86\xDF
Action.c(50):     \xB0J\xF6*5\xE8EhR.\xF6\x81\x16\xA5Uj\xAF\xDC\x7F\x0E\xB0\xFD\xF2\r\tV9\xFE9\xC0\xFE\xCB\x0F
Action.c(50):     x\xA0\xE6z\x9B\x85\\\xAB\x1F\x16\xC3~\xCB\xF8\x1Bn\xDBl\xCF\xB1\xC1A\xC8\xDB\xEC\x089\xFDx
Action.c(50):     \xB5fw\xD0\x05_\xF0\xB2\xDF\n
Action.c(50):     \xFB\x1D\xC0\xDF\xF8\x9D0\xFB\x0E\xFCU6\xFB+\xB8f\xC4\xBCN\x9Ey\x9D|\xFCNs\x81\xF9\xCDB</\x0E
Action.c(50):     \xF4\n
Action.c(50):     "B\xEEU\x105y\xF9\x05\x85=;\xFC\xA7\x0E\xCC\xC5\x1D\xA9\x8F\xFAK\xE0'!&\xF0'X\xC2~J\xFC\xF8
Action.c(50):     \xD3\x90\xF0\x97\xD4P\x92\xF8\x9A\xCA\xC7<r\xCC\x8E\x11\x8F\x1C\xF3\xC1_\x89O\xF4\xA3\x1F=
Action.c(50):     z\xC7\xF0G\x8F~\xEB\xA9\xC4\x0Ez\xE3?h\xF1vz\xAB>\x1B\x7F\xB6\xEB\x1F\xFEC_Ho\xC4\x1F8\x0F
Action.c(50):     \xA4G(\x99}\xB0\xBB\xD4[\xBE\x9ET\x93+\x88\xDA=\x06;D\x1C\x80\xD9\xBCX\xCA\xC7\x8E\xA8\xDA
Action.c(50):     3\xA6z\xF6h\x85@\x90\xA4h\x8F\xA2\t\x81\x16\xB5\xD0\xAB)\x80\xE2\x00\xDF\x85\xEEp:\xD5\x8D
Action.c(50):     \x1F\x07\xBC\x9A\r0\x9E\x13\xD7\xCA\xE0\x0F\xC2q-F\xAB\xB4B\x0F\x10\xAF\xABQ\xEB\xD6]\xF15
Action.c(50):     ;-y\xC5\xA5\xE1F ix\xA7UV56\xAAy\xCAC\x84z\xC2\xD9ep^\xF5\xF94%\xD0\x08\x94\xEEo\x88\x06B\x89
Action.c(50):     x\xAF\xFA\xBA\xF2\x8A\x9E\xB4\xBE\xAEWC}"X@\xB3h\xB4\xAE\xBC\xA4X\x0E\x06B\xE1\x02\x1A\x0C
Action.c(50):     \xC8\xD6`I}O:[\xA0\xF9g\xCC\x9A6g\xC6\xAA\x0F\xDF~\xFB\xE1\xAD\xEA.A\xD4?\x9B3\xE9\xD8IS\xD6
Action.c(50):     \xEE}k\xCF\xA3[\x1F\xFF\x85>m\xB9\xF0\xE49\x13\xC6/\xEC1\xFE\x85\x87\xEEy\xDB\xFF\xF6\xBB\xB9
Action.c(50):     ?=mYs\xCE\xBC\tc\xE6\xC4\x8E{>\xF9\xC0k\xFE\xE7\x9F\xF3\x7FF,d\xD6\xC1\xFFZ\xAE\xB4<G\xDCH
Action.c(50):     \xE9\x80\x99\xBE\xE4*\x92\xACBN\xAD\xF5\xB4$% u-\xDB\xD3\x92\xEA]Z%\xB9\xAB\xB4\xDEp\xA88\xD9
Action.c(50):     \xA1\xE2i\xA1j\x13\xE32O\x98\xF8\x00\x1F\x1E\xAF\x16\xE0\\\x86\xEFl^\xAD\x08\xDE\xF5\xE4\xEF
Action.c(50):     zz\xB5:xW\xC9\xDEi\xFD\x00Q\x01\x0F"H\xCA\x03\xE6h\xD4\xEAz\xC2\x9B\xFC\xD2\xAA\x02\x86\xAD
Action.c(50):     \xDE\xB5\x80\xC3\xBCF-[\x81\xD7\x02D\x0F`$\x11\x0F\xE5\xD3\x80\\R\\\xDE\xC0P\xD5\x8Fr\xD4\xF8
Action.c(50):     i\x98\x96\x1D\xE6\xF3Yw_s\xDD]w]s\xED=\xCF\x0Cl\xEA3``\xDF\xBE\x03\n
Action.c(50):     \x84\x176\xB66\xD2\x11\xF7\\s\xED\xDD\xF0\xC1?\x9E\x19\xDA{P\xEF\x81}\x9B\x06H#G\x9F{\xDF\xF6
Action.c(50):     \xF5\xA3\xCF\xBD\xF7\xDEs\xFB\x8C\x1D\xDBgt\x9F\xF1\xE3\xFB\x1C(\x92V\x8F\xDC\xBFq\xFB\xE8
Action.c(50):     s\xEE\xDB~\xEE\xE8\xF5\xF7n?\xB7q\xFC\xC8\x01\xA3\x1B\xC7\x8Fo$ \xD9\xFA\x1D\xDCg\xC9\x03\xFC
Action.c(50):     EI\x0F\xD2\x88\xB8\x8B\xA0\xA4(D\x04\x96\x89-I;"\xB0A\x04T\xF5ATi\xC5@)\xC5^\xB5\x1A\xA9K\x0E
Action.c(50):     \x83\xDC\x8Bi\xD5a<\xC5\xD0\xE3\xE2\xC8rqD\x069\xB2\xFA\x02\xB2\xAAe\xC0\x84\xD8\xA8\xD6))
Action.c(50):     {aY7/\x12\x8F\xCB\x97T\xF2*\x1B\x81\xA6\x02\x8A\x1A\x01\xB4\x95E\x18\xDA\xD4\x06 1\xD9\x95
Action.c(50):     \xDD\xAD\x06\xBE\x05\xB8\x03bb$\x05\x08\x02\n
Action.c(50):     \xCA\xA2\xB4?\xADO\x00)\x85\xAD\xD1\n
Action.c(50):     \x0F-).-c\xF8j\xA0V\x0F\xF5\x03\xA15\xC0\xE7\x0Cu\xFD\xD6_0d\xF0;\x0Fm}a\xEE\xE4\x194PZ\xF9
Action.c(50):     \xDE\x90a\xAF\t\xFA\x13\xA3'\xA7NxO\xD7i\xE9\xF2)\xF5'\xD6\xEAo\xFA\x13es\xAA\xAA\x8E\xED]
Action.c(50):     qL\xDFA\xC3\xE8Ek\xB6\xCF\x98~\xFD\xD8\xFB_}\xEE\xB2\xB9\xB7\xF5;J\xFFW\xD3ec.\xF9z\xEA/\x96
Action.c(50):     )\r\r_\xBC0\xE5\xA4H\x84Nw\xD7L\x136TMk\xE8]:\xAA:>\xE68\xC6\x9Bq\xF1\x07\x9A-g\x83<\xAF@i
Action.c(50):     n\x88r\xAAZ2\xE4\xB8\xF1\xA2\xC9i\x01.\x82\xEC\x16\x7F\x10*\xF5\x9F\xF5/8\x8F\x9F\xA9\xF7\x17
Action.c(50):     \xEE\x96G\x11\x85\xF8\tU}\x0C\xE9\x8Ep\x8B\xE6\xE7\x7FS\xEF%\r\x89\xB0,(A\xAF/l-)'g\xD2\x9A
Action.c(50):     \x1Dr\xFDy\xC9\xE4y\xF5\xF2\x0E\xFD5\xA1O\x88^$\x94\x8C\xBFj\xAE>J\x7F W\xBF_\x1F\xBD\xE0\x8A
Action.c(50):     \xF1B1\xBBv!\\{j\xE6\xB5\xC5=\x9A\xBB\xED\xDA\xBD|J\xBDW\xA8hH\x84\x08\\\x9EXK\n
Action.c(50):     \xCFM=\xBC\xAE\x97\xFC\x0C\xED\xA7?\xFB\x8C\xAC\xBF<\x97>L'\xE6\xD2q\xF4\xB1y\x1B\xC7\xB5\xBE
Action.c(50):     \xAE\xAF\x0F\xE9\xE7\xB6\xBE1\x8E];"\x0C\x16\x97\x83\xBE\xF1\xC0\xD5A\xE5\xA2\x82\xCC\x8Ai
Action.c(50):     ^~\xE5\x06\x8B\x98\x10\xCB\xC2\x16\xBF\xD5I+\xFC\x91F\xDA\xCD\xF7\xB8\x9F\x96\xF4\xD6_\xD9
Action.c(50):     y\xFD\x03\xF7\xDF\xF0\x1F\xA9P;\x83N\xD3\xB7\x9E\x9A\x9A\xA2\xFF\xBE\x9C\x16\xEB_\x9DH\xBD
Action.c(50):     \x1C\x1F\xBD\xC9UR\x81\xF40q\x92\tLKZ\x13\xA8\x82UK<I(\xAA\x11\xE2\xB0W%)\xC1C*\xDA\xE1\xAE
Action.c(50):     \xAE\x98\xEA\xD8\xA3\n
Action.c(50):     q\xCD\xEEk\x01\xED\x9C\xB4;\xF03\xBB\x15\xBE\xE6\xB0\xE3\xA1\x83\xD8\xAB4\xB7\x81NP\xFDJ4\x88
Action.c(50):     \xBF{\xD3\x13i\x80.\xD2\xAF\xD7\xFF+\xD4\x1C\xA0\x97\xE8k\x0E\xE8s\xE9\x16\\\xC3\x00\xFDu\xBA
Action.c(50):     \x8D\xFC\x05\xD2\xA6\x8C\xED\xAD`\xEC\xAD\x1CS\xE9\x1EM\n
Action.c(50):     \xB4hV\xA0q\t\xD5\xBE\xA5\x11.\x1B\xA1\xF5\xD1\xA08`\x18\xCD\xDB\n
Action.c(50):     \x7F9\xE4\xF3o\xF5\xE7\x18,\xAB\xA8.\xDC)|\x04\\W\x8C\xD7\xD1\xA8\xD8\x82?T\x95b\x1A\x01\x86
Action.c(50):     \x11\xBDx]T\xF5|m\xC1UB\x1D\xD5?\xF9\x04\xFFv\x13\xFCJQ\xE4\xD8n\x19\x96\x88y\x80\x97@J\x01
Action.c(50):     S\x84\xFD\xF0K\xA0\xFD\xB1\x89\xDB\x1Dx\xFF\x83?\x1D<O,e\xF6\x0C\xEC\x11e{\x04w\xE6\xDF\xB5
Action.c(50):     \xD2(\xF5\x08!\x9A\xD7\xFA\xCDYr\xF5\x9Fo\xA0\xFD3\xEB\xE0>\xA9\xB7![\xFB\x90\xA4\x13o\xA6
Action.c(50):     \x88\xA6T\xC5\x85\xE7\xB1\xBBz@(p\xE1\xA9\xD9\xE0\xE6\xF9\x86t\xD4\x9CRc##t/I\xC4I\x0EliI1
Action.c(50):     \xA1\\Q(\x86t\xA3\xF6\xCF>\xA5N\xFD\xF7O?\xD7\x7F\xA3%'\xCC\x9F\xBBp\xD1\xDCy\x0B\x85\x06:
Action.c(50):     \x88\x16\xD1j\xFD\r\xFDc\xFD)\xFD#\xFD-ZE-\xEA\xAD\xB7\xAA\xF4\x8C\xFB\xB7\xDD\xFA\x00\xA7
Action.c(50):     \x8D\xED\xB0\xC8\xDF\x01\x1E\x0BZg\x12\xCA-\x01WF\x05o\xD1\x0E\xC0\xA8\xB5\x85m\x91\xC4\xD0
Action.c(50):     \x92\x94D\xDC|\t7\xDFj \xB8\x0C\xF0\xB3]\x18\xA5\x7F =\xF0J\xDD_\xE3\xA4\x07\xE0\x9A\xA3\xC0
Action.c(50):     n\x1A\n
Action.c(50):     0\xE7\x92\x15$\xE9A\x88\x9D\x001\x12\xB4\x16\x82\x83\x10\xBBJ(\x17)-\x82F\x90\x96\x03:\x16
Action.c(50):     , \xE0!M\x86\xDB\xC8~\xFC\x82\xEC\x06r\xF3\xCBx\xE8\xF7\xC0\x1D\xF3\xE0S\x7F\x8E\xE2K\x8AN
Action.c(50):     \x07H<\xA29Q\xCDf5\xAA!%)\x13\x7F#\xD3\xA1\xE5\x80%\t\x95$\r\x03I\xD6SS\x8E\x05\xA3\xA3,\xD4
Action.c(50):     \xFD\xF9'\x94^y\xB7\xDE*\x08\xF3\x0F\x14\xD0\xB7\x17\x1E;o\xDA\x82\xC5\xFA\xE7\xE2\xF7\xCF
Action.c(50):     Q\xE5\x9Bg\xCF\xFF\xE8!\xFD\x0B\xCB\xC7O\xD1?O\xD96t\xFA)\x17\xAFF\xFC\x0C\x83\xFD\xAB\x07
Action.c(50):     X\xBA\x93\xD3I\xB2\x12a\xB1\x00\x08\x96J\\\x96\x85\xC2\n
Action.c(50):     \xF3\x10\xAC\x00\x9C\x0B\xE4\xE1\xB9@\xB6\xBD*\xE5vU\xE6\x81zt\xDB\x01{U1\xD5\xB6\x87Y\x07
Action.c(50):     \n
Action.c(50):     \n
Action.c(50):     |\xB0+\x92J!~Sq\x01P=\xD0\\\xB0\x01\x1C\xC5\x00\x90\xCB\x02\x1BN\xCA@\x9A\xBB\x158\xA1\x06
Action.c(50):     |ZNa\x07\xD3\xA0\n
Action.c(50):     \x047;`@U\x94\x97\x1A\xF0\xA2i \x81 \x1F&\xD0\xC8\xA9\xD3\x17\x9Cr\xD2\xCA;\xEEX4\x7F\xFE\xAC
Action.c(50):     \t+\xF5/\x04\x99\xFAv\x7FJ\xDD\xA7.>m\x9D\xBE\xF7\xB3\xDD\xFA^z\xA1<i\xD9\xCA\xD9'-y\x7F\xD9
Action.c(50):     \x9C\xE3O\x9C=F\xDE\xFE\xE1;;gm\xAF\xA9J\xAE\xD9\xF9\xC5\xDBH\xB7\xA0\xD8\xA4\xD9@\x17\x0E
Action.c(50):     \x92EF\x93\xA4\r)\x03\xC9=\xE5p\xDA\xA8\x1B\xCC\xE9\x84\xE6\x10Q\x86P\xD5\x8B\x10\xAA.f\xBD
Action.c(50):     \x83\xD0H\xDA\xAC\x08\x9E\r\xA9DA[\xDE\xE9\x00\xF8H\xA3J\x15\xD5\x83\xC0\xD0\xA8\x02F\x1D\n
Action.c(50):     \r\xF0\x1A*\xAC\x8D\xC2tZ~\xE7\x9D\xFA\xDE\xD6\x07\xA8H\xC7\xCAa\xBAO|\xEE\xC0\xF2O\xF5\x7F
Action.c(50):     \xD3\xA6O\x05\x97\xD0\x8D\xD1\xE9r\xD8\x87\xBE\xB0\x9EB2\x86$\xF3\xCD}\xF0"\xF2\xFD\xAE\x96
Action.c(50):     T\xD8\x99\xEF\x05\x8C\x87m-\xCC\xB0\x06\x8C\xE7\x02\x17\x811\xAC\xE5\x02v5\xC5\xC7\x08\x06
Action.c(50):     \xF0\x9B"\x82'+\x17ugXQ\x03\x0C\xB7e&n\x01\xA5\xD62?\xD0\x8D\xD8\x9F6\xF4\xF2\x05\x03\x02 
Action.c(50):     t\xB9@s\x96OY8g\xD1\xC2IS\xFC\xFA\xC1Ib\x8F\xD6g++W\x0F}\xFD\xAB\xD6\xEFv\xE9\x9F\xD2\x0B-
Action.c(50):     \x9E9\xCB\xAE<\xE5\xEC\xEB\xFB\xD7+b\xD57\xBAZPAE\xFD\xC0\xD7\xAF\xEB\xDF\xBC\x0Fx\x9C\x07
Action.c(50):     \xEB>\x96\xF1B\x05rC6\xAE\xBC\xC0\xE4\x7F\xA7\xB3%\xE5+\xCDFS\xCA\xE7\x80\x95W2Q\x10AQ\x10
Action.c(50):     W#^\xB6\xFE \xC0\xD1\r^\xA3\x11f+\xF9\xB2q\xEDAE\xB3Y\x11\xA4\xD2\x02\xC0m\x10\xACH\x05$\x08
Action.c(50):     \x10
Action.c(50): t=916735ms: 2064-byte response body for "https://www.advantageonlineshopping.com/css/images/twitter.png" (RelFrameId=, Internal ID=331)
Action.c(50): t=916736ms: Request done "https://www.advantageonlineshopping.com/css/images/twitter.png"  	[MsgId: MMSG-26000]
Action.c(50): t=916736ms: 1907-byte response body for "https://www.advantageonlineshopping.com/css/images/Banner1.jpg" (RelFrameId=, Internal ID=333)
Action.c(50): Notify: Transaction "Home" ended with a "Stop" status (Duration: 39,8494 Wasted Time: 0,0024).	[MsgId: MMSG-16871]
Action.c(50): Notify: Transaction "Home" ended with a "Stop" status (Duration: 19,9334 Wasted Time: 0,0013).	[MsgId: MMSG-16871]
Action.c(50): Notify: Transaction "02_User_Registration" ended with a "Stop" status (Duration: 19,9335 Wasted Time: 0,0013).	[MsgId: MMSG-16871]
Abort was called from an action.	[MsgId: MMSG-10447]
Action.c(50): Notify: Transaction "02_User_Registration" ended with a "Stop" status (Duration: 39,8494 Wasted Time: 0,0024).	[MsgId: MMSG-16871]
Ending Vuser...	[MsgId: MMSG-15966]
Starting action vuser_end.	[MsgId: MMSG-15919]
Ending action vuser_end.	[MsgId: MMSG-15918]
Vuser Terminated.	[MsgId: MMSG-15963]
Abort was called from an action.	[MsgId: MMSG-10447]
Ending Vuser...	[MsgId: MMSG-15966]
Action.c(50): Warning -27760: Request "https://www.advantageonlineshopping.com/main.min.js" failed  	[MsgId: MWAR-27760]
Starting action vuser_end.	[MsgId: MMSG-15919]
Action.c(50): Warning -27760: Request "https://www.advantageonlineshopping.com/css/images/Check.png" failed  	[MsgId: MWAR-27760]
Ending action vuser_end.	[MsgId: MMSG-15918]
Action.c(50): Warning -27760: Request "https://www.advantageonlineshopping.com/vendor/requirejs/require.js" failed  	[MsgId: MWAR-27760]
Vuser Terminated.	[MsgId: MMSG-15963]
Action.c(50): Warning -27760: Request "https://www.advantageonlineshopping.com/css/fonts/roboto_light_macroman/Roboto-Light-webfont.woff" failed  	[MsgId: MWAR-27760]
Action.c(50): Warning -27760: Request "https://www.advantageonlineshopping.com/css/images/arrow_right.png" failed  	[MsgId: MWAR-27760]
Action.c(50): Warning -27760: Request "https://www.advantageonlineshopping.com/catalog/fetchImage?image_id=speakers" failed  	[MsgId: MWAR-27760]
Action.c(50): Warning -27760: Request "https://www.advantageonlineshopping.com/catalog/fetchImage?image_id=tablets" failed  	[MsgId: MWAR-27760]
Action.c(50): Warning -27760: Request "https://www.advantageonlineshopping.com/catalog/fetchImage?image_id=laptops" failed  	[MsgId: MWAR-27760]
Action.c(50): Warning -27760: Request "https://www.advantageonlineshopping.com/catalog/fetchImage?image_id=mice" failed  	[MsgId: MWAR-27760]
Action.c(50): Warning -27760: Request "https://www.advantageonlineshopping.com/catalog/fetchImage?image_id=headphones" failed  	[MsgId: MWAR-27760]
Action.c(50): Warning -27760: Request "https://www.advantageonlineshopping.com/main.min.js" failed  	[MsgId: MWAR-27760]
Action.c(50): Warning -27760: Request "https://www.advantageonlineshopping.com/css/fonts/roboto_bold_macroman/Roboto-Bold-webfont.woff" failed  	[MsgId: MWAR-27760]
Action.c(50): Warning -27760: Request "https://www.advantageonlineshopping.com/css/images/Check.png" failed  	[MsgId: MWAR-27760]
Action.c(50): Warning -27760: Request "https://www.advantageonlineshopping.com/css/fonts/roboto_thin_macroman/Roboto-Thin-webfont.woff" failed  	[MsgId: MWAR-27760]
Action.c(50): Warning -27760: Request "https://www.advantageonlineshopping.com/css/fonts/roboto_light_macroman/Roboto-Light-webfont.woff" failed  	[MsgId: MWAR-27760]
Action.c(50): Warning -27760: Request "https://www.advantageonlineshopping.com/css/images/Special-offer.jpg" failed  	[MsgId: MWAR-27760]
Action.c(50): Warning -27760: Request "https://www.advantageonlineshopping.com/catalog/fetchImage?image_id=speakers" failed  	[MsgId: MWAR-27760]
Action.c(50): Warning -27760: Request "https://www.advantageonlineshopping.com/css/images/GoUp.png" failed  	[MsgId: MWAR-27760]
Action.c(50): Warning -27760: Request "https://www.advantageonlineshopping.com/catalog/fetchImage?image_id=tablets" failed  	[MsgId: MWAR-27760]
Action.c(50): Warning -27760: Request "https://www.advantageonlineshopping.com/css/images/facebook.png" failed  	[MsgId: MWAR-27760]
Action.c(50): Warning -27760: Request "https://www.advantageonlineshopping.com/catalog/fetchImage?image_id=laptops" failed  	[MsgId: MWAR-27760]
Action.c(50): Warning -27760: Request "https://www.advantageonlineshopping.com/css/images/twitter.png" failed  	[MsgId: MWAR-27760]
Action.c(50): Warning -27760: Request "https://www.advantageonlineshopping.com/catalog/fetchImage?image_id=mice" failed  	[MsgId: MWAR-27760]
Action.c(50): Warning -27760: Request "https://www.advantageonlineshopping.com/css/images/linkedin.png" failed  	[MsgId: MWAR-27760]
Action.c(50): Warning -27760: Request "https://www.advantageonlineshopping.com/catalog/fetchImage?image_id=headphones" failed  	[MsgId: MWAR-27760]
Action.c(50): Warning -27760: Request "https://www.advantageonlineshopping.com/css/images/Banner1.jpg" failed  	[MsgId: MWAR-27760]
Action.c(50): Warning -27760: Request "https://www.advantageonlineshopping.com/css/fonts/roboto_thin_macroman/Roboto-Thin-webfont.woff" failed  	[MsgId: MWAR-27760]
Action.c(50): Warning -27760: Request "https://www.advantageonlineshopping.com/css/images/Banner2.jpg" failed  	[MsgId: MWAR-27760]
Action.c(50): Warning -27760: Request "https://www.advantageonlineshopping.com/css/images/Banner3.jpg" failed  	[MsgId: MWAR-27760]
Action.c(50): Warning -27760: Request "https://www.advantageonlineshopping.com/css/images/Special-offer.jpg" failed  	[MsgId: MWAR-27760]
Action.c(50): Warning -27760: Request "https://www.advantageonlineshopping.com/css/images/Popular-item3.jpg" failed  	[MsgId: MWAR-27760]
Action.c(50): Warning -27760: Request "https://www.advantageonlineshopping.com/css/images/GoUp.png" failed  	[MsgId: MWAR-27760]
Action.c(50): Warning -27760: Request "https://www.advantageonlineshopping.com/css/images/Popular-item2.jpg" failed  	[MsgId: MWAR-27760]
Action.c(50): Warning -27760: Request "https://www.advantageonlineshopping.com/css/images/facebook.png" failed  	[MsgId: MWAR-27760]
Action.c(50): Warning -27760: Request "https://www.advantageonlineshopping.com/css/images/Popular-item1.jpg" failed  	[MsgId: MWAR-27760]
Action.c(50): Warning -27760: Request "https://www.advantageonlineshopping.com/css/images/twitter.png" failed  	[MsgId: MWAR-27760]
Action.c(50): Warning -27760: Request "https://www.advantageonlineshopping.com/css/images/FacebookLogo.png" failed  	[MsgId: MWAR-27760]
Action.c(50): Warning -27760: Request "https://www.advantageonlineshopping.com/css/images/linkedin.png" failed  	[MsgId: MWAR-27760]
Action.c(50): Warning -27760: Request "https://www.advantageonlineshopping.com/css/images/Bell.png" failed  	[MsgId: MWAR-27760]
Action.c(50): Warning -27760: Request "https://www.advantageonlineshopping.com/css/images/Banner1.jpg" failed  	[MsgId: MWAR-27760]
Action.c(50): Warning -27760: Request "https://www.advantageonlineshopping.com/css/images/Banner2.jpg" failed  	[MsgId: MWAR-27760]
Action.c(50): t=916904ms: Closed connection [0] to www.advantageonlineshopping.com:443 after completing 0 request(s)  	[MsgId: MMSG-26000]
Action.c(50): Warning -27760: Request "https://www.advantageonlineshopping.com/css/images/Banner3.jpg" failed  	[MsgId: MWAR-27760]
Action.c(50): Warning -27760: Request "https://www.advantageonlineshopping.com/css/images/Popular-item3.jpg" failed  	[MsgId: MWAR-27760]
Action.c(50): Warning -27760: Request "https://www.advantageonlineshopping.com/css/images/Popular-item2.jpg" failed  	[MsgId: MWAR-27760]
Action.c(50): Warning -27760: Request "https://www.advantageonlineshopping.com/css/images/Popular-item1.jpg" failed  	[MsgId: MWAR-27760]
Action.c(50): Warning -27760: Request "https://www.advantageonlineshopping.com/css/images/FacebookLogo.png" failed  	[MsgId: MWAR-27760]
Action.c(50): Warning -27760: Request "https://www.advantageonlineshopping.com/css/images/Bell.png" failed  	[MsgId: MWAR-27760]
Action.c(50): t=916905ms: Closed connection [0] to www.advantageonlineshopping.com:443 after completing 0 request(s)  	[MsgId: MMSG-26000]
HTML-Mode memory management statistics: Reusable=1, NonReusable=0, CsMemBlockSize=4096, checks enabled  	[MsgId: MMSG-26000]
Vuser 7 (thread 15804), ended OK."	[MsgId: MMSG-10695]
HTML-Mode memory management statistics: Reusable=1, NonReusable=0, CsMemBlockSize=4096, checks enabled  	[MsgId: MMSG-26000]
Action.c(50): t=916907ms: 1319-byte response body for "https://www.advantageonlineshopping.com/css/images/Bell.png" (RelFrameId=, Internal ID=340)
Action.c(50): t=916907ms: Request done "https://www.advantageonlineshopping.com/css/images/Bell.png"  	[MsgId: MMSG-26000]
Action.c(50): Notify: Transaction "Home" ended with a "Stop" status (Duration: 33,3531 Wasted Time: 0,0018).	[MsgId: MMSG-16871]
Vuser 1 (thread 18740), ended OK."	[MsgId: MMSG-10695]
Action.c(50): Notify: Transaction "02_User_Registration" ended with a "Stop" status (Duration: 33,3531 Wasted Time: 0,0018).	[MsgId: MMSG-16871]
Abort was called from an action.	[MsgId: MMSG-10447]
Ending Vuser...	[MsgId: MMSG-15966]
Starting action vuser_end.	[MsgId: MMSG-15919]
Ending action vuser_end.	[MsgId: MMSG-15918]
Vuser Terminated.	[MsgId: MMSG-15963]
Action.c(50): Warning -27760: Request "https://www.advantageonlineshopping.com/main.min.js" failed  	[MsgId: MWAR-27760]
Action.c(50): Warning -27760: Request "https://www.advantageonlineshopping.com/css/images/Check.png" failed  	[MsgId: MWAR-27760]
Action.c(50): Warning -27760: Request "https://www.advantageonlineshopping.com/catalog/fetchImage?image_id=speakers" failed  	[MsgId: MWAR-27760]
Action.c(50): Warning -27760: Request "https://www.advantageonlineshopping.com/catalog/fetchImage?image_id=tablets" failed  	[MsgId: MWAR-27760]
Action.c(50): Warning -27760: Request "https://www.advantageonlineshopping.com/catalog/fetchImage?image_id=laptops" failed  	[MsgId: MWAR-27760]
Action.c(50): Warning -27760: Request "https://www.advantageonlineshopping.com/catalog/fetchImage?image_id=mice" failed  	[MsgId: MWAR-27760]
Action.c(50): Warning -27760: Request "https://www.advantageonlineshopping.com/catalog/fetchImage?image_id=headphones" failed  	[MsgId: MWAR-27760]
Action.c(50): Warning -27760: Request "https://www.advantageonlineshopping.com/css/fonts/roboto_thin_macroman/Roboto-Thin-webfont.woff" failed  	[MsgId: MWAR-27760]
Action.c(50): Warning -27760: Request "https://www.advantageonlineshopping.com/css/images/Special-offer.jpg" failed  	[MsgId: MWAR-27760]
Action.c(50): Warning -27760: Request "https://www.advantageonlineshopping.com/css/images/Banner1.jpg" failed  	[MsgId: MWAR-27760]
Action.c(50): Warning -27760: Request "https://www.advantageonlineshopping.com/css/images/Banner2.jpg" failed  	[MsgId: MWAR-27760]
Action.c(50): Warning -27760: Request "https://www.advantageonlineshopping.com/css/images/Banner3.jpg" failed  	[MsgId: MWAR-27760]
Action.c(50): Warning -27760: Request "https://www.advantageonlineshopping.com/css/images/Popular-item3.jpg" failed  	[MsgId: MWAR-27760]
Action.c(50): Warning -27760: Request "https://www.advantageonlineshopping.com/css/images/Popular-item2.jpg" failed  	[MsgId: MWAR-27760]
Action.c(50): Warning -27760: Request "https://www.advantageonlineshopping.com/css/images/Popular-item1.jpg" failed  	[MsgId: MWAR-27760]
Action.c(50): Warning -27760: Request "https://www.advantageonlineshopping.com/css/images/FacebookLogo.png" failed  	[MsgId: MWAR-27760]
Action.c(50): t=916911ms: Closed connection [0] to www.advantageonlineshopping.com:443 after completing 0 request(s)  	[MsgId: MMSG-26000]
Action.c(50): Notify: Transaction "Home" ended with a "Stop" status (Duration: 34,2823 Wasted Time: 0,0015).	[MsgId: MMSG-16871]
Action.c(50): Notify: Transaction "Home" ended with a "Stop" status (Duration: 8,1311 Wasted Time: 0,0007).	[MsgId: MMSG-16871]
Action.c(50): Notify: Transaction "02_User_Registration" ended with a "Stop" status (Duration: 34,2823 Wasted Time: 0,0015).	[MsgId: MMSG-16871]
Action.c(50): Notify: Transaction "02_User_Registration" ended with a "Stop" status (Duration: 8,1311 Wasted Time: 0,0007).	[MsgId: MMSG-16871]
Abort was called from an action.	[MsgId: MMSG-10447]
Ending Vuser...	[MsgId: MMSG-15966]
Starting action vuser_end.	[MsgId: MMSG-15919]
Ending action vuser_end.	[MsgId: MMSG-15918]
Vuser Terminated.	[MsgId: MMSG-15963]
HTML-Mode memory management statistics: Reusable=1, NonReusable=0, CsMemBlockSize=4096, checks enabled  	[MsgId: MMSG-26000]
Abort was called from an action.	[MsgId: MMSG-10447]
Ending Vuser...	[MsgId: MMSG-15966]
Starting action vuser_end.	[MsgId: MMSG-15919]
Action.c(50): Warning -27760: Request "https://www.advantageonlineshopping.com/css/fonts/roboto_medium_macroman/Roboto-Medium-webfont.woff" failed  	[MsgId: MWAR-27760]
Ending action vuser_end.	[MsgId: MMSG-15918]
Action.c(50): Warning -27760: Request "https://www.advantageonlineshopping.com/main.min.js" failed  	[MsgId: MWAR-27760]
Vuser Terminated.	[MsgId: MMSG-15963]
Action.c(50): Warning -27760: Request "https://www.advantageonlineshopping.com/css/images/Check.png" failed  	[MsgId: MWAR-27760]
Action.c(50): Warning -27760: Request "https://www.advantageonlineshopping.com/css/main.min.css" failed  	[MsgId: MWAR-27760]
Action.c(50): Warning -27760: Request "https://www.advantageonlineshopping.com/css/fonts/roboto_regular_macroman/Roboto-Regular-webfont.woff" failed  	[MsgId: MWAR-27760]
Action.c(50): Warning -27760: Request "https://www.advantageonlineshopping.com/vendor/requirejs/require.js" failed  	[MsgId: MWAR-27760]
Action.c(50): Warning -27760: Request "https://www.advantageonlineshopping.com/css/images/closeDark.png" failed  	[MsgId: MWAR-27760]
Action.c(50): Warning -27760: Request "https://www.advantageonlineshopping.com/css/fonts/roboto_medium_macroman/Roboto-Medium-webfont.woff" failed  	[MsgId: MWAR-27760]
Action.c(50): Warning -27760: Request "https://www.advantageonlineshopping.com/css/images/arrow_right.png" failed  	[MsgId: MWAR-27760]
Action.c(50): Warning -27760: Request "https://www.advantageonlineshopping.com/catalog/fetchImage?image_id=speakers" failed  	[MsgId: MWAR-27760]
Action.c(50): Warning -27760: Request "https://www.advantageonlineshopping.com/main.min.js" failed  	[MsgId: MWAR-27760]
Action.c(50): Warning -27760: Request "https://www.advantageonlineshopping.com/catalog/fetchImage?image_id=tablets" failed  	[MsgId: MWAR-27760]
Action.c(50): Warning -27760: Request "https://www.advantageonlineshopping.com/css/images/Check.png" failed  	[MsgId: MWAR-27760]
Vuser 6 (thread 19520), ended OK."	[MsgId: MMSG-10695]
Action.c(50): Warning -27760: Request "https://www.advantageonlineshopping.com/catalog/fetchImage?image_id=laptops" failed  	[MsgId: MWAR-27760]
Action.c(50): Warning -27760: Request "https://www.advantageonlineshopping.com/catalog/fetchImage?image_id=speakers" failed  	[MsgId: MWAR-27760]
Action.c(50): Warning -27760: Request "https://www.advantageonlineshopping.com/catalog/fetchImage?image_id=mice" failed  	[MsgId: MWAR-27760]
Action.c(50): Warning -27760: Request "https://www.advantageonlineshopping.com/catalog/fetchImage?image_id=tablets" failed  	[MsgId: MWAR-27760]
Action.c(50): Warning -27760: Request "https://www.advantageonlineshopping.com/catalog/fetchImage?image_id=headphones" failed  	[MsgId: MWAR-27760]
Action.c(50): Warning -27760: Request "https://www.advantageonlineshopping.com/catalog/fetchImage?image_id=laptops" failed  	[MsgId: MWAR-27760]
Action.c(50): Warning -27760: Request "https://www.advantageonlineshopping.com/css/fonts/roboto_bold_macroman/Roboto-Bold-webfont.woff" failed  	[MsgId: MWAR-27760]
Action.c(50): Warning -27760: Request "https://www.advantageonlineshopping.com/catalog/fetchImage?image_id=mice" failed  	[MsgId: MWAR-27760]
Action.c(50): Warning -27760: Request "https://www.advantageonlineshopping.com/css/fonts/roboto_thin_macroman/Roboto-Thin-webfont.woff" failed  	[MsgId: MWAR-27760]
Action.c(50): Warning -27760: Request "https://www.advantageonlineshopping.com/catalog/fetchImage?image_id=headphones" failed  	[MsgId: MWAR-27760]
Action.c(50): Warning -27760: Request "https://www.advantageonlineshopping.com/css/images/Special-offer.jpg" failed  	[MsgId: MWAR-27760]
Action.c(50): Warning -27760: Request "https://www.advantageonlineshopping.com/css/images/GoUp.png" failed  	[MsgId: MWAR-27760]
Action.c(50): Warning -27760: Request "https://www.advantageonlineshopping.com/css/images/facebook.png" failed  	[MsgId: MWAR-27760]
Action.c(50): Warning -27760: Request "https://www.advantageonlineshopping.com/css/images/twitter.png" failed  	[MsgId: MWAR-27760]
Action.c(50): Warning -27760: Request "https://www.advantageonlineshopping.com/css/images/linkedin.png" failed  	[MsgId: MWAR-27760]
Action.c(50): Warning -27760: Request "https://www.advantageonlineshopping.com/css/images/Banner1.jpg" failed  	[MsgId: MWAR-27760]
Action.c(50): Warning -27760: Request "https://www.advantageonlineshopping.com/css/images/Banner2.jpg" failed  	[MsgId: MWAR-27760]
Action.c(50): Warning -27760: Request "https://www.advantageonlineshopping.com/css/images/Banner3.jpg" failed  	[MsgId: MWAR-27760]
Action.c(50): Warning -27760: Request "https://www.advantageonlineshopping.com/css/fonts/roboto_thin_macroman/Roboto-Thin-webfont.woff" failed  	[MsgId: MWAR-27760]
Action.c(50): Warning -27760: Request "https://www.advantageonlineshopping.com/css/images/Popular-item3.jpg" failed  	[MsgId: MWAR-27760]
Action.c(50): Warning -27760: Request "https://www.advantageonlineshopping.com/css/images/Popular-item2.jpg" failed  	[MsgId: MWAR-27760]
Action.c(50): Warning -27760: Request "https://www.advantageonlineshopping.com/css/images/Popular-item1.jpg" failed  	[MsgId: MWAR-27760]
Action.c(50): Warning -27760: Request "https://www.advantageonlineshopping.com/css/images/Special-offer.jpg" failed  	[MsgId: MWAR-27760]
Action.c(50): Warning -27760: Request "https://www.advantageonlineshopping.com/css/images/FacebookLogo.png" failed  	[MsgId: MWAR-27760]
Action.c(50): Warning -27760: Request "https://www.advantageonlineshopping.com/css/images/Bell.png" failed  	[MsgId: MWAR-27760]
Action.c(50): Warning -27760: Request "https://www.advantageonlineshopping.com/css/images/GoUp.png" failed  	[MsgId: MWAR-27760]
Action.c(50): Warning -27760: Request "https://www.advantageonlineshopping.com/css/images/facebook.png" failed  	[MsgId: MWAR-27760]
Action.c(50): Warning -27760: Request "https://www.advantageonlineshopping.com/css/images/twitter.png" failed  	[MsgId: MWAR-27760]
Action.c(50): Warning -27760: Request "https://www.advantageonlineshopping.com/css/images/linkedin.png" failed  	[MsgId: MWAR-27760]
Action.c(50): Warning -27760: Request "https://www.advantageonlineshopping.com/css/images/Banner1.jpg" failed  	[MsgId: MWAR-27760]
Action.c(50): t=916915ms: Closed connection [0] to www.advantageonlineshopping.com:443 after completing 0 request(s)  	[MsgId: MMSG-26000]
Action.c(50): Warning -27760: Request "https://www.advantageonlineshopping.com/css/images/Banner2.jpg" failed  	[MsgId: MWAR-27760]
Action.c(50): Warning -27760: Request "https://www.advantageonlineshopping.com/css/images/Banner3.jpg" failed  	[MsgId: MWAR-27760]
Action.c(50): Warning -27760: Request "https://www.advantageonlineshopping.com/css/images/Popular-item3.jpg" failed  	[MsgId: MWAR-27760]
Action.c(50): Warning -27760: Request "https://www.advantageonlineshopping.com/css/images/Popular-item2.jpg" failed  	[MsgId: MWAR-27760]
Action.c(50): Warning -27760: Request "https://www.advantageonlineshopping.com/css/images/Popular-item1.jpg" failed  	[MsgId: MWAR-27760]
Action.c(50): Warning -27760: Request "https://www.advantageonlineshopping.com/css/images/FacebookLogo.png" failed  	[MsgId: MWAR-27760]
Action.c(50): Warning -27760: Request "https://www.advantageonlineshopping.com/css/images/Bell.png" failed  	[MsgId: MWAR-27760]
Action.c(50): t=916915ms: Closed connection [0] to www.advantageonlineshopping.com:443 after completing 0 request(s)  	[MsgId: MMSG-26000]
HTML-Mode memory management statistics: Reusable=1, NonReusable=0, CsMemBlockSize=4096, checks enabled  	[MsgId: MMSG-26000]
Vuser 3 (thread 20380), ended OK."	[MsgId: MMSG-10695]
HTML-Mode memory management statistics: Reusable=1, NonReusable=0, CsMemBlockSize=4096, checks enabled  	[MsgId: MMSG-26000]
Vuser 2 (thread 12740), ended OK."	[MsgId: MMSG-10695]
