Action.c(533):     HTTP/2.0 404\r\n
Action.c(533):     Status: 404\r\n
Action.c(533):     server: nginx/1.18.0 (Ubuntu)\r\n
Action.c(533):     date: Wed, 27 Apr 2022 08:05:50 GMT\r\n
Action.c(533):     content-type: text/html\r\n
Action.c(533):     strict-transport-security: max-age=20; includeSubDomains\r\n
Action.c(533):     content-encoding: gzip\r\n
Action.c(533):     \r\n
Action.c(533): t=7217335ms: 186-byte ENCODED response body received for "https://www.advantageonlineshopping.com/accountservice/ws/GetCountriesRequest" (RelFrameId=1, Internal ID=654)
Action.c(533): t=7217335ms: 564-byte DECODED response body for "https://www.advantageonlineshopping.com/accountservice/ws/GetCountriesRequest" (RelFrameId=1, Internal ID=654)
Action.c(533):     <html>\r\n
Action.c(533):     <head><title>404 Not Found</title></head>\r\n
Action.c(533):     <body>\r\n
Action.c(533):     <center><h1>404 Not Found</h1></center>\r\n
Action.c(533):     <hr><center>nginx/1.18.0 (Ubuntu)</center>\r\n
Action.c(533):     </body>\r\n
Action.c(533):     </html>\r\n
Action.c(533):     <!-- a padding to disable MSIE and Chrome friendly error page -->\r\n
Action.c(533):     <!-- a padding to disable MSIE and Chrome friendly error page -->\r\n
Action.c(533):     <!-- a padding to disable MSIE and Chrome friendly error page -->\r\n
Action.c(533):     <!-- a padding to disable MSIE and Chrome friendly error page -->\r\n
Action.c(533):     <!-- a padding to disable MSIE and Chrome friendly error page -->\r\n
Action.c(533):     <!-- a padding to disable MSIE and Chrome friendly error page -->\r\n
Action.c(533): Error -26627: HTTP Status-Code=404 (Not Found) for "https://www.advantageonlineshopping.com/accountservice/ws/GetCountriesRequest"  	[MsgId: MERR-26627]
Action.c(533): t=7217336ms: Request done "https://www.advantageonlineshopping.com/accountservice/ws/GetCountriesRequest"  	[MsgId: MMSG-26000]
Action.c(533): web_custom_request("GetCountriesRequest") highest severity level was "ERROR", 186 body bytes, 204 header bytes  	[MsgId: MMSG-26388]
Action.c(533): Notify: Transaction "Payment Details" ended with a "Fail" status (Duration: 79,4378 Think Time: 10,0057 Wasted Time: 0,0000).	[MsgId: MMSG-16870]
Action.c(533): Notify: Transaction "Payment Details" has 1 error message(s).	[MsgId: MMSG-16818]
Action.c(533): Notify: The 1st error message associated with transaction "Payment Details" is "Error -26627: HTTP Status-Code=404 (Not Found) for "https://www.advantageonlineshopping.com/accountservice/ws/GetCountriesRequest""	[MsgId: MMSG-16819]
Action.c(533): Notify: Transaction "03_Buying_A_Laptop" ended with a "Fail" status (Duration: 144,1048 Think Time: 35,0338 Wasted Time: 0,0096).	[MsgId: MMSG-16870]
Action.c(533): Notify: Transaction "03_Buying_A_Laptop" has 1 error message(s).	[MsgId: MMSG-16818]
Action.c(533): Notify: The 1st error message associated with transaction "03_Buying_A_Laptop" is "Error -26627: HTTP Status-Code=404 (Not Found) for "https://www.advantageonlineshopping.com/accountservice/ws/GetCountriesRequest""	[MsgId: MMSG-16819]
Ending action Action.	[MsgId: MMSG-15918]
Action was aborted.	[MsgId: MMSG-10694]
Ending Vuser...	[MsgId: MMSG-15966]
Starting action vuser_end.	[MsgId: MMSG-15919]
Ending action vuser_end.	[MsgId: MMSG-15918]
Vuser Terminated.	[MsgId: MMSG-15963]
Action.c(533): t=7217337ms: Closed connection [0] to www.advantageonlineshopping.com:443 after completing 0 request(s)  	[MsgId: MMSG-26000]
HTML-Mode memory management statistics: Reusable=1, NonReusable=0, CsMemBlockSize=4096, checks enabled  	[MsgId: MMSG-26000]
Vuser 12 (thread 18748), ended OK."	[MsgId: MMSG-10695]
Action.c(533): t=7240434ms: 204-byte response headers for "https://www.advantageonlineshopping.com/accountservice/ws/GetCountriesRequest" (RelFrameId=1, Internal ID=654)
Action.c(533):     HTTP/2.0 404\r\n
Action.c(533):     Status: 404\r\n
Action.c(533):     server: nginx/1.18.0 (Ubuntu)\r\n
Action.c(533):     date: Wed, 27 Apr 2022 08:06:13 GMT\r\n
Action.c(533):     content-type: text/html\r\n
Action.c(533):     strict-transport-security: max-age=20; includeSubDomains\r\n
Action.c(533):     content-encoding: gzip\r\n
Action.c(533):     \r\n
Action.c(533): t=7240434ms: 186-byte ENCODED response body received for "https://www.advantageonlineshopping.com/accountservice/ws/GetCountriesRequest" (RelFrameId=1, Internal ID=654)
Action.c(533): t=7240434ms: 564-byte DECODED response body for "https://www.advantageonlineshopping.com/accountservice/ws/GetCountriesRequest" (RelFrameId=1, Internal ID=654)
Action.c(533):     <html>\r\n
Action.c(533):     <head><title>404 Not Found</title></head>\r\n
Action.c(533):     <body>\r\n
Action.c(533):     <center><h1>404 Not Found</h1></center>\r\n
Action.c(533):     <hr><center>nginx/1.18.0 (Ubuntu)</center>\r\n
Action.c(533):     </body>\r\n
Action.c(533):     </html>\r\n
Action.c(533):     <!-- a padding to disable MSIE and Chrome friendly error page -->\r\n
Action.c(533):     <!-- a padding to disable MSIE and Chrome friendly error page -->\r\n
Action.c(533):     <!-- a padding to disable MSIE and Chrome friendly error page -->\r\n
Action.c(533):     <!-- a padding to disable MSIE and Chrome friendly error page -->\r\n
Action.c(533):     <!-- a padding to disable MSIE and Chrome friendly error page -->\r\n
Action.c(533):     <!-- a padding to disable MSIE and Chrome friendly error page -->\r\n
Action.c(533): Error -26627: HTTP Status-Code=404 (Not Found) for "https://www.advantageonlineshopping.com/accountservice/ws/GetCountriesRequest"  	[MsgId: MERR-26627]
Action.c(533): t=7240435ms: Request done "https://www.advantageonlineshopping.com/accountservice/ws/GetCountriesRequest"  	[MsgId: MMSG-26000]
Action.c(533): web_custom_request("GetCountriesRequest") highest severity level was "ERROR", 186 body bytes, 204 header bytes  	[MsgId: MMSG-26388]
Action.c(533): Notify: Transaction "Payment Details" ended with a "Fail" status (Duration: 78,1921 Think Time: 10,0131 Wasted Time: 0,0000).	[MsgId: MMSG-16870]
Action.c(533): Notify: Transaction "Payment Details" has 1 error message(s).	[MsgId: MMSG-16818]
Action.c(533): Notify: The 1st error message associated with transaction "Payment Details" is "Error -26627: HTTP Status-Code=404 (Not Found) for "https://www.advantageonlineshopping.com/accountservice/ws/GetCountriesRequest""	[MsgId: MMSG-16819]
Action.c(533): Notify: Transaction "03_Buying_A_Laptop" ended with a "Fail" status (Duration: 146,1667 Think Time: 35,0452 Wasted Time: 0,0096).	[MsgId: MMSG-16870]
Action.c(533): Notify: Transaction "03_Buying_A_Laptop" has 1 error message(s).	[MsgId: MMSG-16818]
Action.c(533): Notify: The 1st error message associated with transaction "03_Buying_A_Laptop" is "Error -26627: HTTP Status-Code=404 (Not Found) for "https://www.advantageonlineshopping.com/accountservice/ws/GetCountriesRequest""	[MsgId: MMSG-16819]
Ending action Action.	[MsgId: MMSG-15918]
Action was aborted.	[MsgId: MMSG-10694]
Ending Vuser...	[MsgId: MMSG-15966]
Starting action vuser_end.	[MsgId: MMSG-15919]
Ending action vuser_end.	[MsgId: MMSG-15918]
Vuser Terminated.	[MsgId: MMSG-15963]
Action.c(533): t=7240436ms: Closed connection [0] to www.advantageonlineshopping.com:443 after completing 0 request(s)  	[MsgId: MMSG-26000]
HTML-Mode memory management statistics: Reusable=1, NonReusable=0, CsMemBlockSize=4096, checks enabled  	[MsgId: MMSG-26000]
Vuser 13 (thread 12120), ended OK."	[MsgId: MMSG-10695]
Action.c(533): t=7254896ms: 204-byte response headers for "https://www.advantageonlineshopping.com/accountservice/ws/GetCountriesRequest" (RelFrameId=1, Internal ID=657)
Action.c(533):     HTTP/2.0 404\r\n
Action.c(533):     Status: 404\r\n
Action.c(533):     server: nginx/1.18.0 (Ubuntu)\r\n
Action.c(533):     date: Wed, 27 Apr 2022 08:06:28 GMT\r\n
Action.c(533):     content-type: text/html\r\n
Action.c(533):     strict-transport-security: max-age=20; includeSubDomains\r\n
Action.c(533):     content-encoding: gzip\r\n
Action.c(533):     \r\n
Action.c(533): t=7254896ms: 186-byte ENCODED response body received for "https://www.advantageonlineshopping.com/accountservice/ws/GetCountriesRequest" (RelFrameId=1, Internal ID=657)
Action.c(533): t=7254896ms: 564-byte DECODED response body for "https://www.advantageonlineshopping.com/accountservice/ws/GetCountriesRequest" (RelFrameId=1, Internal ID=657)
Action.c(533):     <html>\r\n
Action.c(533):     <head><title>404 Not Found</title></head>\r\n
Action.c(533):     <body>\r\n
Action.c(533):     <center><h1>404 Not Found</h1></center>\r\n
Action.c(533):     <hr><center>nginx/1.18.0 (Ubuntu)</center>\r\n
Action.c(533):     </body>\r\n
Action.c(533):     </html>\r\n
Action.c(533):     <!-- a padding to disable MSIE and Chrome friendly error page -->\r\n
Action.c(533):     <!-- a padding to disable MSIE and Chrome friendly error page -->\r\n
Action.c(533):     <!-- a padding to disable MSIE and Chrome friendly error page -->\r\n
Action.c(533):     <!-- a padding to disable MSIE and Chrome friendly error page -->\r\n
Action.c(533):     <!-- a padding to disable MSIE and Chrome friendly error page -->\r\n
Action.c(533):     <!-- a padding to disable MSIE and Chrome friendly error page -->\r\n
Action.c(533): Error -26627: HTTP Status-Code=404 (Not Found) for "https://www.advantageonlineshopping.com/accountservice/ws/GetCountriesRequest"  	[MsgId: MERR-26627]
Action.c(533): t=7254896ms: Request done "https://www.advantageonlineshopping.com/accountservice/ws/GetCountriesRequest"  	[MsgId: MMSG-26000]
Action.c(533): web_custom_request("GetCountriesRequest") highest severity level was "ERROR", 186 body bytes, 204 header bytes  	[MsgId: MMSG-26388]
Action.c(533): Notify: Transaction "Payment Details" ended with a "Fail" status (Duration: 77,5993 Think Time: 10,0012 Wasted Time: 0,0000).	[MsgId: MMSG-16870]
Action.c(533): Notify: Transaction "Payment Details" has 1 error message(s).	[MsgId: MMSG-16818]
Action.c(533): Notify: The 1st error message associated with transaction "Payment Details" is "Error -26627: HTTP Status-Code=404 (Not Found) for "https://www.advantageonlineshopping.com/accountservice/ws/GetCountriesRequest""	[MsgId: MMSG-16819]
Action.c(533): Notify: Transaction "03_Buying_A_Laptop" ended with a "Fail" status (Duration: 139,5794 Think Time: 35,0417 Wasted Time: 0,0099).	[MsgId: MMSG-16870]
Action.c(533): Notify: Transaction "03_Buying_A_Laptop" has 1 error message(s).	[MsgId: MMSG-16818]
Action.c(533): Notify: The 1st error message associated with transaction "03_Buying_A_Laptop" is "Error -26627: HTTP Status-Code=404 (Not Found) for "https://www.advantageonlineshopping.com/accountservice/ws/GetCountriesRequest""	[MsgId: MMSG-16819]
Ending action Action.	[MsgId: MMSG-15918]
Action was aborted.	[MsgId: MMSG-10694]
Ending Vuser...	[MsgId: MMSG-15966]
Starting action vuser_end.	[MsgId: MMSG-15919]
Ending action vuser_end.	[MsgId: MMSG-15918]
Vuser Terminated.	[MsgId: MMSG-15963]
Action.c(533): t=7254897ms: Closed connection [0] to www.advantageonlineshopping.com:443 after completing 0 request(s)  	[MsgId: MMSG-26000]
HTML-Mode memory management statistics: Reusable=1, NonReusable=0, CsMemBlockSize=4096, checks enabled  	[MsgId: MMSG-26000]
Vuser 14 (thread 21416), ended OK."	[MsgId: MMSG-10695]
