Virtual User Script started at: 30.04.2022 1:50:12	[MsgId: MMSG-15967]
Virtual User Script started at: 30.04.2022 1:50:12	[MsgId: MMSG-15967]
Virtual User Script started at: 30.04.2022 1:50:12	[MsgId: MMSG-15967]
Virtual User Script started at: 30.04.2022 1:50:12	[MsgId: MMSG-15967]
Starting action vuser_init.	[MsgId: MMSG-15919]
Web Turbo Replay of LoadRunner 2020.0.0 for Windows 10; build 793 (ноя 27 2019 19:51:20)  	[MsgId: MMSG-26983]
Run mode: HTML  	[MsgId: MMSG-26993]
Starting action vuser_init.	[MsgId: MMSG-15919]
Replay user agent: Mozilla/5.0 (Windows NT 10.0; Win64; x64) AppleWebKit/537.36 (KHTML, like Gecko) Chrome/100.0.4896.88 Safari/537.36  	[MsgId: MMSG-26988]
Starting action vuser_init.	[MsgId: MMSG-15919]
Starting action vuser_init.	[MsgId: MMSG-15919]
Runtime Settings file: "C:\Users\ageef\AppData\Local\Temp\lr5tmpdirl91.544\lrcfgNDl.545\cfggwJ.546"  	[MsgId: MMSG-27141]
Web Turbo Replay of LoadRunner 2020.0.0 for Windows 10; build 793 (ноя 27 2019 19:51:20)  	[MsgId: MMSG-26983]
Vuser directory: "C:\Users\ageef\Documents\Loadrunner_1\VuGen\Scripts\03_Buying_A_Laptop"  	[MsgId: MMSG-27052]
Web Turbo Replay of LoadRunner 2020.0.0 for Windows 10; build 793 (ноя 27 2019 19:51:20)  	[MsgId: MMSG-26983]
Run mode: HTML  	[MsgId: MMSG-26993]
Run mode: HTML  	[MsgId: MMSG-26993]
Vuser output directory: "C:\Users\ageef\Documents\Loadrunner_1\VuGen\Scripts\03_Buying_A_Laptop"  	[MsgId: MMSG-27050]
Replay user agent: Mozilla/5.0 (Windows NT 10.0; Win64; x64) AppleWebKit/537.36 (KHTML, like Gecko) Chrome/100.0.4896.88 Safari/537.36  	[MsgId: MMSG-26988]
Replay user agent: Mozilla/5.0 (Windows NT 10.0; Win64; x64) AppleWebKit/537.36 (KHTML, like Gecko) Chrome/100.0.4896.88 Safari/537.36  	[MsgId: MMSG-26988]
Operating system's current working directory: "C:\Users\ageef\Documents\Loadrunner_1\VuGen\Scripts\03_Buying_A_Laptop"  	[MsgId: MMSG-27048]
UTC (GMT) start date/time   : 2022-04-29 20:50:12  	[MsgId: MMSG-26992]
Runtime Settings file: "C:\Users\ageef\AppData\Local\Temp\lr5tmpdirl91.544\lrcfgNDl.545\cfggwJ.546"  	[MsgId: MMSG-27141]
Runtime Settings file: "C:\Users\ageef\AppData\Local\Temp\lr5tmpdirl91.544\lrcfgNDl.545\cfggwJ.546"  	[MsgId: MMSG-27141]
LOCAL start date/time       : 2022-04-30 01:50:12  	[MsgId: MMSG-26991]
Vuser directory: "C:\Users\ageef\Documents\Loadrunner_1\VuGen\Scripts\03_Buying_A_Laptop"  	[MsgId: MMSG-27052]
Local daylight-Savings-Time : No  	[MsgId: MMSG-26990]
Vuser directory: "C:\Users\ageef\Documents\Loadrunner_1\VuGen\Scripts\03_Buying_A_Laptop"  	[MsgId: MMSG-27052]
Some of the Runtime Settings:  	[MsgId: MMSG-27142]
    Download non-HTML resources: Yes  	[MsgId: MMSG-27018]
Web Turbo Replay of LoadRunner 2020.0.0 for Windows 10; build 793 (ноя 27 2019 19:51:20)  	[MsgId: MMSG-26983]
Vuser output directory: "C:\Users\ageef\Documents\Loadrunner_1\VuGen\Scripts\03_Buying_A_Laptop"  	[MsgId: MMSG-27050]
Vuser output directory: "C:\Users\ageef\Documents\Loadrunner_1\VuGen\Scripts\03_Buying_A_Laptop"  	[MsgId: MMSG-27050]
    Verification checks: No  	[MsgId: MMSG-27017]
Operating system's current working directory: "C:\Users\ageef\Documents\Loadrunner_1\VuGen\Scripts\03_Buying_A_Laptop"  	[MsgId: MMSG-27048]
Operating system's current working directory: "C:\Users\ageef\Documents\Loadrunner_1\VuGen\Scripts\03_Buying_A_Laptop"  	[MsgId: MMSG-27048]
UTC (GMT) start date/time   : 2022-04-29 20:50:12  	[MsgId: MMSG-26992]
    Convert from/to UTF-8: No  	[MsgId: MMSG-27016]
UTC (GMT) start date/time   : 2022-04-29 20:50:12  	[MsgId: MMSG-26992]
LOCAL start date/time       : 2022-04-30 01:50:12  	[MsgId: MMSG-26991]
    Simulate a new user each iteration: Yes  	[MsgId: MMSG-27009]
LOCAL start date/time       : 2022-04-30 01:50:12  	[MsgId: MMSG-26991]
Local daylight-Savings-Time : No  	[MsgId: MMSG-26990]
    Non-critical item errors as warnings: Yes  	[MsgId: MMSG-27008]
Local daylight-Savings-Time : No  	[MsgId: MMSG-26990]
Some of the Runtime Settings:  	[MsgId: MMSG-27142]
    HTTP errors as warnings: No  	[MsgId: MMSG-27007]
Some of the Runtime Settings:  	[MsgId: MMSG-27142]
Run mode: HTML  	[MsgId: MMSG-26993]
    Download non-HTML resources: Yes  	[MsgId: MMSG-27018]
    WinInet replay instead of Sockets: No  	[MsgId: MMSG-27006]
    Download non-HTML resources: Yes  	[MsgId: MMSG-27018]
    Verification checks: No  	[MsgId: MMSG-27017]
    HTTP version: 1.1  	[MsgId: MMSG-27005]
    Verification checks: No  	[MsgId: MMSG-27017]
Replay user agent: Mozilla/5.0 (Windows NT 10.0; Win64; x64) AppleWebKit/537.36 (KHTML, like Gecko) Chrome/100.0.4896.88 Safari/537.36  	[MsgId: MMSG-26988]
    Convert from/to UTF-8: No  	[MsgId: MMSG-27016]
    Keep-Alive HTTP connections: Yes  	[MsgId: MMSG-27004]
Virtual User Script started at: 30.04.2022 1:50:12	[MsgId: MMSG-15967]
    Convert from/to UTF-8: No  	[MsgId: MMSG-27016]
    Simulate a new user each iteration: Yes  	[MsgId: MMSG-27009]
Runtime Settings file: "C:\Users\ageef\AppData\Local\Temp\lr5tmpdirl91.544\lrcfgNDl.545\cfggwJ.546"  	[MsgId: MMSG-27141]
    Max self Meta refresh updates: 2  	[MsgId: MMSG-27003]
    Simulate a new user each iteration: Yes  	[MsgId: MMSG-27009]
    Non-critical item errors as warnings: Yes  	[MsgId: MMSG-27008]
    No proxy is used (direct connection to the Internet)  	[MsgId: MMSG-27171]
    Non-critical item errors as warnings: Yes  	[MsgId: MMSG-27008]
    HTTP errors as warnings: No  	[MsgId: MMSG-27007]
Vuser directory: "C:\Users\ageef\Documents\Loadrunner_1\VuGen\Scripts\03_Buying_A_Laptop"  	[MsgId: MMSG-27052]
    DNS caching: No  	[MsgId: MMSG-27035]
    HTTP errors as warnings: No  	[MsgId: MMSG-27007]
    WinInet replay instead of Sockets: No  	[MsgId: MMSG-27006]
    Simulate browser cache: Yes  	[MsgId: MMSG-27034]
    WinInet replay instead of Sockets: No  	[MsgId: MMSG-27006]
    HTTP version: 1.1  	[MsgId: MMSG-27005]
        Cache URLs requiring content (e.g., HTMLs): Yes  	[MsgId: MMSG-27033]
    HTTP version: 1.1  	[MsgId: MMSG-27005]
    Keep-Alive HTTP connections: Yes  	[MsgId: MMSG-27004]
Vuser output directory: "C:\Users\ageef\Documents\Loadrunner_1\VuGen\Scripts\03_Buying_A_Laptop"  	[MsgId: MMSG-27050]
            Additional URLs requiring content: None  	[MsgId: MMSG-27032]
    Keep-Alive HTTP connections: Yes  	[MsgId: MMSG-27004]
    Max self Meta refresh updates: 2  	[MsgId: MMSG-27003]
Starting action vuser_init.	[MsgId: MMSG-15919]
    Max self Meta refresh updates: 2  	[MsgId: MMSG-27003]
        Check for newer versions every visit to the page: No  	[MsgId: MMSG-27031]
Operating system's current working directory: "C:\Users\ageef\Documents\Loadrunner_1\VuGen\Scripts\03_Buying_A_Laptop"  	[MsgId: MMSG-27048]
    No proxy is used (direct connection to the Internet)  	[MsgId: MMSG-27171]
    No proxy is used (direct connection to the Internet)  	[MsgId: MMSG-27171]
    Page download timeout (sec): 120  	[MsgId: MMSG-27030]
UTC (GMT) start date/time   : 2022-04-29 20:50:12  	[MsgId: MMSG-26992]
    DNS caching: No  	[MsgId: MMSG-27035]
    DNS caching: No  	[MsgId: MMSG-27035]
    Resource Page Timeout is a Warning: No  	[MsgId: MMSG-27029]
LOCAL start date/time       : 2022-04-30 01:50:12  	[MsgId: MMSG-26991]
    Simulate browser cache: Yes  	[MsgId: MMSG-27034]
Web Turbo Replay of LoadRunner 2020.0.0 for Windows 10; build 793 (ноя 27 2019 19:51:20)  	[MsgId: MMSG-26983]
    Simulate browser cache: Yes  	[MsgId: MMSG-27034]
    ContentCheck enabled: Yes  	[MsgId: MMSG-27028]
Local daylight-Savings-Time : No  	[MsgId: MMSG-26990]
        Cache URLs requiring content (e.g., HTMLs): Yes  	[MsgId: MMSG-27033]
        Cache URLs requiring content (e.g., HTMLs): Yes  	[MsgId: MMSG-27033]
    ContentCheck script-level file: "C:\Users\ageef\AppData\Local\Temp\lr5tmpdirl91.544\lrcfgNDl.545\LrwiAedScript.xml"  	[MsgId: MMSG-27027]
Some of the Runtime Settings:  	[MsgId: MMSG-27142]
Run mode: HTML  	[MsgId: MMSG-26993]
            Additional URLs requiring content: None  	[MsgId: MMSG-27032]
            Additional URLs requiring content: None  	[MsgId: MMSG-27032]
    Enable Web Page Breakdown: No  	[MsgId: MMSG-27026]
    Download non-HTML resources: Yes  	[MsgId: MMSG-27018]
        Check for newer versions every visit to the page: No  	[MsgId: MMSG-27031]
        Check for newer versions every visit to the page: No  	[MsgId: MMSG-27031]
    Enable connection data points: Yes  	[MsgId: MMSG-27023]
Replay user agent: Mozilla/5.0 (Windows NT 10.0; Win64; x64) AppleWebKit/537.36 (KHTML, like Gecko) Chrome/100.0.4896.88 Safari/537.36  	[MsgId: MMSG-26988]
Virtual User Script started at: 30.04.2022 1:50:12	[MsgId: MMSG-15967]
    Page download timeout (sec): 120  	[MsgId: MMSG-27030]
    Process socket after reschedule: Yes  	[MsgId: MMSG-27022]
    Verification checks: No  	[MsgId: MMSG-27017]
    Page download timeout (sec): 120  	[MsgId: MMSG-27030]
    Resource Page Timeout is a Warning: No  	[MsgId: MMSG-27029]
Runtime Settings file: "C:\Users\ageef\AppData\Local\Temp\lr5tmpdirl91.544\lrcfgNDl.545\cfggwJ.546"  	[MsgId: MMSG-27141]
    Snapshot on error: No  	[MsgId: MMSG-27021]
    Convert from/to UTF-8: No  	[MsgId: MMSG-27016]
    Resource Page Timeout is a Warning: No  	[MsgId: MMSG-27029]
    ContentCheck enabled: Yes  	[MsgId: MMSG-27028]
    Define each step as a transaction: No  	[MsgId: MMSG-27020]
    Simulate a new user each iteration: Yes  	[MsgId: MMSG-27009]
    ContentCheck enabled: Yes  	[MsgId: MMSG-27028]
Vuser directory: "C:\Users\ageef\Documents\Loadrunner_1\VuGen\Scripts\03_Buying_A_Laptop"  	[MsgId: MMSG-27052]
    ContentCheck script-level file: "C:\Users\ageef\AppData\Local\Temp\lr5tmpdirl91.544\lrcfgNDl.545\LrwiAedScript.xml"  	[MsgId: MMSG-27027]
    Read beyond Content-Length: No  	[MsgId: MMSG-26994]
    Non-critical item errors as warnings: Yes  	[MsgId: MMSG-27008]
    ContentCheck script-level file: "C:\Users\ageef\AppData\Local\Temp\lr5tmpdirl91.544\lrcfgNDl.545\LrwiAedScript.xml"  	[MsgId: MMSG-27027]
    Enable Web Page Breakdown: No  	[MsgId: MMSG-27026]
    Parse HTML Content-Type: TEXT  	[MsgId: MMSG-26999]
    HTTP errors as warnings: No  	[MsgId: MMSG-27007]
    Enable Web Page Breakdown: Yes  	[MsgId: MMSG-27026]
    Enable connection data points: Yes  	[MsgId: MMSG-27023]
    Enable connection data points: Yes  	[MsgId: MMSG-27023]
    Graph hits per second and HTTP status codes: Yes  	[MsgId: MMSG-26998]
Vuser output directory: "C:\Users\ageef\Documents\Loadrunner_1\VuGen\Scripts\03_Buying_A_Laptop"  	[MsgId: MMSG-27050]
    WinInet replay instead of Sockets: No  	[MsgId: MMSG-27006]
    Process socket after reschedule: Yes  	[MsgId: MMSG-27022]
    Process socket after reschedule: Yes  	[MsgId: MMSG-27022]
    Graph response bytes per second: Yes  	[MsgId: MMSG-26997]
Operating system's current working directory: "C:\Users\ageef\Documents\Loadrunner_1\VuGen\Scripts\03_Buying_A_Laptop"  	[MsgId: MMSG-27048]
    HTTP version: 1.1  	[MsgId: MMSG-27005]
    Snapshot on error: No  	[MsgId: MMSG-27021]
Starting action vuser_init.	[MsgId: MMSG-15919]
    Snapshot on error: No  	[MsgId: MMSG-27021]
    Graph pages per second: No  	[MsgId: MMSG-26996]
    Keep-Alive HTTP connections: Yes  	[MsgId: MMSG-27004]
    Define each step as a transaction: No  	[MsgId: MMSG-27020]
UTC (GMT) start date/time   : 2022-04-29 20:50:12  	[MsgId: MMSG-26992]
    Define each step as a transaction: No  	[MsgId: MMSG-27020]
    Web recorder version ID: 10  	[MsgId: MMSG-26995]
    Max self Meta refresh updates: 2  	[MsgId: MMSG-27003]
LOCAL start date/time       : 2022-04-30 01:50:12  	[MsgId: MMSG-26991]
    Read beyond Content-Length: No  	[MsgId: MMSG-26994]
    Read beyond Content-Length: No  	[MsgId: MMSG-26994]
    No proxy is used (direct connection to the Internet)  	[MsgId: MMSG-27171]
Local daylight-Savings-Time : No  	[MsgId: MMSG-26990]
    Parse HTML Content-Type: TEXT  	[MsgId: MMSG-26999]
    Parse HTML Content-Type: TEXT  	[MsgId: MMSG-26999]
    DNS caching: No  	[MsgId: MMSG-27035]
Some of the Runtime Settings:  	[MsgId: MMSG-27142]
    Graph hits per second and HTTP status codes: Yes  	[MsgId: MMSG-26998]
    Graph hits per second and HTTP status codes: Yes  	[MsgId: MMSG-26998]
    Simulate browser cache: Yes  	[MsgId: MMSG-27034]
    Download non-HTML resources: Yes  	[MsgId: MMSG-27018]
    Graph response bytes per second: Yes  	[MsgId: MMSG-26997]
    Graph response bytes per second: Yes  	[MsgId: MMSG-26997]
        Cache URLs requiring content (e.g., HTMLs): Yes  	[MsgId: MMSG-27033]
    Verification checks: No  	[MsgId: MMSG-27017]
    Graph pages per second: No  	[MsgId: MMSG-26996]
    Graph pages per second: No  	[MsgId: MMSG-26996]
            Additional URLs requiring content: None  	[MsgId: MMSG-27032]
    Convert from/to UTF-8: No  	[MsgId: MMSG-27016]
    Web recorder version ID: 10  	[MsgId: MMSG-26995]
    Web recorder version ID: 10  	[MsgId: MMSG-26995]
        Check for newer versions every visit to the page: No  	[MsgId: MMSG-27031]
    Simulate a new user each iteration: Yes  	[MsgId: MMSG-27009]
    Page download timeout (sec): 120  	[MsgId: MMSG-27030]
    Non-critical item errors as warnings: Yes  	[MsgId: MMSG-27008]
    Resource Page Timeout is a Warning: No  	[MsgId: MMSG-27029]
    HTTP errors as warnings: No  	[MsgId: MMSG-27007]
    ContentCheck enabled: Yes  	[MsgId: MMSG-27028]
    WinInet replay instead of Sockets: No  	[MsgId: MMSG-27006]
    ContentCheck script-level file: "C:\Users\ageef\AppData\Local\Temp\lr5tmpdirl91.544\lrcfgNDl.545\LrwiAedScript.xml"  	[MsgId: MMSG-27027]
    HTTP version: 1.1  	[MsgId: MMSG-27005]
    Enable Web Page Breakdown: No  	[MsgId: MMSG-27026]
    Keep-Alive HTTP connections: Yes  	[MsgId: MMSG-27004]
    Enable connection data points: Yes  	[MsgId: MMSG-27023]
    Max self Meta refresh updates: 2  	[MsgId: MMSG-27003]
    Process socket after reschedule: Yes  	[MsgId: MMSG-27022]
    No proxy is used (direct connection to the Internet)  	[MsgId: MMSG-27171]
    Snapshot on error: No  	[MsgId: MMSG-27021]
Ending action vuser_init.	[MsgId: MMSG-15918]
    Define each step as a transaction: No  	[MsgId: MMSG-27020]
Running Vuser...	[MsgId: MMSG-15964]
    Read beyond Content-Length: No  	[MsgId: MMSG-26994]
    Parse HTML Content-Type: TEXT  	[MsgId: MMSG-26999]
    DNS caching: No  	[MsgId: MMSG-27035]
    Graph hits per second and HTTP status codes: Yes  	[MsgId: MMSG-26998]
    Simulate browser cache: Yes  	[MsgId: MMSG-27034]
Ending action vuser_init.	[MsgId: MMSG-15918]
    Graph response bytes per second: Yes  	[MsgId: MMSG-26997]
        Cache URLs requiring content (e.g., HTMLs): Yes  	[MsgId: MMSG-27033]
Running Vuser...	[MsgId: MMSG-15964]
Ending action vuser_init.	[MsgId: MMSG-15918]
    Graph pages per second: No  	[MsgId: MMSG-26996]
            Additional URLs requiring content: None  	[MsgId: MMSG-27032]
Running Vuser...	[MsgId: MMSG-15964]
Web Turbo Replay of LoadRunner 2020.0.0 for Windows 10; build 793 (ноя 27 2019 19:51:20)  	[MsgId: MMSG-26983]
    Web recorder version ID: 10  	[MsgId: MMSG-26995]
        Check for newer versions every visit to the page: No  	[MsgId: MMSG-27031]
    Page download timeout (sec): 120  	[MsgId: MMSG-27030]
Run mode: HTML  	[MsgId: MMSG-26993]
    Resource Page Timeout is a Warning: No  	[MsgId: MMSG-27029]
Replay user agent: Mozilla/5.0 (Windows NT 10.0; Win64; x64) AppleWebKit/537.36 (KHTML, like Gecko) Chrome/100.0.4896.88 Safari/537.36  	[MsgId: MMSG-26988]
    ContentCheck enabled: Yes  	[MsgId: MMSG-27028]
    ContentCheck script-level file: "C:\Users\ageef\AppData\Local\Temp\lr5tmpdirl91.544\lrcfgNDl.545\LrwiAedScript.xml"  	[MsgId: MMSG-27027]
Runtime Settings file: "C:\Users\ageef\AppData\Local\Temp\lr5tmpdirl91.544\lrcfgNDl.545\cfggwJ.546"  	[MsgId: MMSG-27141]
    Enable Web Page Breakdown: No  	[MsgId: MMSG-27026]
    Enable connection data points: Yes  	[MsgId: MMSG-27023]
Vuser directory: "C:\Users\ageef\Documents\Loadrunner_1\VuGen\Scripts\03_Buying_A_Laptop"  	[MsgId: MMSG-27052]
    Process socket after reschedule: Yes  	[MsgId: MMSG-27022]
    Snapshot on error: No  	[MsgId: MMSG-27021]
    Define each step as a transaction: No  	[MsgId: MMSG-27020]
Ending action vuser_init.	[MsgId: MMSG-15918]
Vuser output directory: "C:\Users\ageef\Documents\Loadrunner_1\VuGen\Scripts\03_Buying_A_Laptop"  	[MsgId: MMSG-27050]
    Read beyond Content-Length: No  	[MsgId: MMSG-26994]
Running Vuser...	[MsgId: MMSG-15964]
Virtual User Script started at: 30.04.2022 1:50:12	[MsgId: MMSG-15967]
Operating system's current working directory: "C:\Users\ageef\Documents\Loadrunner_1\VuGen\Scripts\03_Buying_A_Laptop"  	[MsgId: MMSG-27048]
    Parse HTML Content-Type: TEXT  	[MsgId: MMSG-26999]
UTC (GMT) start date/time   : 2022-04-29 20:50:12  	[MsgId: MMSG-26992]
    Graph hits per second and HTTP status codes: Yes  	[MsgId: MMSG-26998]
LOCAL start date/time       : 2022-04-30 01:50:12  	[MsgId: MMSG-26991]
    Graph response bytes per second: Yes  	[MsgId: MMSG-26997]
Local daylight-Savings-Time : No  	[MsgId: MMSG-26990]
    Graph pages per second: No  	[MsgId: MMSG-26996]
Some of the Runtime Settings:  	[MsgId: MMSG-27142]
    Web recorder version ID: 10  	[MsgId: MMSG-26995]
    Download non-HTML resources: Yes  	[MsgId: MMSG-27018]
    Verification checks: No  	[MsgId: MMSG-27017]
    Convert from/to UTF-8: No  	[MsgId: MMSG-27016]
    Simulate a new user each iteration: Yes  	[MsgId: MMSG-27009]
Starting action vuser_init.	[MsgId: MMSG-15919]
    Non-critical item errors as warnings: Yes  	[MsgId: MMSG-27008]
    HTTP errors as warnings: No  	[MsgId: MMSG-27007]
Ending action vuser_init.	[MsgId: MMSG-15918]
Running Vuser...	[MsgId: MMSG-15964]
    WinInet replay instead of Sockets: No  	[MsgId: MMSG-27006]
    HTTP version: 1.1  	[MsgId: MMSG-27005]
    Keep-Alive HTTP connections: Yes  	[MsgId: MMSG-27004]
    Max self Meta refresh updates: 2  	[MsgId: MMSG-27003]
    No proxy is used (direct connection to the Internet)  	[MsgId: MMSG-27171]
    DNS caching: No  	[MsgId: MMSG-27035]
    Simulate browser cache: Yes  	[MsgId: MMSG-27034]
        Cache URLs requiring content (e.g., HTMLs): Yes  	[MsgId: MMSG-27033]
Web Turbo Replay of LoadRunner 2020.0.0 for Windows 10; build 793 (ноя 27 2019 19:51:20)  	[MsgId: MMSG-26983]
            Additional URLs requiring content: None  	[MsgId: MMSG-27032]
        Check for newer versions every visit to the page: No  	[MsgId: MMSG-27031]
Run mode: HTML  	[MsgId: MMSG-26993]
    Page download timeout (sec): 120  	[MsgId: MMSG-27030]
    Resource Page Timeout is a Warning: No  	[MsgId: MMSG-27029]
Replay user agent: Mozilla/5.0 (Windows NT 10.0; Win64; x64) AppleWebKit/537.36 (KHTML, like Gecko) Chrome/100.0.4896.88 Safari/537.36  	[MsgId: MMSG-26988]
    ContentCheck enabled: Yes  	[MsgId: MMSG-27028]
    ContentCheck script-level file: "C:\Users\ageef\AppData\Local\Temp\lr5tmpdirl91.544\lrcfgNDl.545\LrwiAedScript.xml"  	[MsgId: MMSG-27027]
Runtime Settings file: "C:\Users\ageef\AppData\Local\Temp\lr5tmpdirl91.544\lrcfgNDl.545\cfggwJ.546"  	[MsgId: MMSG-27141]
    Enable Web Page Breakdown: No  	[MsgId: MMSG-27026]
    Enable connection data points: Yes  	[MsgId: MMSG-27023]
Vuser directory: "C:\Users\ageef\Documents\Loadrunner_1\VuGen\Scripts\03_Buying_A_Laptop"  	[MsgId: MMSG-27052]
    Process socket after reschedule: Yes  	[MsgId: MMSG-27022]
    Snapshot on error: No  	[MsgId: MMSG-27021]
    Define each step as a transaction: No  	[MsgId: MMSG-27020]
    Read beyond Content-Length: No  	[MsgId: MMSG-26994]
    Parse HTML Content-Type: TEXT  	[MsgId: MMSG-26999]
    Graph hits per second and HTTP status codes: Yes  	[MsgId: MMSG-26998]
Vuser output directory: "C:\Users\ageef\Documents\Loadrunner_1\VuGen\Scripts\03_Buying_A_Laptop"  	[MsgId: MMSG-27050]
    Graph response bytes per second: Yes  	[MsgId: MMSG-26997]
Operating system's current working directory: "C:\Users\ageef\Documents\Loadrunner_1\VuGen\Scripts\03_Buying_A_Laptop"  	[MsgId: MMSG-27048]
    Graph pages per second: No  	[MsgId: MMSG-26996]
    Web recorder version ID: 10  	[MsgId: MMSG-26995]
UTC (GMT) start date/time   : 2022-04-29 20:50:12  	[MsgId: MMSG-26992]
LOCAL start date/time       : 2022-04-30 01:50:12  	[MsgId: MMSG-26991]
Local daylight-Savings-Time : No  	[MsgId: MMSG-26990]
Virtual User Script started at: 30.04.2022 1:50:12	[MsgId: MMSG-15967]
Some of the Runtime Settings:  	[MsgId: MMSG-27142]
    Download non-HTML resources: Yes  	[MsgId: MMSG-27018]
    Verification checks: No  	[MsgId: MMSG-27017]
    Convert from/to UTF-8: No  	[MsgId: MMSG-27016]
Ending action vuser_init.	[MsgId: MMSG-15918]
    Simulate a new user each iteration: Yes  	[MsgId: MMSG-27009]
Running Vuser...	[MsgId: MMSG-15964]
    Non-critical item errors as warnings: Yes  	[MsgId: MMSG-27008]
    HTTP errors as warnings: No  	[MsgId: MMSG-27007]
Starting action vuser_init.	[MsgId: MMSG-15919]
    WinInet replay instead of Sockets: No  	[MsgId: MMSG-27006]
    HTTP version: 1.1  	[MsgId: MMSG-27005]
    Keep-Alive HTTP connections: Yes  	[MsgId: MMSG-27004]
Web Turbo Replay of LoadRunner 2020.0.0 for Windows 10; build 793 (ноя 27 2019 19:51:20)  	[MsgId: MMSG-26983]
    Max self Meta refresh updates: 2  	[MsgId: MMSG-27003]
Run mode: HTML  	[MsgId: MMSG-26993]
    No proxy is used (direct connection to the Internet)  	[MsgId: MMSG-27171]
    DNS caching: No  	[MsgId: MMSG-27035]
Replay user agent: Mozilla/5.0 (Windows NT 10.0; Win64; x64) AppleWebKit/537.36 (KHTML, like Gecko) Chrome/100.0.4896.88 Safari/537.36  	[MsgId: MMSG-26988]
    Simulate browser cache: Yes  	[MsgId: MMSG-27034]
        Cache URLs requiring content (e.g., HTMLs): Yes  	[MsgId: MMSG-27033]
Runtime Settings file: "C:\Users\ageef\AppData\Local\Temp\lr5tmpdirl91.544\lrcfgNDl.545\cfggwJ.546"  	[MsgId: MMSG-27141]
            Additional URLs requiring content: None  	[MsgId: MMSG-27032]
        Check for newer versions every visit to the page: No  	[MsgId: MMSG-27031]
Vuser directory: "C:\Users\ageef\Documents\Loadrunner_1\VuGen\Scripts\03_Buying_A_Laptop"  	[MsgId: MMSG-27052]
    Page download timeout (sec): 120  	[MsgId: MMSG-27030]
    Resource Page Timeout is a Warning: No  	[MsgId: MMSG-27029]
    ContentCheck enabled: Yes  	[MsgId: MMSG-27028]
Virtual User Script started at: 30.04.2022 1:50:12	[MsgId: MMSG-15967]
    ContentCheck script-level file: "C:\Users\ageef\AppData\Local\Temp\lr5tmpdirl91.544\lrcfgNDl.545\LrwiAedScript.xml"  	[MsgId: MMSG-27027]
    Enable Web Page Breakdown: No  	[MsgId: MMSG-27026]
    Enable connection data points: Yes  	[MsgId: MMSG-27023]
    Process socket after reschedule: Yes  	[MsgId: MMSG-27022]
    Snapshot on error: No  	[MsgId: MMSG-27021]
    Define each step as a transaction: No  	[MsgId: MMSG-27020]
Vuser output directory: "C:\Users\ageef\Documents\Loadrunner_1\VuGen\Scripts\03_Buying_A_Laptop"  	[MsgId: MMSG-27050]
    Read beyond Content-Length: No  	[MsgId: MMSG-26994]
    Parse HTML Content-Type: TEXT  	[MsgId: MMSG-26999]
Operating system's current working directory: "C:\Users\ageef\Documents\Loadrunner_1\VuGen\Scripts\03_Buying_A_Laptop"  	[MsgId: MMSG-27048]
    Graph hits per second and HTTP status codes: Yes  	[MsgId: MMSG-26998]
    Graph response bytes per second: Yes  	[MsgId: MMSG-26997]
UTC (GMT) start date/time   : 2022-04-29 20:50:12  	[MsgId: MMSG-26992]
    Graph pages per second: No  	[MsgId: MMSG-26996]
LOCAL start date/time       : 2022-04-30 01:50:12  	[MsgId: MMSG-26991]
    Web recorder version ID: 10  	[MsgId: MMSG-26995]
Starting action vuser_init.	[MsgId: MMSG-15919]
Local daylight-Savings-Time : No  	[MsgId: MMSG-26990]
Some of the Runtime Settings:  	[MsgId: MMSG-27142]
Web Turbo Replay of LoadRunner 2020.0.0 for Windows 10; build 793 (ноя 27 2019 19:51:20)  	[MsgId: MMSG-26983]
    Download non-HTML resources: Yes  	[MsgId: MMSG-27018]
    Verification checks: No  	[MsgId: MMSG-27017]
Run mode: HTML  	[MsgId: MMSG-26993]
    Convert from/to UTF-8: No  	[MsgId: MMSG-27016]
Replay user agent: Mozilla/5.0 (Windows NT 10.0; Win64; x64) AppleWebKit/537.36 (KHTML, like Gecko) Chrome/100.0.4896.88 Safari/537.36  	[MsgId: MMSG-26988]
    Simulate a new user each iteration: Yes  	[MsgId: MMSG-27009]
Runtime Settings file: "C:\Users\ageef\AppData\Local\Temp\lr5tmpdirl91.544\lrcfgNDl.545\cfggwJ.546"  	[MsgId: MMSG-27141]
    Non-critical item errors as warnings: Yes  	[MsgId: MMSG-27008]
Vuser directory: "C:\Users\ageef\Documents\Loadrunner_1\VuGen\Scripts\03_Buying_A_Laptop"  	[MsgId: MMSG-27052]
    HTTP errors as warnings: No  	[MsgId: MMSG-27007]
Ending action vuser_init.	[MsgId: MMSG-15918]
    WinInet replay instead of Sockets: No  	[MsgId: MMSG-27006]
Running Vuser...	[MsgId: MMSG-15964]
    HTTP version: 1.1  	[MsgId: MMSG-27005]
    Keep-Alive HTTP connections: Yes  	[MsgId: MMSG-27004]
Vuser output directory: "C:\Users\ageef\Documents\Loadrunner_1\VuGen\Scripts\03_Buying_A_Laptop"  	[MsgId: MMSG-27050]
Operating system's current working directory: "C:\Users\ageef\Documents\Loadrunner_1\VuGen\Scripts\03_Buying_A_Laptop"  	[MsgId: MMSG-27048]
    Max self Meta refresh updates: 2  	[MsgId: MMSG-27003]
UTC (GMT) start date/time   : 2022-04-29 20:50:12  	[MsgId: MMSG-26992]
    No proxy is used (direct connection to the Internet)  	[MsgId: MMSG-27171]
LOCAL start date/time       : 2022-04-30 01:50:12  	[MsgId: MMSG-26991]
Local daylight-Savings-Time : No  	[MsgId: MMSG-26990]
    DNS caching: No  	[MsgId: MMSG-27035]
Some of the Runtime Settings:  	[MsgId: MMSG-27142]
    Download non-HTML resources: Yes  	[MsgId: MMSG-27018]
    Simulate browser cache: Yes  	[MsgId: MMSG-27034]
    Verification checks: No  	[MsgId: MMSG-27017]
        Cache URLs requiring content (e.g., HTMLs): Yes  	[MsgId: MMSG-27033]
    Convert from/to UTF-8: No  	[MsgId: MMSG-27016]
    Simulate a new user each iteration: Yes  	[MsgId: MMSG-27009]
            Additional URLs requiring content: None  	[MsgId: MMSG-27032]
    Non-critical item errors as warnings: Yes  	[MsgId: MMSG-27008]
    HTTP errors as warnings: No  	[MsgId: MMSG-27007]
        Check for newer versions every visit to the page: No  	[MsgId: MMSG-27031]
    WinInet replay instead of Sockets: No  	[MsgId: MMSG-27006]
    Page download timeout (sec): 120  	[MsgId: MMSG-27030]
    HTTP version: 1.1  	[MsgId: MMSG-27005]
    Keep-Alive HTTP connections: Yes  	[MsgId: MMSG-27004]
    Resource Page Timeout is a Warning: No  	[MsgId: MMSG-27029]
    Max self Meta refresh updates: 2  	[MsgId: MMSG-27003]
    No proxy is used (direct connection to the Internet)  	[MsgId: MMSG-27171]
    ContentCheck enabled: Yes  	[MsgId: MMSG-27028]
    DNS caching: No  	[MsgId: MMSG-27035]
    ContentCheck script-level file: "C:\Users\ageef\AppData\Local\Temp\lr5tmpdirl91.544\lrcfgNDl.545\LrwiAedScript.xml"  	[MsgId: MMSG-27027]
    Simulate browser cache: Yes  	[MsgId: MMSG-27034]
        Cache URLs requiring content (e.g., HTMLs): Yes  	[MsgId: MMSG-27033]
    Enable Web Page Breakdown: No  	[MsgId: MMSG-27026]
            Additional URLs requiring content: None  	[MsgId: MMSG-27032]
    Enable connection data points: Yes  	[MsgId: MMSG-27023]
        Check for newer versions every visit to the page: No  	[MsgId: MMSG-27031]
    Page download timeout (sec): 120  	[MsgId: MMSG-27030]
    Process socket after reschedule: Yes  	[MsgId: MMSG-27022]
    Resource Page Timeout is a Warning: No  	[MsgId: MMSG-27029]
    ContentCheck enabled: Yes  	[MsgId: MMSG-27028]
    Snapshot on error: No  	[MsgId: MMSG-27021]
    ContentCheck script-level file: "C:\Users\ageef\AppData\Local\Temp\lr5tmpdirl91.544\lrcfgNDl.545\LrwiAedScript.xml"  	[MsgId: MMSG-27027]
    Enable Web Page Breakdown: No  	[MsgId: MMSG-27026]
    Define each step as a transaction: No  	[MsgId: MMSG-27020]
    Enable connection data points: Yes  	[MsgId: MMSG-27023]
    Process socket after reschedule: Yes  	[MsgId: MMSG-27022]
    Read beyond Content-Length: No  	[MsgId: MMSG-26994]
    Snapshot on error: No  	[MsgId: MMSG-27021]
    Define each step as a transaction: No  	[MsgId: MMSG-27020]
    Parse HTML Content-Type: TEXT  	[MsgId: MMSG-26999]
    Read beyond Content-Length: No  	[MsgId: MMSG-26994]
    Graph hits per second and HTTP status codes: Yes  	[MsgId: MMSG-26998]
    Parse HTML Content-Type: TEXT  	[MsgId: MMSG-26999]
    Graph response bytes per second: Yes  	[MsgId: MMSG-26997]
    Graph pages per second: No  	[MsgId: MMSG-26996]
    Graph hits per second and HTTP status codes: Yes  	[MsgId: MMSG-26998]
    Web recorder version ID: 10  	[MsgId: MMSG-26995]
    Graph response bytes per second: Yes  	[MsgId: MMSG-26997]
    Graph pages per second: No  	[MsgId: MMSG-26996]
    Web recorder version ID: 10  	[MsgId: MMSG-26995]
Ending action vuser_init.	[MsgId: MMSG-15918]
Running Vuser...	[MsgId: MMSG-15964]
Ending action vuser_init.	[MsgId: MMSG-15918]
Running Vuser...	[MsgId: MMSG-15964]
Action was aborted.	[MsgId: MMSG-10694]
Ending Vuser...	[MsgId: MMSG-15966]
Starting action vuser_end.	[MsgId: MMSG-15919]
Ending action vuser_end.	[MsgId: MMSG-15918]
Vuser Terminated.	[MsgId: MMSG-15963]
Action was aborted.	[MsgId: MMSG-10694]
Ending Vuser...	[MsgId: MMSG-15966]
Starting action vuser_end.	[MsgId: MMSG-15919]
Action was aborted.	[MsgId: MMSG-10694]
Ending action vuser_end.	[MsgId: MMSG-15918]
Ending Vuser...	[MsgId: MMSG-15966]
HTML-Mode memory management statistics: Reusable=0, NonReusable=0, CsMemBlockSize=4096, checks disabled  	[MsgId: MMSG-26000]
Starting action vuser_end.	[MsgId: MMSG-15919]
Action was aborted.	[MsgId: MMSG-10694]
Ending Vuser...	[MsgId: MMSG-15966]
Ending action vuser_end.	[MsgId: MMSG-15918]
Starting action vuser_end.	[MsgId: MMSG-15919]
Vuser Terminated.	[MsgId: MMSG-15963]
Action was aborted.	[MsgId: MMSG-10694]
Ending action vuser_end.	[MsgId: MMSG-15918]
Vuser Terminated.	[MsgId: MMSG-15963]
Ending Vuser...	[MsgId: MMSG-15966]
Vuser 4 (thread 5068), ended OK."	[MsgId: MMSG-10695]
Starting action vuser_end.	[MsgId: MMSG-15919]
HTML-Mode memory management statistics: Reusable=0, NonReusable=0, CsMemBlockSize=4096, checks disabled  	[MsgId: MMSG-26000]
Ending action vuser_end.	[MsgId: MMSG-15918]
Vuser Terminated.	[MsgId: MMSG-15963]
Vuser Terminated.	[MsgId: MMSG-15963]
Vuser 8 (thread 16844), ended OK."	[MsgId: MMSG-10695]
HTML-Mode memory management statistics: Reusable=0, NonReusable=0, CsMemBlockSize=4096, checks disabled  	[MsgId: MMSG-26000]
Vuser 5 (thread 13488), ended OK."	[MsgId: MMSG-10695]
HTML-Mode memory management statistics: Reusable=0, NonReusable=0, CsMemBlockSize=4096, checks disabled  	[MsgId: MMSG-26000]
Vuser 1 (thread 14328), ended OK."	[MsgId: MMSG-10695]
HTML-Mode memory management statistics: Reusable=0, NonReusable=0, CsMemBlockSize=4096, checks disabled  	[MsgId: MMSG-26000]
Vuser 0 (thread 15028), ended OK."	[MsgId: MMSG-10695]
Action was aborted.	[MsgId: MMSG-10694]
Action was aborted.	[MsgId: MMSG-10694]
Ending Vuser...	[MsgId: MMSG-15966]
Ending Vuser...	[MsgId: MMSG-15966]
Starting action vuser_end.	[MsgId: MMSG-15919]
Starting action vuser_end.	[MsgId: MMSG-15919]
Ending action vuser_end.	[MsgId: MMSG-15918]
Ending action vuser_end.	[MsgId: MMSG-15918]
Vuser Terminated.	[MsgId: MMSG-15963]
Vuser Terminated.	[MsgId: MMSG-15963]
Action was aborted.	[MsgId: MMSG-10694]
Ending Vuser...	[MsgId: MMSG-15966]
Starting action vuser_end.	[MsgId: MMSG-15919]
Ending action vuser_end.	[MsgId: MMSG-15918]
Vuser Terminated.	[MsgId: MMSG-15963]
HTML-Mode memory management statistics: Reusable=0, NonReusable=0, CsMemBlockSize=4096, checks disabled  	[MsgId: MMSG-26000]
HTML-Mode memory management statistics: Reusable=0, NonReusable=0, CsMemBlockSize=4096, checks disabled  	[MsgId: MMSG-26000]
Action was aborted.	[MsgId: MMSG-10694]
Ending Vuser...	[MsgId: MMSG-15966]
Starting action vuser_end.	[MsgId: MMSG-15919]
Ending action vuser_end.	[MsgId: MMSG-15918]
Vuser Terminated.	[MsgId: MMSG-15963]
HTML-Mode memory management statistics: Reusable=0, NonReusable=0, CsMemBlockSize=4096, checks disabled  	[MsgId: MMSG-26000]
Vuser 2 (thread 11344), ended OK."	[MsgId: MMSG-10695]
Vuser 3 (thread 5656), ended OK."	[MsgId: MMSG-10695]
HTML-Mode memory management statistics: Reusable=0, NonReusable=0, CsMemBlockSize=4096, checks disabled  	[MsgId: MMSG-26000]
Vuser 6 (thread 1968), ended OK."	[MsgId: MMSG-10695]
Vuser 7 (thread 9704), ended OK."	[MsgId: MMSG-10695]
