Action.c(47):     \xA4G(\x99}\xB0\xBB\xD4[\xBE\x9ET\x93+\x88\xDA=\x06;D\x1C\x80\xD9\xBCX\xCA\xC7\x8E\xA8\xDA
Action.c(47):     3\xA6z\xF6h\x85@\x90\xA4h\x8F\xA2\t\x81\x16\xB5\xD0\xAB)\x80\xE2\x00\xDF\x85\xEEp:\xD5\x8D
Action.c(47):     \x1F\x07\xBC\x9A\r0\x9E\x13\xD7\xCA\xE0\x0F\xC2q-F\xAB\xB4B\x0F\x10\xAF\xABQ\xEB\xD6]\xF15
Action.c(47):     ;-y\xC5\xA5\xE1F ix\xA7UV56\xAAy\xCAC\x84z\xC2\xD9ep^\xF5\xF94%\xD0\x08\x94\xEEo\x88\x06B\x89
Action.c(47):     x\xAF\xFA\xBA\xF2\x8A\x9E\xB4\xBE\xAEWC}"X@\xB3h\xB4\xAE\xBC\xA4X\x0E\x06B\xE1\x02\x1A\x0C
Action.c(47):     \xC8\xD6`I}O:[\xA0\xF9g\xCC\x9A6g\xC6\xAA\x0F\xDF~\xFB\xE1\xAD\xEA.A\xD4?\x9B3\xE9\xD8IS\xD6
Action.c(47):     \xEE}k\xCF\xA3[\x1F\xFF\x85>m\xB9\xF0\xE49\x13\xC6/\xEC1\xFE\x85\x87\xEEy\xDB\xFF\xF6\xBB\xB9
Action.c(47):     ?=mYs\xCE\xBC\tc\xE6\xC4\x8E{>\xF9\xC0k\xFE\xE7\x9F\xF3\x7FF,d\xD6\xC1\xFFZ\xAE\xB4<G\xDCH
Action.c(47):     \xE9\x80\x99\xBE\xE4*\x92\xACBN\xAD\xF5\xB4$% u-\xDB\xD3\x92\xEA]Z%\xB9\xAB\xB4\xDEp\xA88\xD9
Action.c(47):     \xA1\xE2i\xA1j\x13\xE32O\x98\xF8\x00\x1F\x1E\xAF\x16\xE0\\\x86\xEFl^\xAD\x08\xDE\xF5\xE4\xEF
Action.c(47):     zz\xB5:xW\xC9\xDEi\xFD\x00Q\x01\x0F"H\xCA\x03\xE6h\xD4\xEAz\xC2\x9B\xFC\xD2\xAA\x02\x86\xAD
Action.c(47):     \xDE\xB5\x80\xC3\xBCF-[\x81\xD7\x02D\x0F`$\x11\x0F\xE5\xD3\x80\\R\\\xDE\xC0P\xD5\x8Fr\xD4\xF8
Action.c(47):     i\x98\x96\x1D\xE6\xF3Yw_s\xDD]w]s\xED=\xCF\x0Cl\xEA3``\xDF\xBE\x03\n
Action.c(47):     \x84\x176\xB66\xD2\x11\xF7\\s\xED\xDD\xF0\xC1?\x9E\x19\xDA{P\xEF\x81}\x9B\x06H#G\x9F{\xDF\xF6
Action.c(47):     \xF5\xA3\xCF\xBD\xF7\xDEs\xFB\x8C\x1D\xDBgt\x9F\xF1\xE3\xFB\x1C(\x92V\x8F\xDC\xBFq\xFB\xE8
Action.c(47):     s\xEE\xDB~\xEE\xE8\xF5\xF7n?\xB7q\xFC\xC8\x01\xA3\x1B\xC7\x8Fo$ \xD9\xFA\x1D\xDCg\xC9\x03\xFC
Action.c(47):     EI\x0F\xD2\x88\xB8\x8B\xA0\xA4(D\x04\x96\x89-I;"\xB0A\x04T\xF5ATi\xC5@)\xC5^\xB5\x1A\xA9K\x0E
Action.c(47):     \x83\xDC\x8Bi\xD5a<\xC5\xD0\xE3\xE2\xC8rqD\x069\xB2\xFA\x02\xB2\xAAe\xC0\x84\xD8\xA8\xD6))
Action.c(47):     {aY7/\x12\x8F\xCB\x97T\xF2*\x1B\x81\xA6\x02\x8A\x1A\x01\xB4\x95E\x18\xDA\xD4\x06 1\xD9\x95
Action.c(47):     \xDD\xAD\x06\xBE\x05\xB8\x03bb$\x05\x08\x02\n
Action.c(47):     \xCA\xA2\xB4?\xADO\x00)\x85\xAD\xD1\n
Action.c(47):     \x0F-).-c\xF8j\xA0V\x0F\xF5\x03\xA15\xC0\xE7\x0Cu\xFD\xD6_0d\xF0;\x0Fm}a\xEE\xE4\x194PZ\xF9
Action.c(47):     \xDE\x90a\xAF\t\xFA\x13\xA3'\xA7NxO\xD7i\xE9\xF2)\xF5'\xD6\xEAo\xFA\x13es\xAA\xAA\x8E\xED]
Action.c(47):     qL\xDFA\xC3\xE8Ek\xB6\xCF\x98~\xFD\xD8\xFB_}\xEE\xB2\xB9\xB7\xF5;J\xFFW\xD3ec.\xF9z\xEA/\x96
Action.c(47):     )\r\r_\xBC0\xE5\xA4H\x84Nw\xD7L\x136TMk\xE8]:\xAA:>\xE68\xC6\x9Bq\xF1\x07\x9A-g\x83<\xAF@i
Action.c(47):     n\x88r\xAAZ2\xE4\xB8\xF1\xA2\xC9i\x01.\x82\xEC\x16\x7F\x10*\xF5\x9F\xF5/8\x8F\x9F\xA9\xF7\x17
Action.c(47):     \xEE\x96G\x11\x85\xF8\tU}\x0C\xE9\x8Ep\x8B\xE6\xE7\x7FS\xEF%\r\x89\xB0,(A\xAF/l-)'g\xD2\x9A
Action.c(47):     \x1Dr\xFDy\xC9\xE4y\xF5\xF2\x0E\xFD5\xA1O\x88^$\x94\x8C\xBFj\xAE>J\x7F W\xBF_\x1F\xBD\xE0\x8A
Action.c(47):     \xF1B1\xBBv!\\{j\xE6\xB5\xC5=\x9A\xBB\xED\xDA\xBD|J\xBDW\xA8hH\x84\x08\\\x9EXK\n
Action.c(47):     \xCFM=\xBC\xAE\x97\xFC\x0C\xED\xA7?\xFB\x8C\xAC\xBF<\x97>L'\xE6\xD2q\xF4\xB1y\x1B\xC7\xB5\xBE
Action.c(47):     \xAE\xAF\x0F\xE9\xE7\xB6\xBE1\x8E];"\x0C\x16\x97\x83\xBE\xF1\xC0\xD5A\xE5\xA2\x82\xCC\x8Ai
Action.c(47):     ^~\xE5\x06\x8B\x98\x10\xCB\xC2\x16\xBF\xD5I+\xFC\x91F\xDA\xCD\xF7\xB8\x9F\x96\xF4\xD6_\xD9
Action.c(47):     y\xFD\x03\xF7\xDF\xF0\x1F\xA9P;\x83N\xD3\xB7\x9E\x9A\x9A\xA2\xFF\xBE\x9C\x16\xEB_\x9DH\xBD
Action.c(47):     \x1C\x1F\xBD\xC9UR\x81\xF40q\x92\tLKZ\x13\xA8\x82UK<I(\xAA\x11\xE2\xB0W%)\xC1C*\xDA\xE1\xAE
Action.c(47):     \xAE\x98\xEA\xD8\xA3\n
Action.c(47):     q\xCD\xEEk\x01\xED\x9C\xB4;\xF03\xBB\x15\xBE\xE6\xB0\xE3\xA1\x83\xD8\xAB4\xB7\x81NP\xFDJ4\x88
Action.c(47):     \xBF{\xD3\x13i\x80.\xD2\xAF\xD7\xFF+\xD4\x1C\xA0\x97\xE8k\x0E\xE8s\xE9\x16\\\xC3\x00\xFDu\xBA
Action.c(47):     \x8D\xFC\x05\xD2\xA6\x8C\xED\xAD`\xEC\xAD\x1CS\xE9\x1EM\n
Action.c(47):     \xB4hV\xA0q\t\xD5\xBE\xA5\x11.\x1B\xA1\xF5\xD1\xA08`\x18\xCD\xDB\n
Action.c(47):     \x7F9\xE4\xF3o\xF5\xE7\x18,\xAB\xA8.\xDC)|\x04\\W\x8C\xD7\xD1\xA8\xD8\x82?T\x95b\x1A\x01\x86
Action.c(47):     \x11\xBDx]T\xF5|m\xC1UB\x1D\xD5?\xF9\x04\xFFv\x13\xFCJQ\xE4\xD8n\x19\x96\x88y\x80\x97@J\x01
Action.c(47):     S\x84\xFD\xF0K\xA0\xFD\xB1\x89\xDB\x1Dx\xFF\x83?\x1D<O,e\xF6\x0C\xEC\x11e{\x04w\xE6\xDF\xB5
Action.c(47):     \xD2(\xF5\x08!\x9A\xD7\xFA\xCDYr\xF5\x9Fo\xA0\xFD3\xEB\xE0>\xA9\xB7![\xFB\x90\xA4\x13o\xA6
Action.c(47):     \x88\xA6T\xC5\x85\xE7\xB1\xBBz@(p\xE1\xA9\xD9\xE0\xE6\xF9\x86t\xD4\x9CRc##t/I\xC4I\x0EliI1
Action.c(47):     \xA1\\Q(\x86t\xA3\xF6\xCF>\xA5N\xFD\xF7O?\xD7\x7F\xA3%'\xCC\x9F\xBBp\xD1\xDCy\x0B\x85\x06:
Action.c(47):     \x88\x16\xD1j\xFD\r\xFDc\xFD)\xFD#\xFD-ZE-\xEA\xAD\xB7\xAA\xF4\x8C\xFB\xB7\xDD\xFA\x00\xA7
Action.c(47):     \x8D\xED\xB0\xC8\xDF\x01\x1E\x0BZg\x12\xCA-\x01WF\x05o\xD1\x0E\xC0\xA8\xB5\x85m\x91\xC4\xD0
Action.c(47):     \x92\x94D\xDC|\t7\xDFj \xB8\x0C\xF0\xB3]\x18\xA5\x7F =\xF0J\xDD_\xE3\xA4\x07\xE0\x9A\xA3\xC0
Action.c(47):     n\x1A\n
Action.c(47):     0\xE7\x92\x15$\xE9A\x88\x9D\x001\x12\xB4\x16\x82\x83\x10\xBBJ(\x17)-\x82F\x90\x96\x03:\x16
Action.c(47):     , \xE0!M\x86\xDB\xC8~\xFC\x82\xEC\x06r\xF3\xCBx\xE8\xF7\xC0\x1D\xF3\xE0S\x7F\x8E\xE2K\x8AN
Action.c(47):     \x07H<\xA29Q\xCDf5\xAA!%)\x13\x7F#\xD3\xA1\xE5\x80%\t\x95$\r\x03I\xD6SS\x8E\x05\xA3\xA3,\xD4
Action.c(47):     \xFD\xF9'\x94^y\xB7\xDE*\x08\xF3\x0F\x14\xD0\xB7\x17\x1E;o\xDA\x82\xC5\xFA\xE7\xE2\xF7\xCF
Action.c(47):     Q\xE5\x9Bg\xCF\xFF\xE8!\xFD\x0B\xCB\xC7O\xD1?O\xD96t\xFA)\x17\xAFF\xFC\x0C\x83\xFD\xAB\x07
Action.c(47):     X\xBA\x93\xD3I\xB2\x12a\xB1\x00\x08\x96J\\\x96\x85\xC2\n
Action.c(47):     \xF3\x10\xAC\x00\x9C\x0B\xE4\xE1\xB9@\xB6\xBD*\xE5vU\xE6\x81zt\xDB\x01{U1\xD5\xB6\x87Y\x07
Action.c(47):     \n
Action.c(47):     \n
Action.c(47):     |\xB0+\x92J!~Sq\x01P=\xD0\\\xB0\x01\x1C\xC5\x00\x90\xCB\x02\x1BN\xCA@\x9A\xBB\x158\xA1\x06
Action.c(47):     |ZNa\x07\xD3\xA0\n
Action.c(47):     \x047;`@U\x94\x97\x1A\xF0\xA2i \x81 \x1F&\xD0\xC8\xA9\xD3\x17\x9Cr\xD2\xCA;\xEEX4\x7F\xFE\xAC
Action.c(47):     \t+\xF5/\x04\x99\xFAv\x7FJ\xDD\xA7.>m\x9D\xBE\xF7\xB3\xDD\xFA^z\xA1<i\xD9\xCA\xD9'-y\x7F\xD9
Action.c(47):     \x9C\xE3O\x9C=F\xDE\xFE\xE1;;gm\xAF\xA9J\xAE\xD9\xF9\xC5\xDBH\xB7\xA0\xD8\xA4\xD9@\x17\x0E
Action.c(47):     \x92EF\x93\xA4\r)\x03\xC9=\xE5p\xDA\xA8\x1B\xCC\xE9\x84\xE6\x10Q\x86P\xD5\x8B\x10\xAA.f\xBD
Action.c(47):     \x83\xD0H\xDA\xAC\x08\x9E\r\xA9DA[\xDE\xE9\x00\xF8H\xA3J\x15\xD5\x83\xC0\xD0\xA8\x02F\x1D\n
Action.c(47):     \r\xF0\x1A*\xAC\x8D\xC2tZ~\xE7\x9D\xFA\xDE\xD6\x07\xA8H\xC7\xCAa\xBAO|\xEE\xC0\xF2O\xF5\x7F
Action.c(47):     \xD3\xA6O\x05\x97\xD0\x8D\xD1\xE9r\xD8\x87\xBE\xB0\x9EB2\x86$\xF3\xCD}\xF0"\xF2\xFD\xAE\x96
Action.c(47):     T\xD8\x99\xEF\x05\x8C\x87m-\xCC\xB0\x06\x8C\xE7\x02\x17\x811\xAC\xE5\x02v5\xC5\xC7\x08\x06
Action.c(47):     \xF0\x9B"\x82'+\x17ugXQ\x03\x0C\xB7e&n\x01\xA5\xD62?\xD0\x8D\xD8\x9F6\xF4\xF2\x05\x03\x02 
Action.c(47):     t\xB9@s\x96OY8g\xD1\xC2IS\xFC\xFA\xC1Ib\x8F\xD6g++W\x0F}\xFD\xAB\xD6\xEFv\xE9\x9F\xD2\x0B-
Action.c(47):     \x9E9\xCB\xAE<\xE5\xEC\xEB\xFB\xD7+b\xD57\xBAZPAE\xFD\xC0\xD7\xAF\xEB\xDF\xBC\x0Fx\x9C\x07
Action.c(47):     \xEB>\x96\xF1B\x05rC6\xAE\xBC\xC0\xE4\x7F\xA7\xB3%\xE5+\xCDFS\xCA\xE7\x80\x95W2Q\x10AQ\x10
Action.c(47):     W#^\xB6\xFE \xC0\xD1\r^\xA3\x11f+\xF9\xB2q\xEDAE\xB3Y\x11\xA4\xD2\x02\xC0m\x10\xACH\x05$\x08
Action.c(47):     \x10\x8E\xD3\xA7\xDA\x1AUIQ\xAD\x8D\\hD\xE3\xA1\xB0\xB5'\xA8x\xB9\x10\x98!\x11\x07\xA82$\x08
Action.c(47):     \x87y\x1E\x1DA\x0EN\xB8tX\xDDQ'\x0C\xB9`\x9B,\xD6^;\xF3\xD9\xBD\xFA\xF7\xEF~\xA5\x7FHK\xCF
Action.c(47):     Z4u\xD9\xF2\xE9\xE3W\x17\n
Action.c(47):     \x8D4\x8F\x16\xD0\t\x85\x05{\xC2\xE1\x17\xC0\xD5\xEA\xA3\xEF{\xFB\x03\xC0@#\xF5\xDC\xFF\xCF
Action.c(47):     ;O9\xED\xDA\xBAj.S\x9A\x80v\x06\xC1^\xB9\xC0+k\xA3\x1C\x8D\xA0\xB4s\xB3\xCD\x01J1]\x18P8\x9A
Action.c(47):     \x07\xC9\x84\xD8\x98}\xC3\xA5\xB6\x83\x8A\xD6hC.mh\x92,\xDFl/\xF3\xE8\x1Fx\x8A?~Vz\xF5\x93
Action.c(47):     O\xF4\xEF\xF4r]\xDB\xBC\x99\x0E\x12r>\xC1\xFB\x89d\x1A\xE0\xB8\tp\x1C&%$F.!\xC9 b9b\x9A^\xD5
Action.c(47):     bK\xAA"\x1A\xB4\x03\x96+p\t5\x0C\xCB\xD9\x80\xE5l\xAFZ\xCA\xAC\xB0,f\x85\x95\xB2SZ\x01`\xDB
Action.c(47):     \x07\x87h\xE7k.@\x7F-\x9C(5\xAC\xAF\xEEJs0\x12\xB5s\xE3\x0B\xA4\x0Fa\x1B\xA3\xF9\x08 \xBFB
Action.c(47):     \xD1\xB2Dx\xAD\xF6i.\xB9\xB1\xBD\xDD\xD5\x8EI3)\xCE\x9Fq<\xED\x82S\x16\xAE\xD6_{\x95\x92\x93
Action.c(47):     \x16\x9C|\xA1\xFE\xDD\xDE\x8F\xF4oi\xD9\xCA\x19\xD3V\xAE\x9E6}Et\xDA\xF8\xB1\xD3f\x8C\x1D7
Action.c(47):     \x95n\\\xF3P<v\xF7\xB2g\xDEz\xEB\x99e\xF7\xC4j\x1F>\xE5\xC5w\xDF\xFDp\xFEI'\xCF\x9B\xBBf\x8D
Action.c(47):     \x90?m\xC9\x92i\xC7/YL\x98\xFF=\x01pSc\xD0\xDF2\x92t\x98\xFA\x87Ic\xB0NS\xD9\x05\x0E\x110\x93
Action.c(47):     mkG\x7F\x11\xA6\x8A\xD4(w\xC9\x91\xFE"\x04\xC0t{\x98\xA9\xD9\xECP\xC4lf\xA6+\xC8\xDB\xEEF5
Action.c(47):     \x1By[-`\xB4X\xA6\x00\xB7#\xF0m\x1A\xAB\xBC\xA2\xA1\x802\x83\x1C\xADM\xC1\xB069\xD0\x13h\xE0
Action.c(47):     \xAD\x8FhH\xDF\xF5\xE3\xA8mC\x8B\x07\xAD\x1Bw\xD2\x95\xB5\x1B\xC6\xECn\xA1%\x0Bf\x1C\xBD4\xBA
Action.c(47):     r\xF6\xF1+\xC4\x17\xDF\xA3Q\xFDe\xFD\x1B\xFD\x1E\xFDw\xFD\xB5\xC2\x827r\xC2\xDB\xB7\x1E\xDD
Action.c(47):     \x7F \xB5\x7Fz\xE6\r\xBD\xAA/\xBC\xF5\xAE;\x00V\xA6\xDF\xA5\xA5,\xD6P\xDD\xA6\xE1\x99\x82F
Action.c(47):     \xFD\xDE1\xDA \x1A\xD1\x86\xB6(\xC3\xA6\xB6(\x83\xB8\xD4\xD0\xF9\x02Y\r\x16\xC8\x9Bp]\x0B\xB1
Action.c(47):     \x93z\x82\x94b\xC5\xCB9b\xAA\xBCG\xB3\xC3\xB5\xEC^UBb\xA1\xA0\xC7h\x8CY3\xE0\x92\xC3\xB5\xDB
Action.c(47):     Y3N\xBC\xC3j\xB4h\xEE\x80\xDB\x18F\x8Dt\xA3q\x1B\xE0\x9B^d\xA8\xB8Y\xB2\xC0\xEA\x89\xBF\x9E
Action.c(47):     *\x96\xA0E\xE9%\xCEl}J\x18DS\x9F\xD1\xE5\xFA\x0F\xAF\xCA\xBB\xF5\x1F\xF8\x9A.\xA2\xA3$\x9B
Action.c(47):     \xF81\x835\x97[BN\x0E\xA9\x93Aj\x00\x86\xBC\x84\xF7\xBEH<\xE7\xC09\xE29t\xD4\x17_\xD0\x07\xBF
Action.c(47):     0\xEC\xE4\xB5p\xBF\x8F\xF8\xFD\x1A\x942P\xE54\xB8V\x18\xD1\xFA\xB0\xB8h(\xF5\xFCG~\x85\xBA
Action.c(47):     \xF5\xAB>\x83{\x15\x01\x93\xBD\xCAh\xA8\x80,\xE0\xDE\x8D\x96\xE765\xBA\xB3\xBDF/\x8C\xA9\x91
Action.c(47):     =\xAA;\xAE\x15\x00b\\q\xB5 \xAD\xD7\xD1\x17\xD4\n
Action.c(47):     "\xA8\xC1\x95\x10\xFA,~Eu4\xAA\xB2O\xB5\x03%\x85\xF2\xE0\x03\xF0Y\x0C=n\xEA5\x0F\rFA\x1A\x9B
Action.c(47):     z\xDC\x1AEh\x8AD*\xBE\xF619x\xCD\xCA~\xE5\xA0\xCC\xC6\x9F6|\xF2\x9C\xA9#N\xA0\xFA\xE7`\x81
Action.c(47):     \x95K\x8D;^\xFA\xEC\xD9u\xEF\x1C\x13\x9B5\xF1\xB2\xF53\xFA\\8q\xFA\xA2\xE3'\xEF\x7F\xF9\xAF
Action.c(47):     \xBF\x00\x96\xA3\xF4\xBE\xF23\x96K\xC0\xDA\x19L\x1E%I;\x93\xC7\xE0\xE5f\xE1A\x83\xA7E\xAD\x8D
Action.c(47):     i\xDD\xE1ePL\x0B\xC2KiL\x13\xD1\xC9\x1D\xC2\\\x90\n
Action.c(47):     \xEE\x9BU0\xC9\x9C\x92y\xC4e\xA8\x11qy\xEA\xAF\x89\x18h\xF1\xA8\xFD\xBCj\xFF\x1DZ$\xE7O5w\x07
Action.c(47):     i\xCE\x8D\xF4\xEB\x8F\xF1\r\x9A>R\x07\xE6R\xAD\x02\xD9\x89\x82\xEB\xA6F\x95\x81v\xBB\xA8\x94
Action.c(47):     v\xEFY[\xDF\x07\xE5\x8A\xEC\xD3\xAC\xC5(\xDC\xED\xDD\x81~\xAA\x1B\xB5\x86\x02\x1EO\x08\x0E
Action.c(47):     \x82\xD7\x1CD\x8F\x8FD\x8B\x88(\x0B\xC8Y\xC8Q\xE5\xA0\xAE\x12(\xE9\x13\xA2\xCCX\x8B\x7FA\x00
Action.c(47):     \xF1\xDF\xAB!\x0C\xDF("\x94\x7F\xD0D\x1B\xFCL\x1D\x1C\xE5\xA3\xEF\xD3\xF3\xE9y\xF4f\xAF\xFD
Action.c(47):     \xBBo\xC7\xAC\xCE\xEEq\xDE\xF1\x97_\x17\xC8\xF9\xF6\x1F'_>I\xB4$\xAC\xDDKO\xBA\xD4\xE6\xD5
Action.c(47):     _\xD5\x9F\xD6\xFF\xA3_\x9B\xA5\xD0a4>\xF9\xA1A\xE5\x83_\x9D\xA7\x9F\xACO\x14\xB6:\x1A\x07\xF6
Action.c(47):     \x9EVJ{\x84{\xE6\xAC8\x99~H\xB7\x0BT\x8F\xE8\xD3\xDF\xD3\xFF}\xFC\xD8\t\x13\xBE\xFB\xB7N\xE3
Action.c(47):     u\xBD\xA4\xD6gg\r{\xEFn:\x87^\xA6\x1F\xAB\xDF\xA8\xDF\xA2/\xAC,\xB8\xBA{\x8C\xFEDOZw^\xDD0
Action.c(47):     \xC9"\xD1\x1F\xAC\xB6\xA7\x91\xA6]\x84X\n
Action.c(47):     AoX\xC1S\x19\xC9\xF9\x17\xEC\x0Cnv\xC86\x02f\x87&#u\xBB\x98\x98Bk\xC3\xEA\x05\x97\xA1\x8A1
Action.c(47):     \xB2\x1B\xDD\x07+\xE8H\x81\xDA\xECL6QT(\x0E\x8C!\x02UD\xC5\xA8\xE8\x8F\x8A%.\xFA+\x98\xC1?
Action.c(47):     \xEB\xEF\xCE\xD3\xE9\xBC\xEDtEJ\xB6\xA8\x7F\x8D\xA3}\xF4\xE7\x85B\xA1\x89\xEB\x93\x8B@\x7F
Action.c(47):     \xBD\xC8\xFC\xB00\xD0\xFE2\xC3\x86\xCD\x02\xA9\xC9l\xE3"\x94\x9Aa\x8F\x80RS\x86\xE5D\xD9r\xB2
Action.c(47):     Py\xC4\xD5,N\xEENx\xE7\xF4\xAA\x16\x94\n
Action.c(47):     yp\x9C\x07\x8C\t\x8B,\x86\x8F,~\x05\x954\xD1\xC2Yp\xE0d\xB2\x13tv\x11\x8A\n
Action.c(47):     &\x89\x8A2tEY\x94\xEB\x86h\xBDi\xFE]D\xFFK)-Z\xB2\xF0\xBC\xF3\xF4\xFF\xB6\xEA?S\xF7\xC9\xA7
Action.c(47):     /Z\xA9\xEF}\xFD\x94\xB3\xD7\x9D\xBD\xD3\xA2\xEE|a\xC1\xD6\xCA\xBCGO\xFB\xCF\xDB\x1F/\x98\xB7
Action.c(47):     d\xD5\x8B\xB3\xA7/\x98\r\xBC>\x03\xF4\xC0\xDB\xC0\xC3%d&IF\x89i\x8AGM\xC6\xE5\x06\t\xC2\x98
Action.c(47):     %\xE1\xB9,'2s)\x03\xCD\x0F\x00\xF8\xBDZ\x0E\x10:Xy\xF9 \xE4lq\xAD\x0C@\xC9\xF1+\\\x07f\x85
Action.c(47):     \x80\x9Am\x91F\xD3\xE8\x90\xC2\xA1` h5"W\n
Action.c(47):     Wq\xD1p \x18\xB2\xCAeEd\x06\x1DH\t\xF5\\\xBFY\xD0?\xBF\xE4\xAA\xF3n\xBC\xED\x92\x8B\xCF\xA3
Action.c(47):     \x11\x81n\xDA\xAC\xFF\xA5\xFF\xA9?*\x0C\x87\x1D\xB3\xD3I\xF4\x92\r_\xCA\xB2\xBC\xE9\x86\xB7
Action.c(47):     \xC0<\xBC\xFB\xAD\xAB\xAF\x847\x9F]x\t\xA5\x13\xB8\x0C\x84}\xFA\x04\xF6\xC9\x0E\xBEx\x8D\xC1
Action.c(47):     \xCB\x0Es\x97\xFC\xA8\xEA\x03\xDC\xF7\x87\xF5;\xBChe01\x144E~\x11\xF3\xD1\xA3\x15F\xA4\x08
Action.c(47):     q\xFB\x0Bu\xD2\xA9\xFA]\xFA\xAF\xAF=}K2y\xCB\xD3\x16U\xDF\xAE\xFF\xFA\xA3\xFE\x8B~\xFF\xC7
Action.c(47):     on\xFF\xF9\x1Fo\xA2\xDC\xC4\xFB.\x83\xFB:\xC9pC\xCB\xD8\xE1\xAE\xCC\xC6\x91\x806,\x9CT-b\x9A
Action.c(47):     TQG\xA0\x1B\xCD\\l;X<\xAA#\xCE\xFDi\xC3\x89Np\x07\x9A\xFD\\$~\xD6:H\x98\xD6z\xA7\x00w\xFFD
Action.c(47):     \xBF\xEA\x13}\xF6\xC7\\^\xE3}Of\xF0\x0E\xE4\xF7m\xBB\xA7\xCD\xC2\xEEi\x13[\x8C\xB0w\xE7{\x1A
Action.c(47):     7tv\xB8\xE1E\xE2\x7F[{\x0Bs[\xB7\xE0\xCDV|\xD2z;\xBF\x17\xDA\xAD_\x02\xBD\x14\x81\x96H\x16
Action.c(47):     \x10\x8EPN$.8p1"q\xD9\xC0\xD9\xC9\xCE)\x90\xDA\xB3\x82\x17n\xEDe\x01m\xD5\x1EGs"\x19\x8A0:
Action.c(47):     \x03\xDFH\ry5\xAB\x8FsB\xC8\x0B"_\xF2\x170o\xCE\x8FB.\xD2\xA8\xB9\xC0\xC5k\xB3^\x8BH\xD8\x1A
Action.c(47):     e\xF2\xCA\xA0\xA2\x06%Z\x1FUd\t$\xDA<:\x14\xA8\xC8A#\xA2\xA0\x7Fk;\x7F\xDD\x85w\xDC\xBBi\xE1
Action.c(47):     \x99E\xBA.\x94\x0F\xD2\xBF}]\xFFU\x7F@\x18Hk\xA8\x8D\x8E\xD6[\xDF\x90O\xDE\xF0\xEA\xED\xFA
Action.c(47):     +w\xBD\xDA\xBD\x90z^l}\xFF\xD8\x0B\xE9(\x8ESK\x94\xED\xE5\x00C\xE2X\xB9\xC4\xC1\\\x82CdXu\xB4
Action.c(47):     \xED\xA4\x93\xB98\xC0\xDA,\xEC+q\xF3(\xBD\x87\xE9\x7F\x17\xD1Ra\x02-A\x9F\xC6\xA2\xB6n\x14
Action.c(47):     V\xFF5N\x98\x01\xA8\xA5\xE4F@\xEE\xBFX\xFC \x9A\xB1\x87\x87\x8E=\xDCHKQ@\xB1=\x19\x00{\xE2
Action.c(47):     \x86\xBF\xF5#\xDDy\xD2\xBE\xA8'\xED\x8B\xDA\xD9\xA5\x80\xE8}{X\xDCZ`\xCB\xC4E#\xD1k6\x01P\xEB
Action.c(47):     A\xC5\x02\x8E\x90\xEA\xCBt,\xE1Nh\x99V\x94\xD7\xD7\r\x10h\xDE\xF2\x19\xE3W\xC1\xF2\xBF}\xFD
Action.c(47):     \xF3\x0B\xCE\xA1\xDB\xE4\x93\x16\x9F\xB5L\xDC\x7F\xC0\xF2\xC6\xEF+\x96\xBCd3i\xD1\xD2\xC8l
Action.c(47):     \xFCF\x03o\xB66\xBC\x89N\x867\xD1\xCD\r~\x00\xCC\xC5\xF0\xC6\r}\xD1i\xEC0\xC2\x07\xB2\xD9\x0E
Action.c(47):     \xCC^\x82([G\xD7\xD3\x05zHP\xF4\x9B\xF5\xD3n\x03\xC4\xDD/Ll\x9Dz\xE07av\xEB\xAD&\xFD\xD7\xB1
Action.c(47):     XE\x0F\x83\xEFD\x83\xEFX\x90\x82\xE3/)2\x8A\x17-\xE9 \x05\xDB\x98 n\xC9E\x16u\x7F\xCD\xC7\xE6
Action.c(47):     \xFA\xE5\xD5p-\x85\xCC3\xAEeu%\xD2\x10\x98QC\x050\x97\x15\x06\xD7\x9D#\xD2P9\x0E8\xE3\x881
Action.c(47):     9\xAFd1\x94\xAA6\xA5Y\xB0\xB8\xDC\xA8\xBE\x1D(\xD4A\xFB\x10\x16\xAA\xF00{\x06\x96@\x01RX\x88
Action.c(47):     \xBF\x82\x96P\xAB\x1F\xC0=\x8B\x9E$\xD35\xF4l\xFD\x83<Y?\xFD\xDF\xFA\x99r\x1E,\xEFU\xA9\x16
Action.c(47):     \xD4QR8\x8F\xEE\x7FQ\x8A\xD3\xD6s\xF51i|s:\x1D\xD6\x89N3\x89\xD3\xC95\xA2A\x96\x9A\x13V
Action.c(47): t=9380ms: 8174-byte response body for "https://www.advantageonlineshopping.com/css/fonts/roboto_bold_macroman/Roboto-Bold-webfont.woff" (RelFrameId=, Internal ID=18)
Action.c(47):     \xA1\n
Action.c(47):     \xCC#\xB4\x19\x8B\xD2D\xBB\xB9\xA4\x06\xC4\x0C\xB52r\x1D%3zE}x\xA0\x80\x8A\x9F\xFC5N\xFC\x8C
Action.c(47):     \x1E(@9;\xFD\xE0>K\xE4\x901,\xE7\x11cX\x923\x1D\xC3\x02\x86F\x8F\x00^\xDA\xC7\xB0\xA6\xD3\xB1
Action.c(47):     \xD4M\xB3\xE8$\xFD~\xFDG\xFDg]\xA5%wm\xBE\xF6\x9E{\xAF\xB9\xE6\x0Ea2\x95A*\xCF\xD2\xB7\x01
Action.c(47):     G\xFF\x05\x92\xF86:\x93\xBA\xEE\x7F\xEF\xBD\xFB\xA9\xED\xDE\xF7\xDE\xDDN\xD2\xBA\xE0+\x16\xAF
Action.c(47):     \xF0\x93\xA3\x0C\xCE2\xF5@\xCA\xEE$\xA8\xAD\xED\xEDU\x823\x8EZ!\x0BU\xB2\xA1\x154\xBFSI\xAB
Action.c(47):     \xE18A\x05\x1C\xCD\xA1\xA6\n
Action.c(47):     \xBEH\x18\xB2\x9F\x16\xE9\x1F\xEF\xD7?\xA6E\xA7\x9F}\xD6\x19\xFA\xC7\x16\xF5 \xF9\xCF\x7F\xF4
Action.c(47):     \xD6\x1F\x84\x1F/8a\xF1\xC5\x0CWA\xCBB\xC0\x95\x1F\xF8{\x0CI*\x88\xAB\xB0\x89\xAB\x02\xC4U
Action.c(47):     1[@\x00\x16\x10\xF0j\xB9\x06\xAEJ0R\x11\x00\x8A\xF1H\n
Action.c(47):     \x9A\xC66Es\xBAQ,\x86\x15\x0C\x02z\x1A\x1B3\xF0\xC7\x02\xF7e\xDC\xAA\xEB\x1A\x8B\xC7\x8E\xFB
Action.c(47):     \xF1)\xFD\xAF^'\xF7?\x1C*\xCF\xFFd\xE2\x7Fo\xD6\xFD\xC1\x0E\xE8d\xB8\xB4\xF8\x00\x97\xB9`-
Action.c(47):     \xCC1\xA8\xCD\x9B\xE0\xE8,\x01t\xE6D\x18:s\x10\x9D\xDCB\xC8E\x971\xAE\xE6r\xAF\xB10\xCE\xF8
Action.c(47):     \xDD\xC2\x8D\x04W\x00m\x03\x05\x81\xC9!\xDC\xE2\x890\x8B\xA7\xA4\r\xD5\x86\xC5\x93\x0F\xE0
Action.c(47):     \x84\x83 \xEFY\xE2\x06P\x9FH\xA3\xBE\xECO\x9A\xB3f\xF5\xB9\xAB\xA2\x95\xFA\x1B\x95\xD9k\x97
Action.c(47):     \xEA\xDF\x1C8\xE3\xB4\xD3\xD6\xE8\x07-\xEAg\xBBW\xDD\x16/O\x9E\xB7\xA4\xDF\x05E\xC1\xA2k\x07
Action.c(47):     \x9F\xB0\xEC\xB4\xD6\x7F\x8A\x15\x8B\x16\xCE_\xC3u\xD9T\x90\x9B\xFF\x82=\xA9n\x8B\xE19\xDA
Action.c(47):     \xC5\xF0\x14\x84,\x0F\xCE\xE5)x./\xDB\xDE.\x0F\xD8##\x0F\x98\x91\xED\x0B\x1A\xD9>\x81Y\xE7
Action.c(47):     \xB0eI\x8B\xB3\x187\xAF\xCC\xA7\x96\x00\xB4y e\x9B=\xC1\xB2\x1E<\x07\x93\x91\xDE\xEB\x01\xDE
Action.c(47):     Li\xA2W;#\xC9H\xEFI%\xE5(\x84\xA7\x82\x10\xDE\xBAq\xED\xD9k\xAF\xD1\x0F\xE8\xBF\xD1\xDAo\x7F
Action.c(47):     \xB8\xEE*A\xFFb\xC3\xE9\xA7\x9Cs\xF1=?\xFE\xA1\xBF\xFB\xD3w\xDA}\xF4Iy\xFDis'LZX=\xF2\x95\xE6
Action.c(47):     \xE6\xCF\xE89g\xA4\xC0@Zp\xD6\xA2\xF1#f\xD5\x0F\xFE\xA0\xF9\xF1w\xE8\xE9k\xDF\x94\x19\x0E\xF2
Action.c(47):     \x80?\xD60\xDB\x1A8X\xCE\x8C\xC9\xA8b\x9C\xB9\xC6\xE0\xCB\x02\x1F$-,\xE2j\x01\x83!)[X\x1C\x16
Action.c(47):     \x03ym\xDE$\n
Action.c(47):     \xB1<i\xAA>_\xFF\x00\xC31\xFBk\xA5W\xF1\xFA\xA7\x82\x8C\xB01y\xDA@\xB83%\x1B\xB2Yu\xA4\xC5
Action.c(47):     )\xFA\xDD\xA2\x17/\xC6\xE2*(@\xC1\xF3a&$\x92wTiSFH\xE9\xA7\xD2\xB2\x1B7\\|3-\xD3\x9F\x00\xC6
Action.c(47):     \xDF\xAF?E\xBF\x11\x9F?\xD0g\xD3\x15\x1B\xAF\xC4\xD7_\x011\x0E\xBC7\xF8\xAF\x16/\xB3\x8B\xFA
Action.c(47):     q+0I\xF0\xBEr\xC2\xB4\x85h\x08\xFCr/\xE6\x8C4k\x88\xFB\xE62E\xAA\xB4#U\x12\xBB\x19x\x8A\xD2
Action.c(47):     p\xA2\x01\x9D\x05+\xAD\xA3}}\xB2\x82\x84\xA8+\xFA\x9B \x98\xDF\x18;Z\x8A\xA1"\xA6$\x1Bt\xC7
Action.c(47):     ~\xB8_\x16\xB9\xD2\x80\xD5\xE9\x01\xDD\x817MJ\x16["\x91`AQ\xBCq\x80\xDD\x18u\x87=\xD0\x82\xE1
Action.c(47):     Pt\x15\xFB=\xFE}>\xCB\xC9K==\xAA\xB8Cs\xE7\xFEiQ=;\xFE\xF9\xCC\xE8\xEF\t;\xEF\x84\xF3\xAE\x1D
Action.c(47):     \xE0\xEC\xC0y\xCB\x0E\x914\x8B\xB2\xCB\xCD\x9C\xC8GD\xC9";]nOF\xDA\x1C.\x0F\xB08\xB2\xB8\x90
Action.c(47):     \x8D\xFA\xC3\xA0j\x12\x00\x0BhU\x1A\xCD\xA6\x05\xFF\x01X\xDF\xA6~\xF95\x9A\xAF\xDF\x07\xD2
Action.c(47):     \xF5W\x19\xB8\xFFG\x10\xF3\x11*~y W\xFC\x12D\xFD\xD3\x07\x06p^)\x04\\Z\x99\x9E)o\xD3\xEBB\x9B
Action.c(47):     \x9Ea\xC6\x8E&\xA0\x1E\x91\x1CL\x8F\xD8\x99\x06g\xFF\x17\xD2\xC7\xF5qt\x02\xC8 \x05$\xF98\xBA
Action.c(47):     K\xDF\xAA\x7F\xA5\x7F%|(\xBC\xDEz@\x90Z{\xB6\x16\x0B\xEE\xD6\x9F\xF1>\x16\xE3>v\x127b\x84l
Action.c(47):     \xCF$\xBEg<D\xC86\xCA\x8A\xF1[Q`\x1Bec\xCA\x8Cm\x14\xFAt@'\x16\xF0$\xFA\xCB\xB4?\x1D\xA8\xBB
Action.c(47):     \xF4\xBD`2\xCC\x11\xB6\x1E\x18\xA7\x13!\x0B\xEE1\xDA\xA0y;\xE9i\xEAxS\x12\x8B\xDCPf\xD6\xB0
Action.c(47):     fE\xB1D\x1B\xC1\x90\x86W\x19a\xAA\xA7Q\x0C\x9CD\x83\xA3\x85T\xEBh)\xDCz\x8C\xB0\xF3z\xA9\xE1
Action.c(47):     \x93\xAB\xF6?c\xD8\xE2kuU\xE8&\xDF\x04\xB4\x07\xF4\xCE.)\xD8\xC18\x007\xCFnF\x9ARV/\xAB-\x00
Action.c(47):     \xBB\x07\x18\xCB|'\xC6Mf\x02\xA3\xA4DI\x04\xD7\xD2\xE4\xE5\x97\xEB\xAAu\xDF;\x7F>\xF7\x0E\xBB
Action.c(47):     \xB6p\xF0<\xF1<3\xC7D\xDA\xE7\x98p_\x05\xF8\x7F\xB6\xFE\x91E\xC5\x14\x13|\xDF\r2\xFE)\xB6\x96
Action.c(47):     \x81<o\xA8I|-\xC4X\x8Bu\x0F\xDC6%\xF3\x05\xC8^\x8Dfa\x9C\n
Action.c(47):     \x8E\xCCEY\xCDxQ8\xA1\x94`B\xCF\xBDq#M\xEAcN\x95\xFB\xBE\xF3G\x10\xEF\xD1CxW<\x96\xE12\x9D
Action.c(47):     \xF72\xD0\x87\x11\xFD\x04-\x11+J\xACb\x0FZ\xF5&\xAD\xFA\xEAN\x9Bl\xBDMxWx\xBB\xB5\x1B\xBD\xA5
Action.c(47):     \xB8X\x9F\xC7qF\x0F\x96\x89W0\x0F;\xD7\xB4\xDF\xEC<\xFF\x96\x01`\x02D\x0C\x157\x1EX\xFD>\xFB
Action.c(47):     \x9B\xD1\xD2\x13\xC21\x96\xE7\x89\x04\x94\xC95\x90$\xB5\xA4S\xC2^bo\xCB\x057D\xFD%\xA3\x05
Action.c(47):     Z\xFF\xDC\xB7\x96\x1D\xB2\xFE\x1B\xB7\x0B\x1A@\xF6gIc@\x93\xF5$\xA7\x18\x99y\xE6\xFEV\xC0\xAD
Action.c(47):     \xFD\x14\x0El\xB6\x96\x94\xD8#\xEAG\x83\x15C=1\xC6\xB9\x18\x0B.\xF5j\xDD1\xAAP\x10\x8F\x83
Action.c(47):     \xB3\xDE\xA2\xD5`\x1C\x18\xCD:\x97;\x0B\xE5|w%\xE9\xF4G\xF1(\xECc\xD9w1\n
Action.c(47):     \xB4\x1A.`\xFA;\xE9\xCC\n
Action.c(47):     5\x1AA\xE0\xBEf\x16\xAA\xAC\xA2\xAE\xBE\xAE\x81\xA5\xE1A\xD6\x85A\xD3\xF1\xF0\x8D\x19\x10\x85
Action.c(47):     \xEF4\xFC\xBA\xEF\xF6\t\xE3\x86\x8F\xD6\xBF\xA4k\xCF~\xF9\x99\x9F\xC29\xFA\x07\xDE\xB0\xA5
Action.c(47):     \xFA\xEA\x85\xF7>JK\x8E\xEE?\xFA\xD4\xE0\xED3f\xD3\xDA\xAD\x0F\x1E;\xE6\xD8\xA1\xFD\xA8l\xB5
Action.c(47):     \x9E3s\xFEs\x0F\xEB\x83F]xT\xD9\x84\xAA\xB1\x8B\x1E\xDC\xD6\xEB\xA8Q\xF1\x1Bf0\xF8W\x02\xFC
Action.c(47):     \x03\xE5l\xD8\xB5B\xD3\xD2M\xBA\x11\xFE \xB0\x82\x8C\xF0\xE7\xE1\x01\xCB]\xC9\x14\xF5^\x11
Action.c(47):     \x83\xDF\xC7\x1D\x1D\x9FW\xCB\x06\xA8\x1DF2\xC5\x87\x9C\xE2\xC5\x90\x85&3\xF3$\xC8Ohr\x9E!
Action.c(47):     C\xD1\xD8fy\x06\x85\xA5O\xCA+\xAC~#\xF2\xCB\xE3w+iI\xEC\xBC\xC9\xAF\xBC\xF3\xCEK3/\xAF\ru\x8B
Action.c(47):     \xCC\x1A\xBAj\xEA\x8C\x95CfF\xE4\xEC\xD6\x07\x07\r\xD3w\xE9\xAD\xC1\x9F\xF4\x0F\xC7\x8E\xBA
Action.c(47):     \x90&j\xEB\xB6^\x15\xDC\xF2Xc=\xD0A\xFF\x83\xFB\xC4\xEF\xD8>\x1E*~A\xDB\xC7/\\\x87\x8C_(\xED
Action.c(47):     \xE3\x17\x92\x19\xBFp\xE47\xF2:\x13\x92\x88\x87C\xD6\xB4j\xCE\xA7m\xF1\x8B\x80U\xB6\x16\x93
Action.c(47):     \xFE\xD4\xF2\xD3\xAE\xD3\xD7RA\xFFm\xFA\xF8\x93g\xCD:e\xCCLj\x17\xCF<\xE7\x89\x9F\xF4\xBF\x04
Action.c(47):     w\xC1\xF7\xB4n\xF5\xF2$\xA8\xE2I+R\x1B\x0B\xAE\xD4\xA6\x8D\x92-\x96\x9B\x97.\xA74\xCE\xF6d
Action.c(47):     0\xEC\x89\xAFmO\xD0\x9E\xE6j\x04\xF7D2\xF7Db{"\xD9\xDA\xEF\t\xDF\x10\xD5\x1AO\xEFI\xB6\x0F
Action.c(47):     e1&\x7F\x1C\n
Action.c(47):     \xD8!\xB0'N\x1E.\x94\xF2LO\xBA\xDE\xCB\xA2\x83\xB05%\x15\x99\x01x\x85{\xD6\x83\xF7\xEE\x1A
Action.c(47):     \xBF\xBE\x96\x96\xED\xCFN\\:\xF5\x85\xBD\xB4d\xF6\xD2\x013\x0B\n
Action.c(47):     f\xF4_2\x8F\x1E\x0C\x02\xDF\xF6\x196H\x18\xFF\xE7\xD7\xE7\x8F\x1CCK\x7F\xD8x{\xA2\x96\xBE\x9C
Action.c(47):     h\xFC\xD7\r\x08\xCBh\x80E\x80}\xC9!\xC5d"I\x86\x11\x0C/z\xA5\xD4\x88\x94E\\a\x0B\xB0V\xC4\x02
Action.c(47):     \xACU\x12S\xF3\xC0\xF6\x0E\x80\xA1\xC5*\n
Action.c(47):     \xF2\xD0\xB4(E\xFA\x82\xA5j\xFE\x00R\x947\x0C\xAB\x0E4\xAA.E\xF5\xB3\xB5\xF7B~\x01\x82\xCA
Action.c(47):     \x07\xB5\xCCH\x89\x054\x8B\t\rG9W\x8D\xA6\xE7\x9F\xFF\x01\x15\xDE\xFF\xA9\xF5t\xC1\xB6n\xD9
Action.c(47):     \x9CsF\x8D=j\xCFy\xDF\xE8_\xD3\x9E"]x\xDC\xF1\xE3gR\xBD\xF2\xC7\x9Bo\xD2\xFF\xF8d\xAB\xBC\xE4
Action.c(47):     \x92\x8A\xEE\xA9^\xC3i\x0Fz\x8A%w\xC6\x8A3Y\xDD\x05\x00\xF2_\xB9\x9A\x84\xC9\xF1$\x19b\xB6
Action.c(47):     \x11\xAC^U\x12\x98\xFFV\xFDq\xF0ay\xE01;\xA6\x86X]D\x10#\x1C\xF1\x8C:\xBDd(\xC8(\x11\x01\xCA
Action.c(47):     A\x9D\xE2\xA6,\xF8\xA8\xCA\x8Ajg`$x\xF9\x8D\x91\x8C\xCB\xA7<\x05\x1A\xD9\xF6\xFA\xBF\xCAF\xF7
Action.c(47):     \xCC\xC9\xAE.\x18~\xCC\xDBo\xEB\x1F\x88\xCB^>\xF5\xE1\xE7\x9C\x8Ew%y\xCC1\xA7\xBE|\xE0jq\x19
Action.c(47):     \xA7\x19}\xA4\x14\x00<\xE7\x93*\xB2\xD2\x88\xC1G\x01\xCF6J\x0C\xDA\xAF\x04S\x0E\x16\x1Ap\xC1
Action.c(47):     B{0z\xC1\x08|\x81W\x0B\x03\xBD\x94rz\xA9\xC6\x08<\xEAn\xAF\x82RKi\x96\x02\xEE\x88\xE1\xB4Z
Action.c(47):     \x01\xF9\x11\xB0\xD5U\xA5Q\xABt\xC3k6\x8A\xB1v\x04\xD4\x90`Q\x82\xAE\xB39&1}\xB4k\xDA%\xB5
Action.c(47):     \xE1\x03\xFA\xBE\xDF'<:\xA6\xD7\xE0K'\x9C\xBA\xAAf\xFD\xA4\x17>\xA2\xA5\xB3\x97\x0E\x9E\x91
Action.c(47):     \x977cP\x9A\xAC&\x8C\xBAd\xFF\xEE7\xBE\xAA\xAEx\xAF(:\xFF\xC4\xB9\xFD\x06\xD2\xB2\xEF7\xDE
Action.c(47):     ^\x1B\xA3{j{!y\xC1\xDE,\x06\x1D\x8E5A~\xCCB3{\xC4\x91\xE0r\x0By]\xCEj\x93[\x814\xAF\x83\xDC
Action.c(47):     \xF2\xB3\xA2H\x063F>\x9C~\xA6\xD9\x89&gu\x90S \x88\xA3\xDC{\xB2*\x8Biib\xF3\xD4\x7F<\xAD\x7F
Action.c(47):     0\xE5\xF8\xA6\xE9\x05 \x91n\x181\xF1\x93}\xADg\x0B\xE7\x9F\xBD\xB8\xAA\xE2\xC0W\xB0\x0F\xEB
Action.c(47):     `Q\xB7\xC3zX\x9D\xAC\x19\xC1Aj\x912U\xFF\xA1\x93L`V\xAC\xE3I&\xA9\xCF\xFE\xE7-\xFD\xDE\x7F
Action.c(47):     \x9F\xE9\xA9\x83[\xF4\x91t;\\7\x0B M\x10\xB6\xAD\xB8\x9B\x12&u\xBC\xCCL\xF7\xC64\xC5\xCE\x1D
Action.c(47):     X\xD0\xE7^\xB6\xA1\xAA/n\x843E\xBE%\xCCv\xC6\x0284\xD5\xE7z\xC2=s\xFB\x02R_LU\x1E\xF5$\x98
Action.c(47):     \xD1\xD3?\x92\xE5\x89\xC7Js\xF7o\xF9\xD7\xAB6\xF9\xBF\xEF\xBE\xCB\xF5\xF2J\xC0\xF1L\xB8\xB7
Action.c(47):     \xCB\xCC\x9A\xA1\xCD\x87\x0C\xDCU\xF4\xC6\xC2B\x08\x8EF3~\xE37\xE27+i\xE9\xD1\xFB\xE9\x04\xFD
Action.c(47):     .z\x85\xAE\xE9o\x8D\x93\xB3\x0F\\J\xAF\xD3C\xAD*}N\xEF\xCB\xEE\xD3\x86\xBB<\x92V\xFB]\x87\xBD
Action.c(47):     \x00Gr\xF6\x9F_\xA7\xD7'\x9F\t\xB4_\x86\xB1xf7x\xF30V\x83\xA4\x8F\xA4\xA0\xBA\x12\xC8\x0B\xE0
Action.c(47):     \x90Q\xB5\x9C]\x10\xDC3M\x009_\xE6eQ\x08\x16\x81g5\x9C\x18\x9B\xD4*\xE0\xB5L`\x84\xA0\xE5\xA1
Action.c(47):     \x02\xB37\xAA\x8A\xA2\xB9\x82(\x7Fh43D\x12f4\x12\xEE@)\x81L\xAAYI\xB3\\u\xB7\x9C\xB0hsy\xFC
Action.c(47):     \xD6\xA5\xB7>\xA6\x7F0nl\xFFi\x11A\xDF;n\\\xDF)\xF9R\x9F+\xC6L\x9E>\xE3\xB8\xB9{?m]%l:cvC\xAD
Action.c(47):     ?\xE2im\x146\x9D:\xAF\xBA\xDB\x81}\x08\xDF\x12\xC0\x7F.\xC0\xE7\xC7\x88\x81I\xE3i\xE8\x90\xD0
Action.c(47):     3\xA8[\x13|-\x1D\xC9\xDB\xCF\x81Q\x9D\n
Action.c(47):     #r\x9AA\xE4\x1D\x97\xAE,\xA1^w\xAF-s\xEFxT\x7F\xFF\xF8)}\xA6\x17J}n\x9A8\xFD\x95\x0FZ\xA7\x0B
Action.c(47):     \xB7/\x9B\x16\xAB:\xF0=I\xEB\xA8\x81\xB0\xA6N1\x1F\xFA\xBF\xD5-1mJ@\x85b\xD5AY\xBB\xAA\xCC
Action.c(47):     \xC1\xD4\xF3\xFD\x0F\xD4\xAB\xFF\xF8\xFD\x0F\xFA\x8F\xB4d\xD1\xC9\xAB\x16\x9F\xB8z\xD5b\xC1
Action.c(47):     \x17\xFC\x89\xD6\xEB/\xFD\x1C\xFCE\x7F\x99&~\xD9\xDC\x9C\xBA:\xB8\xE9\xE1G\xAE\xE0\xF6\x8C
Action.c(47):     >\x9B\xAD\x0Bu\xE74\xD2f\xCA\xB4\xA1\x0Bt\xA7Jb\xA6\xCET\x18\x93`\x00/\xD3\x8EQ\x08G\x18\xD8
Action.c(47):     1n\x99\xD91nn\xC7P\xD3\x8E\xF1\x1B\xA8K\xDB19\xB4\x83\x1DcUj6L\xDD\xF5\xE1\x87/L>?\x16\x99
Action.c(47):     1\xE4\xC4y\x0B\x17\x1F5#\xA2\xCF\xB6\xBCw\x0EXo\xCF\x1F$\xC1\x1F\xF4\x0F\x06\xF4k\xFDS\xD8
Action.c(47):     \xD5\xB3\xE6\xAE\x8D\xC1\x1B\xFE\xD5+n\xE0\x16`\xC8j\x83!\xAD\xFA\xDBd9\xC2\xE0\x8Cu\xD0\xFB
Action.c(47):     \xB0\xE3jv\x9B\xDEwf\xEA}\x14\xDE\xC1,\xAE\xF7m\x1D\xF5~\x03rT\xD7z\x7F\xEAE\xB5\x91?\xF4\x0F
Action.c(47):     j\xCE\x9D\xC8\xF5\xFE\xC0\xE9\xF9\xF9\xD3\x06\xA4\x05\xF4\xD8\x11\x17\xFCU.X\x9A\xFA\xA3\xDE
Action.c(47):     \xBF\xAB\xA6'\xFD\xB8\xA6n\xC7\r\x06O\n
Action.c(47):     ;\x01\x86,\xA4\x8E\xB4\x14\xE4;\xE0D\x0B\xDDkf\xC5\x90\x11\x19\xEBeq*\x05\xFAtv\xA4\xCF\xB0
Action.c(47):     Xa\xB0\x92\xBB\xFC\xB4\xB1\xA12\x7F\xE1\x92A\x93BR\x9F['\xCF\xB2Z\xF4V\xB1Wmk\x19\x97\x05\x03
Action.c(47):     \xC1\x0E|\x13\xEE[MN5c9r\xFBX\x0E\xC3\x9F\x9C\x8E\xE5\xE4d\xC4r\xFC\xEDB8~`\x9Ep\xBC\xADd;
Action.c(47):     )\xBA\x04\x1E{k\xB68\x15,\xDA>d$\xA7\x80f\x16j\xA3\xB9\xD89\x92#\x97\xC8\x18\xC9\x19(P\xA7
Action.c(47):     \xB8\xF4\xB8\xF1\x93g\x9C\xBD\xE3\xD9}\xCF\xBDz\xFA\x1AA\xFFr\xE2\xB8\xE1\xE3'\xAF\xDF\xF9
Action.c(47):     \xCC_/\xBF}\xF6\xA9t\x82|\xDC\x98\x81\r5\xC3"\x157\x9C\x7F\xD9\xB3sf\\\x06\xA6\xE3\xA0\tC\xEB
Action.c(47):     \xE2\x03s*o\xBA\xE8\xAA\xC7\xE8\xF2\xC5\xE7[\x01v\xFB\xC1}\xC2U\x96\xC1`\xA7\xCC&I?\xC2\xEE
Action.c(47):     rr\xCA\x07\xE7\x9C\xD9*\xD6\xB8Y\xC7)!\xD8i{\xC5L\x06\x85\xD2u\x9C!{{{\xC5\xE5\xE7\x96=Q\xD4
Action.c(47):     ,n\xAF(\xBCL\x8BS\x0C3\xB9\xCA\xEB\x15\xFB\x16Z\xFA\xF0\xC3u=\xC2\xD1PN\x8FI\xB5\xD7\xDD\x0E
Action.c(47):     \xF6\n
Action.c(47):     \xB5\xEB\xBF\xBF\xDC\xFA\xEE\x80^\x16\xF9\x8D\xAC\xAC\xBBRB%\xEAm\x90\x1F\xD9R\x1F\x90i#8\x97
Action.c(47):     \xF2P\xA8l\xB0*\x0B\n
Action.c(47):     \x05\xBA\n
Action.c(47):     \n
Action.c(47):     \x05\xCD\xA0\x90\xC2l@LW\xC8n\x16d\xCF\x08\x115\xA4M\xD9\xF2\xC5\xB4d\xDC\x98a\xF3\x8Bh\xE9
Action.c(47):     \x9F\xB9\xF1\x1B\xE7o\x7F\x9A\xDE/\\\xDE\xBAj\xCD\t\xD5=D\xFF\xFE\xE7o\x9E<\xFD}\xA4\x1B/\xC8
Action.c(47):     X+\xAC\xC7\x8Ey\x17\x1E#\xA2\xE9\x18\x11\x0F\x03d\xC4\x81\xFC\xE1D\x03z\xDA^Z\xFB\xB0_\x0E
Action.c(47):     $i\xAD\xBEIo\x91\xFA\xB4N\x99?_\xB8{\xFF\xF3\x9C\x16\xF3\t\xB1<\x03\xD7\xCC\xC2\x98|\x96!\xB7
Action.c(47):     \xF1\xB2\x9Ad\xCB\x88\x01\xF9\xDAb@>\xCE\tm\x01\x1B\x8D\x00\xD3&\x05\xB3\xEC!\xEAO\xB0\x7F
Action.c(47):     \xA0PE\xF8\x97O}W\xC8/>\xFB\x92|9\xF5\xE9\xDF\xFE\xB2K\xDE\xF53\xACa\xA4\xF0P\xEB1\xC2#\xFB
Action.c(47):     \x9F\x17\xCEoe\xF6+\x90\x82d\x83u\xB8\xD21\x1B{")\x98\xE0\x81\x15\xE1i\x8B\xD98\xCD\x98\x8D
Action.c(47):     \x9Fkn'\xF5\xD3\xF1\xFAc\xF4\xE8\xDB\xE4\xBB\xE8\x08\xFD\x9F\xF0\xE6\x11M\x13J\x84\xB0~\x0F
Action.c(47):     =\xBE\xB5\xA5u/=A\xBF\x81\xC3k\x01\x1BT\x81\xFB\x041\xDBJ8\xD9!\xF6\x14\xB4\x8DC1\xD5\xB2G
Action.c(47):     \x93\xBD-ho\xB6\x15\x06\x01=\xA5Q\n
Action.c(47):     `\xB1-3\xCC\xC7\x01\xD4B\xFB<\xE2\x92_\xA5}\xF4czn\xD9R6\xA0\xBA\xD8]\xE0:zL\xB0\x18\xA0\xBC
Action.c(47):     \xACIP\xF7\x97\x9E\xBC\xD5\xE5|K\x90\x86\xD7O\x82\xFB\x8D$D|\x85\xEDa\xBBx\x0E\xFD\x1F\xE2
Action.c(47):     9#\x05Qw\x8BsA(g\xDF'\xDC\xF7\xE9\xDD\xAD\xA3\x8DxN\x8D~\xBDp\xAE\xDC\x8F\x14\x00l\xAC\x9A
Action.c(47):     \x06\xD3\x99\xBC\x96\x05l\xB9@\x18kYX\x01K \xC2\x18\x85\xE7R\xE0\x00y\x85\xA9\x05\xC6$\xD8
Action.c(47):     ~`\x06\xB2\xAD<\x8E]3\xF5\xB8;\x9F\xED=y\xD8\x94\xA9S\xA7\x0C\x9B\xDC\xFB\xD9;\x8F\x13\xE4
Action.c(47):     ]\xCB\x16\xEC\xDE\xFE}\xC3-\x85[\xD7\xEC^\xB4\xAD:\xB6m\xE1\xEE5[\x0B\xB74\xFC\xB0}\xF7\xBC
Action.c(47):     \xE5l=\xF7\xEB?\xD1\x19,\x06TL2S\x84X\xFF\xEE\xE4e\xF0\xCE\xB6:g%\xA1\xDC\xAF\xEA?\xC9\xFF
Action.c(47):     \xFA\xF3(\xF8\xDBb\x80\xE5d\x13\x96pL\x0B\x19\xB0\x88{TG\\\x8B\x84\x99\xD9\x88\xB0DD\x85\xDB
Action.c(47):     \xFD\xA1\xB0\xA12@\x1C3P\xF8\xD2q\xA3\x98\xF7\x1Bd^0\xB8\xBE\x93\x87M\x9F9s:\x80\xF1\xCC]\xC7
Action.c(47):     N\x9F~\xEC]\xCF\xBC\xC8@\xB8\xB5\xBAz\xDBb\x04\xE1\x96\x86\xEF\xB7\xEF^\xB0l\xD7\xF2y\xBB\xB7
Action.c(47):     \xFF\xD0\x80r\x80\x9E.\xFD\x1B\x84~\x0Ex\x87@#\x9A\xE8li\xB6\x8B!\x1BXbH5\xB9\x0C\xA6\x1C^
Action.c(47):     W\x93\xE3\xD5\\\xB4*\xE5\xE6=\x0F\x11\x14\x089h\x8Cy\x91Q0Y\xAC\x91\x9C\xC6F0\xCE\xE0\xC8\xE5
Action.c(47):     6b+\xA8=\xB88\x0E3\xC3\xB7\x82\xEB\xB6\xC5\xF7_<\xF1\xBAQ\xB5#{\xC4G\xEC\xD66L\xDE4\xA6nd\x8F
Action.c(47):     \xBA\xE1t\xC7mo\x0F>\xAA\xBAb\xD11\x91m\xEF\x0F\x18\xD6\xA3r\xE1p\xD0\xC7\x1B\xF5Kh\x12\xE8
Action.c(47):     \n
Action.c(47):     mz\xE0 \xE6\xBAJ\x87/\x18\xF3\x1B\x05c\x1B\xB9-\xAF_">v`\xB8\xF4 \xA5:\xAF\x13'G\x1Ft\x8A\xBA
Action.c(47):     \xA5\x1Cvo5\x01\xDC\xA7\x82\xBC\xCF\xC8cv\x1C1g\xB8M\xB7\x17\xB2lr\xAA\x80#BfeS\xE8\xE7;\xE3
Action.c(47):     Z.\xD8\xB1\xB0m\xE8&\x17\x14\x02\xE4\x1Ef\xA6\x06\xF10\xBF\x08\xD4\x95GI:\xB2sQqY\x80\xBF\xAD
Action.c(47):     F\x0C\xC3\xC7\xBB\x87\x82\x1DC\x18!\xD6?T.\x1C\xBD\xF7\xD5\x9D\x9B\x1F\xD0\xBFK\xC7/\x9C\x82
Action.c(47):     \xA8]\xB1\xF3\xD5\xBD\x82\xBB\xE0=Z\x95\xB3\xF7\x8B\xE2\xB7\xB7\xA4\xE3\x17\x96\r/E\xBF\xFB
Action.c(47):     \x02\x19\x1Ba\x9B\x0E\xF2\xE6\x1C\xCBs\x00\xDBu$\x99\x87|\x98\x0F\xF6JN<)c|\xCE\x03<\xE9aI
Action.c(47):     \x04\x8F\xD3^\x95"4OvW\xA9\xBE\x04sb\x02q\x06\xB8\xC0\x00O\n
Action.c(47):     >\xFC\x9A@\xB08A\xC8\xB3W\xA9\x82W\x8Db\xB2%\x94\x95\x8E\xED\x04\xF0\xC3P\x04>\xF4\x19Fo\xA0
Action.c(47):     \x85!\xC3\x17e\xD5P\x9A\x13c7\xB2\x07\x91\xE2\xA1\xCC\x98g\xEA\xAB\x82\x91F\xBA{\n
Action.c(47):     \xCB\xC1\x81@\xACX\x15\x9E\xE8O\xEB+\xA6\xDFd\xFB\xF1\xC5\xB7\xBF\x95\x04\xFD\xF3\xE9\xC3\x87
Action.c(47):     \x8Ds\xD0y\xFA\xDDRSoa\xD7\x81<G,&\t\xA3>\xD9\xF3\xFA\x0F\x1F="\xCF\x9Ev\xCA\xD2=\x9FL\x1E
Action.c(47):     \xB3\xA9\xF1\xE3\x8F]w\x1D?\x17\xE8e\xDC\xC1/,GI?\xB2j\xD3u\x847\xFADJ\x12\t\xAD\xC2\xD2\xA2
Action.c(47):     V\xC74\xB7\x85W\x99J{R\xA5\xBCM\x8CG\x12S!\xCE\xB4\xAC\x9ET\x02\x93\x82Z\xED%hftW\x9A\x1D^
Action.c(47):     \xD6&\xA6\x86|\xCD\x8A?'\xC2\n
Action.c(47):     \x98*`\x8F\x9Bs\t\xFF\xA0Z\x81\xAF\xFBs\xF0\xD0\xEDk\xB69\xBC>f\x8C\x0C\xA0\xBCW\xAC\xA2\xC1
Action.c(47):     \xB0\xA4\x1A\xC2V\xDE&\x16\xB6r\x05Yae%\xA6>\x1E,\x19\xB7\xA16\xD1\xBB~\xD3\xE5\x1BGhsf'Gn
Action.c(47):     \xDA\xB89\xD1;\x11\xBBt\xE3\xF9\xA3\x1F\x9D\xBF\xE0\xB1\x91\xE7\x8E\xFB\xEE\xBE{\xBF\xFF\xFE
Action.c(47):     \xDE\xFB\xBE[s\xF1\xA8\xE6\xB9\x0B\xFE9\xE6\xEAMW64\xF5\xEB\xBD\xF9\xCA\xEB\xC6<2\x7F\x8E6
Action.c(47):     \xF2\xF2+/\xEC?hP\xBF\xF3\x85\xD3\x1F\xD3\xC9\xC1G\x1F\xD1uF\x13!\xA0\x89W@^\x85\xC9\x1A\xAE
Action.c(47):     \x0B\xCDx~J\xF1e\x117\xAAFM\x91Q\x8A\xA6\x82!vBNhA\x19Cq\xCCN\xC9\xDA\xA3\xFA\xE3\xCC\x9B\xB0
Action.c(47):     \xC7\x93\x1E\xE6\xD6{\\v\x0Ct%\xB3X\x81C\x96\x82\xBD\x8Eq\xB4V\xE0km9\x81P\xFB\x9C@"\x18\xE5
Action.c(47):     \xFF\xEA\x8D\x7F!:\x88f\xCB4\x87\x0E\xD4\xD7\xFF\xA2?A\x87\xE8O\xE8\x1F\xE8\xF7\xD3\x89\xF0
Action.c(47):     \xE3\xB4\xA8\xAD\xB7\n
Action.c(47):     \xB3[{\xED\\\xBE\xF3\xEB\xAF\xE1\x17\xB7\xCF\xD7\x81\xEC\xBD\xC0\xE8Y\x05\xE9\xDB\xB1U5\xCC
Action.c(47):     eA\xB8\xA3,XGe\xFD/\xF8\xF9I\x8C\x1C\xF8B\xDC)\xFC\xD6\xEA\xE0\xD7\x9B\xA9'\xA4\x9B\x81_\x12
Action.c(47):     d(\xB9\x86\xF0\xA2d\xF4\xA5\x14f\x83)\x1E\x00\xAC$\xA6U\xA1\n
Action.c(47):     \x1B\xC6\xEER\x1E\xD7\xEA\x00\x13\x95qUFn\xC0\\q\x9DW\xEB\t\xF2\xC0\x03\x82\x9B\xD7U\x16y\xD5
Action.c(47):     \\\xFC\xB0_\xA0E\xED\x17\xD3r\x81+\x86\xA3z\x92\x115q\x90\x06=\x95\x81\x0E\xC5\x1E.\xA9\xAA
Action.c(47):     m\xEC3p0\xD2M\x91O\xCB\xCEG\xA4)U\x8A\xEFa\xD9UT^\xD9gp\xBB\x061\xAC\xBA\xEC\xDCph\x96-\x0F
Action.c(47):     \xA0e\x19\x1D\x8Ae\xEC\xF30\xAB\xCC\xAC`\x81\xEC\x99\x93\xC6\x0E\x1DB#\xDF\xFEL\xFD\x16A\xFF
Action.c(47):     \xE2\xD4\xA5\xABW\xAF\xD0~o\x994v\xC8P\xFD\xEBo\xBF\xD6wY\x04\x1A\xB9r\xE9\x92\xB5\xA7\xFF
Action.c(47):     \xE3\x97oh\xC9\n
Action.c(47):     \xADxhIE\xD5\x99\xF7V\x0E),/\x13\xB2\xA7\\\xD2#~\xF9\xDC\xFB\xFE\xF3\xE1N\xF9\xF8\x93\x8E\x1B
Action.c(47):     <rt\xCD\xC0\xC7\xEF\x9BvQU\xE2\xB2\xB9\xDA\xCE\x17\xDE\x93\xE9\x89\xD3'\x0E\x1E<>>\xF0\xF1
Action.c(47):     \xE7\xC7M\xACs\x04\x9C\xA1\x115\xC3\xA7\xD69Bp\xC0\xF0|\xB3\xF4\xB9x\xA3\xB1o\xBD\x88Y\x1D
Action.c(47):     \xC1\x0Cc0~y\xBE\xD3j\x8AuMT\x98\xDD\xC9\xAA%\x94\x96\x8C\x0Cg\x02~n\xA6\x8Eo\xA8C\xFA\xFC
Action.c(47):     %\xF8\x8Fe,\x8E=\xB8\xCF\xF2\xA9\xE5\xDF\xC4\t\x14^O\x1E\xE46d*\xCBC<R\x15\xCB\xB9\xA4\x82
Action.c(47):     \xEC8\x95\xA8\xB2\x8Bnx\xE1\x9FT%p\x8B\xABb \x08\xF3J\xD9\x07y\xFC\x83R\x16\xDD--B3\xBD\x17
Action.c(47):     S\x82\xBC\x81\x17\x1B\xFF\xB2y\x97$\xBE\xAB\xE4\xDB\x1E\x8D\xA7j\xF8\x89\xC2\xB8Z\xE3\xD5|
Action.c(47):     m\xE5\xA7\r\xB0\xFE\x9E\x95\xB0\x9F\xF6\xAC\xA0X\x9A\x97`\x92\xA3\x146\xF8!\xD9\xE5+$F\x03
Action.c(47):      \xAB\x1C\xE0\xF5\x03~\xD6I\xA4\xB0F"\xA3\xA92\x8B\x96\xB4S\x13\tP\x13 9\x8E\xA5[h%\xAD\xA0
Action.c(47):     [\xF5\xD9\xFA{\xFA;\xFA\xDC\xD3\xE9q\xBF\xFEB\x8F\xD3\xFF\xF1\xCBo\xFA\xBD\x9F<y\xEB-\x9A$
Action.c(47):     l\x9E:u\xE6\xFC\xF93\xA7N\xD9,H\xEA-\xB7>)\xBCK\xFBRU\x1F\xA7?\xA7\xFF[\x1FC\x93\xB4I\xFFC
Action.c(47):     \xBF\x8E.\xA66jESR\x7Fr\xED\xFD{\xB6^#\xCF\x9C|\xC9\xAASO\xBAx\xE2l\xF9\xBA[\xDE\xE4|\xB2R
Action.c(47):     H\x89nVsVE\xCE%\xAC\xB9#e\xF3\x90\xA1\x00vA,U\xCA\x10\xA7v\x8B\xA5DvdD9SQ\x8E\x98\xA8\x97\xC5
Action.c(47):     u\xA4H<n4\xEA\xB2hg\x14\xAD^\x97\x87U\xE7'\x9D\xDE\x02\xD6+\x89\xB1M\xDE;\xA1\x85#p\xA2\x1B
Action.c(47):     \xF0\x18\x01\xCB\xC2\x06\xF6P\xD2\xE9\xF2w\xCA\xDB\xC4hy:iSb&m\x1A\xDA\x926+\xFFq\xDB\xC5}
Action.c(47):     \x1B\x8F:\xFAN*\xDF{\xD9\x85\xB7\xB8<\x9A\xCD!FW\x8CY\xBB\xFE\xC1>}\x13K\x95\x8BFL\x14\xAF
Action.c(47):     _qj\xA2\xFF\xA0\xBA\x98[\x9E\xBB~\xE3\x85\xFA\xF3\x89\xE3\xBB\x07c\xB9\xB1~\xA7/\xAF\xAAn*
Action.c(47):     9a \xC7\xC1\\r\x8Ax\x9E\xB8\x99\xC8\xC4\xCD\xAA\xC0\x13\xA2\xBF\xC4x\x99K\xB3\x1F\xFF\xE1\x87
Action.c(47):     \xC7{\xF1\x17\xBA\xDFO/\xD4W\xEA\xAB\xE8\x85\xC6\x01\x93\xC3g\xD35\xE2\xD3b\x19\xEB\xE7bv\xAC
Action.c(47):     \xA7\xC5\xEC\xF2c.!k\xE6B\xEB\x11\xEC\x8C\xAE\xFA\xB9\xC0\xAFR\xCE\x16\x07\xEF\x14N\xDF\xAE
Action.c(47):     \x8F\xA7\xD2\xFF\xB1\xE7Nj\xC77q\xD2\x97<uh\xCE\x01\xB7\x04\x19\xA4\x96\x7FR\xCB8\xA7\x16K
Action.c(47):     \x06+\xE3\xA9\xDC\xBE\xEC\xB3\\c\xE7\x9B\xBA\xE0\x988\x7F\x97\x88\xABq/\xF6U\xA9\rqS\xFD\xE6
Action.c(47):     \xC7M~*m\xC7;\xD8\x83\xDC#\x0EJ\x96\xF1\x0EH\xC8RE-\x02\xCA\xA8\xC5HJI\xA3\x9APR\xC0D\xA4\x08
Action.c(47):     ?\xEA\xEBS\xF3\x0F\xC3I\xA0\x00Xom\xBA\x8A\xA5\x84\x9B\xD0U\xD4\xACb\xA9\xA2\x87\xE7'ZFs\xAE
Action.c(47):     {\xA0O\xEF>\xF5V\xC7Mvi\xF0\xA8-\x1B\x86\xCF\x1B3g\xFD\x91\x18\xAAu\xBA8\xE1\xA2\xB3\xFB\x1C
Action.c(47):     WX\xB0lD\xEFn\x83\x82\xDE\xE0\xF8\xEE\xBD\x86\x0F\xD1\x1F\xA4o7\xF5>\xBA\x0F\xEC\xDFf\x8BK
Action.c(47):     \\a\x01\xFB\x0B<\x02C\x0CzZ\xD2\x07\x99\xC9e\xD8\xBB\xCD\xC2\xFB\x16\xD7\x9Dw"-\x9E-\xDE!\xDC
Action.c(47):     \x04\xFC\x88{7\x86d\xEE\x95j\x8F\x19;\xC8\x94w\xBB\xBD\xC8\xC0/\xEAj\x9F\x0B\xB8\xCC.6\x1A
Action.c(47):     \x01*M&m\x86{0\xA3W\x9Bs\xDA\xD9\xDBV.\xDF\xB2e\xF9\xAA[\xAF\x1EQ\x97\x186,Q7Bj^y\xDBm+Wm\xD9
Action.c(47):     \xB2\xAA~\xF8\xB0^\xBDF\x8C\xE0|2\xF5\xE0[\xE2w\x96\x02X[\x16\x99BXa\x82\xB3\xC5lnu\x1E\xAE
Action.c(47):     \xB9\xD5\x9Bnn\r\x1F\xA6\xB9U\xE9\xD4\xDC\x8A\xA1\xFB\xA9t4%t\xB8\xFE\xD8A\xA2\xEF\x16\x8F
Action.c(47):     \x12v\x7FM\x97\xE8\xD7|\xAD\x9FK\xD7\xB5:>\xFF\x1Cp\xBDT\xB8I\xF8\xD8\xF2\x02\xC9%\xA3\tX\xFB
Action.c(47):     \x9A\xD3\xD3\xC2\xDC\x1EO\xA7\xBEG\xFF\x1ED\x13\xEB\xF5\x8Ew\xE8s\xCC\xECm4\x11V\x9En\xDEf
Action.c(47):     \x9D\x8De\xE9\xCE\xC6\x92\xA5\xB2\xB6y\xD3\x96%g-\x13\xE8\xD4\xD6\xABh}SI\xAC\xB6\xA1\xF7.
Action.c(47):     \xE9\x85\x13\xAF]\xBFf\xC2Y'\xCC\x90o\xBA\xE9@|p\xB7\x8A\xFA\xA6\x18\xE3\xE7Y\xC2\x15\xC2O
Action.c(47):     \x96\xE7Iw\x94\xB2\xBC\x7F\xD1\x93\xD9\xBF\xA8V\xC6pTEFT\r\xF0\x9Br\x1B\xFB\xCD\x1A\x1ASe|
Action.c(47):     \xE9\xA0\x8E\xCA\xBC)\x85\xBFQbI\xA5\x8C\x994n\xA3\xB5\xB1\xECo\xB46&\xBAlm,\xA90\x01\xE6\xE6
Action.c(47):     ,\xD0\xC9,a\xD7\x80\xA6\xDEC\x86\r^\xB1\xA2\x7FScC\xA2q\xA7 \xAB\x17^\xAF\r\xEF7ld\xF3\xF5
Action.c(47):     W=!\x9E%w\x8F\xD5\xF4\x88\xF7\xBA\xA0\xB6gy\xA2G\xA1\xBC\xE0\x8C\xB5\xCB\x1B\xA6\xE5d\xCF\x1A
Action.c(47):     \xB2\xF2\xCC\xB3po\xA4'\x84\x13Y-A7\x93\x0F\xBA\xAA%\xD0D\xD4\x19\x02\x0F`Gh4L\x97\xBE@\xEB
Action.c(47):     \x05}\x9F\xF4\x04u\xC8\xFA\x01\x86\xC3K\xF5\xD9\xD2x\x16\x0B\x99p\x88\xF8\x16\x0BB\x87\x98
Action.c(47):     \xA9\x11\xE4I\xA9`[\x94+\x8C\xD1\xA0`\xA7(\x97\xE6\xE1\xA3 2\xE3\\Q\xC3\x8CW.\xA5%S\xA7\x8E
Action.c(47):     \x9C\x9F\x07\xEE\xE6\x0Fr\x8FU\x83\x13\xC7\x95`\xB4\xB9u\xF35K\x1A\xEAD\xBA\xFF\xF9\xC1U\xD5
Action.c(47):     \xC1\xB0~\x0C[_?0Zne\xF5\x90\rF\xBD\x17o(w2`%/\xB1\xC2\x86I^\xA3\xF5\r\x8ER\x84\x9F\x03\xF9
Action.c(47):     \xEE\xE2\xB4_G\x12H\xF7 \xDC\xFA\xA1\xB4_\xAB\x7F0\xB1Eo\x15?x\x95Z\xFE\x1A'\xD8\xA8\x88\xF7
Action.c(47):     \xD9*\xF4\xA6\xCF\x8AMm\xBA\xC1\xDDr\xE8fj\x84k+-\x85?\x91\x18\x1A\xE1\xEF\xE7\xE8\xF5\xF4
Action.c(47):     K\xD0vY\xA4\x89\x80T\xD1\x1C\x9E\x16\xD6\xFAo\x10\x1B0\xAB{\x0FNI`q3\x86"\xC3\xEEw\xB0\xD8
Action.c(47):     \x0E6\x95b|)\xDC\x900\xE8\xA4\x82\x91\xD0\x9C\xC2\xF7\x9D\x03\x8F}\xE4\x1Ek\xA2i\xE0E\x1B\x1B
Action.c(47):     \x9D\x13\xC6-9g[\xB7\xEE\xDD\xA2x\xCF1\xC2\r\xF4V\x90k\x16\xCCw\xB1\xDA&\xAE(\x8F\xAC\x1D\xCB
Action.c(47):     @;\x8E\xA1\x13\xDE\xB0dm\r\x1FxSX\xC3e\xD1\x1A\xA1Y\xAC2\xEAc\x87\xF0j\xA0T6\xB7[\x9C\xB1\x94
Action.c(47):     b\x80\x92g\xCE\xC9p\xB6\x9B\x93\x81r\xB2\x8B\xAC\xC9!gY\xACyb\xCB\x96'\x9F\xB8e\xEB\x93\x0F
Action.c(47):     \x1E?y\xC2\xF1S&N:N\xA2\xA7l~\xFC\xF1\xCD\xA7\\\xF3\xD8c\xD7L>\xE1\x84\xC9\xA7L\\\xB4h"\xAE
Action.c(47):     k!\xB9N\xDC,>\xCCm\x89\x06\xBF\x98\xA0A\x9A\xE0/\x0B\xBF\xFF\xFE\t\x9A\xAD\x7F\xBD\xC5x\xBD
Action.c(47):     \x8E^A7\xE9\xA7\xFB\xF5\xD3\xD3\x07\x08\x9BD\xEE&\xC4\xF2\x1E\xE8o\xEC}\x0B\x90\x1Cr3I\xFA
Action.c(47):     \xCC\xDA\xDAT \xE8\x13\xC0\x93s'P\x80\xA8Y\xF1d0\xC0\x12\xE2\xE0\xF7\xA7;\xC8=<\xCA\xD3\x15
Action.c(47):     Z\xD1\xFC\x06m\xA1\x86\xE2\xA6\x04q\xC5Y\xD8G\x94PQ\xD8\x1B\xB1\xAF5e\xB59\x9CAf\xD5\x06|<
Action.c(47):     W\x17T4\x87\x0C\x1F\x12_R\xB4e\xA3EG\xCD<5n\x10\x9B\x06B\x13\x18\xBD\x0E\x96\xD4G\x1B\x12J
Action.c(47):     \x85\xF5n\xD8\xB4,>\xF3\xA3\x81\xDE\xF3\xC6\x82\x05o\xE8\x0B_|Mv[<|#\xF7'\xD9\x84\x8F\xCDB
Action.c(47):     \xB6n\xBD\xE5\xD2Ko\xA1T\x080\xBB\x1F\xE0\x97\x9D\x06\xFC\xA5\xE4v\xA3\x837\xE8\xE1]&\xA9"
Action.c(47):     w6\x96\xC2\x16y\xB0\x8C2Y\xE4F\xD0\x8AJ;\x80_vh\xF0a\xE7S^\x0E{(\x9E\xCC\xF7\xE2g\xF9 \x82
Action.c(47):     \xB5\xF2vh\xC8W\x1E\xB2\xDA\x9C\xEE\x00\xC7C\x11\x08\x8Ef\xD9\xEB\xC0`\x80F\xB2\x8DB\xC6NH
Action.c(47):     \xB0\xD3C\xEB\x0C\xC4G\x1E\xC7\xC7\x0B]\xAB\x8F\x0E\x98\xA1\x8Ft\xA5M$\xB2\x02\xF0s\x1D\xE8
Action.c(47):     \xBB\xEE\xA4'i$\xFD\xC9n\x92l\xC0\x08tcL\xADKh}\x00/\xF1\xF8\xE1\xF4\x89\x1A\x88iy\xED\xB4
Action.c(47):     \x0FU\x07\xFC=\r\x83\xD9]\xF0~\xD4\xBE\xF1T/\xFEqm\\\x1Bhh\x1D\xAD\xB8g#\x8EAI\xF5\xA8\x8E
Action.c(47):     \xD5\xF4ah\xEB\xD3\x08\xA7c8\x80\xA7RQ\xFB\xB1pYMm#\xCA_C3\xF9\x98fR\x929\x85\xD5\x8D\xFF\xA3
Action.c(47):     n\xB2wAs+\x8E\xA0\xAF\xE8y|\x03\xFAe\x12\xA4x\xF6\xE1\x94Xks\x97d\n
Action.c(47):     \xBC>R_#\xFE\x05\xFA\x08{4\xE7\x81V\xC7\x18f\xC4\xDD\x02\xD6\x19\x06Z\x93\xDEl\xC4\x9A\xD7
Action.c(47):     oth\x82dv\x83\xE0w{\x91\xDD0\x9A\x81\xA5"V\x1E\x14v\x1B\xB9\xD1\x88\xA2J\xD8\xD2\x0B^S6\xEB
Action.c(47):     \xD0\x89xY\x87f\x90\xE1\xA6\xA1\xAE\x176eF=82&\xC8\x95U4\x1C\xC2\xEA\x104\x94Fn^\xD5TAK\x84
Action.c(47):     \xF1k\x8F\x9E<g\xDA1\x0BE\x1A\x11\x04\xBD\xF5\x95Ou\xBA\x90\x96G\xCEzgd\xF5\xAC\xC9\x97\x9F
Action.c(47):     7\xBD\xCF\x86\tS\x17\x1D;Y~j\xF7\xA7\xE2W\xFB\xF7\xF3\xFE;\xD6\x07h-\x06/\xDE\x05Jir\xC7N@
Action.c(47):     \xB7\xD9\t\x08TD\x81$\xBAh\x06\xF4\xA1SO\x14\xA3\x19>%P\xA7\xDB\xC3{\x02\xDD\xCC\xAEj\xEB\t
Action.c(47):     T\xB0jP\xEC\xD8\x18\xC8\xAA\x08\xE7gv\x07Z\xF3d\xFD\xB7\x03V\xA1\xA9\xDD\xFA\x9C\xB0\xBE)\x87
Action.c(47):     \xECT<\xFC\xFA\xB0Y\xF1alVt\xB9\xD9,\x1F\x91\xB7\xF0\x1F\xA2o\x11~\x85i\xE7\xE6\xC5\xCB\xB8
Action.c(47):     e\x92\xD9\xC3H\x9F\xE4V\x8A\xB9\xCE\xA3`\x9D^\x90\xDD\xB3:\xAESi\xEB\xA8\x0Cv\xB5\xC8\x90\x81
Action.c(47):     D.]$\xE5\x11\x81:\x9C\x1E \x02\xB6Z\x1E\x82\x87\xD5\xE2\x80&\x7F\xDBj\x9D\xB4\xBE,a\x01\x1E
Action.c(47):     \xB1v\xC2j\x90\xE6\xFE\x83\x16~}\xD9\xA5%\x99\x98\x95{\xE7\xFE\xF0s\xF8\x82\x0B\xF6\x7Fe\xF6
Action.c(47):     _\xF2u/\x83u\xE3<\xAA\xEB:\xAE;/\x8D\xDF`L\xF3xZ\x9A\xB3=A\x1B\xD6`\x9B\xB3\x1FR\x11\xA6V\x9B
Action.c(47):     \xAD\x11\x1B\x9C'8\xC9+\xC6\x80\x8B\xF09^>\xFE\xB1\xE4Sl\x1CRL\xA7Gl\xDC\xA0P\x94\x87\x04'
Action.c(47):     \r\xE2,7\x1C\xCE\x85\xFD\xDB\xBC*\xA0\x00\x15\x8F\x1AiT=HV\x19\xF02]\xDD\x96\x80`\x03\xA9:
Action.c(47):     \x82\x9E\xBBvj\xEF\x1Du\xC5u7\xAE\x9D6L\xAB+\xAD\xE9\xD6\x0E\x03Kg^z\xDC\xC0X\xF5\xEC\r\xC7
Action.c(47):     \r\xAA\xDE\xBF\x17\xD0 \x198p3\x1A\xC3\x9A\xA0\xF3;b\xC1\x95\xC6\x82-\xA6z\x13\x9A\xDD\xDA
Action.c(47):     \xA2*q\x96T\xB5\xED\xD1\x9CJK\xB3\xD5\xD9\x01|\xA7\x17\x87\ti~\xF8L\xF2{\r\xD8Yy\x14\xC0\x9E
Action.c(47):     \xA4,\t\xA9z\x8DI\x12~_R\xB0\xB8\x19\xE3S\x97\x91\x7Fm\xDB\xE2h\x10w\x17\xFD\xC5v`\x96PG\x13
Action.c(47):     B\xB6\x8A:\xD2\xC0\rz\xE9\xA5\xFD\x1F\x02Y~\xF9\xD2Ki\xB8\xAE\x00\xB8\xFCl^\xC3\xB6\x8Ep\x05
Action.c(47):     \xD2p)\xB1T\x84\xEB\x88h,\xE54\xAC\xA8\xD2LJ\xB5\xC1ffs\x83\x8A\xCFm\xC80\xAFL*\xC6:O\x9B\x95
Action.c(47):     \xEFm6\xB6\xE87\xA2PkVBa'\xEE\xB0G\xD1\x84 \x92\xB7\xB1\xD3X\x00\x17j\xE4C\x1D<\xB6\xC6L.\xCC
Action.c(47):     pY\x19Gf\xB8\xAD\xED\x90p\xF1\x19S\x8F?\xFD\xB4)S\xCF(FT\xCC\xEB\xDD\xAD[}}\xB7\xEE\ri\x84
Action.c(47):     \xEC\x9E\xB8j\xD5\xC4IK\x97\xEE\xBFGh\x12VV54T\xF5\xE8\xDD\x882\x1C\x0Cj\xEB1\xAC\xAF\xC0\x8F
Action.c(47):     \xDC\xEAB\xBC\x90DFs\xA9\xB3%\xE5\xF1\xBA\x10?\x1E\x17\xF6\x99\xBA\xD2}\xA6\xBC\xE7O\n
Action.c(47):     \xB4$%\x96S\x91d\xB0!pk\x81\xC8\xB1^Ya\x1B)\xA1\x17\xE6\xF3\x1BP\x05\xA3~\xE3\x07\xA0\x03\x10
Action.c(47):     +D\xD1+\xFE\xD1z\x9F\x17\x00\t)\xC2\xA2\x03g{\xF4\xA3\xEF\xA1E\xB4W\x18H\xF5s\xFD\xAA\xCF\xF4
Action.c(47):     E\x9F\xD1\xB1\xBA&\x0C\x10b\x14\xD6;C\xAFc=\xC5\xF9`G_\xCCk\x12S\x85<z\xD3E\xA3\xA8Z\x11\xD3
Action.c(47):     *\x91G{f6\x89Va.$\xCCj\xAD\x8D~\xD1\xEC\x00SEX\x95Q\x05\xC2\xA6\xB9
Action.c(47): t=9385ms: 18-byte response body for "https://www.advantageonlineshopping.com/css/fonts/roboto_bold_macroman/Roboto-Bold-webfont.woff" (RelFrameId=, Internal ID=18)
Action.c(47):     \xA0\xB0\xA2\x92\xC7f\x1ErI\x11\x7F\xB4\x88\t\xF2H%\xC0
Action.c(47): t=9385ms: 8192-byte response body for "https://www.advantageonlineshopping.com/css/fonts/roboto_bold_macroman/Roboto-Bold-webfont.woff" (RelFrameId=, Internal ID=18)
Action.c(47):     U\x10-\x05\xB84\x17\xE6I\xAC\xFEP6\x8Fu\xF2\xE0L:\x8C\x9D\xEE>\x0E\xB1\xB6\xB3\x0E\x8E\x82
Action.c(47):     \xD1\x8ALk\xA4\xF6\xBD\xC8\x92\xFE.\xEFE\xA6\x0Ff\xB8\x12fc\xB2\xBE\xEF\xFB\xCC\xAE\xE4}\xFA
Action.c(47):     \xB7t\x82\xDE\xA7\xBD\x9F\xC1{\xD2\x96\x81\x9E@-1\xE9\xF0\x9D\xC2\xE0\xE8\x98\xAA\xE20\xCD
Action.c(47):     \xC2\xA86\xEC\xC4\xC8~vh\x1B\xA6\xA8\xC82z\x87\x0Fl\xE0\xA5\xF0f\x0B1S`m\xBDr\xE6\xBAF\x1C
Action.c(47):     a]\xAE\xBF\xB9\xAE\x8E\xABAu\x95\xB1\x9A\xD6i\xA6\xA22\x96#g\x9B\xBE\xB4\xB9\x9E\xA3`=\x01
Action.c(47):     2\xFEH\x1D\xD5\xC1#-&t8$\x99\xBA)\x13Q\xE7\x9Aj\xA9mq\x86J2f\x01,\x039\xCC\xA5\xF0\xEA#b\x0B
Action.c(47):     E\xB1\xBBM\x14\x1Fv\xA987$\x8B\r\x99Q\xF0O\xB5,\x05G\x89\x982\xBA\xADO=c\xF9<;\x91\xB9\xFA
Action.c(47):     \x95,S\xD1\xB6\xF4AF\xCA\x82\x08\x07\x9F\x07g\xF7\x19\xD8g\x89\xD8\xD0\xD3\xB5\xA0\xDF&\xB3
Action.c(47):     \xAC\x1Cl\xAA\x9D\xD5k\xD8\xB0\xF8&\xAE9PH\xA2p\x90\x04\x863\x91YE\xE0\xAD\xF7aD\xD4\x97\x96
Action.c(47):     2\xF2\xF9\xF3k\xA3\x17Y \xD7\xC3\xAFk\xBB\xBA61\xAF\xAD\x928+\tl\xBB6m\x8B\xA8\xE0\xB5\xAF
Action.c(47):     \xE7$\xF1\x15\x96z2bH_\x1E\xD6\xBE\x03~\xDD\x064a\x03\x8D\xD1\xDD\xA8\xD8q\x08FI\xAA\x9D\x95
Action.c(47):     \xA4\xB2\x86~\x97\x1Dx_\x94\x05\x1BJ\x05Xx\xDA\xF8\x80\x1B\x0C47\xD6\x0E\xB70\xB6\xF4\xCF\x9D
Action.c(47):     \xE6=\xC4\x83\x0F\xC2=\xEE\x87\xBD\x15\x99\x96\x1Dj\xCC?\xB3p(T[B\xA3VLG\xB2\xF6Z\x89)\x9D
Action.c(47):     f\xD1*\xA1NU\x98N\x15A\x91\xDA\xD8\tP\xB7F\x17\xB8\x88\xAA\x11\xEE\x8D\xAF\xE3\xA9\xA3\x90
Action.c(47):     \x96F\x006\xD8\x94?\x9F\xC2\x1B\xE3\x11\xC3_!\xD0\xD5A\x90\xF5\x183\x98a\xD4Wz\xCC\xEE\xA4
Action.c(47):     0P\x15\x05E\x06\xBEu.\xAC\xC2\x82\x93%X\x00\xC1\xC5\x02\x97\x1E6j4\xE9q\xB1,)6?\xB8X\x8A\xD4
Action.c(47):     \x85N\xA5\x87\xF9\xD4f1&1J\xB9\xF8\xA8\x83nT\xA1\xE9a\x07\xE8\xAB\x14nh\x9Bx\xA0\xBBh)\x1F
Action.c(47):     z\xF0\xCB/\xC2e\x0F\t+\xD2\x93\x0F\x84\xCB\xF4Il\xF8\x81\xBE\xFA!\x83_-Q\xB0\xCF\x9C\x00\xC5
Action.c(47):     \xDD\x9D\xBA\x91\xD5\x9C\x98\xE6\x03\xAB,\xCF\x97\x03\x98\xC92\xAC\xB2t{\xB2Z\x88\xE3S\xCD
Action.c(47):     pq,U\xC8\x8F\xDA\xFA\x96\x9BC\x88Rc\x14.\xB0\xBB\x995G#\xAD\x90\x05\x93\x81F1\x06\x90\x95\xD3
Action.c(47):     \x88\xF9rM\xB45f\xB66\xAB9\x8AZ\xD8\xA8\xE6\xB1Z\xC8,\x1F\xD3\xE7\xED\xDB\x9D\xC5.,\xB6v-\xD0
Action.c(47):     c;Xk\xED[\xA2\xDB\x99kh\xAF\xB2\xFEh\xE0\x057\xF1\x91"r\x8C\xB1\x9B!s7\xF3\xC1\x96\xF1\xC5
Action.c(47):     \xCC\xE1\x08m\xCD(l\x8Fp\x0E\x82\x1F\x97\xCE\x8C\xAE\x1C%%y\x9D>\x85\x13s\xFB\x86i\xD6\xDF
Action.c(47):     $\x1E\xBEk\xFAw\xC6\xAE\x9F\x1D\xAEu\xDA\xF2\x06:2\xFD\xDA\xF7O\x9B040z,\xC2z\xB6.\xBA\xBC
Action.c(47):     \xA3]U\xFC\x16\x1B\xB1\xAB\x94\xE4\xCC\xCBg\x99\x12\x9B\xA2\x15\x14\x1E\xB1\xE3\x9B\x89\x81
Action.c(47):     \xC3\xB4}\xDF\xC3\xA5\xC3\x91\xBA\xBF\x85\xD7L=b\xC2p\x1C\xC0\x10"\xA5d\xAC\x01C\xAE\tC\xD4
Action.c(47):     \xC9c1\x00C\x189\x88\xD7\x86#\x0C\x18l\t\xA77!_yH\xF2*\x01g\x88\x01\xC3\r\xA6\xCE\xBB\x91\x16
Action.c(47):     4\x87\xDF\x91\x1FM\x19\xA4\x1DvS$.\x9D\x0E\xD8\xBA\xDE\x97\xF5\x00S\x94\xC4\xC8z\x03\xA62\x13
Action.c(47):     \xA6\x1E@[\x91\x18\x86\xDF\x9A\x0B\x02\x11\x9B1\x92\xB7\xC6\x9C3\xDB\xEC)&\xC0KF\x8A\xB4\xD8
Action.c(47):     \xABUr\x88\x9B\xB3m\x95p>\xCC\xCF\x87c\x86\x15\xCD*S\xC2Q\xC5\xF7\x90\xA48#\xAC\xDC\x15,-\t
Action.c(47):     X(\xCA&\xCCz\x1A;\xA1\xA1\x0BV:\x02F\xBE\xEE\xC0\\s\x0E\x8B\x98\xDE\x99\xAE\x91\x9E\x89\x1D
Action.c(47):     )\x83\xEF\xB0\x92\xBA\x04gS9\xD3mT\xAC\xA5\x1B\xB0\xE3\x89\xA9E\t-\x0B$y4n\xBA\x0F>\xC4\x8C
Action.c(47):     \x8F \xBA\x14\xB3\xA5\x8A\xA1\xA5\xC4\x96\r'\x8B\xE0dQL+Q\xB8\xF7P\x04\x1En\xB3\xE4\x0C\xE6
Action.c(47):     u\xC9\x95(\xEF\xDB\x01\x8CJ\xBA\x13\xD0\x1FS\xC7\x0B&\x9CT\xA3\x8E.au\x83\xA7t0\x83\xB4\xFF
Action.c(47):     d\xBA\x82\x92\x81\xE4U\xF1w\xE9r\x90\xB7\xC4o\xA7\rv\x0C\xEDY\xED`\xB8\xD6\xEB\xBB\xEF\xA3
Action.c(47):     1Zs\x9F\xBE\x9B\xD6\xDF\xA7\xBF\xA6\xFF\x87\x9ED\xFB\xD2\xBEw\xE8/\xD2^w\xE8\xCF\xE9\xCF\xDD
Action.c(47):     \x81\xDF\xE1t\xB4\xCD\x12\xB1|GrH\x19\xA9%\xF3\x8D\xC9\x04\xDDLL\x15#o\xC4\xD3\xBD\xFC\xB9
Action.c(47):     ,\x83\x8A\xAC\xAE%p2\x01\xE1S\x06{\x80x\n
Action.c(47):     (\x85\xE5\xCCq\xE2\x95\x83\xDDp>A \x0ClS\x0Cl_\xCB<)\xCD\xEAh\xCC\x18?\xC8-n|\x83\xC5H%\r\xAC
Action.c(47):     t\xA4\x90R^\xA8\xE77\xFAV\xEA\xCAc\\\x1C\xCC\xD7FL\xBCb\xFD\xD8\xC9\x88\xBA\xB1\x9B\xFA\x8D
Action.c(47):     \xBBb\xED\xA2U\xB4\xA4\xB0@\xA6ov_9\xE4\x9A;\xAE\x8FN\x88]{\x8F\xC7)\x9B8\xAC\xAF\xD9\xF8\xD1
Action.c(47):     \xC4\x8F\xCF\xE5h,*\xBC\xF8\xA5\x89\xAD\xD7\x8FX\xD7\x83\x8A%\xD5\xF1w\xB7\xB7n\t\x85\x11\xA3
Action.c(47):     \xD5\x93\n
Action.c(47):     \xD1ga}\xEA@3\n
Action.c(47):     \xC8\x88\xE1\x9D;\xD5\xD5\x10\x08\xEApWu\xC9\xD9fb\x08\xC5\x81jW\x9A\xB3\x02\xC1\x90I\x11\x1D
Action.c(47):     ;\xD7\x99\xAC\xEE\xD4\xBE\xFE1\x93\xCE]4\xB1\xCB\x15i\xDB\xFCH\xEB\xF3\x1Dn}X7\xDD\x9C\xE5
Action.c(47):     \xF33\xC9\xE5R\xB4@\xB0\xB1\xEB\xF51\xF3\xBCs{}\x8A\xCB\xDC.Vh)1\xC5lz\x8DG\xC1\x1A1\xCB\xD9
Action.c(47):     E\xB7\x7F\xA4\xAB\x05\xE6u@`\n
Action.c(47):     \x10\x98\x9D\xCB\x07)j\xA1\xF0!V\x9A\x96\xB3\x9DV\xFB\x9E)Y\xBBZ\xEE`\xC3\x80g2\x94\xAF\x17
Action.c(47):     \xA5D\x10\xE8\x7FN\x97XUC\t\xCDoE\xBB\xCA(J\xC5\xE57\xFBD\x14\x12A%\x13\x90\xE6\x1C\x97\x1D
Action.c(47):     N\x86\x14\x96\xD8\xCD\x01!\x81)\x8BP\x10 \xCB\x92\x0F\t\x057\xDC;\x01\xB1\x8BY\xEF]A0*m\xC7
Action.c(47):     \xF3^y\xA0\t;\xF1\xE0\xB4\x9D\xCCny\xD5\x11\xC3!\xD1f\xC3\xBC\xD7h\x98O\x89\x82\xC3\xC9#\x9E
Action.c(47):     ]4\xCD3\xD5\xDB\xBEs\xDEf\xBAgm\r\xF4\x92\x9Do\xB9@\xCE\x07a\xBB\x95\xCD\xFA\t\x9As\xD9x\xB0
Action.c(47):     \xC6\xC9C\xB1N0W\xC5 \x1F\xF9#\xB6\x98IO\xDCs\xC1\x1D\x8FcM\x80b\x8C\xA4a\xA5\xE1\xAC\xD7&
Action.c(47):     =\xFF\x07g\x7FH\x99U\x12\xE7\xD3\xD2\xBD:\xCD\xD3?\xD7\xF7\xEE=\x03\xFE\xDBkQ\xF5\x9F\xFE\xD8
Action.c(47):     \xB9\xEB\x0F\xFD#AX7k\xD6z&\x137\x1C\xDC'\xED\x96\xCBH\x05\xCE\xA7b+\xF2\x1A\xA3V\xB0\x96N
Action.c(47):     \x12\xD3\xD3,+\x80\n
Action.c(47):     +\xD8\x1Cz#j\xA4:\xD0\xE5\xCA\x87\xE3\xFC\x186\xD34\xE7Z\x8B`?\xDD\xC6\x9C\xCB\xFC\n
Action.c(47):     \x94\xF6\x01?+\xCCt(\x9A7\xCC\xC6\xB0\x10\x16\xE5TK\x94\xA4\xD5\x1D0f\xFA`\xB9\x1C\x06\x84
Action.c(47):     \x82\x01\xC2\xC3BFa{}\x1D\xA9\xAF3\x93\x05\xCA\x06*|\x94\xFAn\t\xED\xF1\xE5\xBB\xE3\xB7V4T
Action.c(47):     \xAC\x1E4\xEAX\xFD\xCDeS\xFB\x8C\x9A%\x8D\xFE\xF4\xB7\xA7\xD4\xA5\xCF\x0E\xE9\xAD\x7Fq\xD9
Action.c(47):     \x93O\x14\xE4~\x14\x8A\x8E\x1A4\x9C\xBA7N\xDD9r\xC8\xD4\r\xA7\xEC\x7F\x04\xE9\x97\xF5\xB0[
Action.c(47):     \xDE\x03\xBB\xAC\x8C\xD4\x90\xD3x\x0E\x8A\x0F\xE5\xEAfoIz\xD3]\xEC=\x0B\xBCf\x17{-\x03\xBE
Action.c(47):     \x1C\xA0,\xE7\xB2\x1C\x0B\xA3\xB0\x92P\x8B\xC3\x9Br\x00\xA7\xD9\xE5\x89\xB2\xCA\xD2\x1E\xCA
Action.c(47):     CNoAI){\x1C\x81Q\x1B%bmT bt\xB2wQ\x11UVQ\xDE\xB9\x8D=\xC3D\xED\xD8\xCBn=\xD0\xA1\x97\xFD\\
Action.c(47):     &\x0C\x97u\xD1\xD0~\xF1\x0B\xED\xBA\xD9-}\xD0`]\x92\xEEi\xCF\xC4\x07\xF878\xD3\xA5\r\x1F\xA5
Action.c(47):     \xED\xF0\xD1\xAD#>\xA2\x80\x8F\x8CB\xB14>2\xAB\xC4\x10\x19=\xAAk82\x92\xD9=c,t\xF6\xFF\x0E
Action.c(47):     !\x19}\xFD\x8C\xE9\x0E\x87\x90\xB6\xE6\xFE\xB8!\x86\x0F\x89\x12\xA3\xC1_\x9C\xD8f\xFB2\x9C
Action.c(47):     \xC8\x04p\xD2\x8D\xD4\x91\xB33qR\xDD\x0E'\xF16\x9C\xD43\x9Ct\xC7Q\xB7^6\xDC \x8D\x93^\xF0\xA6
Action.c(47):     {&\x8D\xD4(\x0F3\x1A\xA9\xE8f\xE2\xA5\xAC\xFC\xFF\x80\x97\x0E\xD6\xF3\x11\x89\xE5\x0CS\xD6
Action.c(47):     \xF7=2\xBDH\xD3\r[zh\x9Ad\xD2\xF8\xA9\x02\xFC\xD4\x91\x01\xE4\xC9L\xFC\xF4\x06\xFCT\xA0\x11
Action.c(47):     \xD4\x13\xAC\xE8\xDA\x8A\x9E \x0CJ=\x99(\xEB\xD7\x86\xB2\x81\x0Ce\xF5 5\xEA\xEA3,\xEBh,U\xC7
Action.c(47):     \x8F\xEA\xBD\xECa\r&&\x9B\xBB\x07\xFA\xC2\xD7\xAA\xB8y=\x08>\xE9[\x07\xE65\xE0\xB2\xB4\xA2
Action.c(47):     \x16\xD3\xB7\x88\xE5\xA4'\xBB'Cf\xBFl\xCC\xB0!6\xDB\xD5"j=\xBD }\xEA\x908\xC1\x10\xFF;\xE8
Action.c(47):     \xED*%\xF1\xF70\xBD\xBA\x83u\x1E\xFC\x1B\x08\xDF\x94a\xA3\x1F\xE8kb]2\xF8t7\xE0\xBC\x14|\x97
Action.c(47):     \x04\xB95\x13\xEB\x95\xED\xA8\xB2\xDAD1:\x995\t\xAD\x18Tq-\xA8\xE2\xBA\x98\x1A\xDD\xA3\x95
Action.c(47):     *\x18 V\xCBPp\x1B\xF9\x8C2>\x9F\xA3*\x03\xD7j\r~\x9E\x00\x85\\\x8FAe\xEC\xE3-p6"\xED&\xBD6
Action.c(47):     \xF6\x90\x8C\x04\x17n\xD5]\xA3\xF9o\xD1\xADi\xED3D\xA2\xA9\x7F8d\x9EH\x1D\xE3\xD3\xF8\xEB\x0B
Action.c(47):     z\xFE\xD08\\\xF0\xD2K\x07\x9A\x0C\xB6^\xCF\x14\xBF\x81?y4\xE0\xAF\x07i \x83\xC9\xE3\x99\xF8
Action.c(47):     \xABi\x87\xBF\xFA4\xFE\xBA\xC7R}y\xD6d\x90Y3k\x8C\xAF\xD5\xAA\x81\x1E\xA3\xD5H\xB6\xBD9\xB1
Action.c(47):     V{\x99y\x9F&\xD6\x8A@\x02>\xEC\xCF?\xEC\x1F\xC3y\xB7\xC6\x84[\xADw\x1A\x9D\xFD\x95\x94\xD7
Action.c(47):     \xD6\xBD\xA6\x14\x05A\x05Gh\xFD!\xE8vP_\xF8\xA3\x8A\xE8\xDFB-\xCDL\xAF\xB4\xA18s<\xF6a\xA5
Action.c(47):     g\xD0\xCC\xBAxL\x8C/43/\x87A\xFB\xF7F.\xE6\x80\xCCq/\xB9\xD2\xF9\x18\x91\xF4<\xB8O\xBE\\\x1A
Action.c(47):     \xC3*\x1B\x8E"\xF7\x93d9F\xBAz$\xB4B0\x1D\xF1X\x8B[\xF9&\xA0\xF5h\x03\xD3c`<\xD57R\x0E[\xA1
Action.c(47):     \xF6Jh}-|\xB6\xD6`\x86\xFC\x18\x10h\xCC\x8B\x92\x15\x9B\x08\xF2B-j\x9F86\xA57\xE1\x1C\x92@
Action.c(47):     \x8B6\x04^ci5\xD4\x0B\x8B\x95{ \xCD\xE6\xF94\x7F7xmR\x9A#!\xEEz\xE5\xF8\xB4\xE2\x12\x94\x17
Action.c(47):     }\xCB\x11\xEF\xC5\xDD2&\xC6\xA9^\x9E\x8D\xED\x80\xEFR\xB3\x8B\xBD\xE3\x18\x8D\xF2N\x8A*=W\xA3
Action.c(47):     \xA7\xFE\xF3C\x13F\x8C\x9F\x8E\x0F\x10 \x07\xDF\\xO\xDF~\xB7\xCF{\xF3\xA7\xD65\x82t\xE6\x99
Action.c(47):     \xD3\xCF\x1C3\xBA\xFF\x9E\xB3\xCF\xDD5\xB8i\xF7\xA5;\xFECK'N\xE8svY\xF3\xDCe\x82&\xD0\x13'
Action.c(47):     O\x9C5\x93\xF6\xDBz_\xDF\xB1\xD3F\xF6\xF6\xC9\x9B\x9Eh\xA8\xABk\xD0\xFF\xF8t\x8B\xBC\xF2\x82
Action.c(47):     \xCAn\x8F\xD6\x1C3~\xD4\x90)\x0F\xDD\xD0wh\xBF\xEE\xEA\xF1T\xB1\xE4\xCD\\q\x06\xB7u\xFB\xEB
Action.c(47):     ul\xCEK>{BS\xFB\x9C\x12m\x9FS\xB2\x1F*\xA7d&\x92\x14L$5\x97fc\xB7YU\xB8E\xAD\x8Aa\xAA\xA9s
Action.c(47):     f)\xA4<$\xB9\xFC\x91\xA2\xE8\x912K\xAC\x99=\xDDS\x94\xD9T\x85\x15\xC0\x1D2K8$f\xE7\xAFR\xFB
Action.c(47):     \x191\xD2\xC1'\x7F\xD2\xFF\xA2\x99\xE5i|`\xCC\xE7\xFF\xCC\x98\x16s\xC7^\x1A\xD7\xA7\xB6O'\x01
Action.c(47):     =\xB2Y+\x96\x8F\xC13\x8C\x80D\x9DH\x92\x01\xA4A\xB7\xD9\x03Y\x0Cfx\xBE=\x80\xC3X\xF3-<\xD4
Action.c(47):     U\x00nA\xA0%Y\xC0\x9E\xC8P@\x8C\xBA"k\x811\x01\x84hn>\xF0\x03\xDC1\xA3\x95\xB1\x8E\x84;\x8F
Action.c(47):     Z\xE1v]\xDB\xBC\x15\xFBG\x9D\x87\xAD,c\xF6\xDC\x98\x8C\x89+\xB47m?rEz\x16,\xB9\xD6\x87\x8D
Action.c(47):     \xB9+\x99\xF0\x14\x02<\xC7v\x84'\x1F\xE7,sx\xB2\rxr8<9\x0C\x9E\x9C4<9\xB0K^\xA5\xB8\x84\xED
Action.c(47):     \xDF\xDF\x03)M\xE5\xCC.\xEB\x1A\xA4\xF4\xFC\x18\xC3;\xEA\x12(c\x8E\x0C\xFD\xA2\xCD\x16cp\xC9
Action.c(47):     \x94\xC1U\xD9\x19\xAEr\x80+\xCA\xE1\x8A"\\\xDDbj1\x87\xAB\x98\xC1U\x8Cp\xE1\xE0)k1\x83+\x92
Action.c(47):     \xF7?\xC0\xD5fY\x1D~\xBBN0-\xAA\xBC\xC3\xED\x98\xF81\xB7\xA5Z\xAF\xE1\x9B&\x19{\xF6\x12\xC0
Action.c(47):     \x86\xD3!+\xF0i\x0B\xED\xA1\x8B\x02ty\x1C\xBA<\x10\x80\xE1\x98Z\x9A\xD0\xB2A\x9D\x97\xC5\x99
Action.c(47):     K\x16\xDE\xC3:\x1As\xBD\xAC\x89\xAF\x02\x0E\xF3Qm#\xF8\xF9\x0C\xFC|\x04\x1F=\xB1\xDC08\xB2
Action.c(47):     v\xA7\x83\xC1\xAF\x96*Iw\x00\x87mi\x15\xF9\xBCU\xDD\xAA\x00:\x88fw\xA7\xFBp\x0F\x81\x11\xD0
Action.c(47):     \xD9&2Pcw\x8D\x90c\xA9#n\xA2B\x01U\xDD%:Z^z\xA9\xF52\x86\n
Action.c(47):     !\x0B\x95\xB4p\x10|O\xFA\x00\xD00\xE6\xC1\xBA\x9By06:\xE5\xEF%\xD8\xC60\xB6i\xA2\xA5\x96\xF7
Action.c(47):     \x809\xF6w\xC7\xA90\x84\xFB\xDC\xC2z\xB0\x9D\x0Eq\xDD#&\xD7\xCE\xE7$\xFB5-\x95\x9Ef\x94\xB9
Action.c(47):     \x7F\x00\xBF4\xAC\xF9>\xF8\xB5\xD1\xF2m\xFB\xDC\x1A\xFD\xDFrk\x93L\xFAq\xC0\x1D>3*x\xF2\x8D
Action.c(47):     [\x10\xF1\xE0Mp\x8F\x1B,\x0F\x1B\xB9\xB5\xE1Fn\x8D\xC5[\xEC\xBC%\xCB\x167f\xCC\xFC\xBF\xCC
Action.c(47):     \xAE-\xA0\x8E"Z\x9AK\x1D\xD27/\xBD\xB4?\x84\xB7\xC6#|n#\xD0\xE8J\x80/\n
Action.c(47):     \x9A{\x12I?\x88M\xED\x01\x17\xB5\xA5'\xBC\xF1\xC7\xB0\xB1\x88x\x9E1\xDC\xAD\xB2\x18C'.k\x10
Action.c(47):     \x1FH\xA7\xE6)Z(\x1B\x85d\x8F2\xFE\x00\x1BQ\xD1d\xDE_\xCB\xF4@\xB8\x01l\x17+x\xF4\xF0\x02\x8E
Action.c(47):     ?v^\x86|\x1D&\x9D\xB0\x18g\ru\x7F5~S\x9D\xE4\x19\xD7\xF4\xEB\x98\x1D\xB4pD\xE5\xF4\xE3\xB7
Action.c(47):     \r}~\xF4m\x0BW\xE9\xCF\xEF\xFBN\x7F\x83\x96^t\xD2\xC9\x17\x97\x9Cs\xDC\xE9\xE7\xD37?\xA5J\xA2
Action.c(47):     Z\x9Axy\xC3E\xABN\x94\xBDy\xAE\xF7\xFC\x83c\xCBVM=Q\xFF\xE6\x8E\x7F\xFF\xA5?Ks^[y\xC3\xD3\xD7
Action.c(47):     \xAE\xA9\xA8\xDB\x82t\xC2f\xC7\x80_\xE3\x07^\xBC\xB1mzL.Kx\x80?S\x9A\x1B\x05\x0C\x86=-\x1D
Action.c(47):     \x07\xCATf\x0E\x94i\xAE\xF0\xA3Yh<\xE00`Z~\x19sf\x9A\xF3\x1DN\xF8F\x01\xB7\x08\xBB\xB5\r\x9D
Action.c(47):     \xD1\x9C\x180\x91\xC3\xB9\\{\x1A\x03\x96\xB4(\xB6\xE2V4\xAA\xB9\xFC);]M\xA2\xE9*\r\xD7q:\xCD
Action.c(47):     s\x1D\xDC\x91N\xD3j,\xDD3\x93q"\x9F[\x03\xFC\xC8sq\xC32sq\x86N\xF9\xBB\x898\xA7WJ'\xE2\xDA
Action.c(47):     M\xB1\xC9\x88rt9\xCA\xE6Z\xC6\xD2\xEB\x0F1\xCFFz\x02\x95`S\xDBT\x9B\xCC5w\xCA\xBD\xA5\xA7\xED
Action.c(47):     \x1C>\xF7\xE6\x94:\xE7\xDE\x0E3y\x87I\x89C\x8C\xDF\x19n\xE4\xDD\x0E5\x85Gx\xD0Pt\xC6\xBAe\xD2
Action.c(47):     U\xBE\xCD\xD0\x04\x7F7\xDF\xE6\xF4*\x01\xA9c\xBE\xAD=\xD2\xDBG\x0C\xBAD\xFC&S&\x8D;\x04\xEE
Action.c(47):     \xC5w\x0Cu\x96\x971T\xC8\x84\xA3\xCA\xC8\xB1\x9D\x96\x91c\x0B \x1BE2\x93k\x1C\xB4\x1Ebf\x96
Action.c(47):     M\x8D\xC6A\x92\xA4k\xCFb\x86X\xC1\xC7\x81\x02\xB4\x99\xB95&`\x9CJ "u\x99Zk\x0Fq\x17\xEC\xA1
Action.c(47):     \x1C\x1A\xF8\r\x1D8\xE5P\xE4\xE7\xCA\xE0\x97V_\x06\x1E$\x83\x0Ew\xA7\xF3i\x0B3\xF3i\xE6X\xA2
Action.c(47):     C\xE4\xD3T\x9F\x97?\xE0\xCC\xA3\xE0w:$\xD6\xD4"\xFC\xA8]B\xCD)\xA5\x13j\x1D6\xDAt\xB1M0Qg\xB7
Action.c(47):     \x03u\x1Du,4\xC1\xA3\xE3\xA8\xA3\xE3.\x7F\x02Z\xDA\xDFF\xB0\xEF\xF08\xBAH\x06\x90;\xA4!\x92
Action.c(47):     \xA9\x93z\x12\xE3q9FK#{h\x8E\xF1x\x11i\x0F\x8E\x88\xC4x\xB1#\xDE\xF6\x9CC\xB6\x12\xFC\x19 
Action.c(47):     YZ\x97\xD22\xFD}Z&\xF4\xFB\xEC3\xFD\x84\x96\x16\xB1[K\x0B\xA7\xA5\x93\xA4\x81\xD2SF\x9EmAf
Action.c(47):     \x9E\xCD\xB0\xD1\xFFV\x9E\xED!+0D:\xD1f;B\xA2\xAD\xDE\xD0G\t\xDE}\xC8\x1E\xB8t\x88D\x1B"5\xC6
Action.c(47):     x?>\xA3\xC7\xB0m'\xCCZ\x088\xAD9\xBEr\xF8\xB6\x13\x16,\xA6%\x8AO\xA6\x92\xBF[x\xD5\xE2\xAB
Action.c(47):     \xB3\xCA\x82\xAB\x16{=2\xC7\xAE\xD7s\xC5\x1B#\xF6mB\x0C{\\W\xBD1\xFC\xFBk\xFB/*\xA6\x82\xDF
Action.c(47):     f\x7F\xE4\n
Action.c(47):     ]\xB5Z\x00\xD9\xBDf\x17S\xE6\xC3\xB1\xD9?@G~\x92M\x8E;\xE4\xF4\x9F\x9C\xAE\x92D\xB9f\x92\x08
Action.c(47):     SW\x98eSB\xE1l\xE3a[G\x1C\x05\xC4\x04s\xA7y@+x\xD6\xAD\xD3T \xE9 O\xBA\xB5_\xEF\xC4\xFF}\xBD
Action.c(47):     ,\xEB\xA6\x04\x82|\x9DJ\xD2\x83\xC9\xAC#\xAD\x95e\xE0:\xCF.\x1Alx\x1A\x9DV+\xEEo\xAB\x97\xE3
Action.c(47):     \xEB\xFD\x16\xD6\x9BG\xA6\x1Fr\xBD\xF9]\xAD\xB7\xA0\x03~S\x80\xDF\xDC<\xE3Q\xB2\x9E\xEC\x9C
Action.c(47):     #/<-\x88;-~q:!\xD7\x19\xD7\xF9\x99\xF98\xBE\xFE\x87Y\x05p\x04\xE5m{\x08\x82h$\xE6$\xB4\x80
Action.c(47):     \x15\xEB\x9E\xDA\x00\xCA\xCB\x00H\r\xB3\xC1\x08 d\x021-\xDC.?\xA7f\xE3G\x11\x85\x0F\xA3\xCB
Action.c(47):     \x0E\xE3\xE3\xFF\xB0[(\xA2\xB0\xC7\x97\x1D\x11<\x9E\xA9\xEB\x04\xDD\xF1<S\xD7\x19\xB4R#Q'\xF0
Action.c(47):     \xF9H@GA\xF0\x8D\xFAt\x9E\x90\x14IOH\xC2T\xA8\x8CV;"\xFCo\xCEJb\r\x00\x87\x1C\x98\xE41:\x14
Action.c(47):     ;\xCFM\x92v\x18\x84#\x90\xD3\xF4\xD9\xD2\x086K3J\xA6\x1A\xB3\xF3\xF0\xD9\x04\xC4t.\xF0\xC9
Action.c(47):     \x84\x98\x0B\xA51\xF31\x058.Q\x08\xC4\xE3\x18V\xC95\x06\xE8\xB1g\x15\xE04\x1E>\x028l\x8C\xCE
Action.c(47):     \x93\x0B\x0E5\x02\x18\x9Bg\xDB\r\xCF;\x8D\x96\xC6\xD6O6f\xE7\xE9{iI\xDB\xFC<9\xBBU\x1B84s|
Action.c(47):     \x1E\xBD\x95v\xCB\x1C\xA0'\x1Ax~\x98es\xF3\xC9"\x92\x0C#\xC5D\x12Z\x08(&7\xDE\t\xF1\x058\x06
Action.c(47):     \r3\xB58a\xC8\x82\xB8\xF7\xB6\xF0\xE1\x19\xF9@%\x85\x18\x80\x0B\xE14\x16\xC5\x81\xFDU`\xB2
Action.c(47):     j\xA2\xF4\xF7\xF7\xC5 \x98Cn\xCD\xEF|\x94D\x17;\xD3\xC2(G s\x0E\xEE\xB3\x1E\xC5\x9E_XFN\xE6
Action.c(47):     \xFDul\xBAi\xFA1\x86\xF8\xB4y\xF6d#^\xAB\x01\x1E\xB6\xD3\x13\x94x\xE6\xD5\x1Cy\x99\xDD\xF6
Action.c(47):     \xF0\xC2,\xA6\xB7\x92Y\x05ln\n
Action.c(47):     \x86\xC9\xBCq8\xC0\xA6\\\xCC|\x15`\xC7X\x10 T\xB3\x14\xD5\x97.i\x01\x05\xD2Vi\x1A\xCDx\xBA
Action.c(47):     \x849.p\x0E\x1DC=C7\x8E\x15\xE7\xA4\x8BOo\x99~\xEE`\xFD',\xDB\xBA{s\xE5\xD8\x8A\xEA\xD1\xE5
Action.c(47):     \x9B\xEFd\xCF\xDC\xB1\xD3Q.\xBBQ\x92\xEAp\xD2\x91\xD4\xF1\xF0\xBF$\x8B$K\x96'\x1F"\x86\xCD
Action.c(47):     euIcH1\xA9!\x8D\x98\xC3+B\xCF%7\x81\xD1\x11\xD5\x1Fg\xDA\x12g\xC6T\xC3\xDB\x86x*\x9EU\x84\xF0
Action.c(47):     \xC6-\xE9\xA7h\x97\x00\x90%<~\xED\x0E\xB4\xB0\xA4K\x02\xD4\xD7@\xBB\xE4\xC8\xF2\xE7\x16y\xBB
Action.c(47):     \xD5\xB2Q9\n
Action.c(47):     /-\xD0\xCA\x8Bp\xD8C>\x07:\xD4\xA8I\xD5\xE9!\x89\\y\x1E:8\xDA\xC1x.3c\t\xA8D\xD7\xED\x1C<\xE8
Action.c(47):     \xC9\xB5\x1D\xA2\t\xEB^\x1C2x\xE7\xBAvV\xB5Xh\xC4\x16\xB86\x9D1q\xD2\xF4\xCC\xD0\xC2\xF4\xC9
Action.c(47):     \x93\xA7g\x1A\xD9\x0B\xD212\x9E\xFBw\x13;\xB3\xCAN\xEC\x94\xFDW=\t\xCDi\xC5\xE6K\xF6\x90\x05
Action.c(47):     ^\x07\xD0\xEC\xB6b\xEB\x87Ca\xCF\xA9q\x83#\xEDa'\xC0(c\x0F]\xB09\xF8\x804\x0F\xF6\xD3\n
Action.c(47):     bc\xA3\xA6X\x8DI\xD8]\x94\x0B\xB4Qxf\xC5\xC0gF\xDDqF\xC1@\x9C\xD13%\x17K\x9F\x8BK,\xDF\x11
Action.c(47):     \x1B)`\xCF\x9B\xB6$4\x01\x1B\xAD\xB1\xBD\xD7\x9CDg\xB6*r]r\xB1\xA9:\xA4\xCF\xD3\x8A\x82\x92
Action.c(47):     \xB5\xD2+\xE2|\xCB\x9F \xAF\xC6\x126\x83\x19\x0Cq\xAF\xEC\xB6\x19\xB98V^\x9D\xF2\xA7=U\x90
Action.c(47):     \xFF)\x07\xB7\xB5\xD9\x10A?\x16\x842\x11\xE5u3\x07^\x13e\xA3\xB3\xAA+\xDBzmGW\xF3\x8Fve\x9E
Action.c(47):     \xED\xE6`\x90vS.\xFE/\x9F].L\x91v\x89\xFD\xE0\xB3\xB0\xF9\x14G\xFC\xE90\x94\xE1r\xA9I\x98\xC2
Action.c(47):     \xE6\x0B\x9C(L\xB1\xDCz\xC4\xEF\x9Fh\xE9e|?.\xFEN\xE7\x81\xCC\xEF\xE2\xB9\xDB\xC0D\x960\x7F
Action.c(47):     \xEE\xB6\x85?&\x88\xFD\xB5?!\x06\xE3\xB7]\xD1$\xFE\xBE\x83\xCE\xD1o}\x9A\xAF\xB3Q\xFC\x83.
Action.c(47):     \xE9\xFA:\xF8\xFC\xEEp\x17\xCF\xEFN\x04\xC5\xC6\xA6\xDFn\x83?\x9C\xF1\xEC3\xFAm\xFC:q\xFDO
Action.c(47):     :\x9F\x16\xFE\x0F\xD7a\x8Fxo\xFA\xEDj\xF8C\x07\xCD\xD3\x7F\xD1\xBFD]\x06p\t\xF7\xB1\xF58\xC9
Action.c(47):     Q\x8C\xCA\xE4\x84q16R\xCAe\xC2\xA7Z\xF8\x83?\x9Ca\xFED$\x03T\x1C\xCC-\x1A\xCF\xCBM\x83\x9D
Action.c(47):     H\x03?)\x03\x01\x06\x1A\x04\xC4\x81\xF0\xC4\xE1\xEF\xC9a\xC0\xC6z\x04\xC3a\xDC\xD3\x00\x07
Action.c(47):     #\x96\xB2\xF9\x80(\x13E\t\xBF\x89\xA8\xA73\x90e\xA0\x0C\xE0<X(\xDCK\xBB\xB3{\x1EM\xD8\xB6%
Action.c(47):     R6~O\xC1\xBCgJ\n
Action.c(47):     \x93\x1C\xDE\xCFo\xE5L\x00\xEF\x0Es\xE7\xB0_I\xDF9\xDE\xF4\xE5mo5}u\xDB'\xD4E\x0E\xFE\xAC\x7F
Action.c(47):     M\x03\xBF\xC3o^cC\xF7\t\xF3%\x07H\x1E\xF0\x95\x9C\xB1\x94\xC4nk\xBCP\xF4\x04\x81\xFFlln\x82
Action.c(47):     \xF1\x82OS\xEA\xD4\xBF\xBEa\xFD\x92\xE5\xEB\xCF]\xB6l\xBD\xF0\xD2\xD4\xF9\xE7\xAC[0u\xC1\x99
Action.c(47):     g1\x1D\xB0\td\x9B\x9F=\x8F\xDD\xA8\xBFg\xBD\x158;\x93\x8D\x11\xB0\xD8\xE3\xF1\x8C\xA7\xB3\xBB
Action.c(47):     2\xEDY\xA9\xEDi\\\xE6\x13\xCE\xDA\x9E\xC2f\xFEl\xA2\xA5\xD7\xD1\xD2s\xF8\xF3\\\xCD\x1F\x9C
Action.c(47):     \x03A\xAE\x13\x06\xB0\xBE\xF8(\xA1\xAA\x95\x81aa\xEB\xC7P\xAD\xCD$\x12\x89\x13\x06\x9B\xBD
Action.c(47):     \xB3\x94\x0F\xDD\x11\xF23g\xED\x8C\x83\xEB\x94\xB6\xBF\x0E\xEC\x89q\xA9\xB6\xEBP\xBC\x8E\xD1
Action.c(47):     ~?\xAES\xBF=\\g\xF8\xC1}\xE2\xB7\xA0\xFF\xAB\xC8Y$YA\xF8\xE0|\xD6\xED\x80A\xA0\x14\xA1\x15
Action.c(47):     \x0E7\xB3\x88\x89\x8C\x8FYJY$v"\x9C\xC0\xD9\xB7l\xEAu\x8F\x98\xDA}\x8F&\xC8\xF18\x166i\x81
Action.c(47):     l\xC0\\~w\x16M\xC7\xC9y\xA1x\xB2{>\xBE\xEB\x8E\x1D\x02R\x1C'#\x81\xA8/bSn4\xC5b\xDA\xC3\xF5
Action.c(47):     \x89\xFA\x12\x1CTO2\x07\xD5\x1B\xF3\xD4\x82\x19\x83`I?:\xFC\xAA\xAB\xAE\xA2\xD5\xBF4\x9D4$
Action.c(47):     X\xBF\xAA\xF7\x9A\r\xF4>}\x12\xFEl8\xB5\xCF\x8AD\xB0\xF1\xF4\xFE\xBF\xEA\xAF\xD3\x17v\x9E\xBC
Action.c(47):     \xD3\xBD\x9B\x16{\xB3\xBE\xF0\xFA\xB7-\xCE\x82\xB7\xB6yW*\xCAgY^\xEA\x7F\xDA\x86|<[\xBCZ\x9A
Action.c(47):     \xC7\x9EK\x14&W\x19\xB3\xD1\xA8;a\xD2x\xD2\x92\xE5\x8F\x030v6\x0B\x8A\x9Fb\xC7\x84\xE7\xB8
Action.c(47):     E>=N\x86\rd\x92\xBF\xEB\xC7\x17\xA1\x0C\xC0^A\xB3\xDE\x99\xF5\xD8\xA4\xB2\xDA\x86\xD4\xE0C
Action.c(47):     \x074\x87\xDB|\xC8L\xB3\xD3\xE5\x0B\x1A)?|HK\x89\x02R\x08\x07\xB3\xC2Q\x85X"Z\x95\xD9t\xE3
Action.c(47):     9\x9B\xE8q[\xD7\xCA\xA7\xDEx\xAE\xBC\xF8\x98\xE5\xB2e\xF8\xE2\xC58\x9EG\x1F%\xE4\xEB\xD7\xD2
Action.c(47):     \x13[?\xA3\xB9T\xFF\x82v\xA7\xFA\xDB\x84\xB2a\n
Action.c(47):     \xBD\xA5\xDE\xA8\x03j\x814\xF1x\xFFN\x80?\x00\xE7\xE7\xB0g\x0FD\xD0\n
Action.c(47):     \xC2\xA7\x0F\xA8\xD9|\xFA\xB7\xA6\xE4$\xDA=\x82\xC0\xC5\xA7n\x1F\xF9\x11\x048i\x04#/\x11c"
Action.c(47):     w6\x16'\xBA\r'\xC8\xC1\x1Ez\xF47\x9FO\x80\xFA?\xB0\xED\xCFO\xC7\\?\xBF\xFB1kG/X\xF0\xD6[\xFA
Action.c(47):     \x07\xC2E\xB4T\\\xF6\xF2\x88\x97\xF6\x16\xE6\x7F\x19\xCA\x9E>e\x04{N\xC1\x81\xABY\xF8_\xC0
Action.c(47):     \xE7)H\xEB\x0C\x98Nj\x0FS\xC6C\x15\xEC1 \xE9f\x8F]\xF6T\xE1\xEC\x9E\xFF\x0Bhr&H\x87\x07\xA6
Action.c(47):     \xD3\x03\x17\x84\xAD\x0C\x98\x8E\x0F]8p\xB59\x7F^Dx\xAC\xFD\x18<X\xC5\xF2\x1C\x87H\xAB\xAE
Action.c(47):     1f\xD07+9hl2\xC0\x92\xFE\xEC*\xA0W\x0C{\x82\xF1Z\xE0j1fy2\x00\xEB\xFE.\x808\xF2-7\x8E\xF5\x1A
Action.c(47):     je<Y\xDD\x13?\xAB\xAE\x82\xAF\xF5\xAC\xC6\xC3\x9E8\xA3\xA7\x9A\x97l%\xB2x\xB9KO\x13\x0FZ\r
Action.c(47):     X\xB6Z\x19>\x84&\xA1h\xC5Q\xC4L\x19ecx\xB4\x02\xB4\xF7\xEC\xBC\x1E\xE3\x108\x8A\xFEO\xB8\xAB
Action.c(47):     ;\x04it\xC4\xE6\xA1h\x85\xE3vZ\x1A\xB7\xF7u\xC4m\x12p\x9BH\xB4C\xAD;\xA6\x16'X\x83pA\\\xB3
Action.c(47):     \xDB[\xB4hm<\xFE\xFF+r\x0B\xA2F\x80\xFA\xFF\x0B\x14\xF6\xFD\x9B\x04y(\n
Action.c(47):     \xFD\x7F\x00\x81\x91\xF6M\x00x\xDAc`d``\x00b\t\x93Eg\xE2\xF9m\xBE2\xC8s0\x80\xC0\xB9\x85\xCB
Action.c(47):     \x85a\xF4\xFF\xD9\xFF\x8C\xD9\xA3\xD9\xFB\x81\xEA8\x18\x98@\xA2\x009e\x0B\xA3\x00\x00\x00x
Action.c(47):     \xDAc`d`\xE0\xA8\xF9\xBB\x16H2\xFC\x9F\xFD\x7F&{4\x03P\x04\x05\xBC\x02\x00\x92\xEE\x06\xB7
Action.c(47):     \x00x\xDAm\x93[HTQ\x14\x86\xFFY{\xED9\x05\x1A\x86\xA1\x85\xCA\x98\xD5S7\x99\x07s\xC2\x1B\xA3
Action.c(47):     Xy\t\t\x89\xB4\xB1\xD1\x84\xC0\x94\xB2\x1E\xB2 \x9C\xA8Q\xC7\xCA\x9A\xA2\x8B\xDD\xEC%\x8An
Action.c(47):     \x04A\xBD\x05V\x90D\xF4\x18A\x05!R\x10H\xB7\xA7 j\xFA\xCF\xD8\x90\x86\x0F\x1F\xFF\xDA{\xAF
Action.c(47):     \xBD\xCF\xD9\xEB_[&Q5\x07\x80\xE7\xF7\x14\xB2\x12\xFD\x12\x87_\x9F\xA2P\xCF\xA3\xD5~B\xD8\x06
Action.c(47):     Q\xEA\xA9\x81_\xC6pP\x9E\xC3g\x8E#G[P,\x19(7\x8B\xB1G\x1A\x117\x81\xC4w\xE6\x87\xC9mRG\xAA
Action.c(47):     I\x80\xEC"\xED\xA4\x84l%\x9B\xA4\x1Aq\xF1c\xAFf\xA2H\xAF \xA6\x05\xE81\xBF\x90\xEF,B\xD0\xFA
Action.c(47):     \x90f\x0B\x10\xB3yh\xB1e\\\x1B&#\x1C7\xA1\xDD\xDEBL\x9ApQO\xA1\xDC.\xE7|#b\xDE\x9F\\\xE3\xBC
Action.c(47):     \xEDA\xC8\x16Q/Pk\xA8\x99hf^\xAE\x8D`\xBF\xCD\x86\xE3dc!\xD5g\xD3`\xF5!\xEAe-\xBF\x19\x86P
Action.c(47):     \xD3\xCD!\xAC0\xA7\xE1\x91\xEB\xA8\xD7:\xAC\xD1(\xBAu)\xCA\xA8\x95Z\xC2\xDCw\xBC\xAF\x1BG\xD1
Action.c(47):     !K\x10\x11_bD7\xA0\xDB\x8D\xBD\x93\xCC\x8D\xA2\xF3\xEF\xBA\x1BW\xCAKj>*\xE4\x05\xE6\xBA{4\x0B
Action.c(47):     \x19v\x02y\xD4LbI\xAD\\C\xA18\xB8K-\xB0\xAB\xD1\x91\xAC}\x15N\xB0\x1E\xEBu\x94w\x18D\x83~@
Action.c(47):     \x96XD\xAC\x83m\x1A\xC4eo56\x9B!\x9E\xED\xC1v\xED@\xAF[{wN\x15gL.z\xB5\x1E\xCD&\x84.\xB3\x05
Action.c(47):     ay\x8D.\xFD\x8AcZ\x84R\xE9\xC4UY\x866)\xC5Fs\x13\xFB\xB8\x7F\x87}\x85\x1B\xDE\xF9\xE4\x01v
Action.c(47):     k:j\x93u\x9F\x05\xA7\x0F\xC6\xF5"\xE9\xC34\xA4)\xF1\x8C^\x0CSG\xC9=\x1BbmS>\xFC\x87V\xA0\xC2
Action.c(47):     \x1Ef\xECz1\x1D\xD7\x8B\xF7\x88\xDAy\x18H\xD6}\x16\xBC\x8F\xB1*\xE9\x05}\x98\x8E\xF8\x13\xF7
Action.c(47):     \xD9CQ\xEA\x1DrI\x9F\xB0_\xFF\xF90\x938\xCAS\xFE\xCD\xC0\xF5\xE2(\x0E\xB8\xEA\x8C\xA2\xCD)
Action.c(47):     F\xA5\xFBO\xE6\x07\x06\xCD\x1B\xF6\xC7\x18\xE0\x9C\x04R*}|#\x13$8\x05\xBEQ\x8FP;\x99C/R\xD8
Action.c(47):     >\x0Cy\xFB\xB1\xD3s\x16~\x12\xF0\x9C\xE3\xDB\xF9H>#\xC0^\xF2\xCB8\x06\xEC\x17\xC4\xDD\xBD\x12
Action.c(47):     A\x17\xFDip\xCF\xD5\x10\xD6\xB1\x16\xADZ\xCCx\x1C\x0B4\x81\x1C\xE7\x11y\x8B\x9C?<\x80\xBB\xDF
Action.c(47):     x\xDAc``\xD0\x81\xC2(\x86.\xC6\x12\xC6\x7FL\xF3\x98\x9D\x98\xD3\x98\xA70\x1Fb~\xC7b\xC0\x12
Action.c(47):     \xC2R\xC42\x85e\r\xCB\x1FV5\xD6\x1E6\x0E\xB6\x00\xB65\xECj\xECq\xECo8\x928\xFA8\x0Eq\xDC\xE0
Action.c(47):     \xF8\xC5\xC9\xC7Y\xC2\xE5\xC4\xD5\xC6\xF5\x81;\x8A{\x1A\xF7%\x1E\x0E\x9E\x1A\x9E-<\x97x%x\x83
Action.c(47):     x+x/\xF0\xF1\xF1%\xF0-\xE1g\xE3\xCF\xE3\xFF \xA0 \x10'0M\x90E\xD0B0Kp\x86\xE01\xC1{B\x02BF
Action.c(47):     B>B9Bo\x84\x03\x84\xB7\x89\xC8\x88\xD4\x89\\\x10\xF5\x11\x9D"z@\xF4\x9F\x98\x91\x98\x9F\xD8
Action.c(47):     >q\x0E\xF1\x10\xF1m\x12\x12\x12!\x12\x97$5$\x0B$gI\xDE\x93\x12\x92\n
Action.c(47):     \x92j\x90:!\xF5LZG\xBA\x0E\x08W\xC8\x88\xC9L\x93U\x90m\x93]'\x97$7A\xDEI\xFE\x88\xFC\x13\x05
Action.c(47):     >\x05\x1D\x85w\x8A\\\x8A\x11\x8AK\x14\xBF)\x15)\xCDPz\xA1,\xA3l\xA3\\\xA6<O\xF9\x95\n
Action.c(47):     \x8FJ\x8F\xAA\x8C\xEA\x0357\xB5ij\xAF\xD4\xDD\xD4Oh\x98h\x1C\xD2\x94\xD2\\\xA5\xF9M\xCBN\xAB
Action.c(47):     G\xEB\x95\xB6\x84\xB6\x87v\x95\xF6\x0E\x1D1\x9Dy\xBA\x0C\xBAI\xBAg\xF4\xA2\xF4\xCE\xE9}\xD0
Action.c(47):     /\xD1?b f\x90gp\xCE\x90\xCF0\xC2\xF0\x9CQ\x98\xD1\x03\xE3\x02\x13-\x93S\xA6]f.f\x97\xCC\xAD
Action.c(47):     \xCC\x97Y\x88X\xCC\xB18a\xF1\xCDR\xC32\xCD\xF2\x8EU\x8A\xD5>k)\xEB:\x1B&\x9B"\x9B%\xB6j\xB6
Action.c(47):     u\xB6\xD7\xEC\xCC\xEC\x16\xD9}\xB2\x0F\xB3\xDF\xE7`\xE1p\xC6Q\xCD\xD1\xCBq\x12\x0E\xB8\xC0
Action.c(47):     q\x9D\xE3\x1E\xC7+\x8Eo\x9C\x04\x9CL\x9C"\x9C&9\x9Dq\xE6r\xB6r.\x03\xC2Y\xCE\xFB\x9C\xF7\xB9
Action.c(47):     \xD8\xB8lp\xD9\xE3\xAA\xE6\xDA\xE7f\xE3v\x0F\x00\xCE\xA5\x92\xEE\x00\x01\x00\x00\x00\xEA\x00
Action.c(47):     F\x00\x05\x00\x00\x00\x00\x00\x02\x00\x01\x00\x02\x00\x16\x00\x00\x01\x00\x01f\x00\x00\x00
Action.c(47):     \x00x\xDA]R\xCBN\xC2@\x14=\x03\xA8!\xA2&*\xAE\xBBr\x85\xA5 \xC6\x04\x13\xA3\x184&\x84\x05\x12
Action.c(47):     Y\xE8\xA6\x85"\x86\xC7\x98R4\xAEX\x1A\xBF\xCA\xAD|\x80\x1Fa\xFC\t\xCFL\x87g's\xE7\xDC\xF7\x99
Action.c(47):     ;\x05\x90\x161\x08\xA8oQF\xB6\x08\xC75\x8Ap\x02{3\xBC\xCEs\x9F^\x91HR;G\xDA`\xC1\xA8;\x83c
Action.c(47):     \xF44\x0C\x8E/\xE0\x04\xD7\x14\xAF!\x83\x07\x83\xD7\x99\xF1a\xF0\x06.\xF0ip\x12)L\x0C\xDEd
Action.c(47):     \xD7\x1F\x83S8\xC4\xAF\xC1[x\x14;\x06o\xA3.\xBA\x06\xEF\xE2@|\x19\xFCM<\xCD\x9D\xC0\x11\x7F
Action.c(47):     \xE3\x9A\xF4d(\xAD\x92\xEC\xB5\xAC\x86\xEF\xB5\xE5 \x1C\xE3\x1A\x12\x03\x84\xB0\xD0\x82\xCB
Action.c(47):     \xD3%j\xD2\xF6\x82w\x04x\xC6\x13:\xDA{C\x9B\xA4\xD6\x83O-\x0F\x079J\x1Bc\xBD\xEFi\r0d\xBC\xAA
Action.c(47):     f\xD1gs;:\xAA\xC0}6\xCB9ft\x8DQ\x1Ew\xC8m1gH\xA9\xFA\x86\xAC\xE1\x92\x87\x8F>\xCF\x00]\xDA
Action.c(47):     $\xDA+\xDD\xED%m\xD9\xA3\x98\xF7qE\xCE\x81\xAE\x1BR\xBA\x9AQ\xD4S\xB1\x0CiW,+\xF45i\x19P\xF7
Action.c(47):     \xD9\xD5\xC2\x88\xB8\xA5c\x14\x97\x8E\xBE\xE9%'\xE12.\xD2\x96s2\xB4\xAC\xDE\\\xCD\xC4\xD13
Action.c(47):     \x0B\x99YD\x96\xEBM/\x9Bu\xE6\xB5l\xC6\x07\xE4\x9D%\xF3\xC5\x9ACZ*\xB8\xE5\x1D\xCA\xA8\xF2
Action.c(47):     \xE7*\xE3\xC8\xD4\\\x9EZ\x89\xB2G\xB6\r\xE6x\x9C\xD1\xF4\x15s:\xB6\xCE\x1E#jU\xDA_yZ8\xD5\xBE
Action.c(47):     \x132\xCAs\x15\xF9*\x85\xF9\x9B\xFC\x03|\xC2l}\x00\x00\x00x\xDAm\xD07lSq\x10\xC7\xF1\xEF%\x8E
Action.c(47):     \x9D8\xBD\xF7\x84\xDE\xCB{\xCFv\n
Action.c(47):     \xDD&6\xBD\xF7N \x89\xED\x10\x92\xE0` tDB\x07\x81\x90\xD8@\xB4\x05\x10\xBD\n
Action.c(47):     \x04\x0C\x80\xE8M\x14\x01\x033]\x0C\xC0\n
Action.c(47):     \x0E\xEF\xCF\xC6o\xF9\xE8N\xBA\xD3\xE9\x88\xE2o~\xD7R\xC5\xFF\xF2\t$J\xA2\x89\xC6B\x0CVl\xC4
Action.c(47):     \x12\x87\x9Dx\x12H$\x89dRH%\x8Dt2\xC8$\x8Blr\xC8%\x8F|\n
Action.c(47):     (\xA4\x88b\xDA\xD1\x9E\x0Et\xA4\x13\x9D\xE9BW\xBA\xD1\x9D\x1E\xF4\xA4\x17\xBD\xE9C_4t\x0C\x1C
Action.c(47):     8qQB)e\x94\xD3\x8F\xFE\x0C` \x83\x18\xCC\x10\xDCx\x18J\x05^|\x0Cc8#\x18\xC9(F3\x86\xB1\x8C
Action.c(47):     c<\x13\x98\xC8$&3\x85\xA9Lc:3\x98\xC9,f3\x87\xB9\xCCc>\x95b\xE1\x08-\xB4r\x9D}|`\x13\xBB\xD8
Action.c(47):     \xCE~\x8EqTb\xD8\xC6;6\xB2W\xACbc\xA7\xC4\xB2\x85[\xBC\x978\x0Ep\x9C\x9F\xFC\xE0\x17\x879\xC9
Action.c(47):     }\xEEr\x8A\x05,dw\xE4S\x0F\xA9\xE6\x1E\x0Fx\xCA#\x1E\xF3\x84\x8F\xD4\xF0\x82g<\xE74~\xBE\xB3
Action.c(47):     \x87\xD7\xBC\xE4\x15\x01>\xF3\x95\xAD\xD4\x12d\x11\x8B\xA9\xA3\x9E\x834\xB0\x84FB4\x11f)\xCB
Action.c(47):     X\x1E\xF9\xF2\n
Action.c(47):     V\xD2\xCC*\xD6\xB0\x9A+\x1Cb\x1DkY\xCF\x06\xBE\xF0\x8D\xAB\x9C\xE1,\xD7x\xC3[\xB1K\xBC$H\xA2
Action.c(47):     $I\xB2\xA4H\xAA\xA4I\xBAdH\xA6dI6\xE78\xCF%.s\x9B\x0B\\\xE4\x0E\x9B9!9\xDC\xE0\xA6\xE4J\x1E
Action.c(47):     ;$_\n
Action.c(47):     \xA4P\x8A\xA4\xD8\xEA\xAFkn\x0C\xE8\xB6p}P\xD3\xB4\n
Action.c(47):     S\xB7\xA6T\xB5\xC7P:\x94.ey\x9BFdP\xA9+\r\xA5C\xE9T\xBA\x94%\xCARe\x99\xF2\xDF>\xB7\xA9\xAE
Action.c(47):     \xF6\xEA\xBA\xBD&\xE8\x0F\x87\xAA\xAB
Action.c(47): t=9390ms: 232-byte response body for "https://www.advantageonlineshopping.com/css/fonts/roboto_bold_macroman/Roboto-Bold-webfont.woff" (RelFrameId=, Internal ID=18)
Action.c(47):     *\x9B\x02f\xCB\xF0\x99\xBA|\x16o8\xD4\xD0Vx\xD5\x1D>\x8FyGDC\xE9P:\xFF\x00\x0B\xC4\x9E\xC9
Action.c(47):     \x00\x00\x00x\xDAE\xCE?\x12\xC1P\x18\x04\xF0<\x8F$"\xC8?Q\x191\xA8\xDE\x8C\x8E\x19\xD1J\x1A
Action.c(47):     \x8DQ%\xC6\x05\\@\xADQr\n
Action.c(47):     \x07\xF8\xA2r;v\xF8<\xDD\xFEv\xB6\xD8\xA7x]H\\\x8D\r\xD9\xDB\xA2\x12\xE2VV\xB9\xA9\x8A\x11
Action.c(47):     y\xE5\x86\xA2\x1D\xC2\xB9\x1C\x90\xA9\x0E\x85A2\xC9H\xAA5\xD5\x93\xEC!\x875\xF5A\x03\xA8\xFF
Action.c(47):     `\x02\x8D;\xC3\x02\xCC=\xC3\x06\xAC\x94\xD1\x04\xEC%\xC3\x01\x9ASF\x0Bp&\x0C\x17h\x8D\x19m
Action.c(47):     \xC0\x1D1:@\xBB\xFF\x85\xA0.\xFF\xF2\xD0vW5U\xC9\xFC\x04\xFA\xA07\xD7\x0C@\xFF\xA8\x19\x82
Action.c(47):     \xC1\x7F\x1C\x81a\xAA\xD9\x03\xA3\xA5f\x0C\xF6\x16\x9A}0\x9E\xFDXR\xA4\xDEu\xBA[\x0C\x00\x00
Action.c(47):     \x00\x01R{\xF6\x94\x00\x00
Action.c(47): t=9390ms: Request done "https://www.advantageonlineshopping.com/css/fonts/roboto_bold_macroman/Roboto-Bold-webfont.woff"  	[MsgId: MMSG-26000]
Action.c(47): t=9391ms: 1098-byte response body for "https://www.advantageonlineshopping.com/css/images/closeDark.png" (RelFrameId=, Internal ID=11)
Action.c(47): t=9391ms: Request done "https://www.advantageonlineshopping.com/css/images/closeDark.png"  	[MsgId: MMSG-26000]
Action.c(47): t=9391ms: 8192-byte response body for "https://www.advantageonlineshopping.com/css/images/Popular-item2.jpg" (RelFrameId=, Internal ID=29)
Action.c(47): t=9391ms: 5199-byte response body for "https://www.advantageonlineshopping.com/css/images/Popular-item2.jpg" (RelFrameId=, Internal ID=29)
Action.c(47): Notify: Transaction "Home" ended with a "Stop" status (Duration: 2,3100 Wasted Time: 0,0024).	[MsgId: MMSG-16871]
Action.c(47): Notify: Transaction "03_Buying_A_Laptop" ended with a "Stop" status (Duration: 2,3100 Wasted Time: 0,0024).	[MsgId: MMSG-16871]
Abort was called from an action.	[MsgId: MMSG-10447]
Ending Vuser...	[MsgId: MMSG-15966]
Starting action vuser_end.	[MsgId: MMSG-15919]
Ending action vuser_end.	[MsgId: MMSG-15918]
Vuser Terminated.	[MsgId: MMSG-15963]
Action.c(47): Warning -27760: Request "https://www.advantageonlineshopping.com/catalog/fetchImage?image_id=1400" failed  	[MsgId: MWAR-27760]
Action.c(47): Warning -27760: Request "https://www.advantageonlineshopping.com/catalog/fetchImage?image_id=1600" failed  	[MsgId: MWAR-27760]
Action.c(47): Warning -27760: Request "https://www.advantageonlineshopping.com/main.min.js" failed  	[MsgId: MWAR-27760]
Action.c(47): Warning -27760: Request "https://www.advantageonlineshopping.com/css/images/category_banner_1.png" failed  	[MsgId: MWAR-27760]
Action.c(47): Warning -27760: Request "https://www.advantageonlineshopping.com/catalog/fetchImage?image_id=1200" failed  	[MsgId: MWAR-27760]
Action.c(47): Warning -27760: Request "https://www.advantageonlineshopping.com/catalog/fetchImage?image_id=1249" failed  	[MsgId: MWAR-27760]
Action.c(47): Warning -27760: Request "https://www.advantageonlineshopping.com/catalog/fetchImage?image_id=1300" failed  	[MsgId: MWAR-27760]
Action.c(47): Warning -27760: Request "https://www.advantageonlineshopping.com/catalog/fetchImage?image_id=1250" failed  	[MsgId: MWAR-27760]
Action.c(47): Warning -27760: Request "https://www.advantageonlineshopping.com/catalog/fetchImage?image_id=11100" failed  	[MsgId: MWAR-27760]
Action.c(47): Warning -27760: Request "https://www.advantageonlineshopping.com/css/fonts/roboto_medium_macroman/Roboto-Medium-webfont.woff" failed  	[MsgId: MWAR-27760]
Action.c(47): Warning -27760: Request "https://www.advantageonlineshopping.com/catalog/fetchImage?image_id=1700" failed  	[MsgId: MWAR-27760]
Action.c(47): Warning -27760: Request "https://www.advantageonlineshopping.com/catalog/fetchImage?image_id=1100" failed  	[MsgId: MWAR-27760]
Action.c(47): Warning -27760: Request "https://www.advantageonlineshopping.com/css/fonts/roboto_regular_macroman/Roboto-Regular-webfont.woff" failed  	[MsgId: MWAR-27760]
Action.c(47): Warning -27760: Request "https://www.advantageonlineshopping.com/catalog/fetchImage?image_id=1245" failed  	[MsgId: MWAR-27760]
Action.c(47): Warning -27760: Request "https://www.advantageonlineshopping.com/catalog/fetchImage?image_id=1800" failed  	[MsgId: MWAR-27760]
Action.c(47): Warning -27760: Request "https://www.advantageonlineshopping.com/css/images/Bell.png" failed  	[MsgId: MWAR-27760]
Action.c(47): Warning -27760: Request "https://www.advantageonlineshopping.com/catalog/fetchImage?image_id=speakers" failed  	[MsgId: MWAR-27760]
Action.c(47): Warning -27760: Request "https://www.advantageonlineshopping.com/css/images/Check.png" failed  	[MsgId: MWAR-27760]
Action.c(47): Warning -27760: Request "https://www.advantageonlineshopping.com/catalog/fetchImage?image_id=tablets" failed  	[MsgId: MWAR-27760]
Action.c(47): Warning -27760: Request "https://www.advantageonlineshopping.com/css/images/User.jpg" failed  	[MsgId: MWAR-27760]
Action.c(47): Warning -27760: Request "https://www.advantageonlineshopping.com/catalog/fetchImage?image_id=mice" failed  	[MsgId: MWAR-27760]
Action.c(47): Warning -27760: Request "https://www.advantageonlineshopping.com/css/images/Shipex.png" failed  	[MsgId: MWAR-27760]
Action.c(47): Warning -27760: Request "https://www.advantageonlineshopping.com/catalog/fetchImage?image_id=laptops" failed  	[MsgId: MWAR-27760]
Action.c(47): Warning -27760: Request "https://www.advantageonlineshopping.com/catalog/fetchImage?image_id=headphones" failed  	[MsgId: MWAR-27760]
Action.c(47): Warning -27760: Request "https://www.advantageonlineshopping.com/css/images/Special-offer.jpg" failed  	[MsgId: MWAR-27760]
Action.c(47): Warning -27760: Request "https://www.advantageonlineshopping.com/css/images/facebook.png" failed  	[MsgId: MWAR-27760]
Action.c(47): Warning -27760: Request "https://www.advantageonlineshopping.com/css/images/GoUp.png" failed  	[MsgId: MWAR-27760]
Action.c(47): Warning -27760: Request "https://www.advantageonlineshopping.com/css/images/twitter.png" failed  	[MsgId: MWAR-27760]
Action.c(47): Warning -27760: Request "https://www.advantageonlineshopping.com/css/images/Banner1.jpg" failed  	[MsgId: MWAR-27760]
Action.c(47): Warning -27760: Request "https://www.advantageonlineshopping.com/css/images/Banner2.jpg" failed  	[MsgId: MWAR-27760]
Action.c(47): Warning -27760: Request "https://www.advantageonlineshopping.com/css/images/linkedin.png" failed  	[MsgId: MWAR-27760]
Action.c(47): Warning -27760: Request "https://www.advantageonlineshopping.com/css/images/Banner3.jpg" failed  	[MsgId: MWAR-27760]
Action.c(47): Warning -27760: Request "https://www.advantageonlineshopping.com/css/images/Popular-item3.jpg" failed  	[MsgId: MWAR-27760]
Action.c(47): Warning -27760: Request "https://www.advantageonlineshopping.com/css/images/Popular-item2.jpg" failed  	[MsgId: MWAR-27760]
Action.c(47): Warning -27760: Request "https://www.advantageonlineshopping.com/css/images/Popular-item1.jpg" failed  	[MsgId: MWAR-27760]
Action.c(47): Warning -27760: Request "https://www.advantageonlineshopping.com/css/images/FacebookLogo.png" failed  	[MsgId: MWAR-27760]
Action.c(47): Warning -27760: Request "https://www.advantageonlineshopping.com/css/images/Filter.png" failed  	[MsgId: MWAR-27760]
Action.c(47): t=9462ms: Closed connection [0] to www.advantageonlineshopping.com:443 after completing 0 request(s)  	[MsgId: MMSG-26000]
HTML-Mode memory management statistics: Reusable=1, NonReusable=0, CsMemBlockSize=4096, checks enabled  	[MsgId: MMSG-26000]
Vuser 0 (thread 17748), ended OK."	[MsgId: MMSG-10695]
